[2023-04-26T18:06:10.319+0000] {taskinstance.py:1090} INFO - Dependencies all met for dep_context=non-requeueable deps ti=<TaskInstance: weather_dag_api.cities.process_data_Kyiv manual__2023-04-26T18:05:53.951135+00:00 [queued]>
[2023-04-26T18:06:10.628+0000] {taskinstance.py:1090} INFO - Dependencies all met for dep_context=requeueable deps ti=<TaskInstance: weather_dag_api.cities.process_data_Kyiv manual__2023-04-26T18:05:53.951135+00:00 [queued]>
[2023-04-26T18:06:10.631+0000] {taskinstance.py:1288} INFO - 
--------------------------------------------------------------------------------
[2023-04-26T18:06:10.634+0000] {taskinstance.py:1289} INFO - Starting attempt 1 of 1
[2023-04-26T18:06:10.637+0000] {taskinstance.py:1290} INFO - 
--------------------------------------------------------------------------------
[2023-04-26T18:06:10.885+0000] {taskinstance.py:1309} INFO - Executing <Task(PythonOperator): cities.process_data_Kyiv> on 2023-04-26 18:05:53.951135+00:00
[2023-04-26T18:06:10.936+0000] {standard_task_runner.py:55} INFO - Started process 958 to run task
[2023-04-26T18:06:10.968+0000] {standard_task_runner.py:82} INFO - Running: ['***', 'tasks', 'run', 'weather_dag_api', 'cities.process_data_Kyiv', 'manual__2023-04-26T18:05:53.951135+00:00', '--job-id', '182', '--raw', '--subdir', 'DAGS_FOLDER/weather_dag_api.py', '--cfg-path', '/tmp/tmpl1ojoaql']
[2023-04-26T18:06:10.979+0000] {standard_task_runner.py:83} INFO - Job 182: Subtask cities.process_data_Kyiv
[2023-04-26T18:06:11.546+0000] {task_command.py:389} INFO - Running <TaskInstance: weather_dag_api.cities.process_data_Kyiv manual__2023-04-26T18:05:53.951135+00:00 [running]> on host b46a99c748bd
[2023-04-26T18:06:12.050+0000] {taskinstance.py:1518} INFO - Exporting the following env vars:
AIRFLOW_CTX_DAG_OWNER=***
AIRFLOW_CTX_DAG_ID=weather_dag_api
AIRFLOW_CTX_TASK_ID=cities.process_data_Kyiv
AIRFLOW_CTX_EXECUTION_DATE=2023-04-26T18:05:53.951135+00:00
AIRFLOW_CTX_TRY_NUMBER=1
AIRFLOW_CTX_DAG_RUN_ID=manual__2023-04-26T18:05:53.951135+00:00
[2023-04-26T18:06:12.120+0000] {logging_mixin.py:137} INFO - 17.0
[2023-04-26T18:06:12.122+0000] {python.py:177} INFO - Done. Returned value was: ('2023-04-25T10:20:00Z', 17.0, 0.0, 4.0, 'Kyiv')
[2023-04-26T18:06:12.271+0000] {taskinstance.py:1332} INFO - Marking task as SUCCESS. dag_id=weather_dag_api, task_id=cities.process_data_Kyiv, execution_date=20230426T180553, start_date=20230426T180610, end_date=20230426T180612
[2023-04-26T18:06:12.373+0000] {local_task_job.py:212} INFO - Task exited with return code 0
[2023-04-26T18:06:12.474+0000] {taskinstance.py:2596} INFO - 1 downstream tasks scheduled from follow-on schedule check
