[2023-04-27T07:08:39.351+0000] {taskinstance.py:1090} INFO - Dependencies all met for dep_context=non-requeueable deps ti=<TaskInstance: weather_dag_api.cities.insert_data_Kyiv manual__2023-04-27T07:08:06.429483+00:00 [queued]>
[2023-04-27T07:08:39.505+0000] {taskinstance.py:1090} INFO - Dependencies all met for dep_context=requeueable deps ti=<TaskInstance: weather_dag_api.cities.insert_data_Kyiv manual__2023-04-27T07:08:06.429483+00:00 [queued]>
[2023-04-27T07:08:39.509+0000] {taskinstance.py:1288} INFO - 
--------------------------------------------------------------------------------
[2023-04-27T07:08:39.512+0000] {taskinstance.py:1289} INFO - Starting attempt 1 of 1
[2023-04-27T07:08:39.515+0000] {taskinstance.py:1290} INFO - 
--------------------------------------------------------------------------------
[2023-04-27T07:08:39.665+0000] {taskinstance.py:1309} INFO - Executing <Task(PostgresOperator): cities.insert_data_Kyiv> on 2023-04-27 07:08:06.429483+00:00
[2023-04-27T07:08:39.692+0000] {standard_task_runner.py:55} INFO - Started process 814 to run task
[2023-04-27T07:08:39.749+0000] {standard_task_runner.py:82} INFO - Running: ['***', 'tasks', 'run', 'weather_dag_api', 'cities.insert_data_Kyiv', 'manual__2023-04-27T07:08:06.429483+00:00', '--job-id', '143', '--raw', '--subdir', 'DAGS_FOLDER/weather_dag_api.py', '--cfg-path', '/tmp/tmpaz4f9e0y']
[2023-04-27T07:08:39.753+0000] {standard_task_runner.py:83} INFO - Job 143: Subtask cities.insert_data_Kyiv
[2023-04-27T07:08:40.163+0000] {task_command.py:389} INFO - Running <TaskInstance: weather_dag_api.cities.insert_data_Kyiv manual__2023-04-27T07:08:06.429483+00:00 [running]> on host 80d943d8f5b4
[2023-04-27T07:08:41.102+0000] {taskinstance.py:1518} INFO - Exporting the following env vars:
AIRFLOW_CTX_DAG_OWNER=***
AIRFLOW_CTX_DAG_ID=weather_dag_api
AIRFLOW_CTX_TASK_ID=cities.insert_data_Kyiv
AIRFLOW_CTX_EXECUTION_DATE=2023-04-27T07:08:06.429483+00:00
AIRFLOW_CTX_TRY_NUMBER=1
AIRFLOW_CTX_DAG_RUN_ID=manual__2023-04-27T07:08:06.429483+00:00
[2023-04-27T07:08:41.105+0000] {sql.py:254} INFO - Executing: INSERT INTO measurements (timestamp, temp, precipitation, wind_speed, location) 
				VALUES ('2023-04-26T05:20:00Z',
				10.2,
				0.0,
				3.6,
				'Kyiv');
[2023-04-27T07:08:41.156+0000] {base.py:73} INFO - Using connection ID 'postgres_conn' for task execution.
[2023-04-27T07:08:42.920+0000] {base.py:73} INFO - Using connection ID 'postgres_conn' for task execution.
[2023-04-27T07:08:42.930+0000] {sql.py:375} INFO - Running statement: INSERT INTO measurements (timestamp, temp, precipitation, wind_speed, location) 
				VALUES ('2023-04-26T05:20:00Z',
				10.2,
				0.0,
				3.6,
				'Kyiv');, parameters: None
[2023-04-27T07:08:42.934+0000] {sql.py:384} INFO - Rows affected: 1
[2023-04-27T07:08:43.004+0000] {taskinstance.py:1332} INFO - Marking task as SUCCESS. dag_id=weather_dag_api, task_id=cities.insert_data_Kyiv, execution_date=20230427T070806, start_date=20230427T070839, end_date=20230427T070843
[2023-04-27T07:08:43.131+0000] {local_task_job.py:212} INFO - Task exited with return code 0
[2023-04-27T07:08:43.257+0000] {taskinstance.py:2596} INFO - 1 downstream tasks scheduled from follow-on schedule check
