[2023-04-26T18:05:10.243+0000] {taskinstance.py:1090} INFO - Dependencies all met for dep_context=non-requeueable deps ti=<TaskInstance: weather_dag_api.cities.view_data_Kyiv manual__2023-04-26T18:04:38.316670+00:00 [queued]>
[2023-04-26T18:05:10.334+0000] {taskinstance.py:1090} INFO - Dependencies all met for dep_context=requeueable deps ti=<TaskInstance: weather_dag_api.cities.view_data_Kyiv manual__2023-04-26T18:04:38.316670+00:00 [queued]>
[2023-04-26T18:05:10.340+0000] {taskinstance.py:1288} INFO - 
--------------------------------------------------------------------------------
[2023-04-26T18:05:10.348+0000] {taskinstance.py:1289} INFO - Starting attempt 1 of 1
[2023-04-26T18:05:10.350+0000] {taskinstance.py:1290} INFO - 
--------------------------------------------------------------------------------
[2023-04-26T18:05:10.473+0000] {taskinstance.py:1309} INFO - Executing <Task(PythonOperator): cities.view_data_Kyiv> on 2023-04-26 18:04:38.316670+00:00
[2023-04-26T18:05:10.496+0000] {standard_task_runner.py:55} INFO - Started process 901 to run task
[2023-04-26T18:05:10.537+0000] {standard_task_runner.py:82} INFO - Running: ['***', 'tasks', 'run', 'weather_dag_api', 'cities.view_data_Kyiv', 'manual__2023-04-26T18:04:38.316670+00:00', '--job-id', '165', '--raw', '--subdir', 'DAGS_FOLDER/weather_dag_api.py', '--cfg-path', '/tmp/tmpywd6_wex']
[2023-04-26T18:05:10.540+0000] {standard_task_runner.py:83} INFO - Job 165: Subtask cities.view_data_Kyiv
[2023-04-26T18:05:11.160+0000] {task_command.py:389} INFO - Running <TaskInstance: weather_dag_api.cities.view_data_Kyiv manual__2023-04-26T18:04:38.316670+00:00 [running]> on host b46a99c748bd
[2023-04-26T18:05:12.060+0000] {taskinstance.py:1518} INFO - Exporting the following env vars:
AIRFLOW_CTX_DAG_OWNER=***
AIRFLOW_CTX_DAG_ID=weather_dag_api
AIRFLOW_CTX_TASK_ID=cities.view_data_Kyiv
AIRFLOW_CTX_EXECUTION_DATE=2023-04-26T18:04:38.316670+00:00
AIRFLOW_CTX_TRY_NUMBER=1
AIRFLOW_CTX_DAG_RUN_ID=manual__2023-04-26T18:04:38.316670+00:00
[2023-04-26T18:05:12.159+0000] {logging_mixin.py:137} INFO - data is  ['2023-04-25T10:20:00Z', 17.0, 0.0, 4.0, 'Kyiv']
[2023-04-26T18:05:12.164+0000] {logging_mixin.py:137} INFO - 2023-04-25T10:20:00Z
[2023-04-26T18:05:12.165+0000] {logging_mixin.py:137} INFO - 17.0
[2023-04-26T18:05:12.168+0000] {python.py:177} INFO - Done. Returned value was: None
[2023-04-26T18:05:12.234+0000] {taskinstance.py:1332} INFO - Marking task as SUCCESS. dag_id=weather_dag_api, task_id=cities.view_data_Kyiv, execution_date=20230426T180438, start_date=20230426T180510, end_date=20230426T180512
[2023-04-26T18:05:12.390+0000] {local_task_job.py:212} INFO - Task exited with return code 0
[2023-04-26T18:05:12.620+0000] {taskinstance.py:2596} INFO - 1 downstream tasks scheduled from follow-on schedule check
