[2023-04-26T19:03:06.443+0000] {taskinstance.py:1090} INFO - Dependencies all met for dep_context=non-requeueable deps ti=<TaskInstance: weather_dag_api.cities.view_data_Zhmerynka manual__2023-04-26T19:02:39.931997+00:00 [queued]>
[2023-04-26T19:03:06.556+0000] {taskinstance.py:1090} INFO - Dependencies all met for dep_context=requeueable deps ti=<TaskInstance: weather_dag_api.cities.view_data_Zhmerynka manual__2023-04-26T19:02:39.931997+00:00 [queued]>
[2023-04-26T19:03:06.561+0000] {taskinstance.py:1288} INFO - 
--------------------------------------------------------------------------------
[2023-04-26T19:03:06.566+0000] {taskinstance.py:1289} INFO - Starting attempt 1 of 1
[2023-04-26T19:03:06.568+0000] {taskinstance.py:1290} INFO - 
--------------------------------------------------------------------------------
[2023-04-26T19:03:06.742+0000] {taskinstance.py:1309} INFO - Executing <Task(PythonOperator): cities.view_data_Zhmerynka> on 2023-04-26 19:02:39.931997+00:00
[2023-04-26T19:03:06.770+0000] {standard_task_runner.py:55} INFO - Started process 2692 to run task
[2023-04-26T19:03:06.821+0000] {standard_task_runner.py:82} INFO - Running: ['***', 'tasks', 'run', 'weather_dag_api', 'cities.view_data_Zhmerynka', 'manual__2023-04-26T19:02:39.931997+00:00', '--job-id', '541', '--raw', '--subdir', 'DAGS_FOLDER/weather_dag_api.py', '--cfg-path', '/tmp/tmp74xo5t1g']
[2023-04-26T19:03:06.867+0000] {standard_task_runner.py:83} INFO - Job 541: Subtask cities.view_data_Zhmerynka
[2023-04-26T19:03:07.479+0000] {task_command.py:389} INFO - Running <TaskInstance: weather_dag_api.cities.view_data_Zhmerynka manual__2023-04-26T19:02:39.931997+00:00 [running]> on host b46a99c748bd
[2023-04-26T19:03:08.835+0000] {taskinstance.py:1518} INFO - Exporting the following env vars:
AIRFLOW_CTX_DAG_OWNER=***
AIRFLOW_CTX_DAG_ID=weather_dag_api
AIRFLOW_CTX_TASK_ID=cities.view_data_Zhmerynka
AIRFLOW_CTX_EXECUTION_DATE=2023-04-26T19:02:39.931997+00:00
AIRFLOW_CTX_TRY_NUMBER=1
AIRFLOW_CTX_DAG_RUN_ID=manual__2023-04-26T19:02:39.931997+00:00
[2023-04-26T19:03:09.186+0000] {logging_mixin.py:137} INFO - data is  ['2023-04-25T10:20:00Z', 15.5, 0.0, 5.7, 'Zhmerynka']
[2023-04-26T19:03:09.212+0000] {logging_mixin.py:137} INFO - 2023-04-25T10:20:00Z
[2023-04-26T19:03:09.218+0000] {logging_mixin.py:137} INFO - 15.5
[2023-04-26T19:03:09.229+0000] {python.py:177} INFO - Done. Returned value was: None
[2023-04-26T19:03:09.418+0000] {taskinstance.py:1332} INFO - Marking task as SUCCESS. dag_id=weather_dag_api, task_id=cities.view_data_Zhmerynka, execution_date=20230426T190239, start_date=20230426T190306, end_date=20230426T190309
[2023-04-26T19:03:09.985+0000] {local_task_job.py:212} INFO - Task exited with return code 0
[2023-04-26T19:03:10.992+0000] {taskinstance.py:2596} INFO - 1 downstream tasks scheduled from follow-on schedule check
