[2023-04-25T20:35:59.979+0000] {taskinstance.py:1090} INFO - Dependencies all met for dep_context=non-requeueable deps ti=<TaskInstance: weather_dag_api.process_data manual__2023-04-25T20:35:46.285037+00:00 [queued]>
[2023-04-25T20:36:00.025+0000] {taskinstance.py:1090} INFO - Dependencies all met for dep_context=requeueable deps ti=<TaskInstance: weather_dag_api.process_data manual__2023-04-25T20:35:46.285037+00:00 [queued]>
[2023-04-25T20:36:00.027+0000] {taskinstance.py:1288} INFO - 
--------------------------------------------------------------------------------
[2023-04-25T20:36:00.030+0000] {taskinstance.py:1289} INFO - Starting attempt 1 of 1
[2023-04-25T20:36:00.033+0000] {taskinstance.py:1290} INFO - 
--------------------------------------------------------------------------------
[2023-04-25T20:36:00.098+0000] {taskinstance.py:1309} INFO - Executing <Task(PythonOperator): process_data> on 2023-04-25 20:35:46.285037+00:00
[2023-04-25T20:36:00.116+0000] {standard_task_runner.py:55} INFO - Started process 2301 to run task
[2023-04-25T20:36:00.135+0000] {standard_task_runner.py:82} INFO - Running: ['***', 'tasks', 'run', 'weather_dag_api', 'process_data', 'manual__2023-04-25T20:35:46.285037+00:00', '--job-id', '40', '--raw', '--subdir', 'DAGS_FOLDER/weather_dag_api.py', '--cfg-path', '/tmp/tmpqisxm8w5']
[2023-04-25T20:36:00.142+0000] {standard_task_runner.py:83} INFO - Job 40: Subtask process_data
[2023-04-25T20:36:00.428+0000] {task_command.py:389} INFO - Running <TaskInstance: weather_dag_api.process_data manual__2023-04-25T20:35:46.285037+00:00 [running]> on host 9dd0afd831d3
[2023-04-25T20:36:00.964+0000] {taskinstance.py:1518} INFO - Exporting the following env vars:
AIRFLOW_CTX_DAG_OWNER=***
AIRFLOW_CTX_DAG_ID=weather_dag_api
AIRFLOW_CTX_TASK_ID=process_data
AIRFLOW_CTX_EXECUTION_DATE=2023-04-25T20:35:46.285037+00:00
AIRFLOW_CTX_TRY_NUMBER=1
AIRFLOW_CTX_DAG_RUN_ID=manual__2023-04-25T20:35:46.285037+00:00
[2023-04-25T20:36:01.160+0000] {taskinstance.py:1776} ERROR - Task failed with exception
Traceback (most recent call last):
  File "/home/airflow/.local/lib/python3.7/site-packages/airflow/operators/python.py", line 175, in execute
    return_value = self.execute_callable()
  File "/home/airflow/.local/lib/python3.7/site-packages/airflow/operators/python.py", line 192, in execute_callable
    return self.python_callable(*self.op_args, **self.op_kwargs)
  File "/opt/airflow/dags/weather_dag_api.py", line 24, in process_weather_data
    print(info["data"]["coordinates"]["dates"]["value"])
TypeError: list indices must be integers or slices, not str
[2023-04-25T20:36:01.240+0000] {taskinstance.py:1332} INFO - Marking task as FAILED. dag_id=weather_dag_api, task_id=process_data, execution_date=20230425T203546, start_date=20230425T203559, end_date=20230425T203601
[2023-04-25T20:36:01.335+0000] {standard_task_runner.py:105} ERROR - Failed to execute job 40 for task process_data (list indices must be integers or slices, not str; 2301)
[2023-04-25T20:36:01.451+0000] {local_task_job.py:212} INFO - Task exited with return code 1
[2023-04-25T20:36:01.901+0000] {taskinstance.py:2596} INFO - 0 downstream tasks scheduled from follow-on schedule check
