[2023-04-27T07:08:32.755+0000] {taskinstance.py:1090} INFO - Dependencies all met for dep_context=non-requeueable deps ti=<TaskInstance: weather_dag_api.cities.process_data_Kyiv manual__2023-04-27T07:08:06.429483+00:00 [queued]>
[2023-04-27T07:08:33.022+0000] {taskinstance.py:1090} INFO - Dependencies all met for dep_context=requeueable deps ti=<TaskInstance: weather_dag_api.cities.process_data_Kyiv manual__2023-04-27T07:08:06.429483+00:00 [queued]>
[2023-04-27T07:08:33.024+0000] {taskinstance.py:1288} INFO - 
--------------------------------------------------------------------------------
[2023-04-27T07:08:33.025+0000] {taskinstance.py:1289} INFO - Starting attempt 1 of 1
[2023-04-27T07:08:33.028+0000] {taskinstance.py:1290} INFO - 
--------------------------------------------------------------------------------
[2023-04-27T07:08:33.258+0000] {taskinstance.py:1309} INFO - Executing <Task(PythonOperator): cities.process_data_Kyiv> on 2023-04-27 07:08:06.429483+00:00
[2023-04-27T07:08:33.291+0000] {standard_task_runner.py:55} INFO - Started process 804 to run task
[2023-04-27T07:08:33.352+0000] {standard_task_runner.py:82} INFO - Running: ['***', 'tasks', 'run', 'weather_dag_api', 'cities.process_data_Kyiv', 'manual__2023-04-27T07:08:06.429483+00:00', '--job-id', '138', '--raw', '--subdir', 'DAGS_FOLDER/weather_dag_api.py', '--cfg-path', '/tmp/tmp3hp0oqc8']
[2023-04-27T07:08:33.361+0000] {standard_task_runner.py:83} INFO - Job 138: Subtask cities.process_data_Kyiv
[2023-04-27T07:08:33.829+0000] {task_command.py:389} INFO - Running <TaskInstance: weather_dag_api.cities.process_data_Kyiv manual__2023-04-27T07:08:06.429483+00:00 [running]> on host 80d943d8f5b4
[2023-04-27T07:08:34.870+0000] {taskinstance.py:1518} INFO - Exporting the following env vars:
AIRFLOW_CTX_DAG_OWNER=***
AIRFLOW_CTX_DAG_ID=weather_dag_api
AIRFLOW_CTX_TASK_ID=cities.process_data_Kyiv
AIRFLOW_CTX_EXECUTION_DATE=2023-04-27T07:08:06.429483+00:00
AIRFLOW_CTX_TRY_NUMBER=1
AIRFLOW_CTX_DAG_RUN_ID=manual__2023-04-27T07:08:06.429483+00:00
[2023-04-27T07:08:34.916+0000] {logging_mixin.py:137} INFO - 10.2
[2023-04-27T07:08:34.917+0000] {python.py:177} INFO - Done. Returned value was: ('2023-04-26T05:20:00Z', 10.2, 0.0, 3.6, 'Kyiv')
[2023-04-27T07:08:35.008+0000] {taskinstance.py:1332} INFO - Marking task as SUCCESS. dag_id=weather_dag_api, task_id=cities.process_data_Kyiv, execution_date=20230427T070806, start_date=20230427T070832, end_date=20230427T070835
[2023-04-27T07:08:35.930+0000] {local_task_job.py:212} INFO - Task exited with return code 0
[2023-04-27T07:08:36.308+0000] {taskinstance.py:2596} INFO - 0 downstream tasks scheduled from follow-on schedule check
