[2023-04-26T16:37:57.362+0000] {taskinstance.py:1090} INFO - Dependencies all met for dep_context=non-requeueable deps ti=<TaskInstance: weather_dag_api.cities.process_data_Kyiv manual__2023-04-26T16:37:34.862513+00:00 [queued]>
[2023-04-26T16:37:57.519+0000] {taskinstance.py:1090} INFO - Dependencies all met for dep_context=requeueable deps ti=<TaskInstance: weather_dag_api.cities.process_data_Kyiv manual__2023-04-26T16:37:34.862513+00:00 [queued]>
[2023-04-26T16:37:57.523+0000] {taskinstance.py:1288} INFO - 
--------------------------------------------------------------------------------
[2023-04-26T16:37:57.528+0000] {taskinstance.py:1289} INFO - Starting attempt 1 of 1
[2023-04-26T16:37:57.533+0000] {taskinstance.py:1290} INFO - 
--------------------------------------------------------------------------------
[2023-04-26T16:37:57.726+0000] {taskinstance.py:1309} INFO - Executing <Task(PythonOperator): cities.process_data_Kyiv> on 2023-04-26 16:37:34.862513+00:00
[2023-04-26T16:37:57.775+0000] {standard_task_runner.py:55} INFO - Started process 4513 to run task
[2023-04-26T16:37:57.811+0000] {standard_task_runner.py:82} INFO - Running: ['***', 'tasks', 'run', 'weather_dag_api', 'cities.process_data_Kyiv', 'manual__2023-04-26T16:37:34.862513+00:00', '--job-id', '394', '--raw', '--subdir', 'DAGS_FOLDER/weather_dag_api.py', '--cfg-path', '/tmp/tmp_uwdwogn']
[2023-04-26T16:37:57.820+0000] {standard_task_runner.py:83} INFO - Job 394: Subtask cities.process_data_Kyiv
[2023-04-26T16:37:58.448+0000] {task_command.py:389} INFO - Running <TaskInstance: weather_dag_api.cities.process_data_Kyiv manual__2023-04-26T16:37:34.862513+00:00 [running]> on host d48b88797b3b
[2023-04-26T16:37:59.736+0000] {taskinstance.py:1518} INFO - Exporting the following env vars:
AIRFLOW_CTX_DAG_OWNER=***
AIRFLOW_CTX_DAG_ID=weather_dag_api
AIRFLOW_CTX_TASK_ID=cities.process_data_Kyiv
AIRFLOW_CTX_EXECUTION_DATE=2023-04-26T16:37:34.862513+00:00
AIRFLOW_CTX_TRY_NUMBER=1
AIRFLOW_CTX_DAG_RUN_ID=manual__2023-04-26T16:37:34.862513+00:00
[2023-04-26T16:38:00.239+0000] {logging_mixin.py:137} INFO - 17.0
[2023-04-26T16:38:00.244+0000] {python.py:177} INFO - Done. Returned value was: ('2023-04-25T10:20:00Z', 17.0, 0.0, 4.0, 'Kyiv')
[2023-04-26T16:38:01.412+0000] {taskinstance.py:1332} INFO - Marking task as SUCCESS. dag_id=weather_dag_api, task_id=cities.process_data_Kyiv, execution_date=20230426T163734, start_date=20230426T163757, end_date=20230426T163801
[2023-04-26T16:38:01.625+0000] {local_task_job.py:212} INFO - Task exited with return code 0
[2023-04-26T16:38:02.400+0000] {taskinstance.py:2596} INFO - 1 downstream tasks scheduled from follow-on schedule check
