[2023-04-27T07:03:05.821+0000] {taskinstance.py:1090} INFO - Dependencies all met for dep_context=non-requeueable deps ti=<TaskInstance: weather_dag_api.cities.extract_data_Kyiv manual__2023-04-27T07:02:51.801456+00:00 [queued]>
[2023-04-27T07:03:06.064+0000] {taskinstance.py:1090} INFO - Dependencies all met for dep_context=requeueable deps ti=<TaskInstance: weather_dag_api.cities.extract_data_Kyiv manual__2023-04-27T07:02:51.801456+00:00 [queued]>
[2023-04-27T07:03:06.074+0000] {taskinstance.py:1288} INFO - 
--------------------------------------------------------------------------------
[2023-04-27T07:03:06.077+0000] {taskinstance.py:1289} INFO - Starting attempt 1 of 1
[2023-04-27T07:03:06.080+0000] {taskinstance.py:1290} INFO - 
--------------------------------------------------------------------------------
[2023-04-27T07:03:06.423+0000] {taskinstance.py:1309} INFO - Executing <Task(SimpleHttpOperator): cities.extract_data_Kyiv> on 2023-04-27 07:02:51.801456+00:00
[2023-04-27T07:03:06.637+0000] {standard_task_runner.py:55} INFO - Started process 620 to run task
[2023-04-27T07:03:06.794+0000] {standard_task_runner.py:82} INFO - Running: ['***', 'tasks', 'run', 'weather_dag_api', 'cities.extract_data_Kyiv', 'manual__2023-04-27T07:02:51.801456+00:00', '--job-id', '89', '--raw', '--subdir', 'DAGS_FOLDER/weather_dag_api copy.py', '--cfg-path', '/tmp/tmp239yw7b7']
[2023-04-27T07:03:06.902+0000] {standard_task_runner.py:83} INFO - Job 89: Subtask cities.extract_data_Kyiv
[2023-04-27T07:03:07.618+0000] {task_command.py:389} INFO - Running <TaskInstance: weather_dag_api.cities.extract_data_Kyiv manual__2023-04-27T07:02:51.801456+00:00 [running]> on host 80d943d8f5b4
[2023-04-27T07:03:08.764+0000] {taskinstance.py:1518} INFO - Exporting the following env vars:
AIRFLOW_CTX_DAG_OWNER=***
AIRFLOW_CTX_DAG_ID=weather_dag_api
AIRFLOW_CTX_TASK_ID=cities.extract_data_Kyiv
AIRFLOW_CTX_EXECUTION_DATE=2023-04-27T07:02:51.801456+00:00
AIRFLOW_CTX_TRY_NUMBER=1
AIRFLOW_CTX_DAG_RUN_ID=manual__2023-04-27T07:02:51.801456+00:00
[2023-04-27T07:03:08.767+0000] {http.py:123} INFO - Calling HTTP method
[2023-04-27T07:03:08.878+0000] {base.py:73} INFO - Using connection ID 'weather_conn' for task execution.
[2023-04-27T07:03:09.551+0000] {http.py:170} ERROR - HTTP error: Forbidden
[2023-04-27T07:03:09.553+0000] {http.py:171} ERROR - Request with valid date 2023-04-25T10:20:00Z requires data access before 2023-04-26T00:00:00Z, which is not granted with this subscription type (e.g. trial). The valid time period for this account type starts at 2023-04-26T00:00:00Z and ends at 2025-04-27T00:00:00Z. Please contact sales@meteomatics.com and we are happy to provide an extended trial or an upgrade of your account.
[2023-04-27T07:03:09.633+0000] {taskinstance.py:1776} ERROR - Task failed with exception
Traceback (most recent call last):
  File "/home/airflow/.local/lib/python3.7/site-packages/airflow/providers/http/hooks/http.py", line 168, in check_response
    response.raise_for_status()
  File "/home/airflow/.local/lib/python3.7/site-packages/requests/models.py", line 1021, in raise_for_status
    raise HTTPError(http_error_msg, response=self)
requests.exceptions.HTTPError: 403 Client Error: Forbidden for url: https://api.meteomatics.com/2023-04-25T13:20:00.000+03:00/t_2m:C,precip_1h:mm,wind_speed_10m:ms/50.4500336,30.5241361/json

During handling of the above exception, another exception occurred:

Traceback (most recent call last):
  File "/home/airflow/.local/lib/python3.7/site-packages/airflow/providers/http/operators/http.py", line 125, in execute
    response = http.run(self.endpoint, self.data, self.headers, self.extra_options)
  File "/home/airflow/.local/lib/python3.7/site-packages/airflow/providers/http/hooks/http.py", line 158, in run
    return self.run_and_check(session, prepped_request, extra_options)
  File "/home/airflow/.local/lib/python3.7/site-packages/airflow/providers/http/hooks/http.py", line 211, in run_and_check
    self.check_response(response)
  File "/home/airflow/.local/lib/python3.7/site-packages/airflow/providers/http/hooks/http.py", line 172, in check_response
    raise AirflowException(str(response.status_code) + ":" + response.reason)
airflow.exceptions.AirflowException: 403:Forbidden
[2023-04-27T07:03:09.684+0000] {taskinstance.py:1332} INFO - Marking task as FAILED. dag_id=weather_dag_api, task_id=cities.extract_data_Kyiv, execution_date=20230427T070251, start_date=20230427T070305, end_date=20230427T070309
[2023-04-27T07:03:09.774+0000] {standard_task_runner.py:105} ERROR - Failed to execute job 89 for task cities.extract_data_Kyiv (403:Forbidden; 620)
[2023-04-27T07:03:10.262+0000] {local_task_job.py:212} INFO - Task exited with return code 1
[2023-04-27T07:03:10.455+0000] {taskinstance.py:2596} INFO - 0 downstream tasks scheduled from follow-on schedule check
