[2023-04-26T13:49:45.871+0000] {taskinstance.py:1090} INFO - Dependencies all met for dep_context=non-requeueable deps ti=<TaskInstance: weather_dag_api.extract_data_Kharkiv manual__2023-04-26T13:49:25.122846+00:00 [queued]>
[2023-04-26T13:49:45.992+0000] {taskinstance.py:1090} INFO - Dependencies all met for dep_context=requeueable deps ti=<TaskInstance: weather_dag_api.extract_data_Kharkiv manual__2023-04-26T13:49:25.122846+00:00 [queued]>
[2023-04-26T13:49:45.994+0000] {taskinstance.py:1288} INFO - 
--------------------------------------------------------------------------------
[2023-04-26T13:49:45.998+0000] {taskinstance.py:1289} INFO - Starting attempt 1 of 1
[2023-04-26T13:49:46.004+0000] {taskinstance.py:1290} INFO - 
--------------------------------------------------------------------------------
[2023-04-26T13:49:46.513+0000] {taskinstance.py:1309} INFO - Executing <Task(SimpleHttpOperator): extract_data_Kharkiv> on 2023-04-26 13:49:25.122846+00:00
[2023-04-26T13:49:46.589+0000] {standard_task_runner.py:55} INFO - Started process 706 to run task
[2023-04-26T13:49:46.648+0000] {standard_task_runner.py:82} INFO - Running: ['***', 'tasks', 'run', 'weather_dag_api', 'extract_data_Kharkiv', 'manual__2023-04-26T13:49:25.122846+00:00', '--job-id', '32', '--raw', '--subdir', 'DAGS_FOLDER/weather_dag_api.py', '--cfg-path', '/tmp/tmpgmpm1y5y']
[2023-04-26T13:49:46.662+0000] {standard_task_runner.py:83} INFO - Job 32: Subtask extract_data_Kharkiv
[2023-04-26T13:49:47.154+0000] {task_command.py:389} INFO - Running <TaskInstance: weather_dag_api.extract_data_Kharkiv manual__2023-04-26T13:49:25.122846+00:00 [running]> on host d48b88797b3b
[2023-04-26T13:49:47.888+0000] {taskinstance.py:1518} INFO - Exporting the following env vars:
AIRFLOW_CTX_DAG_OWNER=***
AIRFLOW_CTX_DAG_ID=weather_dag_api
AIRFLOW_CTX_TASK_ID=extract_data_Kharkiv
AIRFLOW_CTX_EXECUTION_DATE=2023-04-26T13:49:25.122846+00:00
AIRFLOW_CTX_TRY_NUMBER=1
AIRFLOW_CTX_DAG_RUN_ID=manual__2023-04-26T13:49:25.122846+00:00
[2023-04-26T13:49:47.893+0000] {http.py:123} INFO - Calling HTTP method
[2023-04-26T13:49:47.996+0000] {base.py:73} INFO - Using connection ID 'weather_conn' for task execution.
[2023-04-26T13:49:49.407+0000] {http.py:127} INFO - {"version":"3.0","user":"__-_stuff","dateGenerated":"2023-04-26T13:49:49Z","status":"OK","data":[{"parameter":"t_2m:C","coordinates":[{"lat":49.992318,"lon":36.231015,"dates":[{"date":"2023-04-25T10:20:00Z","value":13.4}]}]},{"parameter":"precip_1h:mm","coordinates":[{"lat":49.992318,"lon":36.231015,"dates":[{"date":"2023-04-25T10:20:00Z","value":0.42}]}]},{"parameter":"wind_speed_10m:ms","coordinates":[{"lat":49.992318,"lon":36.231015,"dates":[{"date":"2023-04-25T10:20:00Z","value":2.7}]}]}]}

[2023-04-26T13:49:49.619+0000] {taskinstance.py:1332} INFO - Marking task as SUCCESS. dag_id=weather_dag_api, task_id=extract_data_Kharkiv, execution_date=20230426T134925, start_date=20230426T134945, end_date=20230426T134949
[2023-04-26T13:49:49.899+0000] {local_task_job.py:212} INFO - Task exited with return code 0
[2023-04-26T13:49:49.995+0000] {taskinstance.py:2596} INFO - 1 downstream tasks scheduled from follow-on schedule check
