[2023-04-25T20:37:11.351+0000] {taskinstance.py:1090} INFO - Dependencies all met for dep_context=non-requeueable deps ti=<TaskInstance: weather_dag_api.python_task1 manual__2023-04-25T20:37:07.803597+00:00 [queued]>
[2023-04-25T20:37:11.392+0000] {taskinstance.py:1090} INFO - Dependencies all met for dep_context=requeueable deps ti=<TaskInstance: weather_dag_api.python_task1 manual__2023-04-25T20:37:07.803597+00:00 [queued]>
[2023-04-25T20:37:11.397+0000] {taskinstance.py:1288} INFO - 
--------------------------------------------------------------------------------
[2023-04-25T20:37:11.400+0000] {taskinstance.py:1289} INFO - Starting attempt 1 of 1
[2023-04-25T20:37:11.406+0000] {taskinstance.py:1290} INFO - 
--------------------------------------------------------------------------------
[2023-04-25T20:37:11.471+0000] {taskinstance.py:1309} INFO - Executing <Task(PythonOperator): python_task1> on 2023-04-25 20:37:07.803597+00:00
[2023-04-25T20:37:11.496+0000] {standard_task_runner.py:55} INFO - Started process 2314 to run task
[2023-04-25T20:37:11.513+0000] {standard_task_runner.py:82} INFO - Running: ['***', 'tasks', 'run', 'weather_dag_api', 'python_task1', 'manual__2023-04-25T20:37:07.803597+00:00', '--job-id', '41', '--raw', '--subdir', 'DAGS_FOLDER/weather_dag_api.py', '--cfg-path', '/tmp/tmpm9skwid1']
[2023-04-25T20:37:11.518+0000] {standard_task_runner.py:83} INFO - Job 41: Subtask python_task1
[2023-04-25T20:37:11.879+0000] {task_command.py:389} INFO - Running <TaskInstance: weather_dag_api.python_task1 manual__2023-04-25T20:37:07.803597+00:00 [running]> on host 9dd0afd831d3
[2023-04-25T20:37:12.238+0000] {taskinstance.py:1518} INFO - Exporting the following env vars:
AIRFLOW_CTX_DAG_OWNER=***
AIRFLOW_CTX_DAG_ID=weather_dag_api
AIRFLOW_CTX_TASK_ID=python_task1
AIRFLOW_CTX_EXECUTION_DATE=2023-04-25T20:37:07.803597+00:00
AIRFLOW_CTX_TRY_NUMBER=1
AIRFLOW_CTX_DAG_RUN_ID=manual__2023-04-25T20:37:07.803597+00:00
[2023-04-25T20:37:12.247+0000] {weather_dag_api.py:17} INFO - Starting db creation
[2023-04-25T20:37:12.261+0000] {python.py:177} INFO - Done. Returned value was: None
[2023-04-25T20:37:12.324+0000] {taskinstance.py:1332} INFO - Marking task as SUCCESS. dag_id=weather_dag_api, task_id=python_task1, execution_date=20230425T203707, start_date=20230425T203711, end_date=20230425T203712
[2023-04-25T20:37:12.376+0000] {local_task_job.py:212} INFO - Task exited with return code 0
[2023-04-25T20:37:12.509+0000] {taskinstance.py:2596} INFO - 1 downstream tasks scheduled from follow-on schedule check
