[2023-04-26T16:28:04.751+0000] {taskinstance.py:1090} INFO - Dependencies all met for dep_context=non-requeueable deps ti=<TaskInstance: weather_dag_api.cities.process_data_Lviv manual__2023-04-26T16:27:20.399536+00:00 [queued]>
[2023-04-26T16:28:05.137+0000] {taskinstance.py:1090} INFO - Dependencies all met for dep_context=requeueable deps ti=<TaskInstance: weather_dag_api.cities.process_data_Lviv manual__2023-04-26T16:27:20.399536+00:00 [queued]>
[2023-04-26T16:28:05.139+0000] {taskinstance.py:1288} INFO - 
--------------------------------------------------------------------------------
[2023-04-26T16:28:05.140+0000] {taskinstance.py:1289} INFO - Starting attempt 1 of 1
[2023-04-26T16:28:05.142+0000] {taskinstance.py:1290} INFO - 
--------------------------------------------------------------------------------
[2023-04-26T16:28:05.232+0000] {taskinstance.py:1309} INFO - Executing <Task(PythonOperator): cities.process_data_Lviv> on 2023-04-26 16:27:20.399536+00:00
[2023-04-26T16:28:05.263+0000] {standard_task_runner.py:55} INFO - Started process 4226 to run task
[2023-04-26T16:28:05.448+0000] {standard_task_runner.py:82} INFO - Running: ['***', 'tasks', 'run', 'weather_dag_api', 'cities.process_data_Lviv', 'manual__2023-04-26T16:27:20.399536+00:00', '--job-id', '340', '--raw', '--subdir', 'DAGS_FOLDER/weather_dag_api.py', '--cfg-path', '/tmp/tmpvb5mv0zo']
[2023-04-26T16:28:05.450+0000] {standard_task_runner.py:83} INFO - Job 340: Subtask cities.process_data_Lviv
[2023-04-26T16:28:06.228+0000] {task_command.py:389} INFO - Running <TaskInstance: weather_dag_api.cities.process_data_Lviv manual__2023-04-26T16:27:20.399536+00:00 [running]> on host d48b88797b3b
[2023-04-26T16:28:06.868+0000] {taskinstance.py:1518} INFO - Exporting the following env vars:
AIRFLOW_CTX_DAG_OWNER=***
AIRFLOW_CTX_DAG_ID=weather_dag_api
AIRFLOW_CTX_TASK_ID=cities.process_data_Lviv
AIRFLOW_CTX_EXECUTION_DATE=2023-04-26T16:27:20.399536+00:00
AIRFLOW_CTX_TRY_NUMBER=1
AIRFLOW_CTX_DAG_RUN_ID=manual__2023-04-26T16:27:20.399536+00:00
[2023-04-26T16:28:06.956+0000] {logging_mixin.py:137} INFO - 15.1
[2023-04-26T16:28:06.973+0000] {python.py:177} INFO - Done. Returned value was: ('2023-04-25T10:20:00Z', 15.1, 0.0, 2.0, 'Lviv')
[2023-04-26T16:28:07.269+0000] {taskinstance.py:1332} INFO - Marking task as SUCCESS. dag_id=weather_dag_api, task_id=cities.process_data_Lviv, execution_date=20230426T162720, start_date=20230426T162804, end_date=20230426T162807
[2023-04-26T16:28:07.423+0000] {local_task_job.py:212} INFO - Task exited with return code 0
[2023-04-26T16:28:07.933+0000] {taskinstance.py:2596} INFO - 1 downstream tasks scheduled from follow-on schedule check
