[2023-04-26T17:41:23.606+0000] {taskinstance.py:1090} INFO - Dependencies all met for dep_context=non-requeueable deps ti=<TaskInstance: weather_dag_api.create_table_postgres manual__2023-04-26T17:41:19.032905+00:00 [queued]>
[2023-04-26T17:41:23.628+0000] {taskinstance.py:1090} INFO - Dependencies all met for dep_context=requeueable deps ti=<TaskInstance: weather_dag_api.create_table_postgres manual__2023-04-26T17:41:19.032905+00:00 [queued]>
[2023-04-26T17:41:23.630+0000] {taskinstance.py:1288} INFO - 
--------------------------------------------------------------------------------
[2023-04-26T17:41:23.631+0000] {taskinstance.py:1289} INFO - Starting attempt 1 of 1
[2023-04-26T17:41:23.632+0000] {taskinstance.py:1290} INFO - 
--------------------------------------------------------------------------------
[2023-04-26T17:41:23.664+0000] {taskinstance.py:1309} INFO - Executing <Task(PostgresOperator): create_table_postgres> on 2023-04-26 17:41:19.032905+00:00
[2023-04-26T17:41:23.676+0000] {standard_task_runner.py:55} INFO - Started process 209 to run task
[2023-04-26T17:41:23.685+0000] {standard_task_runner.py:82} INFO - Running: ['***', 'tasks', 'run', 'weather_dag_api', 'create_table_postgres', 'manual__2023-04-26T17:41:19.032905+00:00', '--job-id', '25', '--raw', '--subdir', 'DAGS_FOLDER/weather_dag_api.py', '--cfg-path', '/tmp/tmp3mlg4z57']
[2023-04-26T17:41:23.687+0000] {standard_task_runner.py:83} INFO - Job 25: Subtask create_table_postgres
[2023-04-26T17:41:23.822+0000] {task_command.py:389} INFO - Running <TaskInstance: weather_dag_api.create_table_postgres manual__2023-04-26T17:41:19.032905+00:00 [running]> on host b46a99c748bd
[2023-04-26T17:41:23.965+0000] {taskinstance.py:1518} INFO - Exporting the following env vars:
AIRFLOW_CTX_DAG_OWNER=***
AIRFLOW_CTX_DAG_ID=weather_dag_api
AIRFLOW_CTX_TASK_ID=create_table_postgres
AIRFLOW_CTX_EXECUTION_DATE=2023-04-26T17:41:19.032905+00:00
AIRFLOW_CTX_TRY_NUMBER=1
AIRFLOW_CTX_DAG_RUN_ID=manual__2023-04-26T17:41:19.032905+00:00
[2023-04-26T17:41:23.966+0000] {sql.py:254} INFO - Executing:  CREATE TABLE IF NOT EXISTS measurements (
			timestamp TIMESTAMP,
			temp FLOAT,
			precipitation FLOAT,
			wind_speed FLOAT,
			location VARCHAR);
[2023-04-26T17:41:23.986+0000] {base.py:73} INFO - Using connection ID 'postgres_conn' for task execution.
[2023-04-26T17:41:24.516+0000] {base.py:73} INFO - Using connection ID 'postgres_conn' for task execution.
[2023-04-26T17:41:24.529+0000] {sql.py:375} INFO - Running statement:  CREATE TABLE IF NOT EXISTS measurements (
			timestamp TIMESTAMP,
			temp FLOAT,
			precipitation FLOAT,
			wind_speed FLOAT,
			location VARCHAR);, parameters: None
[2023-04-26T17:41:24.556+0000] {taskinstance.py:1332} INFO - Marking task as SUCCESS. dag_id=weather_dag_api, task_id=create_table_postgres, execution_date=20230426T174119, start_date=20230426T174123, end_date=20230426T174124
[2023-04-26T17:41:24.626+0000] {local_task_job.py:212} INFO - Task exited with return code 0
[2023-04-26T17:41:24.696+0000] {taskinstance.py:2596} INFO - 5 downstream tasks scheduled from follow-on schedule check
