[2023-04-26T17:37:14.829+0000] {taskinstance.py:1090} INFO - Dependencies all met for dep_context=non-requeueable deps ti=<TaskInstance: weather_dag_api.create_table_postgres manual__2023-04-26T17:36:53.911160+00:00 [queued]>
[2023-04-26T17:37:15.160+0000] {taskinstance.py:1090} INFO - Dependencies all met for dep_context=requeueable deps ti=<TaskInstance: weather_dag_api.create_table_postgres manual__2023-04-26T17:36:53.911160+00:00 [queued]>
[2023-04-26T17:37:15.162+0000] {taskinstance.py:1288} INFO - 
--------------------------------------------------------------------------------
[2023-04-26T17:37:15.163+0000] {taskinstance.py:1289} INFO - Starting attempt 1 of 1
[2023-04-26T17:37:15.166+0000] {taskinstance.py:1290} INFO - 
--------------------------------------------------------------------------------
[2023-04-26T17:37:15.571+0000] {taskinstance.py:1309} INFO - Executing <Task(PostgresOperator): create_table_postgres> on 2023-04-26 17:36:53.911160+00:00
[2023-04-26T17:37:15.586+0000] {standard_task_runner.py:55} INFO - Started process 105 to run task
[2023-04-26T17:37:15.606+0000] {standard_task_runner.py:82} INFO - Running: ['***', 'tasks', 'run', 'weather_dag_api', 'create_table_postgres', 'manual__2023-04-26T17:36:53.911160+00:00', '--job-id', '6', '--raw', '--subdir', 'DAGS_FOLDER/weather_dag_api.py', '--cfg-path', '/tmp/tmp8l9xuwhs']
[2023-04-26T17:37:15.612+0000] {standard_task_runner.py:83} INFO - Job 6: Subtask create_table_postgres
[2023-04-26T17:37:16.100+0000] {task_command.py:389} INFO - Running <TaskInstance: weather_dag_api.create_table_postgres manual__2023-04-26T17:36:53.911160+00:00 [running]> on host b46a99c748bd
[2023-04-26T17:37:16.718+0000] {taskinstance.py:1518} INFO - Exporting the following env vars:
AIRFLOW_CTX_DAG_OWNER=***
AIRFLOW_CTX_DAG_ID=weather_dag_api
AIRFLOW_CTX_TASK_ID=create_table_postgres
AIRFLOW_CTX_EXECUTION_DATE=2023-04-26T17:36:53.911160+00:00
AIRFLOW_CTX_TRY_NUMBER=1
AIRFLOW_CTX_DAG_RUN_ID=manual__2023-04-26T17:36:53.911160+00:00
[2023-04-26T17:37:16.727+0000] {sql.py:254} INFO - Executing:  CREATE TABLE IF NOT EXISTS measurements (
			timestamp TIMESTAMP,
			temp FLOAT,
			precipitation FLOAT,
			wind_speed FLOAT,
			location VARCHAR);
[2023-04-26T17:37:16.920+0000] {taskinstance.py:1776} ERROR - Task failed with exception
Traceback (most recent call last):
  File "/home/airflow/.local/lib/python3.7/site-packages/airflow/providers/common/sql/operators/sql.py", line 255, in execute
    hook = self.get_db_hook()
  File "/home/airflow/.local/lib/python3.7/site-packages/airflow/providers/common/sql/operators/sql.py", line 179, in get_db_hook
    return self._hook
  File "/home/airflow/.local/lib/python3.7/site-packages/cached_property.py", line 36, in __get__
    value = obj.__dict__[self.func.__name__] = self.func(obj)
  File "/home/airflow/.local/lib/python3.7/site-packages/airflow/providers/common/sql/operators/sql.py", line 141, in _hook
    conn = BaseHook.get_connection(self.conn_id)
  File "/home/airflow/.local/lib/python3.7/site-packages/airflow/hooks/base.py", line 72, in get_connection
    conn = Connection.get_connection_from_secrets(conn_id)
  File "/home/airflow/.local/lib/python3.7/site-packages/airflow/models/connection.py", line 435, in get_connection_from_secrets
    raise AirflowNotFoundException(f"The conn_id `{conn_id}` isn't defined")
airflow.exceptions.AirflowNotFoundException: The conn_id `postgres_conn` isn't defined
[2023-04-26T17:37:17.005+0000] {taskinstance.py:1332} INFO - Marking task as FAILED. dag_id=weather_dag_api, task_id=create_table_postgres, execution_date=20230426T173653, start_date=20230426T173714, end_date=20230426T173716
[2023-04-26T17:37:17.120+0000] {standard_task_runner.py:105} ERROR - Failed to execute job 6 for task create_table_postgres (The conn_id `postgres_conn` isn't defined; 105)
[2023-04-26T17:37:17.196+0000] {local_task_job.py:212} INFO - Task exited with return code 1
[2023-04-26T17:37:17.445+0000] {taskinstance.py:2596} INFO - 0 downstream tasks scheduled from follow-on schedule check
