[2023-04-27T06:56:37.802+0000] {taskinstance.py:1090} INFO - Dependencies all met for dep_context=non-requeueable deps ti=<TaskInstance: weather_dag_api.python_task1 manual__2023-04-27T06:56:34.944972+00:00 [queued]>
[2023-04-27T06:56:37.830+0000] {taskinstance.py:1090} INFO - Dependencies all met for dep_context=requeueable deps ti=<TaskInstance: weather_dag_api.python_task1 manual__2023-04-27T06:56:34.944972+00:00 [queued]>
[2023-04-27T06:56:37.832+0000] {taskinstance.py:1288} INFO - 
--------------------------------------------------------------------------------
[2023-04-27T06:56:37.834+0000] {taskinstance.py:1289} INFO - Starting attempt 1 of 1
[2023-04-27T06:56:37.835+0000] {taskinstance.py:1290} INFO - 
--------------------------------------------------------------------------------
[2023-04-27T06:56:37.875+0000] {taskinstance.py:1309} INFO - Executing <Task(PythonOperator): python_task1> on 2023-04-27 06:56:34.944972+00:00
[2023-04-27T06:56:37.873+0000] {standard_task_runner.py:55} INFO - Started process 459 to run task
[2023-04-27T06:56:37.888+0000] {standard_task_runner.py:82} INFO - Running: ['***', 'tasks', 'run', 'weather_dag_api', 'python_task1', 'manual__2023-04-27T06:56:34.944972+00:00', '--job-id', '72', '--raw', '--subdir', 'DAGS_FOLDER/weather_dag_api copy.py', '--cfg-path', '/tmp/tmplnoli2wx']
[2023-04-27T06:56:37.890+0000] {standard_task_runner.py:83} INFO - Job 72: Subtask python_task1
[2023-04-27T06:56:38.029+0000] {task_command.py:389} INFO - Running <TaskInstance: weather_dag_api.python_task1 manual__2023-04-27T06:56:34.944972+00:00 [running]> on host 80d943d8f5b4
[2023-04-27T06:56:38.276+0000] {taskinstance.py:1518} INFO - Exporting the following env vars:
AIRFLOW_CTX_DAG_OWNER=***
AIRFLOW_CTX_DAG_ID=weather_dag_api
AIRFLOW_CTX_TASK_ID=python_task1
AIRFLOW_CTX_EXECUTION_DATE=2023-04-27T06:56:34.944972+00:00
AIRFLOW_CTX_TRY_NUMBER=1
AIRFLOW_CTX_DAG_RUN_ID=manual__2023-04-27T06:56:34.944972+00:00
[2023-04-27T06:56:38.285+0000] {weather_dag_api copy.py:24} INFO - Starting db creation
[2023-04-27T06:56:38.297+0000] {python.py:177} INFO - Done. Returned value was: None
[2023-04-27T06:56:38.333+0000] {taskinstance.py:1332} INFO - Marking task as SUCCESS. dag_id=weather_dag_api, task_id=python_task1, execution_date=20230427T065634, start_date=20230427T065637, end_date=20230427T065638
[2023-04-27T06:56:38.430+0000] {local_task_job.py:212} INFO - Task exited with return code 0
[2023-04-27T06:56:38.565+0000] {taskinstance.py:2596} INFO - 1 downstream tasks scheduled from follow-on schedule check
