[2023-04-26T17:40:05.997+0000] {taskinstance.py:1090} INFO - Dependencies all met for dep_context=non-requeueable deps ti=<TaskInstance: weather_dag_api.cities.process_data_Lviv manual__2023-04-26T17:39:42.458083+00:00 [queued]>
[2023-04-26T17:40:06.148+0000] {taskinstance.py:1090} INFO - Dependencies all met for dep_context=requeueable deps ti=<TaskInstance: weather_dag_api.cities.process_data_Lviv manual__2023-04-26T17:39:42.458083+00:00 [queued]>
[2023-04-26T17:40:06.150+0000] {taskinstance.py:1288} INFO - 
--------------------------------------------------------------------------------
[2023-04-26T17:40:06.152+0000] {taskinstance.py:1289} INFO - Starting attempt 1 of 1
[2023-04-26T17:40:06.153+0000] {taskinstance.py:1290} INFO - 
--------------------------------------------------------------------------------
[2023-04-26T17:40:06.344+0000] {taskinstance.py:1309} INFO - Executing <Task(PythonOperator): cities.process_data_Lviv> on 2023-04-26 17:39:42.458083+00:00
[2023-04-26T17:40:06.441+0000] {standard_task_runner.py:55} INFO - Started process 171 to run task
[2023-04-26T17:40:06.493+0000] {standard_task_runner.py:82} INFO - Running: ['***', 'tasks', 'run', 'weather_dag_api', 'cities.process_data_Lviv', 'manual__2023-04-26T17:39:42.458083+00:00', '--job-id', '15', '--raw', '--subdir', 'DAGS_FOLDER/weather_dag_api.py', '--cfg-path', '/tmp/tmp0jxziv7e']
[2023-04-26T17:40:06.503+0000] {standard_task_runner.py:83} INFO - Job 15: Subtask cities.process_data_Lviv
[2023-04-26T17:40:07.342+0000] {task_command.py:389} INFO - Running <TaskInstance: weather_dag_api.cities.process_data_Lviv manual__2023-04-26T17:39:42.458083+00:00 [running]> on host b46a99c748bd
[2023-04-26T17:40:08.389+0000] {taskinstance.py:1518} INFO - Exporting the following env vars:
AIRFLOW_CTX_DAG_OWNER=***
AIRFLOW_CTX_DAG_ID=weather_dag_api
AIRFLOW_CTX_TASK_ID=cities.process_data_Lviv
AIRFLOW_CTX_EXECUTION_DATE=2023-04-26T17:39:42.458083+00:00
AIRFLOW_CTX_TRY_NUMBER=1
AIRFLOW_CTX_DAG_RUN_ID=manual__2023-04-26T17:39:42.458083+00:00
[2023-04-26T17:40:08.516+0000] {logging_mixin.py:137} INFO - 15.1
[2023-04-26T17:40:08.523+0000] {python.py:177} INFO - Done. Returned value was: ('2023-04-25T10:20:00Z', 15.1, 0.0, 2.0, 'Lviv')
[2023-04-26T17:40:08.711+0000] {taskinstance.py:1332} INFO - Marking task as SUCCESS. dag_id=weather_dag_api, task_id=cities.process_data_Lviv, execution_date=20230426T173942, start_date=20230426T174006, end_date=20230426T174008
[2023-04-26T17:40:09.289+0000] {local_task_job.py:212} INFO - Task exited with return code 0
[2023-04-26T17:40:09.751+0000] {taskinstance.py:2596} INFO - 0 downstream tasks scheduled from follow-on schedule check
