[2023-04-26T16:50:06.394+0000] {taskinstance.py:1090} INFO - Dependencies all met for dep_context=non-requeueable deps ti=<TaskInstance: weather_dag_api.cities.process_data_Kyiv manual__2023-04-26T16:49:45.722640+00:00 [queued]>
[2023-04-26T16:50:06.668+0000] {taskinstance.py:1090} INFO - Dependencies all met for dep_context=requeueable deps ti=<TaskInstance: weather_dag_api.cities.process_data_Kyiv manual__2023-04-26T16:49:45.722640+00:00 [queued]>
[2023-04-26T16:50:06.670+0000] {taskinstance.py:1288} INFO - 
--------------------------------------------------------------------------------
[2023-04-26T16:50:06.673+0000] {taskinstance.py:1289} INFO - Starting attempt 1 of 1
[2023-04-26T16:50:06.679+0000] {taskinstance.py:1290} INFO - 
--------------------------------------------------------------------------------
[2023-04-26T16:50:06.847+0000] {taskinstance.py:1309} INFO - Executing <Task(PythonOperator): cities.process_data_Kyiv> on 2023-04-26 16:49:45.722640+00:00
[2023-04-26T16:50:06.868+0000] {standard_task_runner.py:55} INFO - Started process 4832 to run task
[2023-04-26T16:50:07.010+0000] {standard_task_runner.py:82} INFO - Running: ['***', 'tasks', 'run', 'weather_dag_api', 'cities.process_data_Kyiv', 'manual__2023-04-26T16:49:45.722640+00:00', '--job-id', '445', '--raw', '--subdir', 'DAGS_FOLDER/weather_dag_final.py', '--cfg-path', '/tmp/tmpyw01agf_']
[2023-04-26T16:50:07.013+0000] {standard_task_runner.py:83} INFO - Job 445: Subtask cities.process_data_Kyiv
[2023-04-26T16:50:07.857+0000] {task_command.py:389} INFO - Running <TaskInstance: weather_dag_api.cities.process_data_Kyiv manual__2023-04-26T16:49:45.722640+00:00 [running]> on host d48b88797b3b
[2023-04-26T16:50:09.143+0000] {taskinstance.py:1518} INFO - Exporting the following env vars:
AIRFLOW_CTX_DAG_OWNER=***
AIRFLOW_CTX_DAG_ID=weather_dag_api
AIRFLOW_CTX_TASK_ID=cities.process_data_Kyiv
AIRFLOW_CTX_EXECUTION_DATE=2023-04-26T16:49:45.722640+00:00
AIRFLOW_CTX_TRY_NUMBER=1
AIRFLOW_CTX_DAG_RUN_ID=manual__2023-04-26T16:49:45.722640+00:00
[2023-04-26T16:50:09.307+0000] {logging_mixin.py:137} INFO - 17.0
[2023-04-26T16:50:09.312+0000] {python.py:177} INFO - Done. Returned value was: ('2023-04-25T10:20:00Z', 17.0, 0.0, 4.0, 'Kyiv')
[2023-04-26T16:50:09.680+0000] {taskinstance.py:1332} INFO - Marking task as SUCCESS. dag_id=weather_dag_api, task_id=cities.process_data_Kyiv, execution_date=20230426T164945, start_date=20230426T165006, end_date=20230426T165009
[2023-04-26T16:50:10.256+0000] {local_task_job.py:212} INFO - Task exited with return code 0
[2023-04-26T16:50:10.896+0000] {taskinstance.py:2596} INFO - 1 downstream tasks scheduled from follow-on schedule check
