[2023-04-26T18:47:09.355+0000] {taskinstance.py:1090} INFO - Dependencies all met for dep_context=non-requeueable deps ti=<TaskInstance: weather_dag_api.cities.insert_data_Zhmerynka manual__2023-04-26T18:46:27.421244+00:00 [queued]>
[2023-04-26T18:47:09.491+0000] {taskinstance.py:1090} INFO - Dependencies all met for dep_context=requeueable deps ti=<TaskInstance: weather_dag_api.cities.insert_data_Zhmerynka manual__2023-04-26T18:46:27.421244+00:00 [queued]>
[2023-04-26T18:47:09.493+0000] {taskinstance.py:1288} INFO - 
--------------------------------------------------------------------------------
[2023-04-26T18:47:09.495+0000] {taskinstance.py:1289} INFO - Starting attempt 1 of 1
[2023-04-26T18:47:09.498+0000] {taskinstance.py:1290} INFO - 
--------------------------------------------------------------------------------
[2023-04-26T18:47:09.894+0000] {taskinstance.py:1309} INFO - Executing <Task(PostgresOperator): cities.insert_data_Zhmerynka> on 2023-04-26 18:46:27.421244+00:00
[2023-04-26T18:47:09.956+0000] {standard_task_runner.py:55} INFO - Started process 2063 to run task
[2023-04-26T18:47:09.980+0000] {standard_task_runner.py:82} INFO - Running: ['***', 'tasks', 'run', 'weather_dag_api', 'cities.insert_data_Zhmerynka', 'manual__2023-04-26T18:46:27.421244+00:00', '--job-id', '370', '--raw', '--subdir', 'DAGS_FOLDER/weather_dag_api.py', '--cfg-path', '/tmp/tmpffsr4gxy']
[2023-04-26T18:47:09.987+0000] {standard_task_runner.py:83} INFO - Job 370: Subtask cities.insert_data_Zhmerynka
[2023-04-26T18:47:10.563+0000] {task_command.py:389} INFO - Running <TaskInstance: weather_dag_api.cities.insert_data_Zhmerynka manual__2023-04-26T18:46:27.421244+00:00 [running]> on host b46a99c748bd
[2023-04-26T18:47:11.738+0000] {taskinstance.py:1518} INFO - Exporting the following env vars:
AIRFLOW_CTX_DAG_OWNER=***
AIRFLOW_CTX_DAG_ID=weather_dag_api
AIRFLOW_CTX_TASK_ID=cities.insert_data_Zhmerynka
AIRFLOW_CTX_EXECUTION_DATE=2023-04-26T18:46:27.421244+00:00
AIRFLOW_CTX_TRY_NUMBER=1
AIRFLOW_CTX_DAG_RUN_ID=manual__2023-04-26T18:46:27.421244+00:00
[2023-04-26T18:47:11.742+0000] {sql.py:254} INFO - Executing: INSERT INTO measurements (temp) VALUES ("{'cities.process_data_Zhmerynka'}")
[2023-04-26T18:47:11.803+0000] {base.py:73} INFO - Using connection ID 'postgres_conn' for task execution.
[2023-04-26T18:47:14.425+0000] {base.py:73} INFO - Using connection ID 'postgres_conn' for task execution.
[2023-04-26T18:47:14.435+0000] {sql.py:375} INFO - Running statement: INSERT INTO measurements (temp) VALUES ("{'cities.process_data_Zhmerynka'}"), parameters: None
[2023-04-26T18:47:14.438+0000] {taskinstance.py:1776} ERROR - Task failed with exception
Traceback (most recent call last):
  File "/home/airflow/.local/lib/python3.7/site-packages/airflow/providers/common/sql/operators/sql.py", line 266, in execute
    **extra_kwargs,
  File "/home/airflow/.local/lib/python3.7/site-packages/airflow/providers/common/sql/hooks/sql.py", line 349, in run
    self._run_command(cur, sql_statement, parameters)
  File "/home/airflow/.local/lib/python3.7/site-packages/airflow/providers/common/sql/hooks/sql.py", line 380, in _run_command
    cur.execute(sql_statement)
psycopg2.errors.UndefinedColumn: column "{'cities.process_data_Zhmerynka'}" does not exist
LINE 1: INSERT INTO measurements (temp) VALUES ("{'cities.process_da...
                                                ^

[2023-04-26T18:47:14.477+0000] {taskinstance.py:1332} INFO - Marking task as FAILED. dag_id=weather_dag_api, task_id=cities.insert_data_Zhmerynka, execution_date=20230426T184627, start_date=20230426T184709, end_date=20230426T184714
[2023-04-26T18:47:14.891+0000] {standard_task_runner.py:105} ERROR - Failed to execute job 370 for task cities.insert_data_Zhmerynka (column "{'cities.process_data_Zhmerynka'}" does not exist
LINE 1: INSERT INTO measurements (temp) VALUES ("{'cities.process_da...
                                                ^
; 2063)
[2023-04-26T18:47:15.325+0000] {local_task_job.py:212} INFO - Task exited with return code 1
[2023-04-26T18:47:15.447+0000] {taskinstance.py:2596} INFO - 0 downstream tasks scheduled from follow-on schedule check
