[2023-04-26T18:51:36.390+0000] {taskinstance.py:1090} INFO - Dependencies all met for dep_context=non-requeueable deps ti=<TaskInstance: weather_dag_api.cities.view_data_Kyiv manual__2023-04-26T18:51:11.753368+00:00 [queued]>
[2023-04-26T18:51:36.440+0000] {taskinstance.py:1090} INFO - Dependencies all met for dep_context=requeueable deps ti=<TaskInstance: weather_dag_api.cities.view_data_Kyiv manual__2023-04-26T18:51:11.753368+00:00 [queued]>
[2023-04-26T18:51:36.441+0000] {taskinstance.py:1288} INFO - 
--------------------------------------------------------------------------------
[2023-04-26T18:51:36.443+0000] {taskinstance.py:1289} INFO - Starting attempt 1 of 1
[2023-04-26T18:51:36.444+0000] {taskinstance.py:1290} INFO - 
--------------------------------------------------------------------------------
[2023-04-26T18:51:36.489+0000] {taskinstance.py:1309} INFO - Executing <Task(PythonOperator): cities.view_data_Kyiv> on 2023-04-26 18:51:11.753368+00:00
[2023-04-26T18:51:36.505+0000] {standard_task_runner.py:55} INFO - Started process 2260 to run task
[2023-04-26T18:51:36.551+0000] {standard_task_runner.py:82} INFO - Running: ['***', 'tasks', 'run', 'weather_dag_api', 'cities.view_data_Kyiv', 'manual__2023-04-26T18:51:11.753368+00:00', '--job-id', '430', '--raw', '--subdir', 'DAGS_FOLDER/weather_dag_api.py', '--cfg-path', '/tmp/tmptu3wo_68']
[2023-04-26T18:51:36.554+0000] {standard_task_runner.py:83} INFO - Job 430: Subtask cities.view_data_Kyiv
[2023-04-26T18:51:37.169+0000] {task_command.py:389} INFO - Running <TaskInstance: weather_dag_api.cities.view_data_Kyiv manual__2023-04-26T18:51:11.753368+00:00 [running]> on host b46a99c748bd
[2023-04-26T18:51:37.832+0000] {taskinstance.py:1518} INFO - Exporting the following env vars:
AIRFLOW_CTX_DAG_OWNER=***
AIRFLOW_CTX_DAG_ID=weather_dag_api
AIRFLOW_CTX_TASK_ID=cities.view_data_Kyiv
AIRFLOW_CTX_EXECUTION_DATE=2023-04-26T18:51:11.753368+00:00
AIRFLOW_CTX_TRY_NUMBER=1
AIRFLOW_CTX_DAG_RUN_ID=manual__2023-04-26T18:51:11.753368+00:00
[2023-04-26T18:51:37.974+0000] {logging_mixin.py:137} INFO - data is  ['2023-04-25T10:20:00Z', 17.0, 0.0, 4.0, 'Kyiv']
[2023-04-26T18:51:37.976+0000] {logging_mixin.py:137} INFO - 2023-04-25T10:20:00Z
[2023-04-26T18:51:37.980+0000] {logging_mixin.py:137} INFO - 17.0
[2023-04-26T18:51:37.983+0000] {python.py:177} INFO - Done. Returned value was: None
[2023-04-26T18:51:38.063+0000] {taskinstance.py:1332} INFO - Marking task as SUCCESS. dag_id=weather_dag_api, task_id=cities.view_data_Kyiv, execution_date=20230426T185111, start_date=20230426T185136, end_date=20230426T185138
[2023-04-26T18:51:38.242+0000] {local_task_job.py:212} INFO - Task exited with return code 0
[2023-04-26T18:51:38.933+0000] {taskinstance.py:2596} INFO - 1 downstream tasks scheduled from follow-on schedule check
