[2023-04-26T18:34:13.472+0000] {taskinstance.py:1090} INFO - Dependencies all met for dep_context=non-requeueable deps ti=<TaskInstance: weather_dag_api.cities.view_data_Zhmerynka manual__2023-04-26T18:33:30.885282+00:00 [queued]>
[2023-04-26T18:34:13.901+0000] {taskinstance.py:1090} INFO - Dependencies all met for dep_context=requeueable deps ti=<TaskInstance: weather_dag_api.cities.view_data_Zhmerynka manual__2023-04-26T18:33:30.885282+00:00 [queued]>
[2023-04-26T18:34:13.941+0000] {taskinstance.py:1288} INFO - 
--------------------------------------------------------------------------------
[2023-04-26T18:34:13.975+0000] {taskinstance.py:1289} INFO - Starting attempt 1 of 1
[2023-04-26T18:34:13.977+0000] {taskinstance.py:1290} INFO - 
--------------------------------------------------------------------------------
[2023-04-26T18:34:15.555+0000] {taskinstance.py:1309} INFO - Executing <Task(PythonOperator): cities.view_data_Zhmerynka> on 2023-04-26 18:33:30.885282+00:00
[2023-04-26T18:34:15.618+0000] {standard_task_runner.py:55} INFO - Started process 1692 to run task
[2023-04-26T18:34:16.238+0000] {standard_task_runner.py:82} INFO - Running: ['***', 'tasks', 'run', 'weather_dag_api', 'cities.view_data_Zhmerynka', 'manual__2023-04-26T18:33:30.885282+00:00', '--job-id', '300', '--raw', '--subdir', 'DAGS_FOLDER/weather_dag_api.py', '--cfg-path', '/tmp/tmpcxktkx4d']
[2023-04-26T18:34:16.259+0000] {standard_task_runner.py:83} INFO - Job 300: Subtask cities.view_data_Zhmerynka
[2023-04-26T18:34:18.202+0000] {task_command.py:389} INFO - Running <TaskInstance: weather_dag_api.cities.view_data_Zhmerynka manual__2023-04-26T18:33:30.885282+00:00 [running]> on host b46a99c748bd
[2023-04-26T18:34:20.112+0000] {taskinstance.py:1518} INFO - Exporting the following env vars:
AIRFLOW_CTX_DAG_OWNER=***
AIRFLOW_CTX_DAG_ID=weather_dag_api
AIRFLOW_CTX_TASK_ID=cities.view_data_Zhmerynka
AIRFLOW_CTX_EXECUTION_DATE=2023-04-26T18:33:30.885282+00:00
AIRFLOW_CTX_TRY_NUMBER=1
AIRFLOW_CTX_DAG_RUN_ID=manual__2023-04-26T18:33:30.885282+00:00
[2023-04-26T18:34:20.219+0000] {logging_mixin.py:137} INFO - data is  ['2023-04-25T10:20:00Z', 15.5, 0.0, 5.7, 'Zhmerynka']
[2023-04-26T18:34:20.221+0000] {logging_mixin.py:137} INFO - 2023-04-25T10:20:00Z
[2023-04-26T18:34:20.223+0000] {logging_mixin.py:137} INFO - 15.5
[2023-04-26T18:34:20.225+0000] {python.py:177} INFO - Done. Returned value was: None
[2023-04-26T18:34:20.353+0000] {taskinstance.py:1332} INFO - Marking task as SUCCESS. dag_id=weather_dag_api, task_id=cities.view_data_Zhmerynka, execution_date=20230426T183330, start_date=20230426T183413, end_date=20230426T183420
[2023-04-26T18:34:20.560+0000] {local_task_job.py:212} INFO - Task exited with return code 0
[2023-04-26T18:34:21.211+0000] {taskinstance.py:2596} INFO - 0 downstream tasks scheduled from follow-on schedule check
