[2023-04-27T06:52:03.979+0000] {taskinstance.py:1090} INFO - Dependencies all met for dep_context=non-requeueable deps ti=<TaskInstance: weather_dag_api.cities.process_data_Zhmerynka manual__2023-04-27T06:51:39.617091+00:00 [queued]>
[2023-04-27T06:52:04.310+0000] {taskinstance.py:1090} INFO - Dependencies all met for dep_context=requeueable deps ti=<TaskInstance: weather_dag_api.cities.process_data_Zhmerynka manual__2023-04-27T06:51:39.617091+00:00 [queued]>
[2023-04-27T06:52:04.317+0000] {taskinstance.py:1288} INFO - 
--------------------------------------------------------------------------------
[2023-04-27T06:52:04.322+0000] {taskinstance.py:1289} INFO - Starting attempt 1 of 1
[2023-04-27T06:52:04.323+0000] {taskinstance.py:1290} INFO - 
--------------------------------------------------------------------------------
[2023-04-27T06:52:04.747+0000] {taskinstance.py:1309} INFO - Executing <Task(PythonOperator): cities.process_data_Zhmerynka> on 2023-04-27 06:51:39.617091+00:00
[2023-04-27T06:52:04.873+0000] {standard_task_runner.py:55} INFO - Started process 313 to run task
[2023-04-27T06:52:04.977+0000] {standard_task_runner.py:82} INFO - Running: ['***', 'tasks', 'run', 'weather_dag_api', 'cities.process_data_Zhmerynka', 'manual__2023-04-27T06:51:39.617091+00:00', '--job-id', '42', '--raw', '--subdir', 'DAGS_FOLDER/weather_dag_api copy.py', '--cfg-path', '/tmp/tmpza5quyy2']
[2023-04-27T06:52:04.979+0000] {standard_task_runner.py:83} INFO - Job 42: Subtask cities.process_data_Zhmerynka
[2023-04-27T06:52:05.458+0000] {task_command.py:389} INFO - Running <TaskInstance: weather_dag_api.cities.process_data_Zhmerynka manual__2023-04-27T06:51:39.617091+00:00 [running]> on host 80d943d8f5b4
[2023-04-27T06:52:05.912+0000] {taskinstance.py:1518} INFO - Exporting the following env vars:
AIRFLOW_CTX_DAG_OWNER=***
AIRFLOW_CTX_DAG_ID=weather_dag_api
AIRFLOW_CTX_TASK_ID=cities.process_data_Zhmerynka
AIRFLOW_CTX_EXECUTION_DATE=2023-04-27T06:51:39.617091+00:00
AIRFLOW_CTX_TRY_NUMBER=1
AIRFLOW_CTX_DAG_RUN_ID=manual__2023-04-27T06:51:39.617091+00:00
[2023-04-27T06:52:05.961+0000] {logging_mixin.py:137} INFO - 12.4
[2023-04-27T06:52:05.963+0000] {python.py:177} INFO - Done. Returned value was: ('2023-04-26T10:20:00Z', 12.4, 0.0, 3.5, 'Zhmerynka')
[2023-04-27T06:52:06.077+0000] {taskinstance.py:1332} INFO - Marking task as SUCCESS. dag_id=weather_dag_api, task_id=cities.process_data_Zhmerynka, execution_date=20230427T065139, start_date=20230427T065203, end_date=20230427T065206
[2023-04-27T06:52:06.691+0000] {local_task_job.py:212} INFO - Task exited with return code 0
[2023-04-27T06:52:06.798+0000] {taskinstance.py:2596} INFO - 0 downstream tasks scheduled from follow-on schedule check
