[2023-04-27T06:52:35.616+0000] {taskinstance.py:1090} INFO - Dependencies all met for dep_context=non-requeueable deps ti=<TaskInstance: weather_dag_api.cities.view_data_Kyiv manual__2023-04-27T06:51:39.617091+00:00 [queued]>
[2023-04-27T06:52:35.666+0000] {taskinstance.py:1090} INFO - Dependencies all met for dep_context=requeueable deps ti=<TaskInstance: weather_dag_api.cities.view_data_Kyiv manual__2023-04-27T06:51:39.617091+00:00 [queued]>
[2023-04-27T06:52:35.671+0000] {taskinstance.py:1288} INFO - 
--------------------------------------------------------------------------------
[2023-04-27T06:52:35.672+0000] {taskinstance.py:1289} INFO - Starting attempt 1 of 1
[2023-04-27T06:52:35.675+0000] {taskinstance.py:1290} INFO - 
--------------------------------------------------------------------------------
[2023-04-27T06:52:35.743+0000] {taskinstance.py:1309} INFO - Executing <Task(PythonOperator): cities.view_data_Kyiv> on 2023-04-27 06:51:39.617091+00:00
[2023-04-27T06:52:35.767+0000] {standard_task_runner.py:55} INFO - Started process 339 to run task
[2023-04-27T06:52:35.804+0000] {standard_task_runner.py:82} INFO - Running: ['***', 'tasks', 'run', 'weather_dag_api', 'cities.view_data_Kyiv', 'manual__2023-04-27T06:51:39.617091+00:00', '--job-id', '48', '--raw', '--subdir', 'DAGS_FOLDER/weather_dag_api copy.py', '--cfg-path', '/tmp/tmps7_0cyc5']
[2023-04-27T06:52:35.807+0000] {standard_task_runner.py:83} INFO - Job 48: Subtask cities.view_data_Kyiv
[2023-04-27T06:52:36.532+0000] {task_command.py:389} INFO - Running <TaskInstance: weather_dag_api.cities.view_data_Kyiv manual__2023-04-27T06:51:39.617091+00:00 [running]> on host 80d943d8f5b4
[2023-04-27T06:52:37.414+0000] {taskinstance.py:1518} INFO - Exporting the following env vars:
AIRFLOW_CTX_DAG_OWNER=***
AIRFLOW_CTX_DAG_ID=weather_dag_api
AIRFLOW_CTX_TASK_ID=cities.view_data_Kyiv
AIRFLOW_CTX_EXECUTION_DATE=2023-04-27T06:51:39.617091+00:00
AIRFLOW_CTX_TRY_NUMBER=1
AIRFLOW_CTX_DAG_RUN_ID=manual__2023-04-27T06:51:39.617091+00:00
[2023-04-27T06:52:37.499+0000] {logging_mixin.py:137} INFO - data is  ['2023-04-26T10:20:00Z', 13.9, 0.0, 4.9, 'Kyiv']
[2023-04-27T06:52:37.502+0000] {logging_mixin.py:137} INFO - 2023-04-26T10:20:00Z
[2023-04-27T06:52:37.517+0000] {logging_mixin.py:137} INFO - 13.9
[2023-04-27T06:52:37.522+0000] {python.py:177} INFO - Done. Returned value was: None
[2023-04-27T06:52:37.713+0000] {taskinstance.py:1332} INFO - Marking task as SUCCESS. dag_id=weather_dag_api, task_id=cities.view_data_Kyiv, execution_date=20230427T065139, start_date=20230427T065235, end_date=20230427T065237
[2023-04-27T06:52:38.033+0000] {local_task_job.py:212} INFO - Task exited with return code 0
[2023-04-27T06:52:38.183+0000] {taskinstance.py:2596} INFO - 0 downstream tasks scheduled from follow-on schedule check
