[2023-04-26T18:58:06.860+0000] {taskinstance.py:1090} INFO - Dependencies all met for dep_context=non-requeueable deps ti=<TaskInstance: weather_dag_api.cities.extract_data_Zhmerynka manual__2023-04-26T18:57:52.337167+00:00 [queued]>
[2023-04-26T18:58:07.074+0000] {taskinstance.py:1090} INFO - Dependencies all met for dep_context=requeueable deps ti=<TaskInstance: weather_dag_api.cities.extract_data_Zhmerynka manual__2023-04-26T18:57:52.337167+00:00 [queued]>
[2023-04-26T18:58:07.077+0000] {taskinstance.py:1288} INFO - 
--------------------------------------------------------------------------------
[2023-04-26T18:58:07.081+0000] {taskinstance.py:1289} INFO - Starting attempt 1 of 1
[2023-04-26T18:58:07.083+0000] {taskinstance.py:1290} INFO - 
--------------------------------------------------------------------------------
[2023-04-26T18:58:07.488+0000] {taskinstance.py:1309} INFO - Executing <Task(SimpleHttpOperator): cities.extract_data_Zhmerynka> on 2023-04-26 18:57:52.337167+00:00
[2023-04-26T18:58:07.540+0000] {standard_task_runner.py:55} INFO - Started process 2489 to run task
[2023-04-26T18:58:07.610+0000] {standard_task_runner.py:82} INFO - Running: ['***', 'tasks', 'run', 'weather_dag_api', 'cities.extract_data_Zhmerynka', 'manual__2023-04-26T18:57:52.337167+00:00', '--job-id', '485', '--raw', '--subdir', 'DAGS_FOLDER/weather_dag_api.py', '--cfg-path', '/tmp/tmp_33is_f7']
[2023-04-26T18:58:07.620+0000] {standard_task_runner.py:83} INFO - Job 485: Subtask cities.extract_data_Zhmerynka
[2023-04-26T18:58:08.302+0000] {task_command.py:389} INFO - Running <TaskInstance: weather_dag_api.cities.extract_data_Zhmerynka manual__2023-04-26T18:57:52.337167+00:00 [running]> on host b46a99c748bd
[2023-04-26T18:58:08.964+0000] {taskinstance.py:1518} INFO - Exporting the following env vars:
AIRFLOW_CTX_DAG_OWNER=***
AIRFLOW_CTX_DAG_ID=weather_dag_api
AIRFLOW_CTX_TASK_ID=cities.extract_data_Zhmerynka
AIRFLOW_CTX_EXECUTION_DATE=2023-04-26T18:57:52.337167+00:00
AIRFLOW_CTX_TRY_NUMBER=1
AIRFLOW_CTX_DAG_RUN_ID=manual__2023-04-26T18:57:52.337167+00:00
[2023-04-26T18:58:08.976+0000] {http.py:123} INFO - Calling HTTP method
[2023-04-26T18:58:09.040+0000] {base.py:73} INFO - Using connection ID 'weather_conn' for task execution.
[2023-04-26T18:58:09.273+0000] {http.py:127} INFO - {"version":"3.0","user":"__-_stuff","dateGenerated":"2023-04-26T18:58:08Z","status":"OK","data":[{"parameter":"t_2m:C","coordinates":[{"lat":49.035459,"lon":28.114732,"dates":[{"date":"2023-04-25T10:20:00Z","value":15.5}]}]},{"parameter":"precip_1h:mm","coordinates":[{"lat":49.035459,"lon":28.114732,"dates":[{"date":"2023-04-25T10:20:00Z","value":0.00}]}]},{"parameter":"wind_speed_10m:ms","coordinates":[{"lat":49.035459,"lon":28.114732,"dates":[{"date":"2023-04-25T10:20:00Z","value":5.7}]}]}]}

[2023-04-26T18:58:09.449+0000] {taskinstance.py:1332} INFO - Marking task as SUCCESS. dag_id=weather_dag_api, task_id=cities.extract_data_Zhmerynka, execution_date=20230426T185752, start_date=20230426T185806, end_date=20230426T185809
[2023-04-26T18:58:09.725+0000] {local_task_job.py:212} INFO - Task exited with return code 0
[2023-04-26T18:58:10.505+0000] {taskinstance.py:2596} INFO - 1 downstream tasks scheduled from follow-on schedule check
