[2023-04-27T07:02:58.574+0000] {taskinstance.py:1090} INFO - Dependencies all met for dep_context=non-requeueable deps ti=<TaskInstance: weather_dag_api.create_table_postgres manual__2023-04-27T07:02:51.801456+00:00 [queued]>
[2023-04-27T07:02:58.619+0000] {taskinstance.py:1090} INFO - Dependencies all met for dep_context=requeueable deps ti=<TaskInstance: weather_dag_api.create_table_postgres manual__2023-04-27T07:02:51.801456+00:00 [queued]>
[2023-04-27T07:02:58.621+0000] {taskinstance.py:1288} INFO - 
--------------------------------------------------------------------------------
[2023-04-27T07:02:58.622+0000] {taskinstance.py:1289} INFO - Starting attempt 1 of 1
[2023-04-27T07:02:58.632+0000] {taskinstance.py:1290} INFO - 
--------------------------------------------------------------------------------
[2023-04-27T07:02:58.761+0000] {taskinstance.py:1309} INFO - Executing <Task(PostgresOperator): create_table_postgres> on 2023-04-27 07:02:51.801456+00:00
[2023-04-27T07:02:58.900+0000] {standard_task_runner.py:55} INFO - Started process 613 to run task
[2023-04-27T07:02:58.972+0000] {standard_task_runner.py:82} INFO - Running: ['***', 'tasks', 'run', 'weather_dag_api', 'create_table_postgres', 'manual__2023-04-27T07:02:51.801456+00:00', '--job-id', '87', '--raw', '--subdir', 'DAGS_FOLDER/weather_dag_api copy.py', '--cfg-path', '/tmp/tmptd8rkkq6']
[2023-04-27T07:02:58.982+0000] {standard_task_runner.py:83} INFO - Job 87: Subtask create_table_postgres
[2023-04-27T07:02:59.670+0000] {task_command.py:389} INFO - Running <TaskInstance: weather_dag_api.create_table_postgres manual__2023-04-27T07:02:51.801456+00:00 [running]> on host 80d943d8f5b4
[2023-04-27T07:03:00.196+0000] {taskinstance.py:1518} INFO - Exporting the following env vars:
AIRFLOW_CTX_DAG_OWNER=***
AIRFLOW_CTX_DAG_ID=weather_dag_api
AIRFLOW_CTX_TASK_ID=create_table_postgres
AIRFLOW_CTX_EXECUTION_DATE=2023-04-27T07:02:51.801456+00:00
AIRFLOW_CTX_TRY_NUMBER=1
AIRFLOW_CTX_DAG_RUN_ID=manual__2023-04-27T07:02:51.801456+00:00
[2023-04-27T07:03:00.243+0000] {sql.py:254} INFO - Executing:  CREATE TABLE IF NOT EXISTS measurements (
			timestamp TIMESTAMP,
			temp FLOAT,
			precipitation FLOAT,
			wind_speed FLOAT,
			location VARCHAR);
[2023-04-27T07:03:00.288+0000] {base.py:73} INFO - Using connection ID 'postgres_conn' for task execution.
[2023-04-27T07:03:01.142+0000] {base.py:73} INFO - Using connection ID 'postgres_conn' for task execution.
[2023-04-27T07:03:01.153+0000] {sql.py:375} INFO - Running statement:  CREATE TABLE IF NOT EXISTS measurements (
			timestamp TIMESTAMP,
			temp FLOAT,
			precipitation FLOAT,
			wind_speed FLOAT,
			location VARCHAR);, parameters: None
[2023-04-27T07:03:01.178+0000] {taskinstance.py:1332} INFO - Marking task as SUCCESS. dag_id=weather_dag_api, task_id=create_table_postgres, execution_date=20230427T070251, start_date=20230427T070258, end_date=20230427T070301
[2023-04-27T07:03:01.221+0000] {local_task_job.py:212} INFO - Task exited with return code 0
[2023-04-27T07:03:01.302+0000] {taskinstance.py:2596} INFO - 5 downstream tasks scheduled from follow-on schedule check
