[2023-04-26T13:49:45.688+0000] {taskinstance.py:1090} INFO - Dependencies all met for dep_context=non-requeueable deps ti=<TaskInstance: weather_dag_api.extract_data_Zhmerynka manual__2023-04-26T13:49:25.122846+00:00 [queued]>
[2023-04-26T13:49:45.839+0000] {taskinstance.py:1090} INFO - Dependencies all met for dep_context=requeueable deps ti=<TaskInstance: weather_dag_api.extract_data_Zhmerynka manual__2023-04-26T13:49:25.122846+00:00 [queued]>
[2023-04-26T13:49:45.842+0000] {taskinstance.py:1288} INFO - 
--------------------------------------------------------------------------------
[2023-04-26T13:49:45.847+0000] {taskinstance.py:1289} INFO - Starting attempt 1 of 1
[2023-04-26T13:49:45.851+0000] {taskinstance.py:1290} INFO - 
--------------------------------------------------------------------------------
[2023-04-26T13:49:45.931+0000] {taskinstance.py:1309} INFO - Executing <Task(SimpleHttpOperator): extract_data_Zhmerynka> on 2023-04-26 13:49:25.122846+00:00
[2023-04-26T13:49:45.944+0000] {standard_task_runner.py:55} INFO - Started process 704 to run task
[2023-04-26T13:49:45.954+0000] {standard_task_runner.py:82} INFO - Running: ['***', 'tasks', 'run', 'weather_dag_api', 'extract_data_Zhmerynka', 'manual__2023-04-26T13:49:25.122846+00:00', '--job-id', '31', '--raw', '--subdir', 'DAGS_FOLDER/weather_dag_api.py', '--cfg-path', '/tmp/tmpd2taltaz']
[2023-04-26T13:49:45.959+0000] {standard_task_runner.py:83} INFO - Job 31: Subtask extract_data_Zhmerynka
[2023-04-26T13:49:46.754+0000] {task_command.py:389} INFO - Running <TaskInstance: weather_dag_api.extract_data_Zhmerynka manual__2023-04-26T13:49:25.122846+00:00 [running]> on host d48b88797b3b
[2023-04-26T13:49:47.662+0000] {taskinstance.py:1518} INFO - Exporting the following env vars:
AIRFLOW_CTX_DAG_OWNER=***
AIRFLOW_CTX_DAG_ID=weather_dag_api
AIRFLOW_CTX_TASK_ID=extract_data_Zhmerynka
AIRFLOW_CTX_EXECUTION_DATE=2023-04-26T13:49:25.122846+00:00
AIRFLOW_CTX_TRY_NUMBER=1
AIRFLOW_CTX_DAG_RUN_ID=manual__2023-04-26T13:49:25.122846+00:00
[2023-04-26T13:49:47.673+0000] {http.py:123} INFO - Calling HTTP method
[2023-04-26T13:49:47.765+0000] {base.py:73} INFO - Using connection ID 'weather_conn' for task execution.
[2023-04-26T13:49:49.028+0000] {http.py:127} INFO - {"version":"3.0","user":"__-_stuff","dateGenerated":"2023-04-26T13:49:48Z","status":"OK","data":[{"parameter":"t_2m:C","coordinates":[{"lat":49.035459,"lon":28.114732,"dates":[{"date":"2023-04-25T10:20:00Z","value":15.5}]}]},{"parameter":"precip_1h:mm","coordinates":[{"lat":49.035459,"lon":28.114732,"dates":[{"date":"2023-04-25T10:20:00Z","value":0.00}]}]},{"parameter":"wind_speed_10m:ms","coordinates":[{"lat":49.035459,"lon":28.114732,"dates":[{"date":"2023-04-25T10:20:00Z","value":5.7}]}]}]}

[2023-04-26T13:49:49.335+0000] {taskinstance.py:1332} INFO - Marking task as SUCCESS. dag_id=weather_dag_api, task_id=extract_data_Zhmerynka, execution_date=20230426T134925, start_date=20230426T134945, end_date=20230426T134949
[2023-04-26T13:49:49.503+0000] {local_task_job.py:212} INFO - Task exited with return code 0
[2023-04-26T13:49:49.783+0000] {taskinstance.py:2596} INFO - 0 downstream tasks scheduled from follow-on schedule check
