[2023-04-26T13:25:47.334+0000] {taskinstance.py:1090} INFO - Dependencies all met for dep_context=non-requeueable deps ti=<TaskInstance: weather_dag_api.create_table_postgres scheduled__2023-04-25T00:00:00+00:00 [queued]>
[2023-04-26T13:25:47.393+0000] {taskinstance.py:1090} INFO - Dependencies all met for dep_context=requeueable deps ti=<TaskInstance: weather_dag_api.create_table_postgres scheduled__2023-04-25T00:00:00+00:00 [queued]>
[2023-04-26T13:25:47.394+0000] {taskinstance.py:1288} INFO - 
--------------------------------------------------------------------------------
[2023-04-26T13:25:47.396+0000] {taskinstance.py:1289} INFO - Starting attempt 1 of 1
[2023-04-26T13:25:47.397+0000] {taskinstance.py:1290} INFO - 
--------------------------------------------------------------------------------
[2023-04-26T13:25:47.467+0000] {taskinstance.py:1309} INFO - Executing <Task(PostgresOperator): create_table_postgres> on 2023-04-25 00:00:00+00:00
[2023-04-26T13:25:47.477+0000] {standard_task_runner.py:55} INFO - Started process 191 to run task
[2023-04-26T13:25:47.493+0000] {standard_task_runner.py:82} INFO - Running: ['***', 'tasks', 'run', 'weather_dag_api', 'create_table_postgres', 'scheduled__2023-04-25T00:00:00+00:00', '--job-id', '5', '--raw', '--subdir', 'DAGS_FOLDER/weather_dag_api.py', '--cfg-path', '/tmp/tmpvtei3bv4']
[2023-04-26T13:25:47.496+0000] {standard_task_runner.py:83} INFO - Job 5: Subtask create_table_postgres
[2023-04-26T13:25:47.686+0000] {task_command.py:389} INFO - Running <TaskInstance: weather_dag_api.create_table_postgres scheduled__2023-04-25T00:00:00+00:00 [running]> on host d48b88797b3b
[2023-04-26T13:25:48.295+0000] {taskinstance.py:1518} INFO - Exporting the following env vars:
AIRFLOW_CTX_DAG_OWNER=***
AIRFLOW_CTX_DAG_ID=weather_dag_api
AIRFLOW_CTX_TASK_ID=create_table_postgres
AIRFLOW_CTX_EXECUTION_DATE=2023-04-25T00:00:00+00:00
AIRFLOW_CTX_TRY_NUMBER=1
AIRFLOW_CTX_DAG_RUN_ID=scheduled__2023-04-25T00:00:00+00:00
[2023-04-26T13:25:48.297+0000] {sql.py:254} INFO - Executing:  CREATE TABLE IF NOT EXISTS measurements (
			timestamp TIMESTAMP,
			temp FLOAT,
			precipitation FLOAT,
			wind_speed FLOAT);
[2023-04-26T13:25:48.361+0000] {base.py:73} INFO - Using connection ID 'postgres_conn' for task execution.
[2023-04-26T13:25:49.559+0000] {base.py:73} INFO - Using connection ID 'postgres_conn' for task execution.
[2023-04-26T13:25:49.638+0000] {sql.py:375} INFO - Running statement:  CREATE TABLE IF NOT EXISTS measurements (
			timestamp TIMESTAMP,
			temp FLOAT,
			precipitation FLOAT,
			wind_speed FLOAT);, parameters: None
[2023-04-26T13:25:49.676+0000] {taskinstance.py:1776} ERROR - Task failed with exception
Traceback (most recent call last):
  File "/home/airflow/.local/lib/python3.7/site-packages/airflow/providers/common/sql/operators/sql.py", line 266, in execute
    **extra_kwargs,
  File "/home/airflow/.local/lib/python3.7/site-packages/airflow/providers/common/sql/hooks/sql.py", line 349, in run
    self._run_command(cur, sql_statement, parameters)
  File "/home/airflow/.local/lib/python3.7/site-packages/airflow/providers/common/sql/hooks/sql.py", line 380, in _run_command
    cur.execute(sql_statement)
psycopg2.errors.UniqueViolation: duplicate key value violates unique constraint "pg_type_typname_nsp_index"
DETAIL:  Key (typname, typnamespace)=(measurements, 2200) already exists.

[2023-04-26T13:25:49.731+0000] {taskinstance.py:1332} INFO - Marking task as FAILED. dag_id=weather_dag_api, task_id=create_table_postgres, execution_date=20230425T000000, start_date=20230426T132547, end_date=20230426T132549
[2023-04-26T13:25:49.778+0000] {standard_task_runner.py:105} ERROR - Failed to execute job 5 for task create_table_postgres (duplicate key value violates unique constraint "pg_type_typname_nsp_index"
DETAIL:  Key (typname, typnamespace)=(measurements, 2200) already exists.
; 191)
[2023-04-26T13:25:49.803+0000] {local_task_job.py:212} INFO - Task exited with return code 1
[2023-04-26T13:25:49.865+0000] {taskinstance.py:2596} INFO - 0 downstream tasks scheduled from follow-on schedule check
[2023-04-26T17:37:06.781+0000] {taskinstance.py:1090} INFO - Dependencies all met for dep_context=non-requeueable deps ti=<TaskInstance: weather_dag_api.create_table_postgres scheduled__2023-04-25T00:00:00+00:00 [queued]>
[2023-04-26T17:37:06.817+0000] {taskinstance.py:1090} INFO - Dependencies all met for dep_context=requeueable deps ti=<TaskInstance: weather_dag_api.create_table_postgres scheduled__2023-04-25T00:00:00+00:00 [queued]>
[2023-04-26T17:37:06.820+0000] {taskinstance.py:1288} INFO - 
--------------------------------------------------------------------------------
[2023-04-26T17:37:06.822+0000] {taskinstance.py:1289} INFO - Starting attempt 1 of 1
[2023-04-26T17:37:06.824+0000] {taskinstance.py:1290} INFO - 
--------------------------------------------------------------------------------
[2023-04-26T17:37:06.876+0000] {taskinstance.py:1309} INFO - Executing <Task(PostgresOperator): create_table_postgres> on 2023-04-25 00:00:00+00:00
[2023-04-26T17:37:06.921+0000] {standard_task_runner.py:55} INFO - Started process 104 to run task
[2023-04-26T17:37:07.064+0000] {standard_task_runner.py:82} INFO - Running: ['***', 'tasks', 'run', 'weather_dag_api', 'create_table_postgres', 'scheduled__2023-04-25T00:00:00+00:00', '--job-id', '5', '--raw', '--subdir', 'DAGS_FOLDER/weather_dag_api.py', '--cfg-path', '/tmp/tmp1kf1y1iy']
[2023-04-26T17:37:07.072+0000] {standard_task_runner.py:83} INFO - Job 5: Subtask create_table_postgres
[2023-04-26T17:37:07.598+0000] {task_command.py:389} INFO - Running <TaskInstance: weather_dag_api.create_table_postgres scheduled__2023-04-25T00:00:00+00:00 [running]> on host b46a99c748bd
[2023-04-26T17:37:08.778+0000] {taskinstance.py:1518} INFO - Exporting the following env vars:
AIRFLOW_CTX_DAG_OWNER=***
AIRFLOW_CTX_DAG_ID=weather_dag_api
AIRFLOW_CTX_TASK_ID=create_table_postgres
AIRFLOW_CTX_EXECUTION_DATE=2023-04-25T00:00:00+00:00
AIRFLOW_CTX_TRY_NUMBER=1
AIRFLOW_CTX_DAG_RUN_ID=scheduled__2023-04-25T00:00:00+00:00
[2023-04-26T17:37:08.793+0000] {sql.py:254} INFO - Executing:  CREATE TABLE IF NOT EXISTS measurements (
			timestamp TIMESTAMP,
			temp FLOAT,
			precipitation FLOAT,
			wind_speed FLOAT,
			location VARCHAR);
[2023-04-26T17:37:08.980+0000] {taskinstance.py:1776} ERROR - Task failed with exception
Traceback (most recent call last):
  File "/home/airflow/.local/lib/python3.7/site-packages/airflow/providers/common/sql/operators/sql.py", line 255, in execute
    hook = self.get_db_hook()
  File "/home/airflow/.local/lib/python3.7/site-packages/airflow/providers/common/sql/operators/sql.py", line 179, in get_db_hook
    return self._hook
  File "/home/airflow/.local/lib/python3.7/site-packages/cached_property.py", line 36, in __get__
    value = obj.__dict__[self.func.__name__] = self.func(obj)
  File "/home/airflow/.local/lib/python3.7/site-packages/airflow/providers/common/sql/operators/sql.py", line 141, in _hook
    conn = BaseHook.get_connection(self.conn_id)
  File "/home/airflow/.local/lib/python3.7/site-packages/airflow/hooks/base.py", line 72, in get_connection
    conn = Connection.get_connection_from_secrets(conn_id)
  File "/home/airflow/.local/lib/python3.7/site-packages/airflow/models/connection.py", line 435, in get_connection_from_secrets
    raise AirflowNotFoundException(f"The conn_id `{conn_id}` isn't defined")
airflow.exceptions.AirflowNotFoundException: The conn_id `postgres_conn` isn't defined
[2023-04-26T17:37:09.022+0000] {taskinstance.py:1332} INFO - Marking task as FAILED. dag_id=weather_dag_api, task_id=create_table_postgres, execution_date=20230425T000000, start_date=20230426T173706, end_date=20230426T173709
[2023-04-26T17:37:09.086+0000] {standard_task_runner.py:105} ERROR - Failed to execute job 5 for task create_table_postgres (The conn_id `postgres_conn` isn't defined; 104)
[2023-04-26T17:37:09.159+0000] {local_task_job.py:212} INFO - Task exited with return code 1
[2023-04-26T17:37:09.354+0000] {taskinstance.py:2596} INFO - 0 downstream tasks scheduled from follow-on schedule check
[2023-04-27T06:47:25.675+0000] {taskinstance.py:1090} INFO - Dependencies all met for dep_context=non-requeueable deps ti=<TaskInstance: weather_dag_api.create_table_postgres scheduled__2023-04-25T00:00:00+00:00 [queued]>
[2023-04-27T06:47:25.728+0000] {taskinstance.py:1090} INFO - Dependencies all met for dep_context=requeueable deps ti=<TaskInstance: weather_dag_api.create_table_postgres scheduled__2023-04-25T00:00:00+00:00 [queued]>
[2023-04-27T06:47:25.729+0000] {taskinstance.py:1288} INFO - 
--------------------------------------------------------------------------------
[2023-04-27T06:47:25.731+0000] {taskinstance.py:1289} INFO - Starting attempt 1 of 1
[2023-04-27T06:47:25.732+0000] {taskinstance.py:1290} INFO - 
--------------------------------------------------------------------------------
[2023-04-27T06:47:25.778+0000] {taskinstance.py:1309} INFO - Executing <Task(PostgresOperator): create_table_postgres> on 2023-04-25 00:00:00+00:00
[2023-04-27T06:47:25.791+0000] {standard_task_runner.py:55} INFO - Started process 154 to run task
[2023-04-27T06:47:25.803+0000] {standard_task_runner.py:82} INFO - Running: ['***', 'tasks', 'run', 'weather_dag_api', 'create_table_postgres', 'scheduled__2023-04-25T00:00:00+00:00', '--job-id', '6', '--raw', '--subdir', 'DAGS_FOLDER/weather_dag_api.py', '--cfg-path', '/tmp/tmp9u_ibskt']
[2023-04-27T06:47:25.805+0000] {standard_task_runner.py:83} INFO - Job 6: Subtask create_table_postgres
[2023-04-27T06:47:25.964+0000] {task_command.py:389} INFO - Running <TaskInstance: weather_dag_api.create_table_postgres scheduled__2023-04-25T00:00:00+00:00 [running]> on host 80d943d8f5b4
[2023-04-27T06:47:26.476+0000] {taskinstance.py:1518} INFO - Exporting the following env vars:
AIRFLOW_CTX_DAG_OWNER=***
AIRFLOW_CTX_DAG_ID=weather_dag_api
AIRFLOW_CTX_TASK_ID=create_table_postgres
AIRFLOW_CTX_EXECUTION_DATE=2023-04-25T00:00:00+00:00
AIRFLOW_CTX_TRY_NUMBER=1
AIRFLOW_CTX_DAG_RUN_ID=scheduled__2023-04-25T00:00:00+00:00
[2023-04-27T06:47:26.482+0000] {sql.py:254} INFO - Executing:  CREATE TABLE IF NOT EXISTS measurements (
			timestamp TIMESTAMP,
			temp FLOAT,
			precipitation FLOAT,
			wind_speed FLOAT,
			location VARCHAR);
[2023-04-27T06:47:26.609+0000] {base.py:73} INFO - Using connection ID 'postgres_conn' for task execution.
[2023-04-27T06:47:27.898+0000] {base.py:73} INFO - Using connection ID 'postgres_conn' for task execution.
[2023-04-27T06:47:27.917+0000] {sql.py:375} INFO - Running statement:  CREATE TABLE IF NOT EXISTS measurements (
			timestamp TIMESTAMP,
			temp FLOAT,
			precipitation FLOAT,
			wind_speed FLOAT,
			location VARCHAR);, parameters: None
[2023-04-27T06:47:28.034+0000] {taskinstance.py:1332} INFO - Marking task as SUCCESS. dag_id=weather_dag_api, task_id=create_table_postgres, execution_date=20230425T000000, start_date=20230427T064725, end_date=20230427T064728
[2023-04-27T06:47:28.164+0000] {local_task_job.py:212} INFO - Task exited with return code 0
[2023-04-27T06:47:29.377+0000] {taskinstance.py:2596} INFO - 0 downstream tasks scheduled from follow-on schedule check
