[2023-04-26T13:32:40.536+0000] {taskinstance.py:1090} INFO - Dependencies all met for dep_context=non-requeueable deps ti=<TaskInstance: weather_dag_api.process_data manual__2023-04-26T13:32:24.973005+00:00 [queued]>
[2023-04-26T13:32:40.566+0000] {taskinstance.py:1090} INFO - Dependencies all met for dep_context=requeueable deps ti=<TaskInstance: weather_dag_api.process_data manual__2023-04-26T13:32:24.973005+00:00 [queued]>
[2023-04-26T13:32:40.867+0000] {taskinstance.py:1288} INFO - 
--------------------------------------------------------------------------------
[2023-04-26T13:32:40.874+0000] {taskinstance.py:1289} INFO - Starting attempt 1 of 1
[2023-04-26T13:32:40.876+0000] {taskinstance.py:1290} INFO - 
--------------------------------------------------------------------------------
[2023-04-26T13:32:41.069+0000] {taskinstance.py:1309} INFO - Executing <Task(PythonOperator): process_data> on 2023-04-26 13:32:24.973005+00:00
[2023-04-26T13:32:41.090+0000] {standard_task_runner.py:55} INFO - Started process 347 to run task
[2023-04-26T13:32:41.121+0000] {standard_task_runner.py:82} INFO - Running: ['***', 'tasks', 'run', 'weather_dag_api', 'process_data', 'manual__2023-04-26T13:32:24.973005+00:00', '--job-id', '18', '--raw', '--subdir', 'DAGS_FOLDER/weather_dag_api.py', '--cfg-path', '/tmp/tmpx36m43i_']
[2023-04-26T13:32:41.124+0000] {standard_task_runner.py:83} INFO - Job 18: Subtask process_data
[2023-04-26T13:32:41.334+0000] {task_command.py:389} INFO - Running <TaskInstance: weather_dag_api.process_data manual__2023-04-26T13:32:24.973005+00:00 [running]> on host d48b88797b3b
[2023-04-26T13:32:41.486+0000] {taskinstance.py:1518} INFO - Exporting the following env vars:
AIRFLOW_CTX_DAG_OWNER=***
AIRFLOW_CTX_DAG_ID=weather_dag_api
AIRFLOW_CTX_TASK_ID=process_data
AIRFLOW_CTX_EXECUTION_DATE=2023-04-26T13:32:24.973005+00:00
AIRFLOW_CTX_TRY_NUMBER=1
AIRFLOW_CTX_DAG_RUN_ID=manual__2023-04-26T13:32:24.973005+00:00
[2023-04-26T13:32:41.513+0000] {logging_mixin.py:137} INFO - 15.1
[2023-04-26T13:32:41.515+0000] {python.py:177} INFO - Done. Returned value was: ('2023-04-25T10:20:00Z', 15.1, 0.0, 2.0)
[2023-04-26T13:32:41.557+0000] {taskinstance.py:1332} INFO - Marking task as SUCCESS. dag_id=weather_dag_api, task_id=process_data, execution_date=20230426T133224, start_date=20230426T133240, end_date=20230426T133241
[2023-04-26T13:32:41.625+0000] {local_task_job.py:212} INFO - Task exited with return code 0
[2023-04-26T13:32:41.691+0000] {taskinstance.py:2596} INFO - 1 downstream tasks scheduled from follow-on schedule check
