[2023-04-26T14:47:12.693+0000] {taskinstance.py:1090} INFO - Dependencies all met for dep_context=non-requeueable deps ti=<TaskInstance: weather_dag_api.cities.process_data_Lviv manual__2023-04-26T14:46:43.897713+00:00 [queued]>
[2023-04-26T14:47:12.806+0000] {taskinstance.py:1090} INFO - Dependencies all met for dep_context=requeueable deps ti=<TaskInstance: weather_dag_api.cities.process_data_Lviv manual__2023-04-26T14:46:43.897713+00:00 [queued]>
[2023-04-26T14:47:12.807+0000] {taskinstance.py:1288} INFO - 
--------------------------------------------------------------------------------
[2023-04-26T14:47:12.816+0000] {taskinstance.py:1289} INFO - Starting attempt 1 of 1
[2023-04-26T14:47:12.819+0000] {taskinstance.py:1290} INFO - 
--------------------------------------------------------------------------------
[2023-04-26T14:47:12.923+0000] {taskinstance.py:1309} INFO - Executing <Task(PythonOperator): cities.process_data_Lviv> on 2023-04-26 14:46:43.897713+00:00
[2023-04-26T14:47:12.951+0000] {standard_task_runner.py:55} INFO - Started process 1827 to run task
[2023-04-26T14:47:12.974+0000] {standard_task_runner.py:82} INFO - Running: ['***', 'tasks', 'run', 'weather_dag_api', 'cities.process_data_Lviv', 'manual__2023-04-26T14:46:43.897713+00:00', '--job-id', '52', '--raw', '--subdir', 'DAGS_FOLDER/weather_dag_api.py', '--cfg-path', '/tmp/tmpck9k_0k8']
[2023-04-26T14:47:12.978+0000] {standard_task_runner.py:83} INFO - Job 52: Subtask cities.process_data_Lviv
[2023-04-26T14:47:13.272+0000] {task_command.py:389} INFO - Running <TaskInstance: weather_dag_api.cities.process_data_Lviv manual__2023-04-26T14:46:43.897713+00:00 [running]> on host d48b88797b3b
[2023-04-26T14:47:13.650+0000] {taskinstance.py:1518} INFO - Exporting the following env vars:
AIRFLOW_CTX_DAG_OWNER=***
AIRFLOW_CTX_DAG_ID=weather_dag_api
AIRFLOW_CTX_TASK_ID=cities.process_data_Lviv
AIRFLOW_CTX_EXECUTION_DATE=2023-04-26T14:46:43.897713+00:00
AIRFLOW_CTX_TRY_NUMBER=1
AIRFLOW_CTX_DAG_RUN_ID=manual__2023-04-26T14:46:43.897713+00:00
[2023-04-26T14:47:13.656+0000] {taskinstance.py:1776} ERROR - Task failed with exception
Traceback (most recent call last):
  File "/home/airflow/.local/lib/python3.7/site-packages/airflow/operators/python.py", line 173, in execute
    self.op_kwargs = self.determine_kwargs(context)
  File "/home/airflow/.local/lib/python3.7/site-packages/airflow/operators/python.py", line 184, in determine_kwargs
    return KeywordParameters.determine(self.python_callable, self.op_args, context).unpacking()
  File "/home/airflow/.local/lib/python3.7/site-packages/airflow/utils/operator_helpers.py", line 161, in determine
    raise ValueError(f"The key {name!r} in args is a part of kwargs and therefore reserved.")
ValueError: The key 'ti' in args is a part of kwargs and therefore reserved.
[2023-04-26T14:47:13.729+0000] {taskinstance.py:1332} INFO - Marking task as FAILED. dag_id=weather_dag_api, task_id=cities.process_data_Lviv, execution_date=20230426T144643, start_date=20230426T144712, end_date=20230426T144713
[2023-04-26T14:47:13.836+0000] {standard_task_runner.py:105} ERROR - Failed to execute job 52 for task cities.process_data_Lviv (The key 'ti' in args is a part of kwargs and therefore reserved.; 1827)
[2023-04-26T14:47:13.954+0000] {local_task_job.py:212} INFO - Task exited with return code 1
[2023-04-26T14:47:14.175+0000] {taskinstance.py:2596} INFO - 0 downstream tasks scheduled from follow-on schedule check
