[2023-04-25T20:29:24.650+0000] {taskinstance.py:1090} INFO - Dependencies all met for dep_context=non-requeueable deps ti=<TaskInstance: weather_dag_api.create_table_postgres manual__2023-04-25T20:29:16.692443+00:00 [queued]>
[2023-04-25T20:29:24.682+0000] {taskinstance.py:1090} INFO - Dependencies all met for dep_context=requeueable deps ti=<TaskInstance: weather_dag_api.create_table_postgres manual__2023-04-25T20:29:16.692443+00:00 [queued]>
[2023-04-25T20:29:24.684+0000] {taskinstance.py:1288} INFO - 
--------------------------------------------------------------------------------
[2023-04-25T20:29:24.686+0000] {taskinstance.py:1289} INFO - Starting attempt 1 of 1
[2023-04-25T20:29:24.688+0000] {taskinstance.py:1290} INFO - 
--------------------------------------------------------------------------------
[2023-04-25T20:29:24.736+0000] {taskinstance.py:1309} INFO - Executing <Task(PostgresOperator): create_table_postgres> on 2023-04-25 20:29:16.692443+00:00
[2023-04-25T20:29:24.752+0000] {standard_task_runner.py:55} INFO - Started process 2152 to run task
[2023-04-25T20:29:24.774+0000] {standard_task_runner.py:82} INFO - Running: ['***', 'tasks', 'run', 'weather_dag_api', 'create_table_postgres', 'manual__2023-04-25T20:29:16.692443+00:00', '--job-id', '26', '--raw', '--subdir', 'DAGS_FOLDER/weather_dag_api.py', '--cfg-path', '/tmp/tmp2uow8zsu']
[2023-04-25T20:29:24.779+0000] {standard_task_runner.py:83} INFO - Job 26: Subtask create_table_postgres
[2023-04-25T20:29:24.997+0000] {task_command.py:389} INFO - Running <TaskInstance: weather_dag_api.create_table_postgres manual__2023-04-25T20:29:16.692443+00:00 [running]> on host 9dd0afd831d3
[2023-04-25T20:29:25.354+0000] {taskinstance.py:1518} INFO - Exporting the following env vars:
AIRFLOW_CTX_DAG_OWNER=***
AIRFLOW_CTX_DAG_ID=weather_dag_api
AIRFLOW_CTX_TASK_ID=create_table_postgres
AIRFLOW_CTX_EXECUTION_DATE=2023-04-25T20:29:16.692443+00:00
AIRFLOW_CTX_TRY_NUMBER=1
AIRFLOW_CTX_DAG_RUN_ID=manual__2023-04-25T20:29:16.692443+00:00
[2023-04-25T20:29:25.360+0000] {sql.py:254} INFO - Executing:  CREATE TABLE IF NOT EXISTS measurements (
			timestamp TIMESTAMP,
			temp FLOAT );
[2023-04-25T20:29:25.394+0000] {base.py:73} INFO - Using connection ID 'postgres_conn' for task execution.
[2023-04-25T20:29:26.578+0000] {base.py:73} INFO - Using connection ID 'postgres_conn' for task execution.
[2023-04-25T20:29:26.592+0000] {sql.py:375} INFO - Running statement:  CREATE TABLE IF NOT EXISTS measurements (
			timestamp TIMESTAMP,
			temp FLOAT );, parameters: None
[2023-04-25T20:29:26.625+0000] {taskinstance.py:1332} INFO - Marking task as SUCCESS. dag_id=weather_dag_api, task_id=create_table_postgres, execution_date=20230425T202916, start_date=20230425T202924, end_date=20230425T202926
[2023-04-25T20:29:26.687+0000] {local_task_job.py:212} INFO - Task exited with return code 0
[2023-04-25T20:29:26.756+0000] {taskinstance.py:2596} INFO - 1 downstream tasks scheduled from follow-on schedule check
