[2023-04-26T13:27:22.024+0000] {taskinstance.py:1090} INFO - Dependencies all met for dep_context=non-requeueable deps ti=<TaskInstance: weather_dag_api.process_data manual__2023-04-26T13:27:03.589348+00:00 [queued]>
[2023-04-26T13:27:22.054+0000] {taskinstance.py:1090} INFO - Dependencies all met for dep_context=requeueable deps ti=<TaskInstance: weather_dag_api.process_data manual__2023-04-26T13:27:03.589348+00:00 [queued]>
[2023-04-26T13:27:22.056+0000] {taskinstance.py:1288} INFO - 
--------------------------------------------------------------------------------
[2023-04-26T13:27:22.058+0000] {taskinstance.py:1289} INFO - Starting attempt 1 of 1
[2023-04-26T13:27:22.060+0000] {taskinstance.py:1290} INFO - 
--------------------------------------------------------------------------------
[2023-04-26T13:27:22.140+0000] {taskinstance.py:1309} INFO - Executing <Task(PythonOperator): process_data> on 2023-04-26 13:27:03.589348+00:00
[2023-04-26T13:27:22.159+0000] {standard_task_runner.py:55} INFO - Started process 237 to run task
[2023-04-26T13:27:22.177+0000] {standard_task_runner.py:82} INFO - Running: ['***', 'tasks', 'run', 'weather_dag_api', 'process_data', 'manual__2023-04-26T13:27:03.589348+00:00', '--job-id', '13', '--raw', '--subdir', 'DAGS_FOLDER/weather_dag_api.py', '--cfg-path', '/tmp/tmp0u8x5j8e']
[2023-04-26T13:27:22.180+0000] {standard_task_runner.py:83} INFO - Job 13: Subtask process_data
[2023-04-26T13:27:22.535+0000] {task_command.py:389} INFO - Running <TaskInstance: weather_dag_api.process_data manual__2023-04-26T13:27:03.589348+00:00 [running]> on host d48b88797b3b
[2023-04-26T13:27:23.432+0000] {taskinstance.py:1518} INFO - Exporting the following env vars:
AIRFLOW_CTX_DAG_OWNER=***
AIRFLOW_CTX_DAG_ID=weather_dag_api
AIRFLOW_CTX_TASK_ID=process_data
AIRFLOW_CTX_EXECUTION_DATE=2023-04-26T13:27:03.589348+00:00
AIRFLOW_CTX_TRY_NUMBER=1
AIRFLOW_CTX_DAG_RUN_ID=manual__2023-04-26T13:27:03.589348+00:00
[2023-04-26T13:27:23.897+0000] {logging_mixin.py:137} INFO - 15.1
[2023-04-26T13:27:23.898+0000] {python.py:177} INFO - Done. Returned value was: ('2023-04-25T10:20:00Z', 15.1, 0.0, 2.0)
[2023-04-26T13:27:24.095+0000] {taskinstance.py:1332} INFO - Marking task as SUCCESS. dag_id=weather_dag_api, task_id=process_data, execution_date=20230426T132703, start_date=20230426T132722, end_date=20230426T132724
[2023-04-26T13:27:24.357+0000] {local_task_job.py:212} INFO - Task exited with return code 0
[2023-04-26T13:27:24.510+0000] {taskinstance.py:2596} INFO - 1 downstream tasks scheduled from follow-on schedule check
