[2023-04-26T15:07:36.646+0000] {taskinstance.py:1090} INFO - Dependencies all met for dep_context=non-requeueable deps ti=<TaskInstance: weather_dag_api.cities.extract_data_Odesa manual__2023-04-26T15:07:12.913266+00:00 [queued]>
[2023-04-26T15:07:36.911+0000] {taskinstance.py:1090} INFO - Dependencies all met for dep_context=requeueable deps ti=<TaskInstance: weather_dag_api.cities.extract_data_Odesa manual__2023-04-26T15:07:12.913266+00:00 [queued]>
[2023-04-26T15:07:36.918+0000] {taskinstance.py:1288} INFO - 
--------------------------------------------------------------------------------
[2023-04-26T15:07:36.927+0000] {taskinstance.py:1289} INFO - Starting attempt 1 of 1
[2023-04-26T15:07:36.936+0000] {taskinstance.py:1290} INFO - 
--------------------------------------------------------------------------------
[2023-04-26T15:07:37.241+0000] {taskinstance.py:1309} INFO - Executing <Task(SimpleHttpOperator): cities.extract_data_Odesa> on 2023-04-26 15:07:12.913266+00:00
[2023-04-26T15:07:37.283+0000] {standard_task_runner.py:55} INFO - Started process 2275 to run task
[2023-04-26T15:07:37.314+0000] {standard_task_runner.py:82} INFO - Running: ['***', 'tasks', 'run', 'weather_dag_api', 'cities.extract_data_Odesa', 'manual__2023-04-26T15:07:12.913266+00:00', '--job-id', '96', '--raw', '--subdir', 'DAGS_FOLDER/weather_dag_api.py', '--cfg-path', '/tmp/tmpl48e38kq']
[2023-04-26T15:07:37.319+0000] {standard_task_runner.py:83} INFO - Job 96: Subtask cities.extract_data_Odesa
[2023-04-26T15:07:37.687+0000] {task_command.py:389} INFO - Running <TaskInstance: weather_dag_api.cities.extract_data_Odesa manual__2023-04-26T15:07:12.913266+00:00 [running]> on host d48b88797b3b
[2023-04-26T15:07:38.664+0000] {taskinstance.py:1518} INFO - Exporting the following env vars:
AIRFLOW_CTX_DAG_OWNER=***
AIRFLOW_CTX_DAG_ID=weather_dag_api
AIRFLOW_CTX_TASK_ID=cities.extract_data_Odesa
AIRFLOW_CTX_EXECUTION_DATE=2023-04-26T15:07:12.913266+00:00
AIRFLOW_CTX_TRY_NUMBER=1
AIRFLOW_CTX_DAG_RUN_ID=manual__2023-04-26T15:07:12.913266+00:00
[2023-04-26T15:07:38.668+0000] {http.py:123} INFO - Calling HTTP method
[2023-04-26T15:07:38.710+0000] {base.py:73} INFO - Using connection ID 'weather_conn' for task execution.
[2023-04-26T15:07:39.108+0000] {http.py:127} INFO - {"version":"3.0","user":"__-_stuff","dateGenerated":"2023-04-26T15:07:38Z","status":"OK","data":[{"parameter":"t_2m:C","coordinates":[{"lat":46.484302,"lon":30.732288,"dates":[{"date":"2023-04-25T10:20:00Z","value":16.2}]}]},{"parameter":"precip_1h:mm","coordinates":[{"lat":46.484302,"lon":30.732288,"dates":[{"date":"2023-04-25T10:20:00Z","value":0.06}]}]},{"parameter":"wind_speed_10m:ms","coordinates":[{"lat":46.484302,"lon":30.732288,"dates":[{"date":"2023-04-25T10:20:00Z","value":5.7}]}]}]}

[2023-04-26T15:07:39.317+0000] {taskinstance.py:1332} INFO - Marking task as SUCCESS. dag_id=weather_dag_api, task_id=cities.extract_data_Odesa, execution_date=20230426T150712, start_date=20230426T150736, end_date=20230426T150739
[2023-04-26T15:07:39.565+0000] {local_task_job.py:212} INFO - Task exited with return code 0
[2023-04-26T15:07:39.850+0000] {taskinstance.py:2596} INFO - 1 downstream tasks scheduled from follow-on schedule check
