[2023-04-26T18:04:50.740+0000] {taskinstance.py:1090} INFO - Dependencies all met for dep_context=non-requeueable deps ti=<TaskInstance: weather_dag_api.cities.extract_data_Odesa manual__2023-04-26T18:04:38.316670+00:00 [queued]>
[2023-04-26T18:04:50.873+0000] {taskinstance.py:1090} INFO - Dependencies all met for dep_context=requeueable deps ti=<TaskInstance: weather_dag_api.cities.extract_data_Odesa manual__2023-04-26T18:04:38.316670+00:00 [queued]>
[2023-04-26T18:04:50.874+0000] {taskinstance.py:1288} INFO - 
--------------------------------------------------------------------------------
[2023-04-26T18:04:50.876+0000] {taskinstance.py:1289} INFO - Starting attempt 1 of 1
[2023-04-26T18:04:50.877+0000] {taskinstance.py:1290} INFO - 
--------------------------------------------------------------------------------
[2023-04-26T18:04:51.330+0000] {taskinstance.py:1309} INFO - Executing <Task(SimpleHttpOperator): cities.extract_data_Odesa> on 2023-04-26 18:04:38.316670+00:00
[2023-04-26T18:04:51.347+0000] {standard_task_runner.py:55} INFO - Started process 884 to run task
[2023-04-26T18:04:51.410+0000] {standard_task_runner.py:82} INFO - Running: ['***', 'tasks', 'run', 'weather_dag_api', 'cities.extract_data_Odesa', 'manual__2023-04-26T18:04:38.316670+00:00', '--job-id', '157', '--raw', '--subdir', 'DAGS_FOLDER/weather_dag_api.py', '--cfg-path', '/tmp/tmpdulck64n']
[2023-04-26T18:04:51.442+0000] {standard_task_runner.py:83} INFO - Job 157: Subtask cities.extract_data_Odesa
[2023-04-26T18:04:52.544+0000] {task_command.py:389} INFO - Running <TaskInstance: weather_dag_api.cities.extract_data_Odesa manual__2023-04-26T18:04:38.316670+00:00 [running]> on host b46a99c748bd
[2023-04-26T18:04:53.443+0000] {taskinstance.py:1518} INFO - Exporting the following env vars:
AIRFLOW_CTX_DAG_OWNER=***
AIRFLOW_CTX_DAG_ID=weather_dag_api
AIRFLOW_CTX_TASK_ID=cities.extract_data_Odesa
AIRFLOW_CTX_EXECUTION_DATE=2023-04-26T18:04:38.316670+00:00
AIRFLOW_CTX_TRY_NUMBER=1
AIRFLOW_CTX_DAG_RUN_ID=manual__2023-04-26T18:04:38.316670+00:00
[2023-04-26T18:04:53.449+0000] {http.py:123} INFO - Calling HTTP method
[2023-04-26T18:04:53.613+0000] {base.py:73} INFO - Using connection ID 'weather_conn' for task execution.
[2023-04-26T18:04:53.931+0000] {http.py:127} INFO - {"version":"3.0","user":"__-_stuff","dateGenerated":"2023-04-26T18:04:53Z","status":"OK","data":[{"parameter":"t_2m:C","coordinates":[{"lat":46.484302,"lon":30.732288,"dates":[{"date":"2023-04-25T10:20:00Z","value":16.2}]}]},{"parameter":"precip_1h:mm","coordinates":[{"lat":46.484302,"lon":30.732288,"dates":[{"date":"2023-04-25T10:20:00Z","value":0.06}]}]},{"parameter":"wind_speed_10m:ms","coordinates":[{"lat":46.484302,"lon":30.732288,"dates":[{"date":"2023-04-25T10:20:00Z","value":5.7}]}]}]}

[2023-04-26T18:04:54.028+0000] {taskinstance.py:1332} INFO - Marking task as SUCCESS. dag_id=weather_dag_api, task_id=cities.extract_data_Odesa, execution_date=20230426T180438, start_date=20230426T180450, end_date=20230426T180454
[2023-04-26T18:04:54.238+0000] {local_task_job.py:212} INFO - Task exited with return code 0
[2023-04-26T18:04:54.386+0000] {taskinstance.py:2596} INFO - 1 downstream tasks scheduled from follow-on schedule check
