[2023-04-27T07:08:31.768+0000] {taskinstance.py:1090} INFO - Dependencies all met for dep_context=non-requeueable deps ti=<TaskInstance: weather_dag_api.cities.process_data_Zhmerynka manual__2023-04-27T07:08:06.429483+00:00 [queued]>
[2023-04-27T07:08:32.179+0000] {taskinstance.py:1090} INFO - Dependencies all met for dep_context=requeueable deps ti=<TaskInstance: weather_dag_api.cities.process_data_Zhmerynka manual__2023-04-27T07:08:06.429483+00:00 [queued]>
[2023-04-27T07:08:32.181+0000] {taskinstance.py:1288} INFO - 
--------------------------------------------------------------------------------
[2023-04-27T07:08:32.193+0000] {taskinstance.py:1289} INFO - Starting attempt 1 of 1
[2023-04-27T07:08:32.194+0000] {taskinstance.py:1290} INFO - 
--------------------------------------------------------------------------------
[2023-04-27T07:08:32.550+0000] {taskinstance.py:1309} INFO - Executing <Task(PythonOperator): cities.process_data_Zhmerynka> on 2023-04-27 07:08:06.429483+00:00
[2023-04-27T07:08:32.660+0000] {standard_task_runner.py:55} INFO - Started process 803 to run task
[2023-04-27T07:08:32.701+0000] {standard_task_runner.py:82} INFO - Running: ['***', 'tasks', 'run', 'weather_dag_api', 'cities.process_data_Zhmerynka', 'manual__2023-04-27T07:08:06.429483+00:00', '--job-id', '136', '--raw', '--subdir', 'DAGS_FOLDER/weather_dag_api.py', '--cfg-path', '/tmp/tmpl3797i73']
[2023-04-27T07:08:32.707+0000] {standard_task_runner.py:83} INFO - Job 136: Subtask cities.process_data_Zhmerynka
[2023-04-27T07:08:33.378+0000] {task_command.py:389} INFO - Running <TaskInstance: weather_dag_api.cities.process_data_Zhmerynka manual__2023-04-27T07:08:06.429483+00:00 [running]> on host 80d943d8f5b4
[2023-04-27T07:08:34.332+0000] {taskinstance.py:1518} INFO - Exporting the following env vars:
AIRFLOW_CTX_DAG_OWNER=***
AIRFLOW_CTX_DAG_ID=weather_dag_api
AIRFLOW_CTX_TASK_ID=cities.process_data_Zhmerynka
AIRFLOW_CTX_EXECUTION_DATE=2023-04-27T07:08:06.429483+00:00
AIRFLOW_CTX_TRY_NUMBER=1
AIRFLOW_CTX_DAG_RUN_ID=manual__2023-04-27T07:08:06.429483+00:00
[2023-04-27T07:08:34.495+0000] {logging_mixin.py:137} INFO - 8.4
[2023-04-27T07:08:34.498+0000] {python.py:177} INFO - Done. Returned value was: ('2023-04-26T05:20:00Z', 8.4, 0.0, 2.7, 'Zhmerynka')
[2023-04-27T07:08:34.777+0000] {taskinstance.py:1332} INFO - Marking task as SUCCESS. dag_id=weather_dag_api, task_id=cities.process_data_Zhmerynka, execution_date=20230427T070806, start_date=20230427T070831, end_date=20230427T070834
[2023-04-27T07:08:34.909+0000] {local_task_job.py:212} INFO - Task exited with return code 0
[2023-04-27T07:08:35.724+0000] {taskinstance.py:2596} INFO - 1 downstream tasks scheduled from follow-on schedule check
