[2023-04-26T16:50:04.152+0000] {taskinstance.py:1090} INFO - Dependencies all met for dep_context=non-requeueable deps ti=<TaskInstance: weather_dag_api.cities.process_data_Zhmerynka manual__2023-04-26T16:49:45.722640+00:00 [queued]>
[2023-04-26T16:50:04.252+0000] {taskinstance.py:1090} INFO - Dependencies all met for dep_context=requeueable deps ti=<TaskInstance: weather_dag_api.cities.process_data_Zhmerynka manual__2023-04-26T16:49:45.722640+00:00 [queued]>
[2023-04-26T16:50:04.254+0000] {taskinstance.py:1288} INFO - 
--------------------------------------------------------------------------------
[2023-04-26T16:50:04.255+0000] {taskinstance.py:1289} INFO - Starting attempt 1 of 1
[2023-04-26T16:50:04.256+0000] {taskinstance.py:1290} INFO - 
--------------------------------------------------------------------------------
[2023-04-26T16:50:04.809+0000] {taskinstance.py:1309} INFO - Executing <Task(PythonOperator): cities.process_data_Zhmerynka> on 2023-04-26 16:49:45.722640+00:00
[2023-04-26T16:50:04.874+0000] {standard_task_runner.py:55} INFO - Started process 4828 to run task
[2023-04-26T16:50:04.963+0000] {standard_task_runner.py:82} INFO - Running: ['***', 'tasks', 'run', 'weather_dag_api', 'cities.process_data_Zhmerynka', 'manual__2023-04-26T16:49:45.722640+00:00', '--job-id', '441', '--raw', '--subdir', 'DAGS_FOLDER/weather_dag_final.py', '--cfg-path', '/tmp/tmpeyvecznw']
[2023-04-26T16:50:04.981+0000] {standard_task_runner.py:83} INFO - Job 441: Subtask cities.process_data_Zhmerynka
[2023-04-26T16:50:06.216+0000] {task_command.py:389} INFO - Running <TaskInstance: weather_dag_api.cities.process_data_Zhmerynka manual__2023-04-26T16:49:45.722640+00:00 [running]> on host d48b88797b3b
[2023-04-26T16:50:07.270+0000] {taskinstance.py:1518} INFO - Exporting the following env vars:
AIRFLOW_CTX_DAG_OWNER=***
AIRFLOW_CTX_DAG_ID=weather_dag_api
AIRFLOW_CTX_TASK_ID=cities.process_data_Zhmerynka
AIRFLOW_CTX_EXECUTION_DATE=2023-04-26T16:49:45.722640+00:00
AIRFLOW_CTX_TRY_NUMBER=1
AIRFLOW_CTX_DAG_RUN_ID=manual__2023-04-26T16:49:45.722640+00:00
[2023-04-26T16:50:07.463+0000] {logging_mixin.py:137} INFO - 15.5
[2023-04-26T16:50:07.469+0000] {python.py:177} INFO - Done. Returned value was: ('2023-04-25T10:20:00Z', 15.5, 0.0, 5.7, 'Zhmerynka')
[2023-04-26T16:50:07.612+0000] {taskinstance.py:1332} INFO - Marking task as SUCCESS. dag_id=weather_dag_api, task_id=cities.process_data_Zhmerynka, execution_date=20230426T164945, start_date=20230426T165004, end_date=20230426T165007
[2023-04-26T16:50:07.836+0000] {local_task_job.py:212} INFO - Task exited with return code 0
[2023-04-26T16:50:08.272+0000] {taskinstance.py:2596} INFO - 1 downstream tasks scheduled from follow-on schedule check
