[2023-04-26T18:30:23.399+0000] {taskinstance.py:1090} INFO - Dependencies all met for dep_context=non-requeueable deps ti=<TaskInstance: weather_dag_api.cities.process_data_Kharkiv manual__2023-04-26T18:29:57.143807+00:00 [queued]>
[2023-04-26T18:30:23.517+0000] {taskinstance.py:1090} INFO - Dependencies all met for dep_context=requeueable deps ti=<TaskInstance: weather_dag_api.cities.process_data_Kharkiv manual__2023-04-26T18:29:57.143807+00:00 [queued]>
[2023-04-26T18:30:23.522+0000] {taskinstance.py:1288} INFO - 
--------------------------------------------------------------------------------
[2023-04-26T18:30:23.523+0000] {taskinstance.py:1289} INFO - Starting attempt 1 of 1
[2023-04-26T18:30:23.524+0000] {taskinstance.py:1290} INFO - 
--------------------------------------------------------------------------------
[2023-04-26T18:30:23.605+0000] {taskinstance.py:1309} INFO - Executing <Task(PythonOperator): cities.process_data_Kharkiv> on 2023-04-26 18:29:57.143807+00:00
[2023-04-26T18:30:23.654+0000] {standard_task_runner.py:55} INFO - Started process 1570 to run task
[2023-04-26T18:30:23.681+0000] {standard_task_runner.py:82} INFO - Running: ['***', 'tasks', 'run', 'weather_dag_api', 'cities.process_data_Kharkiv', 'manual__2023-04-26T18:29:57.143807+00:00', '--job-id', '272', '--raw', '--subdir', 'DAGS_FOLDER/weather_dag_api.py', '--cfg-path', '/tmp/tmpz5d936_v']
[2023-04-26T18:30:23.709+0000] {standard_task_runner.py:83} INFO - Job 272: Subtask cities.process_data_Kharkiv
[2023-04-26T18:30:24.188+0000] {task_command.py:389} INFO - Running <TaskInstance: weather_dag_api.cities.process_data_Kharkiv manual__2023-04-26T18:29:57.143807+00:00 [running]> on host b46a99c748bd
[2023-04-26T18:30:24.746+0000] {taskinstance.py:1518} INFO - Exporting the following env vars:
AIRFLOW_CTX_DAG_OWNER=***
AIRFLOW_CTX_DAG_ID=weather_dag_api
AIRFLOW_CTX_TASK_ID=cities.process_data_Kharkiv
AIRFLOW_CTX_EXECUTION_DATE=2023-04-26T18:29:57.143807+00:00
AIRFLOW_CTX_TRY_NUMBER=1
AIRFLOW_CTX_DAG_RUN_ID=manual__2023-04-26T18:29:57.143807+00:00
[2023-04-26T18:30:24.831+0000] {logging_mixin.py:137} INFO - 13.4
[2023-04-26T18:30:24.834+0000] {python.py:177} INFO - Done. Returned value was: ('2023-04-25T10:20:00Z', 13.4, 0.42, 2.7, 'Kharkiv')
[2023-04-26T18:30:25.082+0000] {taskinstance.py:1332} INFO - Marking task as SUCCESS. dag_id=weather_dag_api, task_id=cities.process_data_Kharkiv, execution_date=20230426T182957, start_date=20230426T183023, end_date=20230426T183025
[2023-04-26T18:30:25.372+0000] {local_task_job.py:212} INFO - Task exited with return code 0
[2023-04-26T18:30:26.413+0000] {taskinstance.py:2596} INFO - 1 downstream tasks scheduled from follow-on schedule check
