[2023-04-24T07:59:21.094+0000] {processor.py:153} INFO - Started process (PID=70) to work on /home/airflow/.local/lib/python3.7/site-packages/airflow/example_dags/example_complex.py
[2023-04-24T07:59:21.108+0000] {processor.py:743} INFO - Processing file /home/airflow/.local/lib/python3.7/site-packages/airflow/example_dags/example_complex.py for tasks to queue
[2023-04-24T07:59:21.117+0000] {logging_mixin.py:137} INFO - [2023-04-24T07:59:21.115+0000] {dagbag.py:532} INFO - Filling up the DagBag from /home/airflow/.local/lib/python3.7/site-packages/airflow/example_dags/example_complex.py
[2023-04-24T07:59:21.296+0000] {logging_mixin.py:137} INFO - [2023-04-24T07:59:21.296+0000] {taskmixin.py:211} WARNING - Dependency <Task(BashOperator): create_entry_group>, delete_entry_group already registered for DAG: example_complex
[2023-04-24T07:59:21.298+0000] {logging_mixin.py:137} INFO - [2023-04-24T07:59:21.298+0000] {taskmixin.py:211} WARNING - Dependency <Task(BashOperator): delete_entry_group>, create_entry_group already registered for DAG: example_complex
[2023-04-24T07:59:21.300+0000] {logging_mixin.py:137} INFO - [2023-04-24T07:59:21.299+0000] {taskmixin.py:211} WARNING - Dependency <Task(BashOperator): create_entry_gcs>, delete_entry already registered for DAG: example_complex
[2023-04-24T07:59:21.301+0000] {logging_mixin.py:137} INFO - [2023-04-24T07:59:21.301+0000] {taskmixin.py:211} WARNING - Dependency <Task(BashOperator): delete_entry>, create_entry_gcs already registered for DAG: example_complex
[2023-04-24T07:59:21.304+0000] {logging_mixin.py:137} INFO - [2023-04-24T07:59:21.303+0000] {taskmixin.py:211} WARNING - Dependency <Task(BashOperator): create_tag>, delete_tag already registered for DAG: example_complex
[2023-04-24T07:59:21.305+0000] {logging_mixin.py:137} INFO - [2023-04-24T07:59:21.305+0000] {taskmixin.py:211} WARNING - Dependency <Task(BashOperator): delete_tag>, create_tag already registered for DAG: example_complex
[2023-04-24T07:59:21.320+0000] {processor.py:753} INFO - DAG(s) dict_keys(['example_complex']) retrieved from /home/airflow/.local/lib/python3.7/site-packages/airflow/example_dags/example_complex.py
[2023-04-24T07:59:21.433+0000] {logging_mixin.py:137} INFO - [2023-04-24T07:59:21.432+0000] {dag.py:2705} INFO - Sync 1 DAGs
[2023-04-24T07:59:21.632+0000] {logging_mixin.py:137} INFO - [2023-04-24T07:59:21.632+0000] {dag.py:3456} INFO - Setting next_dagrun for example_complex to None, run_after=None
[2023-04-24T07:59:21.903+0000] {processor.py:175} INFO - Processing /home/airflow/.local/lib/python3.7/site-packages/airflow/example_dags/example_complex.py took 0.820 seconds
[2023-04-24T08:00:57.308+0000] {processor.py:153} INFO - Started process (PID=140) to work on /home/airflow/.local/lib/python3.7/site-packages/airflow/example_dags/example_complex.py
[2023-04-24T08:00:57.316+0000] {processor.py:743} INFO - Processing file /home/airflow/.local/lib/python3.7/site-packages/airflow/example_dags/example_complex.py for tasks to queue
[2023-04-24T08:00:57.339+0000] {logging_mixin.py:137} INFO - [2023-04-24T08:00:57.338+0000] {dagbag.py:532} INFO - Filling up the DagBag from /home/airflow/.local/lib/python3.7/site-packages/airflow/example_dags/example_complex.py
[2023-04-24T08:00:57.888+0000] {logging_mixin.py:137} INFO - [2023-04-24T08:00:57.884+0000] {taskmixin.py:211} WARNING - Dependency <Task(BashOperator): create_entry_group>, delete_entry_group already registered for DAG: example_complex
[2023-04-24T08:00:57.899+0000] {logging_mixin.py:137} INFO - [2023-04-24T08:00:57.893+0000] {taskmixin.py:211} WARNING - Dependency <Task(BashOperator): delete_entry_group>, create_entry_group already registered for DAG: example_complex
[2023-04-24T08:00:57.906+0000] {logging_mixin.py:137} INFO - [2023-04-24T08:00:57.906+0000] {taskmixin.py:211} WARNING - Dependency <Task(BashOperator): create_entry_gcs>, delete_entry already registered for DAG: example_complex
[2023-04-24T08:00:57.925+0000] {logging_mixin.py:137} INFO - [2023-04-24T08:00:57.916+0000] {taskmixin.py:211} WARNING - Dependency <Task(BashOperator): delete_entry>, create_entry_gcs already registered for DAG: example_complex
[2023-04-24T08:00:57.950+0000] {logging_mixin.py:137} INFO - [2023-04-24T08:00:57.950+0000] {taskmixin.py:211} WARNING - Dependency <Task(BashOperator): create_tag>, delete_tag already registered for DAG: example_complex
[2023-04-24T08:00:57.959+0000] {logging_mixin.py:137} INFO - [2023-04-24T08:00:57.959+0000] {taskmixin.py:211} WARNING - Dependency <Task(BashOperator): delete_tag>, create_tag already registered for DAG: example_complex
[2023-04-24T08:00:58.432+0000] {processor.py:753} INFO - DAG(s) dict_keys(['example_complex']) retrieved from /home/airflow/.local/lib/python3.7/site-packages/airflow/example_dags/example_complex.py
[2023-04-24T08:01:01.189+0000] {logging_mixin.py:137} INFO - [2023-04-24T08:01:01.174+0000] {dag.py:2705} INFO - Sync 1 DAGs
[2023-04-24T08:01:05.379+0000] {logging_mixin.py:137} INFO - [2023-04-24T08:01:05.378+0000] {dag.py:3456} INFO - Setting next_dagrun for example_complex to None, run_after=None
[2023-04-24T08:01:18.762+0000] {processor.py:175} INFO - Processing /home/airflow/.local/lib/python3.7/site-packages/airflow/example_dags/example_complex.py took 21.742 seconds
[2023-04-24T08:04:02.341+0000] {processor.py:153} INFO - Started process (PID=213) to work on /home/airflow/.local/lib/python3.7/site-packages/airflow/example_dags/example_complex.py
[2023-04-24T08:04:02.366+0000] {processor.py:743} INFO - Processing file /home/airflow/.local/lib/python3.7/site-packages/airflow/example_dags/example_complex.py for tasks to queue
[2023-04-24T08:04:02.391+0000] {logging_mixin.py:137} INFO - [2023-04-24T08:04:02.391+0000] {dagbag.py:532} INFO - Filling up the DagBag from /home/airflow/.local/lib/python3.7/site-packages/airflow/example_dags/example_complex.py
[2023-04-24T08:04:02.694+0000] {logging_mixin.py:137} INFO - [2023-04-24T08:04:02.694+0000] {taskmixin.py:211} WARNING - Dependency <Task(BashOperator): create_entry_group>, delete_entry_group already registered for DAG: example_complex
[2023-04-24T08:04:02.706+0000] {logging_mixin.py:137} INFO - [2023-04-24T08:04:02.704+0000] {taskmixin.py:211} WARNING - Dependency <Task(BashOperator): delete_entry_group>, create_entry_group already registered for DAG: example_complex
[2023-04-24T08:04:02.715+0000] {logging_mixin.py:137} INFO - [2023-04-24T08:04:02.714+0000] {taskmixin.py:211} WARNING - Dependency <Task(BashOperator): create_entry_gcs>, delete_entry already registered for DAG: example_complex
[2023-04-24T08:04:02.718+0000] {logging_mixin.py:137} INFO - [2023-04-24T08:04:02.717+0000] {taskmixin.py:211} WARNING - Dependency <Task(BashOperator): delete_entry>, create_entry_gcs already registered for DAG: example_complex
[2023-04-24T08:04:02.726+0000] {logging_mixin.py:137} INFO - [2023-04-24T08:04:02.723+0000] {taskmixin.py:211} WARNING - Dependency <Task(BashOperator): create_tag>, delete_tag already registered for DAG: example_complex
[2023-04-24T08:04:02.733+0000] {logging_mixin.py:137} INFO - [2023-04-24T08:04:02.733+0000] {taskmixin.py:211} WARNING - Dependency <Task(BashOperator): delete_tag>, create_tag already registered for DAG: example_complex
[2023-04-24T08:04:03.217+0000] {processor.py:753} INFO - DAG(s) dict_keys(['example_complex']) retrieved from /home/airflow/.local/lib/python3.7/site-packages/airflow/example_dags/example_complex.py
[2023-04-24T08:04:04.640+0000] {logging_mixin.py:137} INFO - [2023-04-24T08:04:04.636+0000] {dag.py:2705} INFO - Sync 1 DAGs
[2023-04-24T08:04:04.980+0000] {logging_mixin.py:137} INFO - [2023-04-24T08:04:04.978+0000] {dag.py:3456} INFO - Setting next_dagrun for example_complex to None, run_after=None
[2023-04-24T08:04:05.366+0000] {processor.py:175} INFO - Processing /home/airflow/.local/lib/python3.7/site-packages/airflow/example_dags/example_complex.py took 3.098 seconds
[2023-04-24T08:07:54.416+0000] {processor.py:153} INFO - Started process (PID=318) to work on /home/airflow/.local/lib/python3.7/site-packages/airflow/example_dags/example_complex.py
[2023-04-24T08:07:54.420+0000] {processor.py:743} INFO - Processing file /home/airflow/.local/lib/python3.7/site-packages/airflow/example_dags/example_complex.py for tasks to queue
[2023-04-24T08:07:54.424+0000] {logging_mixin.py:137} INFO - [2023-04-24T08:07:54.423+0000] {dagbag.py:532} INFO - Filling up the DagBag from /home/airflow/.local/lib/python3.7/site-packages/airflow/example_dags/example_complex.py
[2023-04-24T08:07:54.561+0000] {logging_mixin.py:137} INFO - [2023-04-24T08:07:54.554+0000] {taskmixin.py:211} WARNING - Dependency <Task(BashOperator): create_entry_group>, delete_entry_group already registered for DAG: example_complex
[2023-04-24T08:07:54.562+0000] {logging_mixin.py:137} INFO - [2023-04-24T08:07:54.562+0000] {taskmixin.py:211} WARNING - Dependency <Task(BashOperator): delete_entry_group>, create_entry_group already registered for DAG: example_complex
[2023-04-24T08:07:54.563+0000] {logging_mixin.py:137} INFO - [2023-04-24T08:07:54.563+0000] {taskmixin.py:211} WARNING - Dependency <Task(BashOperator): create_entry_gcs>, delete_entry already registered for DAG: example_complex
[2023-04-24T08:07:54.564+0000] {logging_mixin.py:137} INFO - [2023-04-24T08:07:54.564+0000] {taskmixin.py:211} WARNING - Dependency <Task(BashOperator): delete_entry>, create_entry_gcs already registered for DAG: example_complex
[2023-04-24T08:07:54.568+0000] {logging_mixin.py:137} INFO - [2023-04-24T08:07:54.568+0000] {taskmixin.py:211} WARNING - Dependency <Task(BashOperator): create_tag>, delete_tag already registered for DAG: example_complex
[2023-04-24T08:07:54.569+0000] {logging_mixin.py:137} INFO - [2023-04-24T08:07:54.569+0000] {taskmixin.py:211} WARNING - Dependency <Task(BashOperator): delete_tag>, create_tag already registered for DAG: example_complex
[2023-04-24T08:07:54.656+0000] {processor.py:753} INFO - DAG(s) dict_keys(['example_complex']) retrieved from /home/airflow/.local/lib/python3.7/site-packages/airflow/example_dags/example_complex.py
[2023-04-24T08:07:54.952+0000] {logging_mixin.py:137} INFO - [2023-04-24T08:07:54.951+0000] {dag.py:2705} INFO - Sync 1 DAGs
[2023-04-24T08:07:55.199+0000] {logging_mixin.py:137} INFO - [2023-04-24T08:07:55.199+0000] {dag.py:3456} INFO - Setting next_dagrun for example_complex to None, run_after=None
[2023-04-24T08:07:55.487+0000] {processor.py:175} INFO - Processing /home/airflow/.local/lib/python3.7/site-packages/airflow/example_dags/example_complex.py took 1.096 seconds
[2023-04-24T08:12:12.270+0000] {processor.py:153} INFO - Started process (PID=422) to work on /home/airflow/.local/lib/python3.7/site-packages/airflow/example_dags/example_complex.py
[2023-04-24T08:12:12.291+0000] {processor.py:743} INFO - Processing file /home/airflow/.local/lib/python3.7/site-packages/airflow/example_dags/example_complex.py for tasks to queue
[2023-04-24T08:12:12.316+0000] {logging_mixin.py:137} INFO - [2023-04-24T08:12:12.316+0000] {dagbag.py:532} INFO - Filling up the DagBag from /home/airflow/.local/lib/python3.7/site-packages/airflow/example_dags/example_complex.py
[2023-04-24T08:12:13.152+0000] {logging_mixin.py:137} INFO - [2023-04-24T08:12:13.151+0000] {taskmixin.py:211} WARNING - Dependency <Task(BashOperator): create_entry_group>, delete_entry_group already registered for DAG: example_complex
[2023-04-24T08:12:13.157+0000] {logging_mixin.py:137} INFO - [2023-04-24T08:12:13.156+0000] {taskmixin.py:211} WARNING - Dependency <Task(BashOperator): delete_entry_group>, create_entry_group already registered for DAG: example_complex
[2023-04-24T08:12:13.177+0000] {logging_mixin.py:137} INFO - [2023-04-24T08:12:13.160+0000] {taskmixin.py:211} WARNING - Dependency <Task(BashOperator): create_entry_gcs>, delete_entry already registered for DAG: example_complex
[2023-04-24T08:12:13.186+0000] {logging_mixin.py:137} INFO - [2023-04-24T08:12:13.184+0000] {taskmixin.py:211} WARNING - Dependency <Task(BashOperator): delete_entry>, create_entry_gcs already registered for DAG: example_complex
[2023-04-24T08:12:13.214+0000] {logging_mixin.py:137} INFO - [2023-04-24T08:12:13.214+0000] {taskmixin.py:211} WARNING - Dependency <Task(BashOperator): create_tag>, delete_tag already registered for DAG: example_complex
[2023-04-24T08:12:13.240+0000] {logging_mixin.py:137} INFO - [2023-04-24T08:12:13.236+0000] {taskmixin.py:211} WARNING - Dependency <Task(BashOperator): delete_tag>, create_tag already registered for DAG: example_complex
[2023-04-24T08:12:13.546+0000] {processor.py:753} INFO - DAG(s) dict_keys(['example_complex']) retrieved from /home/airflow/.local/lib/python3.7/site-packages/airflow/example_dags/example_complex.py
[2023-04-24T08:12:14.634+0000] {logging_mixin.py:137} INFO - [2023-04-24T08:12:14.632+0000] {dag.py:2705} INFO - Sync 1 DAGs
[2023-04-24T08:12:15.087+0000] {logging_mixin.py:137} INFO - [2023-04-24T08:12:15.087+0000] {dag.py:3456} INFO - Setting next_dagrun for example_complex to None, run_after=None
[2023-04-24T08:12:15.405+0000] {processor.py:175} INFO - Processing /home/airflow/.local/lib/python3.7/site-packages/airflow/example_dags/example_complex.py took 3.312 seconds
[2023-04-24T19:37:26.183+0000] {processor.py:153} INFO - Started process (PID=78) to work on /home/airflow/.local/lib/python3.7/site-packages/airflow/example_dags/example_complex.py
[2023-04-24T19:37:26.186+0000] {processor.py:743} INFO - Processing file /home/airflow/.local/lib/python3.7/site-packages/airflow/example_dags/example_complex.py for tasks to queue
[2023-04-24T19:37:26.189+0000] {logging_mixin.py:137} INFO - [2023-04-24T19:37:26.188+0000] {dagbag.py:532} INFO - Filling up the DagBag from /home/airflow/.local/lib/python3.7/site-packages/airflow/example_dags/example_complex.py
[2023-04-24T19:37:26.230+0000] {logging_mixin.py:137} INFO - [2023-04-24T19:37:26.229+0000] {taskmixin.py:211} WARNING - Dependency <Task(BashOperator): create_entry_group>, delete_entry_group already registered for DAG: example_complex
[2023-04-24T19:37:26.231+0000] {logging_mixin.py:137} INFO - [2023-04-24T19:37:26.231+0000] {taskmixin.py:211} WARNING - Dependency <Task(BashOperator): delete_entry_group>, create_entry_group already registered for DAG: example_complex
[2023-04-24T19:37:26.233+0000] {logging_mixin.py:137} INFO - [2023-04-24T19:37:26.232+0000] {taskmixin.py:211} WARNING - Dependency <Task(BashOperator): create_entry_gcs>, delete_entry already registered for DAG: example_complex
[2023-04-24T19:37:26.234+0000] {logging_mixin.py:137} INFO - [2023-04-24T19:37:26.234+0000] {taskmixin.py:211} WARNING - Dependency <Task(BashOperator): delete_entry>, create_entry_gcs already registered for DAG: example_complex
[2023-04-24T19:37:26.236+0000] {logging_mixin.py:137} INFO - [2023-04-24T19:37:26.235+0000] {taskmixin.py:211} WARNING - Dependency <Task(BashOperator): create_tag>, delete_tag already registered for DAG: example_complex
[2023-04-24T19:37:26.237+0000] {logging_mixin.py:137} INFO - [2023-04-24T19:37:26.236+0000] {taskmixin.py:211} WARNING - Dependency <Task(BashOperator): delete_tag>, create_tag already registered for DAG: example_complex
[2023-04-24T19:37:26.263+0000] {processor.py:753} INFO - DAG(s) dict_keys(['example_complex']) retrieved from /home/airflow/.local/lib/python3.7/site-packages/airflow/example_dags/example_complex.py
[2023-04-24T19:37:26.613+0000] {logging_mixin.py:137} INFO - [2023-04-24T19:37:26.604+0000] {manager.py:504} INFO - Created Permission View: can edit on DAG:example_complex
[2023-04-24T19:37:26.672+0000] {logging_mixin.py:137} INFO - [2023-04-24T19:37:26.671+0000] {manager.py:504} INFO - Created Permission View: can delete on DAG:example_complex
[2023-04-24T19:37:26.779+0000] {logging_mixin.py:137} INFO - [2023-04-24T19:37:26.778+0000] {manager.py:504} INFO - Created Permission View: can read on DAG:example_complex
[2023-04-24T19:37:26.782+0000] {logging_mixin.py:137} INFO - [2023-04-24T19:37:26.782+0000] {dag.py:2705} INFO - Sync 1 DAGs
[2023-04-24T19:37:26.946+0000] {logging_mixin.py:137} INFO - [2023-04-24T19:37:26.896+0000] {dag.py:2726} INFO - Creating ORM DAG for example_complex
[2023-04-24T19:37:27.199+0000] {logging_mixin.py:137} INFO - [2023-04-24T19:37:27.197+0000] {dag.py:3456} INFO - Setting next_dagrun for example_complex to None, run_after=None
[2023-04-24T19:37:27.940+0000] {processor.py:175} INFO - Processing /home/airflow/.local/lib/python3.7/site-packages/airflow/example_dags/example_complex.py took 1.778 seconds
[2023-04-24T19:39:39.497+0000] {processor.py:153} INFO - Started process (PID=135) to work on /home/airflow/.local/lib/python3.7/site-packages/airflow/example_dags/example_complex.py
[2023-04-24T19:39:39.537+0000] {processor.py:743} INFO - Processing file /home/airflow/.local/lib/python3.7/site-packages/airflow/example_dags/example_complex.py for tasks to queue
[2023-04-24T19:39:39.556+0000] {logging_mixin.py:137} INFO - [2023-04-24T19:39:39.548+0000] {dagbag.py:532} INFO - Filling up the DagBag from /home/airflow/.local/lib/python3.7/site-packages/airflow/example_dags/example_complex.py
[2023-04-24T19:39:40.128+0000] {logging_mixin.py:137} INFO - [2023-04-24T19:39:40.080+0000] {taskmixin.py:211} WARNING - Dependency <Task(BashOperator): create_entry_group>, delete_entry_group already registered for DAG: example_complex
[2023-04-24T19:39:40.138+0000] {logging_mixin.py:137} INFO - [2023-04-24T19:39:40.138+0000] {taskmixin.py:211} WARNING - Dependency <Task(BashOperator): delete_entry_group>, create_entry_group already registered for DAG: example_complex
[2023-04-24T19:39:40.145+0000] {logging_mixin.py:137} INFO - [2023-04-24T19:39:40.145+0000] {taskmixin.py:211} WARNING - Dependency <Task(BashOperator): create_entry_gcs>, delete_entry already registered for DAG: example_complex
[2023-04-24T19:39:40.156+0000] {logging_mixin.py:137} INFO - [2023-04-24T19:39:40.156+0000] {taskmixin.py:211} WARNING - Dependency <Task(BashOperator): delete_entry>, create_entry_gcs already registered for DAG: example_complex
[2023-04-24T19:39:40.165+0000] {logging_mixin.py:137} INFO - [2023-04-24T19:39:40.165+0000] {taskmixin.py:211} WARNING - Dependency <Task(BashOperator): create_tag>, delete_tag already registered for DAG: example_complex
[2023-04-24T19:39:40.180+0000] {logging_mixin.py:137} INFO - [2023-04-24T19:39:40.180+0000] {taskmixin.py:211} WARNING - Dependency <Task(BashOperator): delete_tag>, create_tag already registered for DAG: example_complex
[2023-04-24T19:39:40.781+0000] {processor.py:753} INFO - DAG(s) dict_keys(['example_complex']) retrieved from /home/airflow/.local/lib/python3.7/site-packages/airflow/example_dags/example_complex.py
[2023-04-24T19:39:41.700+0000] {logging_mixin.py:137} INFO - [2023-04-24T19:39:41.698+0000] {dag.py:2705} INFO - Sync 1 DAGs
[2023-04-24T19:39:43.002+0000] {logging_mixin.py:137} INFO - [2023-04-24T19:39:42.993+0000] {dag.py:3456} INFO - Setting next_dagrun for example_complex to None, run_after=None
[2023-04-24T19:39:51.249+0000] {logging_mixin.py:137} INFO - [2023-04-24T19:39:51.248+0000] {process_utils.py:256} INFO - Waiting up to 5 seconds for processes to exit...
