[2023-04-24T07:59:16.462+0000] {processor.py:153} INFO - Started process (PID=59) to work on /home/airflow/.local/lib/python3.7/site-packages/airflow/example_dags/example_external_task_marker_dag.py
[2023-04-24T07:59:16.465+0000] {processor.py:743} INFO - Processing file /home/airflow/.local/lib/python3.7/site-packages/airflow/example_dags/example_external_task_marker_dag.py for tasks to queue
[2023-04-24T07:59:16.468+0000] {logging_mixin.py:137} INFO - [2023-04-24T07:59:16.467+0000] {dagbag.py:532} INFO - Filling up the DagBag from /home/airflow/.local/lib/python3.7/site-packages/airflow/example_dags/example_external_task_marker_dag.py
[2023-04-24T07:59:16.595+0000] {processor.py:753} INFO - DAG(s) dict_keys(['example_external_task_marker_child', 'example_external_task_marker_parent']) retrieved from /home/airflow/.local/lib/python3.7/site-packages/airflow/example_dags/example_external_task_marker_dag.py
[2023-04-24T07:59:16.853+0000] {logging_mixin.py:137} INFO - [2023-04-24T07:59:16.853+0000] {dag.py:2705} INFO - Sync 2 DAGs
[2023-04-24T07:59:17.010+0000] {logging_mixin.py:137} INFO - [2023-04-24T07:59:17.009+0000] {dag.py:3456} INFO - Setting next_dagrun for example_external_task_marker_child to None, run_after=None
[2023-04-24T07:59:17.027+0000] {logging_mixin.py:137} INFO - [2023-04-24T07:59:17.026+0000] {dag.py:3456} INFO - Setting next_dagrun for example_external_task_marker_parent to None, run_after=None
[2023-04-24T07:59:17.095+0000] {processor.py:175} INFO - Processing /home/airflow/.local/lib/python3.7/site-packages/airflow/example_dags/example_external_task_marker_dag.py took 0.656 seconds
[2023-04-24T08:00:18.675+0000] {processor.py:153} INFO - Started process (PID=116) to work on /home/airflow/.local/lib/python3.7/site-packages/airflow/example_dags/example_external_task_marker_dag.py
[2023-04-24T08:00:18.680+0000] {processor.py:743} INFO - Processing file /home/airflow/.local/lib/python3.7/site-packages/airflow/example_dags/example_external_task_marker_dag.py for tasks to queue
[2023-04-24T08:00:18.682+0000] {logging_mixin.py:137} INFO - [2023-04-24T08:00:18.682+0000] {dagbag.py:532} INFO - Filling up the DagBag from /home/airflow/.local/lib/python3.7/site-packages/airflow/example_dags/example_external_task_marker_dag.py
[2023-04-24T08:00:18.721+0000] {processor.py:753} INFO - DAG(s) dict_keys(['example_external_task_marker_parent', 'example_external_task_marker_child']) retrieved from /home/airflow/.local/lib/python3.7/site-packages/airflow/example_dags/example_external_task_marker_dag.py
[2023-04-24T08:00:18.868+0000] {logging_mixin.py:137} INFO - [2023-04-24T08:00:18.868+0000] {dag.py:2705} INFO - Sync 2 DAGs
[2023-04-24T08:00:19.003+0000] {logging_mixin.py:137} INFO - [2023-04-24T08:00:19.002+0000] {dag.py:3456} INFO - Setting next_dagrun for example_external_task_marker_child to None, run_after=None
[2023-04-24T08:00:19.019+0000] {logging_mixin.py:137} INFO - [2023-04-24T08:00:19.019+0000] {dag.py:3456} INFO - Setting next_dagrun for example_external_task_marker_parent to None, run_after=None
[2023-04-24T08:00:19.096+0000] {processor.py:175} INFO - Processing /home/airflow/.local/lib/python3.7/site-packages/airflow/example_dags/example_external_task_marker_dag.py took 0.441 seconds
[2023-04-24T08:02:53.838+0000] {processor.py:153} INFO - Started process (PID=195) to work on /home/airflow/.local/lib/python3.7/site-packages/airflow/example_dags/example_external_task_marker_dag.py
[2023-04-24T08:02:53.850+0000] {processor.py:743} INFO - Processing file /home/airflow/.local/lib/python3.7/site-packages/airflow/example_dags/example_external_task_marker_dag.py for tasks to queue
[2023-04-24T08:02:53.865+0000] {logging_mixin.py:137} INFO - [2023-04-24T08:02:53.864+0000] {dagbag.py:532} INFO - Filling up the DagBag from /home/airflow/.local/lib/python3.7/site-packages/airflow/example_dags/example_external_task_marker_dag.py
[2023-04-24T08:02:54.114+0000] {processor.py:753} INFO - DAG(s) dict_keys(['example_external_task_marker_parent', 'example_external_task_marker_child']) retrieved from /home/airflow/.local/lib/python3.7/site-packages/airflow/example_dags/example_external_task_marker_dag.py
[2023-04-24T08:02:55.235+0000] {logging_mixin.py:137} INFO - [2023-04-24T08:02:55.230+0000] {dag.py:2705} INFO - Sync 2 DAGs
[2023-04-24T08:02:58.644+0000] {logging_mixin.py:137} INFO - [2023-04-24T08:02:58.632+0000] {dag.py:3456} INFO - Setting next_dagrun for example_external_task_marker_child to None, run_after=None
[2023-04-24T08:02:58.805+0000] {logging_mixin.py:137} INFO - [2023-04-24T08:02:58.805+0000] {dag.py:3456} INFO - Setting next_dagrun for example_external_task_marker_parent to None, run_after=None
[2023-04-24T08:02:59.833+0000] {processor.py:175} INFO - Processing /home/airflow/.local/lib/python3.7/site-packages/airflow/example_dags/example_external_task_marker_dag.py took 6.051 seconds
[2023-04-24T08:05:34.678+0000] {processor.py:153} INFO - Started process (PID=249) to work on /home/airflow/.local/lib/python3.7/site-packages/airflow/example_dags/example_external_task_marker_dag.py
[2023-04-24T08:05:34.689+0000] {processor.py:743} INFO - Processing file /home/airflow/.local/lib/python3.7/site-packages/airflow/example_dags/example_external_task_marker_dag.py for tasks to queue
[2023-04-24T08:05:34.695+0000] {logging_mixin.py:137} INFO - [2023-04-24T08:05:34.694+0000] {dagbag.py:532} INFO - Filling up the DagBag from /home/airflow/.local/lib/python3.7/site-packages/airflow/example_dags/example_external_task_marker_dag.py
[2023-04-24T08:05:35.204+0000] {processor.py:753} INFO - DAG(s) dict_keys(['example_external_task_marker_child', 'example_external_task_marker_parent']) retrieved from /home/airflow/.local/lib/python3.7/site-packages/airflow/example_dags/example_external_task_marker_dag.py
[2023-04-24T08:05:36.000+0000] {logging_mixin.py:137} INFO - [2023-04-24T08:05:36.000+0000] {dag.py:2705} INFO - Sync 2 DAGs
[2023-04-24T08:05:38.862+0000] {logging_mixin.py:137} INFO - [2023-04-24T08:05:38.846+0000] {dag.py:3456} INFO - Setting next_dagrun for example_external_task_marker_child to None, run_after=None
[2023-04-24T08:05:38.974+0000] {logging_mixin.py:137} INFO - [2023-04-24T08:05:38.974+0000] {dag.py:3456} INFO - Setting next_dagrun for example_external_task_marker_parent to None, run_after=None
[2023-04-24T08:05:39.359+0000] {processor.py:175} INFO - Processing /home/airflow/.local/lib/python3.7/site-packages/airflow/example_dags/example_external_task_marker_dag.py took 4.748 seconds
[2023-04-24T08:09:38.905+0000] {processor.py:153} INFO - Started process (PID=347) to work on /home/airflow/.local/lib/python3.7/site-packages/airflow/example_dags/example_external_task_marker_dag.py
[2023-04-24T08:09:38.910+0000] {processor.py:743} INFO - Processing file /home/airflow/.local/lib/python3.7/site-packages/airflow/example_dags/example_external_task_marker_dag.py for tasks to queue
[2023-04-24T08:09:38.914+0000] {logging_mixin.py:137} INFO - [2023-04-24T08:09:38.914+0000] {dagbag.py:532} INFO - Filling up the DagBag from /home/airflow/.local/lib/python3.7/site-packages/airflow/example_dags/example_external_task_marker_dag.py
[2023-04-24T08:09:38.968+0000] {processor.py:753} INFO - DAG(s) dict_keys(['example_external_task_marker_child', 'example_external_task_marker_parent']) retrieved from /home/airflow/.local/lib/python3.7/site-packages/airflow/example_dags/example_external_task_marker_dag.py
[2023-04-24T08:09:39.429+0000] {logging_mixin.py:137} INFO - [2023-04-24T08:09:39.429+0000] {dag.py:2705} INFO - Sync 2 DAGs
[2023-04-24T08:09:39.660+0000] {logging_mixin.py:137} INFO - [2023-04-24T08:09:39.657+0000] {dag.py:3456} INFO - Setting next_dagrun for example_external_task_marker_child to None, run_after=None
[2023-04-24T08:09:39.680+0000] {logging_mixin.py:137} INFO - [2023-04-24T08:09:39.679+0000] {dag.py:3456} INFO - Setting next_dagrun for example_external_task_marker_parent to None, run_after=None
[2023-04-24T08:09:39.768+0000] {processor.py:175} INFO - Processing /home/airflow/.local/lib/python3.7/site-packages/airflow/example_dags/example_external_task_marker_dag.py took 0.897 seconds
[2023-04-24T08:11:16.924+0000] {processor.py:153} INFO - Started process (PID=406) to work on /home/airflow/.local/lib/python3.7/site-packages/airflow/example_dags/example_external_task_marker_dag.py
[2023-04-24T08:11:16.933+0000] {processor.py:743} INFO - Processing file /home/airflow/.local/lib/python3.7/site-packages/airflow/example_dags/example_external_task_marker_dag.py for tasks to queue
[2023-04-24T08:11:16.947+0000] {logging_mixin.py:137} INFO - [2023-04-24T08:11:16.945+0000] {dagbag.py:532} INFO - Filling up the DagBag from /home/airflow/.local/lib/python3.7/site-packages/airflow/example_dags/example_external_task_marker_dag.py
[2023-04-24T08:11:17.336+0000] {processor.py:753} INFO - DAG(s) dict_keys(['example_external_task_marker_child', 'example_external_task_marker_parent']) retrieved from /home/airflow/.local/lib/python3.7/site-packages/airflow/example_dags/example_external_task_marker_dag.py
[2023-04-24T08:11:18.341+0000] {logging_mixin.py:137} INFO - [2023-04-24T08:11:18.341+0000] {dag.py:2705} INFO - Sync 2 DAGs
[2023-04-24T08:11:19.690+0000] {logging_mixin.py:137} INFO - [2023-04-24T08:11:19.688+0000] {dag.py:3456} INFO - Setting next_dagrun for example_external_task_marker_child to None, run_after=None
[2023-04-24T08:11:20.265+0000] {logging_mixin.py:137} INFO - [2023-04-24T08:11:20.261+0000] {dag.py:3456} INFO - Setting next_dagrun for example_external_task_marker_parent to None, run_after=None
[2023-04-24T08:11:33.758+0000] {processor.py:175} INFO - Processing /home/airflow/.local/lib/python3.7/site-packages/airflow/example_dags/example_external_task_marker_dag.py took 16.939 seconds
[2023-04-24T08:13:05.031+0000] {processor.py:153} INFO - Started process (PID=443) to work on /home/airflow/.local/lib/python3.7/site-packages/airflow/example_dags/example_external_task_marker_dag.py
[2023-04-24T08:13:05.051+0000] {processor.py:743} INFO - Processing file /home/airflow/.local/lib/python3.7/site-packages/airflow/example_dags/example_external_task_marker_dag.py for tasks to queue
[2023-04-24T08:13:05.097+0000] {logging_mixin.py:137} INFO - [2023-04-24T08:13:05.088+0000] {dagbag.py:532} INFO - Filling up the DagBag from /home/airflow/.local/lib/python3.7/site-packages/airflow/example_dags/example_external_task_marker_dag.py
[2023-04-24T08:13:05.751+0000] {processor.py:753} INFO - DAG(s) dict_keys(['example_external_task_marker_child', 'example_external_task_marker_parent']) retrieved from /home/airflow/.local/lib/python3.7/site-packages/airflow/example_dags/example_external_task_marker_dag.py
[2023-04-24T08:13:08.683+0000] {logging_mixin.py:137} INFO - [2023-04-24T08:13:08.683+0000] {dag.py:2705} INFO - Sync 2 DAGs
[2023-04-24T08:13:09.296+0000] {logging_mixin.py:137} INFO - [2023-04-24T08:13:09.296+0000] {dag.py:3456} INFO - Setting next_dagrun for example_external_task_marker_child to None, run_after=None
[2023-04-24T08:13:09.529+0000] {logging_mixin.py:137} INFO - [2023-04-24T08:13:09.529+0000] {dag.py:3456} INFO - Setting next_dagrun for example_external_task_marker_parent to None, run_after=None
[2023-04-24T08:13:09.748+0000] {processor.py:175} INFO - Processing /home/airflow/.local/lib/python3.7/site-packages/airflow/example_dags/example_external_task_marker_dag.py took 4.846 seconds
[2023-04-24T19:37:19.767+0000] {processor.py:153} INFO - Started process (PID=59) to work on /home/airflow/.local/lib/python3.7/site-packages/airflow/example_dags/example_external_task_marker_dag.py
[2023-04-24T19:37:19.769+0000] {processor.py:743} INFO - Processing file /home/airflow/.local/lib/python3.7/site-packages/airflow/example_dags/example_external_task_marker_dag.py for tasks to queue
[2023-04-24T19:37:19.779+0000] {logging_mixin.py:137} INFO - [2023-04-24T19:37:19.778+0000] {dagbag.py:532} INFO - Filling up the DagBag from /home/airflow/.local/lib/python3.7/site-packages/airflow/example_dags/example_external_task_marker_dag.py
[2023-04-24T19:37:19.857+0000] {processor.py:753} INFO - DAG(s) dict_keys(['example_external_task_marker_parent', 'example_external_task_marker_child']) retrieved from /home/airflow/.local/lib/python3.7/site-packages/airflow/example_dags/example_external_task_marker_dag.py
[2023-04-24T19:37:20.398+0000] {logging_mixin.py:137} INFO - [2023-04-24T19:37:20.398+0000] {manager.py:504} INFO - Created Permission View: can edit on DAG:example_external_task_marker_parent
[2023-04-24T19:37:20.521+0000] {logging_mixin.py:137} INFO - [2023-04-24T19:37:20.521+0000] {manager.py:504} INFO - Created Permission View: can delete on DAG:example_external_task_marker_parent
[2023-04-24T19:37:20.536+0000] {logging_mixin.py:137} INFO - [2023-04-24T19:37:20.536+0000] {manager.py:504} INFO - Created Permission View: can read on DAG:example_external_task_marker_parent
[2023-04-24T19:37:20.571+0000] {logging_mixin.py:137} INFO - [2023-04-24T19:37:20.570+0000] {manager.py:504} INFO - Created Permission View: can edit on DAG:example_external_task_marker_child
[2023-04-24T19:37:20.589+0000] {logging_mixin.py:137} INFO - [2023-04-24T19:37:20.589+0000] {manager.py:504} INFO - Created Permission View: can delete on DAG:example_external_task_marker_child
[2023-04-24T19:37:20.605+0000] {logging_mixin.py:137} INFO - [2023-04-24T19:37:20.605+0000] {manager.py:504} INFO - Created Permission View: can read on DAG:example_external_task_marker_child
[2023-04-24T19:37:20.607+0000] {logging_mixin.py:137} INFO - [2023-04-24T19:37:20.607+0000] {dag.py:2705} INFO - Sync 2 DAGs
[2023-04-24T19:37:20.671+0000] {logging_mixin.py:137} INFO - [2023-04-24T19:37:20.671+0000] {dag.py:2726} INFO - Creating ORM DAG for example_external_task_marker_parent
[2023-04-24T19:37:20.676+0000] {logging_mixin.py:137} INFO - [2023-04-24T19:37:20.675+0000] {dag.py:2726} INFO - Creating ORM DAG for example_external_task_marker_child
[2023-04-24T19:37:20.699+0000] {logging_mixin.py:137} INFO - [2023-04-24T19:37:20.699+0000] {dag.py:3456} INFO - Setting next_dagrun for example_external_task_marker_child to None, run_after=None
[2023-04-24T19:37:20.702+0000] {logging_mixin.py:137} INFO - [2023-04-24T19:37:20.701+0000] {dag.py:3456} INFO - Setting next_dagrun for example_external_task_marker_parent to None, run_after=None
[2023-04-24T19:37:20.779+0000] {processor.py:175} INFO - Processing /home/airflow/.local/lib/python3.7/site-packages/airflow/example_dags/example_external_task_marker_dag.py took 1.020 seconds
[2023-04-24T19:38:57.269+0000] {processor.py:153} INFO - Started process (PID=118) to work on /home/airflow/.local/lib/python3.7/site-packages/airflow/example_dags/example_external_task_marker_dag.py
[2023-04-24T19:38:59.413+0000] {processor.py:743} INFO - Processing file /home/airflow/.local/lib/python3.7/site-packages/airflow/example_dags/example_external_task_marker_dag.py for tasks to queue
[2023-04-24T19:39:01.157+0000] {logging_mixin.py:137} INFO - [2023-04-24T19:39:01.134+0000] {dagbag.py:532} INFO - Filling up the DagBag from /home/airflow/.local/lib/python3.7/site-packages/airflow/example_dags/example_external_task_marker_dag.py
[2023-04-24T19:39:04.713+0000] {processor.py:753} INFO - DAG(s) dict_keys(['example_external_task_marker_parent', 'example_external_task_marker_child']) retrieved from /home/airflow/.local/lib/python3.7/site-packages/airflow/example_dags/example_external_task_marker_dag.py
[2023-04-24T19:39:05.793+0000] {logging_mixin.py:137} INFO - [2023-04-24T19:39:05.790+0000] {dag.py:2705} INFO - Sync 2 DAGs
[2023-04-24T19:39:06.443+0000] {logging_mixin.py:137} INFO - [2023-04-24T19:39:06.442+0000] {dag.py:3456} INFO - Setting next_dagrun for example_external_task_marker_child to None, run_after=None
[2023-04-24T19:39:06.570+0000] {logging_mixin.py:137} INFO - [2023-04-24T19:39:06.558+0000] {dag.py:3456} INFO - Setting next_dagrun for example_external_task_marker_parent to None, run_after=None
[2023-04-24T19:39:07.994+0000] {processor.py:175} INFO - Processing /home/airflow/.local/lib/python3.7/site-packages/airflow/example_dags/example_external_task_marker_dag.py took 16.714 seconds
