[2023-04-24T07:59:20.879+0000] {processor.py:153} INFO - Started process (PID=69) to work on /home/airflow/.local/lib/python3.7/site-packages/airflow/example_dags/example_nested_branch_dag.py
[2023-04-24T07:59:20.893+0000] {processor.py:743} INFO - Processing file /home/airflow/.local/lib/python3.7/site-packages/airflow/example_dags/example_nested_branch_dag.py for tasks to queue
[2023-04-24T07:59:20.895+0000] {logging_mixin.py:137} INFO - [2023-04-24T07:59:20.895+0000] {dagbag.py:532} INFO - Filling up the DagBag from /home/airflow/.local/lib/python3.7/site-packages/airflow/example_dags/example_nested_branch_dag.py
[2023-04-24T07:59:21.159+0000] {processor.py:753} INFO - DAG(s) dict_keys(['example_nested_branch_dag']) retrieved from /home/airflow/.local/lib/python3.7/site-packages/airflow/example_dags/example_nested_branch_dag.py
[2023-04-24T07:59:21.373+0000] {logging_mixin.py:137} INFO - [2023-04-24T07:59:21.372+0000] {dag.py:2705} INFO - Sync 1 DAGs
[2023-04-24T07:59:21.654+0000] {logging_mixin.py:137} INFO - [2023-04-24T07:59:21.654+0000] {dag.py:3456} INFO - Setting next_dagrun for example_nested_branch_dag to 2023-04-23T00:00:00+00:00, run_after=2023-04-24T00:00:00+00:00
[2023-04-24T07:59:21.917+0000] {processor.py:175} INFO - Processing /home/airflow/.local/lib/python3.7/site-packages/airflow/example_dags/example_nested_branch_dag.py took 1.067 seconds
[2023-04-24T08:00:53.284+0000] {processor.py:153} INFO - Started process (PID=139) to work on /home/airflow/.local/lib/python3.7/site-packages/airflow/example_dags/example_nested_branch_dag.py
[2023-04-24T08:00:53.288+0000] {processor.py:743} INFO - Processing file /home/airflow/.local/lib/python3.7/site-packages/airflow/example_dags/example_nested_branch_dag.py for tasks to queue
[2023-04-24T08:00:53.290+0000] {logging_mixin.py:137} INFO - [2023-04-24T08:00:53.290+0000] {dagbag.py:532} INFO - Filling up the DagBag from /home/airflow/.local/lib/python3.7/site-packages/airflow/example_dags/example_nested_branch_dag.py
[2023-04-24T08:00:54.038+0000] {processor.py:753} INFO - DAG(s) dict_keys(['example_nested_branch_dag']) retrieved from /home/airflow/.local/lib/python3.7/site-packages/airflow/example_dags/example_nested_branch_dag.py
[2023-04-24T08:00:57.842+0000] {logging_mixin.py:137} INFO - [2023-04-24T08:00:57.840+0000] {dag.py:2705} INFO - Sync 1 DAGs
[2023-04-24T08:00:58.945+0000] {logging_mixin.py:137} INFO - [2023-04-24T08:00:58.923+0000] {dag.py:3456} INFO - Setting next_dagrun for example_nested_branch_dag to 2023-04-23T00:00:00+00:00, run_after=2023-04-24T00:00:00+00:00
[2023-04-24T08:01:04.236+0000] {processor.py:175} INFO - Processing /home/airflow/.local/lib/python3.7/site-packages/airflow/example_dags/example_nested_branch_dag.py took 10.995 seconds
[2023-04-24T08:04:01.321+0000] {processor.py:153} INFO - Started process (PID=212) to work on /home/airflow/.local/lib/python3.7/site-packages/airflow/example_dags/example_nested_branch_dag.py
[2023-04-24T08:04:01.328+0000] {processor.py:743} INFO - Processing file /home/airflow/.local/lib/python3.7/site-packages/airflow/example_dags/example_nested_branch_dag.py for tasks to queue
[2023-04-24T08:04:01.373+0000] {logging_mixin.py:137} INFO - [2023-04-24T08:04:01.364+0000] {dagbag.py:532} INFO - Filling up the DagBag from /home/airflow/.local/lib/python3.7/site-packages/airflow/example_dags/example_nested_branch_dag.py
[2023-04-24T08:04:02.630+0000] {processor.py:753} INFO - DAG(s) dict_keys(['example_nested_branch_dag']) retrieved from /home/airflow/.local/lib/python3.7/site-packages/airflow/example_dags/example_nested_branch_dag.py
[2023-04-24T08:04:04.630+0000] {logging_mixin.py:137} INFO - [2023-04-24T08:04:04.628+0000] {dag.py:2705} INFO - Sync 1 DAGs
[2023-04-24T08:04:05.041+0000] {logging_mixin.py:137} INFO - [2023-04-24T08:04:05.037+0000] {dag.py:3456} INFO - Setting next_dagrun for example_nested_branch_dag to 2023-04-23T00:00:00+00:00, run_after=2023-04-24T00:00:00+00:00
[2023-04-24T08:04:05.370+0000] {processor.py:175} INFO - Processing /home/airflow/.local/lib/python3.7/site-packages/airflow/example_dags/example_nested_branch_dag.py took 4.103 seconds
[2023-04-24T08:07:53.183+0000] {processor.py:153} INFO - Started process (PID=317) to work on /home/airflow/.local/lib/python3.7/site-packages/airflow/example_dags/example_nested_branch_dag.py
[2023-04-24T08:07:53.189+0000] {processor.py:743} INFO - Processing file /home/airflow/.local/lib/python3.7/site-packages/airflow/example_dags/example_nested_branch_dag.py for tasks to queue
[2023-04-24T08:07:53.191+0000] {logging_mixin.py:137} INFO - [2023-04-24T08:07:53.191+0000] {dagbag.py:532} INFO - Filling up the DagBag from /home/airflow/.local/lib/python3.7/site-packages/airflow/example_dags/example_nested_branch_dag.py
[2023-04-24T08:07:53.478+0000] {processor.py:753} INFO - DAG(s) dict_keys(['example_nested_branch_dag']) retrieved from /home/airflow/.local/lib/python3.7/site-packages/airflow/example_dags/example_nested_branch_dag.py
[2023-04-24T08:07:53.992+0000] {logging_mixin.py:137} INFO - [2023-04-24T08:07:53.992+0000] {dag.py:2705} INFO - Sync 1 DAGs
[2023-04-24T08:07:54.514+0000] {logging_mixin.py:137} INFO - [2023-04-24T08:07:54.510+0000] {dag.py:3456} INFO - Setting next_dagrun for example_nested_branch_dag to 2023-04-23T00:00:00+00:00, run_after=2023-04-24T00:00:00+00:00
[2023-04-24T08:07:54.649+0000] {processor.py:175} INFO - Processing /home/airflow/.local/lib/python3.7/site-packages/airflow/example_dags/example_nested_branch_dag.py took 1.490 seconds
[2023-04-24T08:11:59.909+0000] {processor.py:153} INFO - Started process (PID=421) to work on /home/airflow/.local/lib/python3.7/site-packages/airflow/example_dags/example_nested_branch_dag.py
[2023-04-24T08:11:59.935+0000] {processor.py:743} INFO - Processing file /home/airflow/.local/lib/python3.7/site-packages/airflow/example_dags/example_nested_branch_dag.py for tasks to queue
[2023-04-24T08:11:59.942+0000] {logging_mixin.py:137} INFO - [2023-04-24T08:11:59.941+0000] {dagbag.py:532} INFO - Filling up the DagBag from /home/airflow/.local/lib/python3.7/site-packages/airflow/example_dags/example_nested_branch_dag.py
[2023-04-24T08:12:01.746+0000] {processor.py:753} INFO - DAG(s) dict_keys(['example_nested_branch_dag']) retrieved from /home/airflow/.local/lib/python3.7/site-packages/airflow/example_dags/example_nested_branch_dag.py
[2023-04-24T08:12:13.126+0000] {logging_mixin.py:137} INFO - [2023-04-24T08:12:13.106+0000] {dag.py:2705} INFO - Sync 1 DAGs
[2023-04-24T08:12:13.716+0000] {logging_mixin.py:137} INFO - [2023-04-24T08:12:13.716+0000] {dag.py:3456} INFO - Setting next_dagrun for example_nested_branch_dag to 2023-04-23T00:00:00+00:00, run_after=2023-04-24T00:00:00+00:00
[2023-04-24T08:12:14.283+0000] {processor.py:175} INFO - Processing /home/airflow/.local/lib/python3.7/site-packages/airflow/example_dags/example_nested_branch_dag.py took 14.602 seconds
[2023-04-24T19:37:25.700+0000] {processor.py:153} INFO - Started process (PID=77) to work on /home/airflow/.local/lib/python3.7/site-packages/airflow/example_dags/example_nested_branch_dag.py
[2023-04-24T19:37:25.706+0000] {processor.py:743} INFO - Processing file /home/airflow/.local/lib/python3.7/site-packages/airflow/example_dags/example_nested_branch_dag.py for tasks to queue
[2023-04-24T19:37:25.716+0000] {logging_mixin.py:137} INFO - [2023-04-24T19:37:25.715+0000] {dagbag.py:532} INFO - Filling up the DagBag from /home/airflow/.local/lib/python3.7/site-packages/airflow/example_dags/example_nested_branch_dag.py
[2023-04-24T19:37:26.102+0000] {processor.py:753} INFO - DAG(s) dict_keys(['example_nested_branch_dag']) retrieved from /home/airflow/.local/lib/python3.7/site-packages/airflow/example_dags/example_nested_branch_dag.py
[2023-04-24T19:37:26.671+0000] {logging_mixin.py:137} INFO - [2023-04-24T19:37:26.669+0000] {manager.py:504} INFO - Created Permission View: can edit on DAG:example_nested_branch_dag
[2023-04-24T19:37:26.780+0000] {logging_mixin.py:137} INFO - [2023-04-24T19:37:26.780+0000] {manager.py:504} INFO - Created Permission View: can delete on DAG:example_nested_branch_dag
[2023-04-24T19:37:26.860+0000] {logging_mixin.py:137} INFO - [2023-04-24T19:37:26.849+0000] {manager.py:504} INFO - Created Permission View: can read on DAG:example_nested_branch_dag
[2023-04-24T19:37:26.868+0000] {logging_mixin.py:137} INFO - [2023-04-24T19:37:26.868+0000] {dag.py:2705} INFO - Sync 1 DAGs
[2023-04-24T19:37:27.042+0000] {logging_mixin.py:137} INFO - [2023-04-24T19:37:27.012+0000] {dag.py:2726} INFO - Creating ORM DAG for example_nested_branch_dag
[2023-04-24T19:37:27.416+0000] {logging_mixin.py:137} INFO - [2023-04-24T19:37:27.412+0000] {dag.py:3456} INFO - Setting next_dagrun for example_nested_branch_dag to 2023-04-23T00:00:00+00:00, run_after=2023-04-24T00:00:00+00:00
[2023-04-24T19:37:28.023+0000] {processor.py:175} INFO - Processing /home/airflow/.local/lib/python3.7/site-packages/airflow/example_dags/example_nested_branch_dag.py took 2.366 seconds
[2023-04-24T19:39:34.752+0000] {processor.py:153} INFO - Started process (PID=134) to work on /home/airflow/.local/lib/python3.7/site-packages/airflow/example_dags/example_nested_branch_dag.py
[2023-04-24T19:39:34.761+0000] {processor.py:743} INFO - Processing file /home/airflow/.local/lib/python3.7/site-packages/airflow/example_dags/example_nested_branch_dag.py for tasks to queue
[2023-04-24T19:39:34.765+0000] {logging_mixin.py:137} INFO - [2023-04-24T19:39:34.764+0000] {dagbag.py:532} INFO - Filling up the DagBag from /home/airflow/.local/lib/python3.7/site-packages/airflow/example_dags/example_nested_branch_dag.py
[2023-04-24T19:39:35.347+0000] {processor.py:753} INFO - DAG(s) dict_keys(['example_nested_branch_dag']) retrieved from /home/airflow/.local/lib/python3.7/site-packages/airflow/example_dags/example_nested_branch_dag.py
[2023-04-24T19:39:35.891+0000] {logging_mixin.py:137} INFO - [2023-04-24T19:39:35.877+0000] {dag.py:2705} INFO - Sync 1 DAGs
[2023-04-24T19:39:38.290+0000] {logging_mixin.py:137} INFO - [2023-04-24T19:39:38.284+0000] {dag.py:3456} INFO - Setting next_dagrun for example_nested_branch_dag to 2023-04-23T00:00:00+00:00, run_after=2023-04-24T00:00:00+00:00
[2023-04-24T19:39:38.664+0000] {processor.py:175} INFO - Processing /home/airflow/.local/lib/python3.7/site-packages/airflow/example_dags/example_nested_branch_dag.py took 3.962 seconds
