[2023-04-24T07:59:10.757+0000] {processor.py:153} INFO - Started process (PID=47) to work on /home/airflow/.local/lib/python3.7/site-packages/airflow/example_dags/example_branch_operator_decorator.py
[2023-04-24T07:59:10.761+0000] {processor.py:743} INFO - Processing file /home/airflow/.local/lib/python3.7/site-packages/airflow/example_dags/example_branch_operator_decorator.py for tasks to queue
[2023-04-24T07:59:10.765+0000] {logging_mixin.py:137} INFO - [2023-04-24T07:59:10.763+0000] {dagbag.py:532} INFO - Filling up the DagBag from /home/airflow/.local/lib/python3.7/site-packages/airflow/example_dags/example_branch_operator_decorator.py
[2023-04-24T07:59:10.920+0000] {processor.py:753} INFO - DAG(s) dict_keys(['example_branch_python_operator_decorator']) retrieved from /home/airflow/.local/lib/python3.7/site-packages/airflow/example_dags/example_branch_operator_decorator.py
[2023-04-24T07:59:11.079+0000] {logging_mixin.py:137} INFO - [2023-04-24T07:59:11.079+0000] {dag.py:2705} INFO - Sync 1 DAGs
[2023-04-24T07:59:11.313+0000] {logging_mixin.py:137} INFO - [2023-04-24T07:59:11.312+0000] {dag.py:3456} INFO - Setting next_dagrun for example_branch_python_operator_decorator to 2023-04-23T00:00:00+00:00, run_after=2023-04-24T00:00:00+00:00
[2023-04-24T07:59:11.500+0000] {processor.py:175} INFO - Processing /home/airflow/.local/lib/python3.7/site-packages/airflow/example_dags/example_branch_operator_decorator.py took 0.759 seconds
[2023-04-24T08:00:00.972+0000] {processor.py:153} INFO - Started process (PID=103) to work on /home/airflow/.local/lib/python3.7/site-packages/airflow/example_dags/example_branch_operator_decorator.py
[2023-04-24T08:00:01.217+0000] {processor.py:743} INFO - Processing file /home/airflow/.local/lib/python3.7/site-packages/airflow/example_dags/example_branch_operator_decorator.py for tasks to queue
[2023-04-24T08:00:01.447+0000] {logging_mixin.py:137} INFO - [2023-04-24T08:00:01.421+0000] {dagbag.py:532} INFO - Filling up the DagBag from /home/airflow/.local/lib/python3.7/site-packages/airflow/example_dags/example_branch_operator_decorator.py
[2023-04-24T08:00:03.610+0000] {processor.py:753} INFO - DAG(s) dict_keys(['example_branch_python_operator_decorator']) retrieved from /home/airflow/.local/lib/python3.7/site-packages/airflow/example_dags/example_branch_operator_decorator.py
[2023-04-24T08:00:08.364+0000] {logging_mixin.py:137} INFO - [2023-04-24T08:00:08.360+0000] {dag.py:2705} INFO - Sync 1 DAGs
[2023-04-24T08:00:09.477+0000] {logging_mixin.py:137} INFO - [2023-04-24T08:00:09.476+0000] {dag.py:3456} INFO - Setting next_dagrun for example_branch_python_operator_decorator to 2023-04-23T00:00:00+00:00, run_after=2023-04-24T00:00:00+00:00
[2023-04-24T08:00:09.611+0000] {processor.py:175} INFO - Processing /home/airflow/.local/lib/python3.7/site-packages/airflow/example_dags/example_branch_operator_decorator.py took 8.554 seconds
[2023-04-24T08:02:10.093+0000] {processor.py:153} INFO - Started process (PID=175) to work on /home/airflow/.local/lib/python3.7/site-packages/airflow/example_dags/example_branch_operator_decorator.py
[2023-04-24T08:02:10.097+0000] {processor.py:743} INFO - Processing file /home/airflow/.local/lib/python3.7/site-packages/airflow/example_dags/example_branch_operator_decorator.py for tasks to queue
[2023-04-24T08:02:10.101+0000] {logging_mixin.py:137} INFO - [2023-04-24T08:02:10.101+0000] {dagbag.py:532} INFO - Filling up the DagBag from /home/airflow/.local/lib/python3.7/site-packages/airflow/example_dags/example_branch_operator_decorator.py
[2023-04-24T08:02:10.438+0000] {processor.py:753} INFO - DAG(s) dict_keys(['example_branch_python_operator_decorator']) retrieved from /home/airflow/.local/lib/python3.7/site-packages/airflow/example_dags/example_branch_operator_decorator.py
[2023-04-24T08:02:12.452+0000] {logging_mixin.py:137} INFO - [2023-04-24T08:02:12.451+0000] {dag.py:2705} INFO - Sync 1 DAGs
[2023-04-24T08:02:12.780+0000] {logging_mixin.py:137} INFO - [2023-04-24T08:02:12.737+0000] {dag.py:3456} INFO - Setting next_dagrun for example_branch_python_operator_decorator to 2023-04-23T00:00:00+00:00, run_after=2023-04-24T00:00:00+00:00
[2023-04-24T08:02:14.780+0000] {processor.py:175} INFO - Processing /home/airflow/.local/lib/python3.7/site-packages/airflow/example_dags/example_branch_operator_decorator.py took 4.703 seconds
[2023-04-24T08:05:06.018+0000] {processor.py:153} INFO - Started process (PID=229) to work on /home/airflow/.local/lib/python3.7/site-packages/airflow/example_dags/example_branch_operator_decorator.py
[2023-04-24T08:05:06.029+0000] {processor.py:743} INFO - Processing file /home/airflow/.local/lib/python3.7/site-packages/airflow/example_dags/example_branch_operator_decorator.py for tasks to queue
[2023-04-24T08:05:06.038+0000] {logging_mixin.py:137} INFO - [2023-04-24T08:05:06.035+0000] {dagbag.py:532} INFO - Filling up the DagBag from /home/airflow/.local/lib/python3.7/site-packages/airflow/example_dags/example_branch_operator_decorator.py
[2023-04-24T08:05:07.738+0000] {processor.py:753} INFO - DAG(s) dict_keys(['example_branch_python_operator_decorator']) retrieved from /home/airflow/.local/lib/python3.7/site-packages/airflow/example_dags/example_branch_operator_decorator.py
[2023-04-24T08:05:17.058+0000] {logging_mixin.py:137} INFO - [2023-04-24T08:05:17.057+0000] {dag.py:2705} INFO - Sync 1 DAGs
[2023-04-24T08:05:17.450+0000] {logging_mixin.py:137} INFO - [2023-04-24T08:05:17.450+0000] {dag.py:3456} INFO - Setting next_dagrun for example_branch_python_operator_decorator to 2023-04-23T00:00:00+00:00, run_after=2023-04-24T00:00:00+00:00
[2023-04-24T08:05:17.626+0000] {processor.py:175} INFO - Processing /home/airflow/.local/lib/python3.7/site-packages/airflow/example_dags/example_branch_operator_decorator.py took 11.605 seconds
[2023-04-24T08:07:03.253+0000] {processor.py:153} INFO - Started process (PID=295) to work on /home/airflow/.local/lib/python3.7/site-packages/airflow/example_dags/example_branch_operator_decorator.py
[2023-04-24T08:07:03.270+0000] {processor.py:743} INFO - Processing file /home/airflow/.local/lib/python3.7/site-packages/airflow/example_dags/example_branch_operator_decorator.py for tasks to queue
[2023-04-24T08:07:03.287+0000] {logging_mixin.py:137} INFO - [2023-04-24T08:07:03.283+0000] {dagbag.py:532} INFO - Filling up the DagBag from /home/airflow/.local/lib/python3.7/site-packages/airflow/example_dags/example_branch_operator_decorator.py
[2023-04-24T08:07:05.040+0000] {processor.py:753} INFO - DAG(s) dict_keys(['example_branch_python_operator_decorator']) retrieved from /home/airflow/.local/lib/python3.7/site-packages/airflow/example_dags/example_branch_operator_decorator.py
[2023-04-24T08:07:11.831+0000] {logging_mixin.py:137} INFO - [2023-04-24T08:07:11.818+0000] {dag.py:2705} INFO - Sync 1 DAGs
[2023-04-24T08:07:13.201+0000] {logging_mixin.py:137} INFO - [2023-04-24T08:07:13.152+0000] {dag.py:3456} INFO - Setting next_dagrun for example_branch_python_operator_decorator to 2023-04-23T00:00:00+00:00, run_after=2023-04-24T00:00:00+00:00
[2023-04-24T08:07:13.735+0000] {processor.py:175} INFO - Processing /home/airflow/.local/lib/python3.7/site-packages/airflow/example_dags/example_branch_operator_decorator.py took 10.539 seconds
[2023-04-24T08:09:34.981+0000] {processor.py:153} INFO - Started process (PID=342) to work on /home/airflow/.local/lib/python3.7/site-packages/airflow/example_dags/example_branch_operator_decorator.py
[2023-04-24T08:09:34.997+0000] {processor.py:743} INFO - Processing file /home/airflow/.local/lib/python3.7/site-packages/airflow/example_dags/example_branch_operator_decorator.py for tasks to queue
[2023-04-24T08:09:35.011+0000] {logging_mixin.py:137} INFO - [2023-04-24T08:09:35.010+0000] {dagbag.py:532} INFO - Filling up the DagBag from /home/airflow/.local/lib/python3.7/site-packages/airflow/example_dags/example_branch_operator_decorator.py
[2023-04-24T08:09:35.359+0000] {processor.py:753} INFO - DAG(s) dict_keys(['example_branch_python_operator_decorator']) retrieved from /home/airflow/.local/lib/python3.7/site-packages/airflow/example_dags/example_branch_operator_decorator.py
[2023-04-24T08:09:35.522+0000] {logging_mixin.py:137} INFO - [2023-04-24T08:09:35.521+0000] {dag.py:2705} INFO - Sync 1 DAGs
[2023-04-24T08:09:35.681+0000] {logging_mixin.py:137} INFO - [2023-04-24T08:09:35.681+0000] {dag.py:3456} INFO - Setting next_dagrun for example_branch_python_operator_decorator to 2023-04-23T00:00:00+00:00, run_after=2023-04-24T00:00:00+00:00
[2023-04-24T08:09:35.811+0000] {processor.py:175} INFO - Processing /home/airflow/.local/lib/python3.7/site-packages/airflow/example_dags/example_branch_operator_decorator.py took 0.848 seconds
[2023-04-24T08:10:31.248+0000] {processor.py:153} INFO - Started process (PID=379) to work on /home/airflow/.local/lib/python3.7/site-packages/airflow/example_dags/example_branch_operator_decorator.py
[2023-04-24T08:10:31.260+0000] {processor.py:743} INFO - Processing file /home/airflow/.local/lib/python3.7/site-packages/airflow/example_dags/example_branch_operator_decorator.py for tasks to queue
[2023-04-24T08:10:31.271+0000] {logging_mixin.py:137} INFO - [2023-04-24T08:10:31.269+0000] {dagbag.py:532} INFO - Filling up the DagBag from /home/airflow/.local/lib/python3.7/site-packages/airflow/example_dags/example_branch_operator_decorator.py
[2023-04-24T08:10:31.753+0000] {processor.py:753} INFO - DAG(s) dict_keys(['example_branch_python_operator_decorator']) retrieved from /home/airflow/.local/lib/python3.7/site-packages/airflow/example_dags/example_branch_operator_decorator.py
[2023-04-24T08:10:32.222+0000] {logging_mixin.py:137} INFO - [2023-04-24T08:10:32.215+0000] {dag.py:2705} INFO - Sync 1 DAGs
[2023-04-24T08:10:37.498+0000] {logging_mixin.py:137} INFO - [2023-04-24T08:10:37.473+0000] {dag.py:3456} INFO - Setting next_dagrun for example_branch_python_operator_decorator to 2023-04-23T00:00:00+00:00, run_after=2023-04-24T00:00:00+00:00
[2023-04-24T08:10:38.052+0000] {processor.py:175} INFO - Processing /home/airflow/.local/lib/python3.7/site-packages/airflow/example_dags/example_branch_operator_decorator.py took 6.850 seconds
[2023-04-24T08:12:53.167+0000] {processor.py:153} INFO - Started process (PID=431) to work on /home/airflow/.local/lib/python3.7/site-packages/airflow/example_dags/example_branch_operator_decorator.py
[2023-04-24T08:12:53.180+0000] {processor.py:743} INFO - Processing file /home/airflow/.local/lib/python3.7/site-packages/airflow/example_dags/example_branch_operator_decorator.py for tasks to queue
[2023-04-24T08:12:53.189+0000] {logging_mixin.py:137} INFO - [2023-04-24T08:12:53.189+0000] {dagbag.py:532} INFO - Filling up the DagBag from /home/airflow/.local/lib/python3.7/site-packages/airflow/example_dags/example_branch_operator_decorator.py
[2023-04-24T08:12:53.768+0000] {processor.py:753} INFO - DAG(s) dict_keys(['example_branch_python_operator_decorator']) retrieved from /home/airflow/.local/lib/python3.7/site-packages/airflow/example_dags/example_branch_operator_decorator.py
[2023-04-24T08:12:54.822+0000] {logging_mixin.py:137} INFO - [2023-04-24T08:12:54.822+0000] {dag.py:2705} INFO - Sync 1 DAGs
[2023-04-24T08:12:55.228+0000] {logging_mixin.py:137} INFO - [2023-04-24T08:12:55.227+0000] {dag.py:3456} INFO - Setting next_dagrun for example_branch_python_operator_decorator to 2023-04-23T00:00:00+00:00, run_after=2023-04-24T00:00:00+00:00
[2023-04-24T08:12:55.471+0000] {processor.py:175} INFO - Processing /home/airflow/.local/lib/python3.7/site-packages/airflow/example_dags/example_branch_operator_decorator.py took 2.330 seconds
[2023-04-24T19:37:06.677+0000] {processor.py:153} INFO - Started process (PID=47) to work on /home/airflow/.local/lib/python3.7/site-packages/airflow/example_dags/example_branch_operator_decorator.py
[2023-04-24T19:37:06.687+0000] {processor.py:743} INFO - Processing file /home/airflow/.local/lib/python3.7/site-packages/airflow/example_dags/example_branch_operator_decorator.py for tasks to queue
[2023-04-24T19:37:06.694+0000] {logging_mixin.py:137} INFO - [2023-04-24T19:37:06.692+0000] {dagbag.py:532} INFO - Filling up the DagBag from /home/airflow/.local/lib/python3.7/site-packages/airflow/example_dags/example_branch_operator_decorator.py
[2023-04-24T19:37:06.901+0000] {processor.py:753} INFO - DAG(s) dict_keys(['example_branch_python_operator_decorator']) retrieved from /home/airflow/.local/lib/python3.7/site-packages/airflow/example_dags/example_branch_operator_decorator.py
[2023-04-24T19:37:07.505+0000] {logging_mixin.py:137} INFO - [2023-04-24T19:37:07.505+0000] {manager.py:504} INFO - Created Permission View: can edit on DAG:example_branch_python_operator_decorator
[2023-04-24T19:37:07.593+0000] {logging_mixin.py:137} INFO - [2023-04-24T19:37:07.593+0000] {manager.py:504} INFO - Created Permission View: can delete on DAG:example_branch_python_operator_decorator
[2023-04-24T19:37:07.612+0000] {logging_mixin.py:137} INFO - [2023-04-24T19:37:07.612+0000] {manager.py:504} INFO - Created Permission View: can read on DAG:example_branch_python_operator_decorator
[2023-04-24T19:37:07.615+0000] {logging_mixin.py:137} INFO - [2023-04-24T19:37:07.613+0000] {dag.py:2705} INFO - Sync 1 DAGs
[2023-04-24T19:37:07.723+0000] {logging_mixin.py:137} INFO - [2023-04-24T19:37:07.701+0000] {dag.py:2726} INFO - Creating ORM DAG for example_branch_python_operator_decorator
[2023-04-24T19:37:07.831+0000] {logging_mixin.py:137} INFO - [2023-04-24T19:37:07.831+0000] {dag.py:3456} INFO - Setting next_dagrun for example_branch_python_operator_decorator to 2023-04-23T00:00:00+00:00, run_after=2023-04-24T00:00:00+00:00
[2023-04-24T19:37:07.906+0000] {processor.py:175} INFO - Processing /home/airflow/.local/lib/python3.7/site-packages/airflow/example_dags/example_branch_operator_decorator.py took 1.247 seconds
[2023-04-24T19:38:18.118+0000] {processor.py:153} INFO - Started process (PID=98) to work on /home/airflow/.local/lib/python3.7/site-packages/airflow/example_dags/example_branch_operator_decorator.py
[2023-04-24T19:38:18.124+0000] {processor.py:743} INFO - Processing file /home/airflow/.local/lib/python3.7/site-packages/airflow/example_dags/example_branch_operator_decorator.py for tasks to queue
[2023-04-24T19:38:18.126+0000] {logging_mixin.py:137} INFO - [2023-04-24T19:38:18.126+0000] {dagbag.py:532} INFO - Filling up the DagBag from /home/airflow/.local/lib/python3.7/site-packages/airflow/example_dags/example_branch_operator_decorator.py
[2023-04-24T19:38:18.444+0000] {processor.py:753} INFO - DAG(s) dict_keys(['example_branch_python_operator_decorator']) retrieved from /home/airflow/.local/lib/python3.7/site-packages/airflow/example_dags/example_branch_operator_decorator.py
[2023-04-24T19:38:19.620+0000] {logging_mixin.py:137} INFO - [2023-04-24T19:38:19.620+0000] {dag.py:2705} INFO - Sync 1 DAGs
[2023-04-24T19:38:19.699+0000] {logging_mixin.py:137} INFO - [2023-04-24T19:38:19.699+0000] {dag.py:3456} INFO - Setting next_dagrun for example_branch_python_operator_decorator to 2023-04-23T00:00:00+00:00, run_after=2023-04-24T00:00:00+00:00
[2023-04-24T19:38:19.791+0000] {processor.py:175} INFO - Processing /home/airflow/.local/lib/python3.7/site-packages/airflow/example_dags/example_branch_operator_decorator.py took 1.687 seconds
