[2023-04-24T07:59:07.318+0000] {processor.py:153} INFO - Started process (PID=41) to work on /home/airflow/.local/lib/python3.7/site-packages/airflow/example_dags/example_short_circuit_operator.py
[2023-04-24T07:59:07.320+0000] {processor.py:743} INFO - Processing file /home/airflow/.local/lib/python3.7/site-packages/airflow/example_dags/example_short_circuit_operator.py for tasks to queue
[2023-04-24T07:59:07.330+0000] {logging_mixin.py:137} INFO - [2023-04-24T07:59:07.329+0000] {dagbag.py:532} INFO - Filling up the DagBag from /home/airflow/.local/lib/python3.7/site-packages/airflow/example_dags/example_short_circuit_operator.py
[2023-04-24T07:59:07.764+0000] {processor.py:753} INFO - DAG(s) dict_keys(['example_short_circuit_operator']) retrieved from /home/airflow/.local/lib/python3.7/site-packages/airflow/example_dags/example_short_circuit_operator.py
[2023-04-24T07:59:08.023+0000] {logging_mixin.py:137} INFO - [2023-04-24T07:59:08.023+0000] {dag.py:2705} INFO - Sync 1 DAGs
[2023-04-24T07:59:08.268+0000] {logging_mixin.py:137} INFO - [2023-04-24T07:59:08.268+0000] {dag.py:3456} INFO - Setting next_dagrun for example_short_circuit_operator to 2023-04-23T07:59:08.266725+00:00, run_after=2023-04-24T07:59:08.266725+00:00
[2023-04-24T07:59:08.390+0000] {processor.py:175} INFO - Processing /home/airflow/.local/lib/python3.7/site-packages/airflow/example_dags/example_short_circuit_operator.py took 1.109 seconds
[2023-04-24T07:59:39.959+0000] {processor.py:153} INFO - Started process (PID=91) to work on /home/airflow/.local/lib/python3.7/site-packages/airflow/example_dags/example_short_circuit_operator.py
[2023-04-24T07:59:39.993+0000] {processor.py:743} INFO - Processing file /home/airflow/.local/lib/python3.7/site-packages/airflow/example_dags/example_short_circuit_operator.py for tasks to queue
[2023-04-24T07:59:40.052+0000] {logging_mixin.py:137} INFO - [2023-04-24T07:59:40.046+0000] {dagbag.py:532} INFO - Filling up the DagBag from /home/airflow/.local/lib/python3.7/site-packages/airflow/example_dags/example_short_circuit_operator.py
[2023-04-24T07:59:44.546+0000] {processor.py:753} INFO - DAG(s) dict_keys(['example_short_circuit_operator']) retrieved from /home/airflow/.local/lib/python3.7/site-packages/airflow/example_dags/example_short_circuit_operator.py
[2023-04-24T07:59:49.820+0000] {logging_mixin.py:137} INFO - [2023-04-24T07:59:49.813+0000] {dag.py:2705} INFO - Sync 1 DAGs
[2023-04-24T07:59:51.557+0000] {logging_mixin.py:137} INFO - [2023-04-24T07:59:51.557+0000] {dag.py:3456} INFO - Setting next_dagrun for example_short_circuit_operator to 2023-04-23T07:59:51.554849+00:00, run_after=2023-04-24T07:59:51.554849+00:00
[2023-04-24T07:59:51.686+0000] {processor.py:175} INFO - Processing /home/airflow/.local/lib/python3.7/site-packages/airflow/example_dags/example_short_circuit_operator.py took 11.836 seconds
[2023-04-24T08:00:46.615+0000] {processor.py:153} INFO - Started process (PID=135) to work on /home/airflow/.local/lib/python3.7/site-packages/airflow/example_dags/example_short_circuit_operator.py
[2023-04-24T08:00:46.621+0000] {processor.py:743} INFO - Processing file /home/airflow/.local/lib/python3.7/site-packages/airflow/example_dags/example_short_circuit_operator.py for tasks to queue
[2023-04-24T08:00:46.626+0000] {logging_mixin.py:137} INFO - [2023-04-24T08:00:46.626+0000] {dagbag.py:532} INFO - Filling up the DagBag from /home/airflow/.local/lib/python3.7/site-packages/airflow/example_dags/example_short_circuit_operator.py
[2023-04-24T08:00:46.809+0000] {processor.py:753} INFO - DAG(s) dict_keys(['example_short_circuit_operator']) retrieved from /home/airflow/.local/lib/python3.7/site-packages/airflow/example_dags/example_short_circuit_operator.py
[2023-04-24T08:00:47.932+0000] {logging_mixin.py:137} INFO - [2023-04-24T08:00:47.926+0000] {dag.py:2705} INFO - Sync 1 DAGs
[2023-04-24T08:00:48.136+0000] {logging_mixin.py:137} INFO - [2023-04-24T08:00:48.135+0000] {dag.py:3456} INFO - Setting next_dagrun for example_short_circuit_operator to 2023-04-23T08:00:48.131254+00:00, run_after=2023-04-24T08:00:48.131254+00:00
[2023-04-24T08:00:48.294+0000] {processor.py:175} INFO - Processing /home/airflow/.local/lib/python3.7/site-packages/airflow/example_dags/example_short_circuit_operator.py took 1.699 seconds
[2023-04-24T08:01:59.933+0000] {processor.py:153} INFO - Started process (PID=169) to work on /home/airflow/.local/lib/python3.7/site-packages/airflow/example_dags/example_short_circuit_operator.py
[2023-04-24T08:01:59.936+0000] {processor.py:743} INFO - Processing file /home/airflow/.local/lib/python3.7/site-packages/airflow/example_dags/example_short_circuit_operator.py for tasks to queue
[2023-04-24T08:01:59.944+0000] {logging_mixin.py:137} INFO - [2023-04-24T08:01:59.943+0000] {dagbag.py:532} INFO - Filling up the DagBag from /home/airflow/.local/lib/python3.7/site-packages/airflow/example_dags/example_short_circuit_operator.py
[2023-04-24T08:02:00.288+0000] {processor.py:753} INFO - DAG(s) dict_keys(['example_short_circuit_operator']) retrieved from /home/airflow/.local/lib/python3.7/site-packages/airflow/example_dags/example_short_circuit_operator.py
[2023-04-24T08:02:00.662+0000] {logging_mixin.py:137} INFO - [2023-04-24T08:02:00.662+0000] {dag.py:2705} INFO - Sync 1 DAGs
[2023-04-24T08:02:00.748+0000] {logging_mixin.py:137} INFO - [2023-04-24T08:02:00.747+0000] {dag.py:3456} INFO - Setting next_dagrun for example_short_circuit_operator to 2023-04-23T08:02:00.747007+00:00, run_after=2023-04-24T08:02:00.747007+00:00
[2023-04-24T08:02:00.808+0000] {processor.py:175} INFO - Processing /home/airflow/.local/lib/python3.7/site-packages/airflow/example_dags/example_short_circuit_operator.py took 0.899 seconds
[2023-04-24T08:04:23.083+0000] {processor.py:153} INFO - Started process (PID=216) to work on /home/airflow/.local/lib/python3.7/site-packages/airflow/example_dags/example_short_circuit_operator.py
[2023-04-24T08:04:23.138+0000] {processor.py:743} INFO - Processing file /home/airflow/.local/lib/python3.7/site-packages/airflow/example_dags/example_short_circuit_operator.py for tasks to queue
[2023-04-24T08:04:23.201+0000] {logging_mixin.py:137} INFO - [2023-04-24T08:04:23.188+0000] {dagbag.py:532} INFO - Filling up the DagBag from /home/airflow/.local/lib/python3.7/site-packages/airflow/example_dags/example_short_circuit_operator.py
[2023-04-24T08:04:24.093+0000] {processor.py:753} INFO - DAG(s) dict_keys(['example_short_circuit_operator']) retrieved from /home/airflow/.local/lib/python3.7/site-packages/airflow/example_dags/example_short_circuit_operator.py
[2023-04-24T08:04:38.538+0000] {logging_mixin.py:137} INFO - [2023-04-24T08:04:38.537+0000] {dag.py:2705} INFO - Sync 1 DAGs
[2023-04-24T08:04:40.826+0000] {logging_mixin.py:137} INFO - [2023-04-24T08:04:40.820+0000] {dag.py:3456} INFO - Setting next_dagrun for example_short_circuit_operator to 2023-04-23T08:04:40.780065+00:00, run_after=2023-04-24T08:04:40.780065+00:00
[2023-04-24T08:04:41.285+0000] {processor.py:175} INFO - Processing /home/airflow/.local/lib/python3.7/site-packages/airflow/example_dags/example_short_circuit_operator.py took 18.817 seconds
[2023-04-24T08:06:24.288+0000] {processor.py:153} INFO - Started process (PID=282) to work on /home/airflow/.local/lib/python3.7/site-packages/airflow/example_dags/example_short_circuit_operator.py
[2023-04-24T08:06:24.299+0000] {processor.py:743} INFO - Processing file /home/airflow/.local/lib/python3.7/site-packages/airflow/example_dags/example_short_circuit_operator.py for tasks to queue
[2023-04-24T08:06:24.314+0000] {logging_mixin.py:137} INFO - [2023-04-24T08:06:24.312+0000] {dagbag.py:532} INFO - Filling up the DagBag from /home/airflow/.local/lib/python3.7/site-packages/airflow/example_dags/example_short_circuit_operator.py
[2023-04-24T08:06:25.951+0000] {processor.py:753} INFO - DAG(s) dict_keys(['example_short_circuit_operator']) retrieved from /home/airflow/.local/lib/python3.7/site-packages/airflow/example_dags/example_short_circuit_operator.py
[2023-04-24T08:06:30.409+0000] {logging_mixin.py:137} INFO - [2023-04-24T08:06:30.408+0000] {dag.py:2705} INFO - Sync 1 DAGs
[2023-04-24T08:06:31.980+0000] {logging_mixin.py:137} INFO - [2023-04-24T08:06:31.958+0000] {dag.py:3456} INFO - Setting next_dagrun for example_short_circuit_operator to 2023-04-23T08:06:31.923910+00:00, run_after=2023-04-24T08:06:31.923910+00:00
[2023-04-24T08:06:34.674+0000] {processor.py:175} INFO - Processing /home/airflow/.local/lib/python3.7/site-packages/airflow/example_dags/example_short_circuit_operator.py took 10.573 seconds
[2023-04-24T08:09:10.765+0000] {processor.py:153} INFO - Started process (PID=328) to work on /home/airflow/.local/lib/python3.7/site-packages/airflow/example_dags/example_short_circuit_operator.py
[2023-04-24T08:09:10.800+0000] {processor.py:743} INFO - Processing file /home/airflow/.local/lib/python3.7/site-packages/airflow/example_dags/example_short_circuit_operator.py for tasks to queue
[2023-04-24T08:09:10.900+0000] {logging_mixin.py:137} INFO - [2023-04-24T08:09:10.890+0000] {dagbag.py:532} INFO - Filling up the DagBag from /home/airflow/.local/lib/python3.7/site-packages/airflow/example_dags/example_short_circuit_operator.py
[2023-04-24T08:09:12.331+0000] {processor.py:753} INFO - DAG(s) dict_keys(['example_short_circuit_operator']) retrieved from /home/airflow/.local/lib/python3.7/site-packages/airflow/example_dags/example_short_circuit_operator.py
[2023-04-24T08:09:16.688+0000] {logging_mixin.py:137} INFO - [2023-04-24T08:09:16.685+0000] {dag.py:2705} INFO - Sync 1 DAGs
[2023-04-24T08:09:19.081+0000] {logging_mixin.py:137} INFO - [2023-04-24T08:09:19.070+0000] {dag.py:3456} INFO - Setting next_dagrun for example_short_circuit_operator to 2023-04-23T08:09:18.966798+00:00, run_after=2023-04-24T08:09:18.966798+00:00
[2023-04-24T08:09:21.210+0000] {processor.py:175} INFO - Processing /home/airflow/.local/lib/python3.7/site-packages/airflow/example_dags/example_short_circuit_operator.py took 11.231 seconds
[2023-04-24T08:10:15.924+0000] {processor.py:153} INFO - Started process (PID=373) to work on /home/airflow/.local/lib/python3.7/site-packages/airflow/example_dags/example_short_circuit_operator.py
[2023-04-24T08:10:15.938+0000] {processor.py:743} INFO - Processing file /home/airflow/.local/lib/python3.7/site-packages/airflow/example_dags/example_short_circuit_operator.py for tasks to queue
[2023-04-24T08:10:15.946+0000] {logging_mixin.py:137} INFO - [2023-04-24T08:10:15.946+0000] {dagbag.py:532} INFO - Filling up the DagBag from /home/airflow/.local/lib/python3.7/site-packages/airflow/example_dags/example_short_circuit_operator.py
[2023-04-24T08:10:16.361+0000] {processor.py:753} INFO - DAG(s) dict_keys(['example_short_circuit_operator']) retrieved from /home/airflow/.local/lib/python3.7/site-packages/airflow/example_dags/example_short_circuit_operator.py
[2023-04-24T08:10:18.705+0000] {logging_mixin.py:137} INFO - [2023-04-24T08:10:18.699+0000] {dag.py:2705} INFO - Sync 1 DAGs
[2023-04-24T08:10:19.172+0000] {logging_mixin.py:137} INFO - [2023-04-24T08:10:19.171+0000] {dag.py:3456} INFO - Setting next_dagrun for example_short_circuit_operator to 2023-04-23T08:10:19.166769+00:00, run_after=2023-04-24T08:10:19.166769+00:00
[2023-04-24T08:10:25.360+0000] {processor.py:175} INFO - Processing /home/airflow/.local/lib/python3.7/site-packages/airflow/example_dags/example_short_circuit_operator.py took 9.471 seconds
[2023-04-24T08:12:45.254+0000] {processor.py:153} INFO - Started process (PID=425) to work on /home/airflow/.local/lib/python3.7/site-packages/airflow/example_dags/example_short_circuit_operator.py
[2023-04-24T08:12:45.265+0000] {processor.py:743} INFO - Processing file /home/airflow/.local/lib/python3.7/site-packages/airflow/example_dags/example_short_circuit_operator.py for tasks to queue
[2023-04-24T08:12:45.282+0000] {logging_mixin.py:137} INFO - [2023-04-24T08:12:45.282+0000] {dagbag.py:532} INFO - Filling up the DagBag from /home/airflow/.local/lib/python3.7/site-packages/airflow/example_dags/example_short_circuit_operator.py
[2023-04-24T08:12:45.897+0000] {processor.py:753} INFO - DAG(s) dict_keys(['example_short_circuit_operator']) retrieved from /home/airflow/.local/lib/python3.7/site-packages/airflow/example_dags/example_short_circuit_operator.py
[2023-04-24T08:12:47.275+0000] {logging_mixin.py:137} INFO - [2023-04-24T08:12:47.274+0000] {dag.py:2705} INFO - Sync 1 DAGs
[2023-04-24T08:12:47.949+0000] {logging_mixin.py:137} INFO - [2023-04-24T08:12:47.948+0000] {dag.py:3456} INFO - Setting next_dagrun for example_short_circuit_operator to 2023-04-23T08:12:47.947467+00:00, run_after=2023-04-24T08:12:47.947467+00:00
[2023-04-24T08:12:48.502+0000] {processor.py:175} INFO - Processing /home/airflow/.local/lib/python3.7/site-packages/airflow/example_dags/example_short_circuit_operator.py took 3.298 seconds
[2023-04-24T19:36:59.743+0000] {processor.py:153} INFO - Started process (PID=41) to work on /home/airflow/.local/lib/python3.7/site-packages/airflow/example_dags/example_short_circuit_operator.py
[2023-04-24T19:36:59.764+0000] {processor.py:743} INFO - Processing file /home/airflow/.local/lib/python3.7/site-packages/airflow/example_dags/example_short_circuit_operator.py for tasks to queue
[2023-04-24T19:36:59.778+0000] {logging_mixin.py:137} INFO - [2023-04-24T19:36:59.768+0000] {dagbag.py:532} INFO - Filling up the DagBag from /home/airflow/.local/lib/python3.7/site-packages/airflow/example_dags/example_short_circuit_operator.py
[2023-04-24T19:37:00.265+0000] {processor.py:753} INFO - DAG(s) dict_keys(['example_short_circuit_operator']) retrieved from /home/airflow/.local/lib/python3.7/site-packages/airflow/example_dags/example_short_circuit_operator.py
[2023-04-24T19:37:01.916+0000] {logging_mixin.py:137} INFO - [2023-04-24T19:37:01.916+0000] {manager.py:504} INFO - Created Permission View: can edit on DAG:example_short_circuit_operator
[2023-04-24T19:37:01.966+0000] {logging_mixin.py:137} INFO - [2023-04-24T19:37:01.966+0000] {manager.py:504} INFO - Created Permission View: can delete on DAG:example_short_circuit_operator
[2023-04-24T19:37:01.996+0000] {logging_mixin.py:137} INFO - [2023-04-24T19:37:01.996+0000] {manager.py:504} INFO - Created Permission View: can read on DAG:example_short_circuit_operator
[2023-04-24T19:37:01.997+0000] {logging_mixin.py:137} INFO - [2023-04-24T19:37:01.997+0000] {dag.py:2705} INFO - Sync 1 DAGs
[2023-04-24T19:37:02.078+0000] {logging_mixin.py:137} INFO - [2023-04-24T19:37:02.078+0000] {dag.py:2726} INFO - Creating ORM DAG for example_short_circuit_operator
[2023-04-24T19:37:02.170+0000] {logging_mixin.py:137} INFO - [2023-04-24T19:37:02.170+0000] {dag.py:3456} INFO - Setting next_dagrun for example_short_circuit_operator to 2023-04-23T19:37:02.169972+00:00, run_after=2023-04-24T19:37:02.169972+00:00
[2023-04-24T19:37:02.310+0000] {processor.py:175} INFO - Processing /home/airflow/.local/lib/python3.7/site-packages/airflow/example_dags/example_short_circuit_operator.py took 2.593 seconds
[2023-04-24T19:37:45.886+0000] {processor.py:153} INFO - Started process (PID=92) to work on /home/airflow/.local/lib/python3.7/site-packages/airflow/example_dags/example_short_circuit_operator.py
[2023-04-24T19:37:45.934+0000] {processor.py:743} INFO - Processing file /home/airflow/.local/lib/python3.7/site-packages/airflow/example_dags/example_short_circuit_operator.py for tasks to queue
[2023-04-24T19:37:45.978+0000] {logging_mixin.py:137} INFO - [2023-04-24T19:37:45.969+0000] {dagbag.py:532} INFO - Filling up the DagBag from /home/airflow/.local/lib/python3.7/site-packages/airflow/example_dags/example_short_circuit_operator.py
[2023-04-24T19:37:46.508+0000] {processor.py:753} INFO - DAG(s) dict_keys(['example_short_circuit_operator']) retrieved from /home/airflow/.local/lib/python3.7/site-packages/airflow/example_dags/example_short_circuit_operator.py
[2023-04-24T19:37:52.284+0000] {logging_mixin.py:137} INFO - [2023-04-24T19:37:52.280+0000] {dag.py:2705} INFO - Sync 1 DAGs
[2023-04-24T19:37:54.564+0000] {logging_mixin.py:137} INFO - [2023-04-24T19:37:54.563+0000] {dag.py:3456} INFO - Setting next_dagrun for example_short_circuit_operator to 2023-04-23T19:37:54.558020+00:00, run_after=2023-04-24T19:37:54.558020+00:00
[2023-04-24T19:38:12.547+0000] {processor.py:175} INFO - Processing /home/airflow/.local/lib/python3.7/site-packages/airflow/example_dags/example_short_circuit_operator.py took 26.751 seconds
