[2023-04-24T07:59:17.972+0000] {processor.py:153} INFO - Started process (PID=63) to work on /home/airflow/.local/lib/python3.7/site-packages/airflow/example_dags/example_xcomargs.py
[2023-04-24T07:59:17.975+0000] {processor.py:743} INFO - Processing file /home/airflow/.local/lib/python3.7/site-packages/airflow/example_dags/example_xcomargs.py for tasks to queue
[2023-04-24T07:59:17.977+0000] {logging_mixin.py:137} INFO - [2023-04-24T07:59:17.977+0000] {dagbag.py:532} INFO - Filling up the DagBag from /home/airflow/.local/lib/python3.7/site-packages/airflow/example_dags/example_xcomargs.py
[2023-04-24T07:59:18.211+0000] {processor.py:753} INFO - DAG(s) dict_keys(['example_xcom_args_with_operators', 'example_xcom_args']) retrieved from /home/airflow/.local/lib/python3.7/site-packages/airflow/example_dags/example_xcomargs.py
[2023-04-24T07:59:18.469+0000] {logging_mixin.py:137} INFO - [2023-04-24T07:59:18.469+0000] {dag.py:2705} INFO - Sync 2 DAGs
[2023-04-24T07:59:18.573+0000] {logging_mixin.py:137} INFO - [2023-04-24T07:59:18.572+0000] {dag.py:3456} INFO - Setting next_dagrun for example_xcom_args to None, run_after=None
[2023-04-24T07:59:18.591+0000] {logging_mixin.py:137} INFO - [2023-04-24T07:59:18.591+0000] {dag.py:3456} INFO - Setting next_dagrun for example_xcom_args_with_operators to None, run_after=None
[2023-04-24T07:59:18.741+0000] {processor.py:175} INFO - Processing /home/airflow/.local/lib/python3.7/site-packages/airflow/example_dags/example_xcomargs.py took 0.786 seconds
[2023-04-24T08:00:21.238+0000] {processor.py:153} INFO - Started process (PID=120) to work on /home/airflow/.local/lib/python3.7/site-packages/airflow/example_dags/example_xcomargs.py
[2023-04-24T08:00:21.293+0000] {processor.py:743} INFO - Processing file /home/airflow/.local/lib/python3.7/site-packages/airflow/example_dags/example_xcomargs.py for tasks to queue
[2023-04-24T08:00:21.331+0000] {logging_mixin.py:137} INFO - [2023-04-24T08:00:21.331+0000] {dagbag.py:532} INFO - Filling up the DagBag from /home/airflow/.local/lib/python3.7/site-packages/airflow/example_dags/example_xcomargs.py
[2023-04-24T08:00:22.671+0000] {processor.py:753} INFO - DAG(s) dict_keys(['example_xcom_args', 'example_xcom_args_with_operators']) retrieved from /home/airflow/.local/lib/python3.7/site-packages/airflow/example_dags/example_xcomargs.py
[2023-04-24T08:00:24.400+0000] {logging_mixin.py:137} INFO - [2023-04-24T08:00:24.395+0000] {dag.py:2705} INFO - Sync 2 DAGs
[2023-04-24T08:00:25.085+0000] {logging_mixin.py:137} INFO - [2023-04-24T08:00:25.004+0000] {dag.py:3456} INFO - Setting next_dagrun for example_xcom_args to None, run_after=None
[2023-04-24T08:00:25.206+0000] {logging_mixin.py:137} INFO - [2023-04-24T08:00:25.189+0000] {dag.py:3456} INFO - Setting next_dagrun for example_xcom_args_with_operators to None, run_after=None
[2023-04-24T08:00:25.523+0000] {processor.py:175} INFO - Processing /home/airflow/.local/lib/python3.7/site-packages/airflow/example_dags/example_xcomargs.py took 4.365 seconds
[2023-04-24T08:03:13.215+0000] {processor.py:153} INFO - Started process (PID=206) to work on /home/airflow/.local/lib/python3.7/site-packages/airflow/example_dags/example_xcomargs.py
[2023-04-24T08:03:13.226+0000] {processor.py:743} INFO - Processing file /home/airflow/.local/lib/python3.7/site-packages/airflow/example_dags/example_xcomargs.py for tasks to queue
[2023-04-24T08:03:13.255+0000] {logging_mixin.py:137} INFO - [2023-04-24T08:03:13.255+0000] {dagbag.py:532} INFO - Filling up the DagBag from /home/airflow/.local/lib/python3.7/site-packages/airflow/example_dags/example_xcomargs.py
[2023-04-24T08:03:13.605+0000] {processor.py:753} INFO - DAG(s) dict_keys(['example_xcom_args_with_operators', 'example_xcom_args']) retrieved from /home/airflow/.local/lib/python3.7/site-packages/airflow/example_dags/example_xcomargs.py
[2023-04-24T08:03:14.072+0000] {logging_mixin.py:137} INFO - [2023-04-24T08:03:14.072+0000] {dag.py:2705} INFO - Sync 2 DAGs
[2023-04-24T08:03:14.260+0000] {logging_mixin.py:137} INFO - [2023-04-24T08:03:14.260+0000] {dag.py:3456} INFO - Setting next_dagrun for example_xcom_args to None, run_after=None
[2023-04-24T08:03:14.304+0000] {logging_mixin.py:137} INFO - [2023-04-24T08:03:14.304+0000] {dag.py:3456} INFO - Setting next_dagrun for example_xcom_args_with_operators to None, run_after=None
[2023-04-24T08:03:14.994+0000] {processor.py:175} INFO - Processing /home/airflow/.local/lib/python3.7/site-packages/airflow/example_dags/example_xcomargs.py took 1.843 seconds
[2023-04-24T08:05:48.258+0000] {processor.py:153} INFO - Started process (PID=259) to work on /home/airflow/.local/lib/python3.7/site-packages/airflow/example_dags/example_xcomargs.py
[2023-04-24T08:05:48.286+0000] {processor.py:743} INFO - Processing file /home/airflow/.local/lib/python3.7/site-packages/airflow/example_dags/example_xcomargs.py for tasks to queue
[2023-04-24T08:05:48.301+0000] {logging_mixin.py:137} INFO - [2023-04-24T08:05:48.300+0000] {dagbag.py:532} INFO - Filling up the DagBag from /home/airflow/.local/lib/python3.7/site-packages/airflow/example_dags/example_xcomargs.py
[2023-04-24T08:05:49.368+0000] {processor.py:753} INFO - DAG(s) dict_keys(['example_xcom_args', 'example_xcom_args_with_operators']) retrieved from /home/airflow/.local/lib/python3.7/site-packages/airflow/example_dags/example_xcomargs.py
[2023-04-24T08:05:50.752+0000] {logging_mixin.py:137} INFO - [2023-04-24T08:05:50.752+0000] {dag.py:2705} INFO - Sync 2 DAGs
[2023-04-24T08:05:52.029+0000] {logging_mixin.py:137} INFO - [2023-04-24T08:05:52.029+0000] {dag.py:3456} INFO - Setting next_dagrun for example_xcom_args to None, run_after=None
[2023-04-24T08:05:52.108+0000] {logging_mixin.py:137} INFO - [2023-04-24T08:05:52.108+0000] {dag.py:3456} INFO - Setting next_dagrun for example_xcom_args_with_operators to None, run_after=None
[2023-04-24T08:05:52.343+0000] {processor.py:175} INFO - Processing /home/airflow/.local/lib/python3.7/site-packages/airflow/example_dags/example_xcomargs.py took 4.434 seconds
[2023-04-24T08:09:41.058+0000] {processor.py:153} INFO - Started process (PID=351) to work on /home/airflow/.local/lib/python3.7/site-packages/airflow/example_dags/example_xcomargs.py
[2023-04-24T08:09:41.076+0000] {processor.py:743} INFO - Processing file /home/airflow/.local/lib/python3.7/site-packages/airflow/example_dags/example_xcomargs.py for tasks to queue
[2023-04-24T08:09:41.087+0000] {logging_mixin.py:137} INFO - [2023-04-24T08:09:41.085+0000] {dagbag.py:532} INFO - Filling up the DagBag from /home/airflow/.local/lib/python3.7/site-packages/airflow/example_dags/example_xcomargs.py
[2023-04-24T08:09:41.362+0000] {processor.py:753} INFO - DAG(s) dict_keys(['example_xcom_args', 'example_xcom_args_with_operators']) retrieved from /home/airflow/.local/lib/python3.7/site-packages/airflow/example_dags/example_xcomargs.py
[2023-04-24T08:09:41.569+0000] {logging_mixin.py:137} INFO - [2023-04-24T08:09:41.569+0000] {dag.py:2705} INFO - Sync 2 DAGs
[2023-04-24T08:09:41.838+0000] {logging_mixin.py:137} INFO - [2023-04-24T08:09:41.833+0000] {dag.py:3456} INFO - Setting next_dagrun for example_xcom_args to None, run_after=None
[2023-04-24T08:09:41.975+0000] {logging_mixin.py:137} INFO - [2023-04-24T08:09:41.959+0000] {dag.py:3456} INFO - Setting next_dagrun for example_xcom_args_with_operators to None, run_after=None
[2023-04-24T08:09:42.204+0000] {processor.py:175} INFO - Processing /home/airflow/.local/lib/python3.7/site-packages/airflow/example_dags/example_xcomargs.py took 1.161 seconds
[2023-04-24T08:11:37.876+0000] {processor.py:153} INFO - Started process (PID=410) to work on /home/airflow/.local/lib/python3.7/site-packages/airflow/example_dags/example_xcomargs.py
[2023-04-24T08:11:37.936+0000] {processor.py:743} INFO - Processing file /home/airflow/.local/lib/python3.7/site-packages/airflow/example_dags/example_xcomargs.py for tasks to queue
[2023-04-24T08:11:37.960+0000] {logging_mixin.py:137} INFO - [2023-04-24T08:11:37.960+0000] {dagbag.py:532} INFO - Filling up the DagBag from /home/airflow/.local/lib/python3.7/site-packages/airflow/example_dags/example_xcomargs.py
[2023-04-24T08:11:38.364+0000] {processor.py:753} INFO - DAG(s) dict_keys(['example_xcom_args', 'example_xcom_args_with_operators']) retrieved from /home/airflow/.local/lib/python3.7/site-packages/airflow/example_dags/example_xcomargs.py
[2023-04-24T08:11:51.735+0000] {logging_mixin.py:137} INFO - [2023-04-24T08:11:51.728+0000] {dag.py:2705} INFO - Sync 2 DAGs
[2023-04-24T08:11:52.584+0000] {logging_mixin.py:137} INFO - [2023-04-24T08:11:52.584+0000] {dag.py:3456} INFO - Setting next_dagrun for example_xcom_args to None, run_after=None
[2023-04-24T08:11:52.617+0000] {logging_mixin.py:137} INFO - [2023-04-24T08:11:52.616+0000] {dag.py:3456} INFO - Setting next_dagrun for example_xcom_args_with_operators to None, run_after=None
[2023-04-24T08:11:52.767+0000] {processor.py:175} INFO - Processing /home/airflow/.local/lib/python3.7/site-packages/airflow/example_dags/example_xcomargs.py took 14.923 seconds
[2023-04-24T19:37:22.243+0000] {processor.py:153} INFO - Started process (PID=63) to work on /home/airflow/.local/lib/python3.7/site-packages/airflow/example_dags/example_xcomargs.py
[2023-04-24T19:37:22.256+0000] {processor.py:743} INFO - Processing file /home/airflow/.local/lib/python3.7/site-packages/airflow/example_dags/example_xcomargs.py for tasks to queue
[2023-04-24T19:37:22.268+0000] {logging_mixin.py:137} INFO - [2023-04-24T19:37:22.263+0000] {dagbag.py:532} INFO - Filling up the DagBag from /home/airflow/.local/lib/python3.7/site-packages/airflow/example_dags/example_xcomargs.py
[2023-04-24T19:37:22.533+0000] {processor.py:753} INFO - DAG(s) dict_keys(['example_xcom_args', 'example_xcom_args_with_operators']) retrieved from /home/airflow/.local/lib/python3.7/site-packages/airflow/example_dags/example_xcomargs.py
[2023-04-24T19:37:23.007+0000] {logging_mixin.py:137} INFO - [2023-04-24T19:37:23.005+0000] {manager.py:504} INFO - Created Permission View: can edit on DAG:example_xcom_args
[2023-04-24T19:37:23.029+0000] {logging_mixin.py:137} INFO - [2023-04-24T19:37:23.028+0000] {manager.py:504} INFO - Created Permission View: can delete on DAG:example_xcom_args
[2023-04-24T19:37:23.044+0000] {logging_mixin.py:137} INFO - [2023-04-24T19:37:23.043+0000] {manager.py:504} INFO - Created Permission View: can read on DAG:example_xcom_args
[2023-04-24T19:37:23.074+0000] {logging_mixin.py:137} INFO - [2023-04-24T19:37:23.074+0000] {manager.py:504} INFO - Created Permission View: can edit on DAG:example_xcom_args_with_operators
[2023-04-24T19:37:23.088+0000] {logging_mixin.py:137} INFO - [2023-04-24T19:37:23.088+0000] {manager.py:504} INFO - Created Permission View: can delete on DAG:example_xcom_args_with_operators
[2023-04-24T19:37:23.100+0000] {logging_mixin.py:137} INFO - [2023-04-24T19:37:23.100+0000] {manager.py:504} INFO - Created Permission View: can read on DAG:example_xcom_args_with_operators
[2023-04-24T19:37:23.101+0000] {logging_mixin.py:137} INFO - [2023-04-24T19:37:23.101+0000] {dag.py:2705} INFO - Sync 2 DAGs
[2023-04-24T19:37:23.194+0000] {logging_mixin.py:137} INFO - [2023-04-24T19:37:23.187+0000] {dag.py:2726} INFO - Creating ORM DAG for example_xcom_args
[2023-04-24T19:37:23.196+0000] {logging_mixin.py:137} INFO - [2023-04-24T19:37:23.196+0000] {dag.py:2726} INFO - Creating ORM DAG for example_xcom_args_with_operators
[2023-04-24T19:37:23.334+0000] {logging_mixin.py:137} INFO - [2023-04-24T19:37:23.310+0000] {dag.py:3456} INFO - Setting next_dagrun for example_xcom_args to None, run_after=None
[2023-04-24T19:37:23.341+0000] {logging_mixin.py:137} INFO - [2023-04-24T19:37:23.341+0000] {dag.py:3456} INFO - Setting next_dagrun for example_xcom_args_with_operators to None, run_after=None
[2023-04-24T19:37:23.468+0000] {processor.py:175} INFO - Processing /home/airflow/.local/lib/python3.7/site-packages/airflow/example_dags/example_xcomargs.py took 1.239 seconds
[2023-04-24T19:39:09.638+0000] {processor.py:153} INFO - Started process (PID=122) to work on /home/airflow/.local/lib/python3.7/site-packages/airflow/example_dags/example_xcomargs.py
[2023-04-24T19:39:09.643+0000] {processor.py:743} INFO - Processing file /home/airflow/.local/lib/python3.7/site-packages/airflow/example_dags/example_xcomargs.py for tasks to queue
[2023-04-24T19:39:09.649+0000] {logging_mixin.py:137} INFO - [2023-04-24T19:39:09.649+0000] {dagbag.py:532} INFO - Filling up the DagBag from /home/airflow/.local/lib/python3.7/site-packages/airflow/example_dags/example_xcomargs.py
[2023-04-24T19:39:09.833+0000] {processor.py:753} INFO - DAG(s) dict_keys(['example_xcom_args_with_operators', 'example_xcom_args']) retrieved from /home/airflow/.local/lib/python3.7/site-packages/airflow/example_dags/example_xcomargs.py
[2023-04-24T19:39:12.700+0000] {logging_mixin.py:137} INFO - [2023-04-24T19:39:12.694+0000] {dag.py:2705} INFO - Sync 2 DAGs
[2023-04-24T19:39:13.096+0000] {logging_mixin.py:137} INFO - [2023-04-24T19:39:13.094+0000] {dag.py:3456} INFO - Setting next_dagrun for example_xcom_args to None, run_after=None
[2023-04-24T19:39:13.125+0000] {logging_mixin.py:137} INFO - [2023-04-24T19:39:13.121+0000] {dag.py:3456} INFO - Setting next_dagrun for example_xcom_args_with_operators to None, run_after=None
[2023-04-24T19:39:13.394+0000] {processor.py:175} INFO - Processing /home/airflow/.local/lib/python3.7/site-packages/airflow/example_dags/example_xcomargs.py took 3.776 seconds
