[2023-04-24T07:59:08.971+0000] {processor.py:153} INFO - Started process (PID=43) to work on /home/airflow/.local/lib/python3.7/site-packages/airflow/example_dags/example_datasets.py
[2023-04-24T07:59:08.973+0000] {processor.py:743} INFO - Processing file /home/airflow/.local/lib/python3.7/site-packages/airflow/example_dags/example_datasets.py for tasks to queue
[2023-04-24T07:59:08.982+0000] {logging_mixin.py:137} INFO - [2023-04-24T07:59:08.982+0000] {dagbag.py:532} INFO - Filling up the DagBag from /home/airflow/.local/lib/python3.7/site-packages/airflow/example_dags/example_datasets.py
[2023-04-24T07:59:09.132+0000] {processor.py:753} INFO - DAG(s) dict_keys(['dataset_consumes_1', 'dataset_consumes_1_never_scheduled', 'dataset_produces_2', 'dataset_consumes_1_and_2', 'dataset_consumes_unknown_never_scheduled', 'dataset_produces_1']) retrieved from /home/airflow/.local/lib/python3.7/site-packages/airflow/example_dags/example_datasets.py
[2023-04-24T07:59:09.765+0000] {logging_mixin.py:137} INFO - [2023-04-24T07:59:09.765+0000] {dag.py:2705} INFO - Sync 6 DAGs
[2023-04-24T07:59:09.923+0000] {logging_mixin.py:137} INFO - [2023-04-24T07:59:09.922+0000] {dag.py:3456} INFO - Setting next_dagrun for dataset_consumes_1 to None, run_after=None
[2023-04-24T07:59:09.941+0000] {logging_mixin.py:137} INFO - [2023-04-24T07:59:09.941+0000] {dag.py:3456} INFO - Setting next_dagrun for dataset_consumes_1_and_2 to None, run_after=None
[2023-04-24T07:59:09.955+0000] {logging_mixin.py:137} INFO - [2023-04-24T07:59:09.955+0000] {dag.py:3456} INFO - Setting next_dagrun for dataset_consumes_1_never_scheduled to None, run_after=None
[2023-04-24T07:59:09.963+0000] {logging_mixin.py:137} INFO - [2023-04-24T07:59:09.960+0000] {dag.py:3456} INFO - Setting next_dagrun for dataset_consumes_unknown_never_scheduled to None, run_after=None
[2023-04-24T07:59:09.980+0000] {logging_mixin.py:137} INFO - [2023-04-24T07:59:09.980+0000] {dag.py:3456} INFO - Setting next_dagrun for dataset_produces_1 to 2023-04-23T00:00:00+00:00, run_after=2023-04-24T00:00:00+00:00
[2023-04-24T07:59:09.993+0000] {logging_mixin.py:137} INFO - [2023-04-24T07:59:09.993+0000] {dag.py:3456} INFO - Setting next_dagrun for dataset_produces_2 to None, run_after=None
[2023-04-24T07:59:10.238+0000] {processor.py:175} INFO - Processing /home/airflow/.local/lib/python3.7/site-packages/airflow/example_dags/example_datasets.py took 1.315 seconds
[2023-04-24T07:59:51.980+0000] {processor.py:153} INFO - Started process (PID=93) to work on /home/airflow/.local/lib/python3.7/site-packages/airflow/example_dags/example_datasets.py
[2023-04-24T07:59:51.988+0000] {processor.py:743} INFO - Processing file /home/airflow/.local/lib/python3.7/site-packages/airflow/example_dags/example_datasets.py for tasks to queue
[2023-04-24T07:59:51.997+0000] {logging_mixin.py:137} INFO - [2023-04-24T07:59:51.996+0000] {dagbag.py:532} INFO - Filling up the DagBag from /home/airflow/.local/lib/python3.7/site-packages/airflow/example_dags/example_datasets.py
[2023-04-24T07:59:52.180+0000] {processor.py:753} INFO - DAG(s) dict_keys(['dataset_consumes_1_never_scheduled', 'dataset_consumes_1', 'dataset_consumes_unknown_never_scheduled', 'dataset_produces_1', 'dataset_consumes_1_and_2', 'dataset_produces_2']) retrieved from /home/airflow/.local/lib/python3.7/site-packages/airflow/example_dags/example_datasets.py
[2023-04-24T07:59:53.558+0000] {logging_mixin.py:137} INFO - [2023-04-24T07:59:53.557+0000] {dag.py:2705} INFO - Sync 6 DAGs
[2023-04-24T07:59:53.820+0000] {logging_mixin.py:137} INFO - [2023-04-24T07:59:53.820+0000] {dag.py:3456} INFO - Setting next_dagrun for dataset_consumes_1 to None, run_after=None
[2023-04-24T07:59:53.850+0000] {logging_mixin.py:137} INFO - [2023-04-24T07:59:53.850+0000] {dag.py:3456} INFO - Setting next_dagrun for dataset_consumes_1_and_2 to None, run_after=None
[2023-04-24T07:59:53.863+0000] {logging_mixin.py:137} INFO - [2023-04-24T07:59:53.862+0000] {dag.py:3456} INFO - Setting next_dagrun for dataset_consumes_1_never_scheduled to None, run_after=None
[2023-04-24T07:59:53.866+0000] {logging_mixin.py:137} INFO - [2023-04-24T07:59:53.866+0000] {dag.py:3456} INFO - Setting next_dagrun for dataset_consumes_unknown_never_scheduled to None, run_after=None
[2023-04-24T07:59:53.914+0000] {logging_mixin.py:137} INFO - [2023-04-24T07:59:53.906+0000] {dag.py:3456} INFO - Setting next_dagrun for dataset_produces_1 to 2023-04-23T00:00:00+00:00, run_after=2023-04-24T00:00:00+00:00
[2023-04-24T07:59:53.935+0000] {logging_mixin.py:137} INFO - [2023-04-24T07:59:53.935+0000] {dag.py:3456} INFO - Setting next_dagrun for dataset_produces_2 to None, run_after=None
[2023-04-24T07:59:54.334+0000] {processor.py:175} INFO - Processing /home/airflow/.local/lib/python3.7/site-packages/airflow/example_dags/example_datasets.py took 2.372 seconds
[2023-04-24T08:00:49.844+0000] {processor.py:153} INFO - Started process (PID=137) to work on /home/airflow/.local/lib/python3.7/site-packages/airflow/example_dags/example_datasets.py
[2023-04-24T08:00:49.846+0000] {processor.py:743} INFO - Processing file /home/airflow/.local/lib/python3.7/site-packages/airflow/example_dags/example_datasets.py for tasks to queue
[2023-04-24T08:00:49.858+0000] {logging_mixin.py:137} INFO - [2023-04-24T08:00:49.858+0000] {dagbag.py:532} INFO - Filling up the DagBag from /home/airflow/.local/lib/python3.7/site-packages/airflow/example_dags/example_datasets.py
[2023-04-24T08:00:50.032+0000] {processor.py:753} INFO - DAG(s) dict_keys(['dataset_produces_2', 'dataset_consumes_1_and_2', 'dataset_produces_1', 'dataset_consumes_1_never_scheduled', 'dataset_consumes_unknown_never_scheduled', 'dataset_consumes_1']) retrieved from /home/airflow/.local/lib/python3.7/site-packages/airflow/example_dags/example_datasets.py
[2023-04-24T08:00:51.522+0000] {logging_mixin.py:137} INFO - [2023-04-24T08:00:51.522+0000] {dag.py:2705} INFO - Sync 6 DAGs
[2023-04-24T08:00:51.724+0000] {logging_mixin.py:137} INFO - [2023-04-24T08:00:51.724+0000] {dag.py:3456} INFO - Setting next_dagrun for dataset_consumes_1 to None, run_after=None
[2023-04-24T08:00:51.765+0000] {logging_mixin.py:137} INFO - [2023-04-24T08:00:51.765+0000] {dag.py:3456} INFO - Setting next_dagrun for dataset_consumes_1_and_2 to None, run_after=None
[2023-04-24T08:00:51.783+0000] {logging_mixin.py:137} INFO - [2023-04-24T08:00:51.782+0000] {dag.py:3456} INFO - Setting next_dagrun for dataset_consumes_1_never_scheduled to None, run_after=None
[2023-04-24T08:00:51.791+0000] {logging_mixin.py:137} INFO - [2023-04-24T08:00:51.791+0000] {dag.py:3456} INFO - Setting next_dagrun for dataset_consumes_unknown_never_scheduled to None, run_after=None
[2023-04-24T08:00:51.807+0000] {logging_mixin.py:137} INFO - [2023-04-24T08:00:51.807+0000] {dag.py:3456} INFO - Setting next_dagrun for dataset_produces_1 to 2023-04-23T00:00:00+00:00, run_after=2023-04-24T00:00:00+00:00
[2023-04-24T08:00:51.812+0000] {logging_mixin.py:137} INFO - [2023-04-24T08:00:51.811+0000] {dag.py:3456} INFO - Setting next_dagrun for dataset_produces_2 to None, run_after=None
[2023-04-24T08:00:53.084+0000] {processor.py:175} INFO - Processing /home/airflow/.local/lib/python3.7/site-packages/airflow/example_dags/example_datasets.py took 3.268 seconds
[2023-04-24T08:02:00.942+0000] {processor.py:153} INFO - Started process (PID=171) to work on /home/airflow/.local/lib/python3.7/site-packages/airflow/example_dags/example_datasets.py
[2023-04-24T08:02:00.946+0000] {processor.py:743} INFO - Processing file /home/airflow/.local/lib/python3.7/site-packages/airflow/example_dags/example_datasets.py for tasks to queue
[2023-04-24T08:02:00.956+0000] {logging_mixin.py:137} INFO - [2023-04-24T08:02:00.950+0000] {dagbag.py:532} INFO - Filling up the DagBag from /home/airflow/.local/lib/python3.7/site-packages/airflow/example_dags/example_datasets.py
[2023-04-24T08:02:01.184+0000] {processor.py:753} INFO - DAG(s) dict_keys(['dataset_produces_1', 'dataset_consumes_1', 'dataset_consumes_unknown_never_scheduled', 'dataset_consumes_1_never_scheduled', 'dataset_produces_2', 'dataset_consumes_1_and_2']) retrieved from /home/airflow/.local/lib/python3.7/site-packages/airflow/example_dags/example_datasets.py
[2023-04-24T08:02:01.798+0000] {logging_mixin.py:137} INFO - [2023-04-24T08:02:01.793+0000] {dag.py:2705} INFO - Sync 6 DAGs
[2023-04-24T08:02:02.025+0000] {logging_mixin.py:137} INFO - [2023-04-24T08:02:02.023+0000] {dag.py:3456} INFO - Setting next_dagrun for dataset_consumes_1 to None, run_after=None
[2023-04-24T08:02:02.047+0000] {logging_mixin.py:137} INFO - [2023-04-24T08:02:02.046+0000] {dag.py:3456} INFO - Setting next_dagrun for dataset_consumes_1_and_2 to None, run_after=None
[2023-04-24T08:02:02.071+0000] {logging_mixin.py:137} INFO - [2023-04-24T08:02:02.071+0000] {dag.py:3456} INFO - Setting next_dagrun for dataset_consumes_1_never_scheduled to None, run_after=None
[2023-04-24T08:02:02.077+0000] {logging_mixin.py:137} INFO - [2023-04-24T08:02:02.077+0000] {dag.py:3456} INFO - Setting next_dagrun for dataset_consumes_unknown_never_scheduled to None, run_after=None
[2023-04-24T08:02:02.117+0000] {logging_mixin.py:137} INFO - [2023-04-24T08:02:02.117+0000] {dag.py:3456} INFO - Setting next_dagrun for dataset_produces_1 to 2023-04-23T00:00:00+00:00, run_after=2023-04-24T00:00:00+00:00
[2023-04-24T08:02:02.130+0000] {logging_mixin.py:137} INFO - [2023-04-24T08:02:02.130+0000] {dag.py:3456} INFO - Setting next_dagrun for dataset_produces_2 to None, run_after=None
[2023-04-24T08:02:02.517+0000] {processor.py:175} INFO - Processing /home/airflow/.local/lib/python3.7/site-packages/airflow/example_dags/example_datasets.py took 1.591 seconds
[2023-04-24T08:04:41.837+0000] {processor.py:153} INFO - Started process (PID=225) to work on /home/airflow/.local/lib/python3.7/site-packages/airflow/example_dags/example_datasets.py
[2023-04-24T08:04:41.873+0000] {processor.py:743} INFO - Processing file /home/airflow/.local/lib/python3.7/site-packages/airflow/example_dags/example_datasets.py for tasks to queue
[2023-04-24T08:04:41.889+0000] {logging_mixin.py:137} INFO - [2023-04-24T08:04:41.888+0000] {dagbag.py:532} INFO - Filling up the DagBag from /home/airflow/.local/lib/python3.7/site-packages/airflow/example_dags/example_datasets.py
[2023-04-24T08:04:50.402+0000] {processor.py:753} INFO - DAG(s) dict_keys(['dataset_consumes_1', 'dataset_consumes_1_and_2', 'dataset_produces_2', 'dataset_consumes_unknown_never_scheduled', 'dataset_produces_1', 'dataset_consumes_1_never_scheduled']) retrieved from /home/airflow/.local/lib/python3.7/site-packages/airflow/example_dags/example_datasets.py
[2023-04-24T08:04:54.117+0000] {logging_mixin.py:137} INFO - [2023-04-24T08:04:54.116+0000] {dag.py:2705} INFO - Sync 6 DAGs
[2023-04-24T08:04:54.850+0000] {logging_mixin.py:137} INFO - [2023-04-24T08:04:54.766+0000] {dag.py:3456} INFO - Setting next_dagrun for dataset_consumes_1 to None, run_after=None
[2023-04-24T08:04:55.010+0000] {logging_mixin.py:137} INFO - [2023-04-24T08:04:55.002+0000] {dag.py:3456} INFO - Setting next_dagrun for dataset_consumes_1_and_2 to None, run_after=None
[2023-04-24T08:04:55.035+0000] {logging_mixin.py:137} INFO - [2023-04-24T08:04:55.035+0000] {dag.py:3456} INFO - Setting next_dagrun for dataset_consumes_1_never_scheduled to None, run_after=None
[2023-04-24T08:04:55.061+0000] {logging_mixin.py:137} INFO - [2023-04-24T08:04:55.061+0000] {dag.py:3456} INFO - Setting next_dagrun for dataset_consumes_unknown_never_scheduled to None, run_after=None
[2023-04-24T08:04:55.186+0000] {logging_mixin.py:137} INFO - [2023-04-24T08:04:55.167+0000] {dag.py:3456} INFO - Setting next_dagrun for dataset_produces_1 to 2023-04-23T00:00:00+00:00, run_after=2023-04-24T00:00:00+00:00
[2023-04-24T08:04:55.197+0000] {logging_mixin.py:137} INFO - [2023-04-24T08:04:55.197+0000] {dag.py:3456} INFO - Setting next_dagrun for dataset_produces_2 to None, run_after=None
[2023-04-24T08:04:57.251+0000] {processor.py:175} INFO - Processing /home/airflow/.local/lib/python3.7/site-packages/airflow/example_dags/example_datasets.py took 15.449 seconds
[2023-04-24T08:06:49.465+0000] {processor.py:153} INFO - Started process (PID=284) to work on /home/airflow/.local/lib/python3.7/site-packages/airflow/example_dags/example_datasets.py
[2023-04-24T08:06:49.475+0000] {processor.py:743} INFO - Processing file /home/airflow/.local/lib/python3.7/site-packages/airflow/example_dags/example_datasets.py for tasks to queue
[2023-04-24T08:06:49.481+0000] {logging_mixin.py:137} INFO - [2023-04-24T08:06:49.481+0000] {dagbag.py:532} INFO - Filling up the DagBag from /home/airflow/.local/lib/python3.7/site-packages/airflow/example_dags/example_datasets.py
[2023-04-24T08:06:49.810+0000] {processor.py:753} INFO - DAG(s) dict_keys(['dataset_consumes_1', 'dataset_consumes_1_never_scheduled', 'dataset_consumes_unknown_never_scheduled', 'dataset_consumes_1_and_2', 'dataset_produces_2', 'dataset_produces_1']) retrieved from /home/airflow/.local/lib/python3.7/site-packages/airflow/example_dags/example_datasets.py
[2023-04-24T08:06:52.682+0000] {logging_mixin.py:137} INFO - [2023-04-24T08:06:52.680+0000] {dag.py:2705} INFO - Sync 6 DAGs
[2023-04-24T08:06:53.437+0000] {logging_mixin.py:137} INFO - [2023-04-24T08:06:53.436+0000] {dag.py:3456} INFO - Setting next_dagrun for dataset_consumes_1 to None, run_after=None
[2023-04-24T08:06:53.491+0000] {logging_mixin.py:137} INFO - [2023-04-24T08:06:53.491+0000] {dag.py:3456} INFO - Setting next_dagrun for dataset_consumes_1_and_2 to None, run_after=None
[2023-04-24T08:06:53.506+0000] {logging_mixin.py:137} INFO - [2023-04-24T08:06:53.505+0000] {dag.py:3456} INFO - Setting next_dagrun for dataset_consumes_1_never_scheduled to None, run_after=None
[2023-04-24T08:06:53.513+0000] {logging_mixin.py:137} INFO - [2023-04-24T08:06:53.513+0000] {dag.py:3456} INFO - Setting next_dagrun for dataset_consumes_unknown_never_scheduled to None, run_after=None
[2023-04-24T08:06:53.590+0000] {logging_mixin.py:137} INFO - [2023-04-24T08:06:53.586+0000] {dag.py:3456} INFO - Setting next_dagrun for dataset_produces_1 to 2023-04-23T00:00:00+00:00, run_after=2023-04-24T00:00:00+00:00
[2023-04-24T08:06:53.596+0000] {logging_mixin.py:137} INFO - [2023-04-24T08:06:53.596+0000] {dag.py:3456} INFO - Setting next_dagrun for dataset_produces_2 to None, run_after=None
[2023-04-24T08:06:56.170+0000] {processor.py:175} INFO - Processing /home/airflow/.local/lib/python3.7/site-packages/airflow/example_dags/example_datasets.py took 6.781 seconds
[2023-04-24T08:09:22.073+0000] {processor.py:153} INFO - Started process (PID=330) to work on /home/airflow/.local/lib/python3.7/site-packages/airflow/example_dags/example_datasets.py
[2023-04-24T08:09:22.082+0000] {processor.py:743} INFO - Processing file /home/airflow/.local/lib/python3.7/site-packages/airflow/example_dags/example_datasets.py for tasks to queue
[2023-04-24T08:09:22.114+0000] {logging_mixin.py:137} INFO - [2023-04-24T08:09:22.109+0000] {dagbag.py:532} INFO - Filling up the DagBag from /home/airflow/.local/lib/python3.7/site-packages/airflow/example_dags/example_datasets.py
[2023-04-24T08:09:22.465+0000] {processor.py:753} INFO - DAG(s) dict_keys(['dataset_produces_2', 'dataset_produces_1', 'dataset_consumes_1_never_scheduled', 'dataset_consumes_unknown_never_scheduled', 'dataset_consumes_1_and_2', 'dataset_consumes_1']) retrieved from /home/airflow/.local/lib/python3.7/site-packages/airflow/example_dags/example_datasets.py
[2023-04-24T08:09:28.928+0000] {logging_mixin.py:137} INFO - [2023-04-24T08:09:28.922+0000] {dag.py:2705} INFO - Sync 6 DAGs
[2023-04-24T08:09:30.337+0000] {logging_mixin.py:137} INFO - [2023-04-24T08:09:30.333+0000] {dag.py:3456} INFO - Setting next_dagrun for dataset_consumes_1 to None, run_after=None
[2023-04-24T08:09:30.363+0000] {logging_mixin.py:137} INFO - [2023-04-24T08:09:30.363+0000] {dag.py:3456} INFO - Setting next_dagrun for dataset_consumes_1_and_2 to None, run_after=None
[2023-04-24T08:09:30.367+0000] {logging_mixin.py:137} INFO - [2023-04-24T08:09:30.367+0000] {dag.py:3456} INFO - Setting next_dagrun for dataset_consumes_1_never_scheduled to None, run_after=None
[2023-04-24T08:09:30.373+0000] {logging_mixin.py:137} INFO - [2023-04-24T08:09:30.373+0000] {dag.py:3456} INFO - Setting next_dagrun for dataset_consumes_unknown_never_scheduled to None, run_after=None
[2023-04-24T08:09:30.406+0000] {logging_mixin.py:137} INFO - [2023-04-24T08:09:30.403+0000] {dag.py:3456} INFO - Setting next_dagrun for dataset_produces_1 to 2023-04-23T00:00:00+00:00, run_after=2023-04-24T00:00:00+00:00
[2023-04-24T08:09:30.413+0000] {logging_mixin.py:137} INFO - [2023-04-24T08:09:30.412+0000] {dag.py:3456} INFO - Setting next_dagrun for dataset_produces_2 to None, run_after=None
[2023-04-24T08:09:32.017+0000] {processor.py:175} INFO - Processing /home/airflow/.local/lib/python3.7/site-packages/airflow/example_dags/example_datasets.py took 10.056 seconds
[2023-04-24T08:10:25.656+0000] {processor.py:153} INFO - Started process (PID=375) to work on /home/airflow/.local/lib/python3.7/site-packages/airflow/example_dags/example_datasets.py
[2023-04-24T08:10:25.675+0000] {processor.py:743} INFO - Processing file /home/airflow/.local/lib/python3.7/site-packages/airflow/example_dags/example_datasets.py for tasks to queue
[2023-04-24T08:10:25.679+0000] {logging_mixin.py:137} INFO - [2023-04-24T08:10:25.678+0000] {dagbag.py:532} INFO - Filling up the DagBag from /home/airflow/.local/lib/python3.7/site-packages/airflow/example_dags/example_datasets.py
[2023-04-24T08:10:26.045+0000] {processor.py:753} INFO - DAG(s) dict_keys(['dataset_consumes_1', 'dataset_consumes_1_never_scheduled', 'dataset_consumes_1_and_2', 'dataset_consumes_unknown_never_scheduled', 'dataset_produces_2', 'dataset_produces_1']) retrieved from /home/airflow/.local/lib/python3.7/site-packages/airflow/example_dags/example_datasets.py
[2023-04-24T08:10:26.606+0000] {logging_mixin.py:137} INFO - [2023-04-24T08:10:26.595+0000] {dag.py:2705} INFO - Sync 6 DAGs
[2023-04-24T08:10:29.313+0000] {logging_mixin.py:137} INFO - [2023-04-24T08:10:29.307+0000] {dag.py:3456} INFO - Setting next_dagrun for dataset_consumes_1 to None, run_after=None
[2023-04-24T08:10:29.423+0000] {logging_mixin.py:137} INFO - [2023-04-24T08:10:29.412+0000] {dag.py:3456} INFO - Setting next_dagrun for dataset_consumes_1_and_2 to None, run_after=None
[2023-04-24T08:10:29.461+0000] {logging_mixin.py:137} INFO - [2023-04-24T08:10:29.458+0000] {dag.py:3456} INFO - Setting next_dagrun for dataset_consumes_1_never_scheduled to None, run_after=None
[2023-04-24T08:10:29.487+0000] {logging_mixin.py:137} INFO - [2023-04-24T08:10:29.487+0000] {dag.py:3456} INFO - Setting next_dagrun for dataset_consumes_unknown_never_scheduled to None, run_after=None
[2023-04-24T08:10:29.595+0000] {logging_mixin.py:137} INFO - [2023-04-24T08:10:29.582+0000] {dag.py:3456} INFO - Setting next_dagrun for dataset_produces_1 to 2023-04-23T00:00:00+00:00, run_after=2023-04-24T00:00:00+00:00
[2023-04-24T08:10:29.635+0000] {logging_mixin.py:137} INFO - [2023-04-24T08:10:29.635+0000] {dag.py:3456} INFO - Setting next_dagrun for dataset_produces_2 to None, run_after=None
[2023-04-24T08:10:29.852+0000] {processor.py:175} INFO - Processing /home/airflow/.local/lib/python3.7/site-packages/airflow/example_dags/example_datasets.py took 4.250 seconds
[2023-04-24T08:12:48.774+0000] {processor.py:153} INFO - Started process (PID=427) to work on /home/airflow/.local/lib/python3.7/site-packages/airflow/example_dags/example_datasets.py
[2023-04-24T08:12:48.788+0000] {processor.py:743} INFO - Processing file /home/airflow/.local/lib/python3.7/site-packages/airflow/example_dags/example_datasets.py for tasks to queue
[2023-04-24T08:12:48.807+0000] {logging_mixin.py:137} INFO - [2023-04-24T08:12:48.795+0000] {dagbag.py:532} INFO - Filling up the DagBag from /home/airflow/.local/lib/python3.7/site-packages/airflow/example_dags/example_datasets.py
[2023-04-24T08:12:49.131+0000] {processor.py:753} INFO - DAG(s) dict_keys(['dataset_consumes_1', 'dataset_produces_2', 'dataset_consumes_1_never_scheduled', 'dataset_consumes_unknown_never_scheduled', 'dataset_consumes_1_and_2', 'dataset_produces_1']) retrieved from /home/airflow/.local/lib/python3.7/site-packages/airflow/example_dags/example_datasets.py
[2023-04-24T08:12:49.546+0000] {logging_mixin.py:137} INFO - [2023-04-24T08:12:49.546+0000] {dag.py:2705} INFO - Sync 6 DAGs
[2023-04-24T08:12:49.865+0000] {logging_mixin.py:137} INFO - [2023-04-24T08:12:49.864+0000] {dag.py:3456} INFO - Setting next_dagrun for dataset_consumes_1 to None, run_after=None
[2023-04-24T08:12:49.935+0000] {logging_mixin.py:137} INFO - [2023-04-24T08:12:49.935+0000] {dag.py:3456} INFO - Setting next_dagrun for dataset_consumes_1_and_2 to None, run_after=None
[2023-04-24T08:12:49.970+0000] {logging_mixin.py:137} INFO - [2023-04-24T08:12:49.970+0000] {dag.py:3456} INFO - Setting next_dagrun for dataset_consumes_1_never_scheduled to None, run_after=None
[2023-04-24T08:12:50.013+0000] {logging_mixin.py:137} INFO - [2023-04-24T08:12:50.012+0000] {dag.py:3456} INFO - Setting next_dagrun for dataset_consumes_unknown_never_scheduled to None, run_after=None
[2023-04-24T08:12:50.083+0000] {logging_mixin.py:137} INFO - [2023-04-24T08:12:50.070+0000] {dag.py:3456} INFO - Setting next_dagrun for dataset_produces_1 to 2023-04-23T00:00:00+00:00, run_after=2023-04-24T00:00:00+00:00
[2023-04-24T08:12:50.110+0000] {logging_mixin.py:137} INFO - [2023-04-24T08:12:50.110+0000] {dag.py:3456} INFO - Setting next_dagrun for dataset_produces_2 to None, run_after=None
[2023-04-24T08:12:51.104+0000] {processor.py:175} INFO - Processing /home/airflow/.local/lib/python3.7/site-packages/airflow/example_dags/example_datasets.py took 2.369 seconds
[2023-04-24T19:37:02.693+0000] {processor.py:153} INFO - Started process (PID=43) to work on /home/airflow/.local/lib/python3.7/site-packages/airflow/example_dags/example_datasets.py
[2023-04-24T19:37:02.698+0000] {processor.py:743} INFO - Processing file /home/airflow/.local/lib/python3.7/site-packages/airflow/example_dags/example_datasets.py for tasks to queue
[2023-04-24T19:37:02.699+0000] {logging_mixin.py:137} INFO - [2023-04-24T19:37:02.699+0000] {dagbag.py:532} INFO - Filling up the DagBag from /home/airflow/.local/lib/python3.7/site-packages/airflow/example_dags/example_datasets.py
[2023-04-24T19:37:02.858+0000] {processor.py:753} INFO - DAG(s) dict_keys(['dataset_produces_2', 'dataset_consumes_1_and_2', 'dataset_consumes_unknown_never_scheduled', 'dataset_produces_1', 'dataset_consumes_1', 'dataset_consumes_1_never_scheduled']) retrieved from /home/airflow/.local/lib/python3.7/site-packages/airflow/example_dags/example_datasets.py
[2023-04-24T19:37:03.625+0000] {logging_mixin.py:137} INFO - [2023-04-24T19:37:03.625+0000] {manager.py:504} INFO - Created Permission View: can edit on DAG:dataset_produces_2
[2023-04-24T19:37:03.679+0000] {logging_mixin.py:137} INFO - [2023-04-24T19:37:03.679+0000] {manager.py:504} INFO - Created Permission View: can delete on DAG:dataset_produces_2
[2023-04-24T19:37:03.719+0000] {logging_mixin.py:137} INFO - [2023-04-24T19:37:03.719+0000] {manager.py:504} INFO - Created Permission View: can read on DAG:dataset_produces_2
[2023-04-24T19:37:03.852+0000] {logging_mixin.py:137} INFO - [2023-04-24T19:37:03.852+0000] {manager.py:504} INFO - Created Permission View: can edit on DAG:dataset_consumes_1_and_2
[2023-04-24T19:37:03.919+0000] {logging_mixin.py:137} INFO - [2023-04-24T19:37:03.919+0000] {manager.py:504} INFO - Created Permission View: can delete on DAG:dataset_consumes_1_and_2
[2023-04-24T19:37:03.968+0000] {logging_mixin.py:137} INFO - [2023-04-24T19:37:03.968+0000] {manager.py:504} INFO - Created Permission View: can read on DAG:dataset_consumes_1_and_2
[2023-04-24T19:37:04.069+0000] {logging_mixin.py:137} INFO - [2023-04-24T19:37:04.069+0000] {manager.py:504} INFO - Created Permission View: can edit on DAG:dataset_consumes_unknown_never_scheduled
[2023-04-24T19:37:04.113+0000] {logging_mixin.py:137} INFO - [2023-04-24T19:37:04.112+0000] {manager.py:504} INFO - Created Permission View: can delete on DAG:dataset_consumes_unknown_never_scheduled
[2023-04-24T19:37:04.156+0000] {logging_mixin.py:137} INFO - [2023-04-24T19:37:04.156+0000] {manager.py:504} INFO - Created Permission View: can read on DAG:dataset_consumes_unknown_never_scheduled
[2023-04-24T19:37:04.247+0000] {logging_mixin.py:137} INFO - [2023-04-24T19:37:04.247+0000] {manager.py:504} INFO - Created Permission View: can edit on DAG:dataset_produces_1
[2023-04-24T19:37:04.282+0000] {logging_mixin.py:137} INFO - [2023-04-24T19:37:04.282+0000] {manager.py:504} INFO - Created Permission View: can delete on DAG:dataset_produces_1
[2023-04-24T19:37:04.330+0000] {logging_mixin.py:137} INFO - [2023-04-24T19:37:04.330+0000] {manager.py:504} INFO - Created Permission View: can read on DAG:dataset_produces_1
[2023-04-24T19:37:04.433+0000] {logging_mixin.py:137} INFO - [2023-04-24T19:37:04.432+0000] {manager.py:504} INFO - Created Permission View: can edit on DAG:dataset_consumes_1
[2023-04-24T19:37:04.469+0000] {logging_mixin.py:137} INFO - [2023-04-24T19:37:04.469+0000] {manager.py:504} INFO - Created Permission View: can delete on DAG:dataset_consumes_1
[2023-04-24T19:37:04.504+0000] {logging_mixin.py:137} INFO - [2023-04-24T19:37:04.504+0000] {manager.py:504} INFO - Created Permission View: can read on DAG:dataset_consumes_1
[2023-04-24T19:37:04.599+0000] {logging_mixin.py:137} INFO - [2023-04-24T19:37:04.599+0000] {manager.py:504} INFO - Created Permission View: can edit on DAG:dataset_consumes_1_never_scheduled
[2023-04-24T19:37:04.660+0000] {logging_mixin.py:137} INFO - [2023-04-24T19:37:04.660+0000] {manager.py:504} INFO - Created Permission View: can delete on DAG:dataset_consumes_1_never_scheduled
[2023-04-24T19:37:04.717+0000] {logging_mixin.py:137} INFO - [2023-04-24T19:37:04.716+0000] {manager.py:504} INFO - Created Permission View: can read on DAG:dataset_consumes_1_never_scheduled
[2023-04-24T19:37:04.718+0000] {logging_mixin.py:137} INFO - [2023-04-24T19:37:04.718+0000] {dag.py:2705} INFO - Sync 6 DAGs
[2023-04-24T19:37:04.791+0000] {logging_mixin.py:137} INFO - [2023-04-24T19:37:04.791+0000] {dag.py:2726} INFO - Creating ORM DAG for dataset_consumes_1_never_scheduled
[2023-04-24T19:37:04.801+0000] {logging_mixin.py:137} INFO - [2023-04-24T19:37:04.801+0000] {dag.py:2726} INFO - Creating ORM DAG for dataset_produces_1
[2023-04-24T19:37:04.810+0000] {logging_mixin.py:137} INFO - [2023-04-24T19:37:04.809+0000] {dag.py:2726} INFO - Creating ORM DAG for dataset_consumes_1
[2023-04-24T19:37:04.817+0000] {logging_mixin.py:137} INFO - [2023-04-24T19:37:04.815+0000] {dag.py:2726} INFO - Creating ORM DAG for dataset_consumes_unknown_never_scheduled
[2023-04-24T19:37:04.822+0000] {logging_mixin.py:137} INFO - [2023-04-24T19:37:04.822+0000] {dag.py:2726} INFO - Creating ORM DAG for dataset_consumes_1_and_2
[2023-04-24T19:37:04.829+0000] {logging_mixin.py:137} INFO - [2023-04-24T19:37:04.828+0000] {dag.py:2726} INFO - Creating ORM DAG for dataset_produces_2
[2023-04-24T19:37:04.902+0000] {logging_mixin.py:137} INFO - [2023-04-24T19:37:04.901+0000] {dag.py:3456} INFO - Setting next_dagrun for dataset_consumes_1 to None, run_after=None
[2023-04-24T19:37:04.912+0000] {logging_mixin.py:137} INFO - [2023-04-24T19:37:04.910+0000] {dag.py:3456} INFO - Setting next_dagrun for dataset_consumes_1_and_2 to None, run_after=None
[2023-04-24T19:37:04.916+0000] {logging_mixin.py:137} INFO - [2023-04-24T19:37:04.915+0000] {dag.py:3456} INFO - Setting next_dagrun for dataset_consumes_1_never_scheduled to None, run_after=None
[2023-04-24T19:37:04.922+0000] {logging_mixin.py:137} INFO - [2023-04-24T19:37:04.921+0000] {dag.py:3456} INFO - Setting next_dagrun for dataset_consumes_unknown_never_scheduled to None, run_after=None
[2023-04-24T19:37:04.937+0000] {logging_mixin.py:137} INFO - [2023-04-24T19:37:04.936+0000] {dag.py:3456} INFO - Setting next_dagrun for dataset_produces_1 to 2023-04-23T00:00:00+00:00, run_after=2023-04-24T00:00:00+00:00
[2023-04-24T19:37:04.947+0000] {logging_mixin.py:137} INFO - [2023-04-24T19:37:04.947+0000] {dag.py:3456} INFO - Setting next_dagrun for dataset_produces_2 to None, run_after=None
[2023-04-24T19:37:05.130+0000] {processor.py:175} INFO - Processing /home/airflow/.local/lib/python3.7/site-packages/airflow/example_dags/example_datasets.py took 2.474 seconds
[2023-04-24T19:38:12.893+0000] {processor.py:153} INFO - Started process (PID=94) to work on /home/airflow/.local/lib/python3.7/site-packages/airflow/example_dags/example_datasets.py
[2023-04-24T19:38:12.900+0000] {processor.py:743} INFO - Processing file /home/airflow/.local/lib/python3.7/site-packages/airflow/example_dags/example_datasets.py for tasks to queue
[2023-04-24T19:38:12.916+0000] {logging_mixin.py:137} INFO - [2023-04-24T19:38:12.913+0000] {dagbag.py:532} INFO - Filling up the DagBag from /home/airflow/.local/lib/python3.7/site-packages/airflow/example_dags/example_datasets.py
[2023-04-24T19:38:13.372+0000] {processor.py:753} INFO - DAG(s) dict_keys(['dataset_produces_1', 'dataset_consumes_1', 'dataset_produces_2', 'dataset_consumes_unknown_never_scheduled', 'dataset_consumes_1_never_scheduled', 'dataset_consumes_1_and_2']) retrieved from /home/airflow/.local/lib/python3.7/site-packages/airflow/example_dags/example_datasets.py
[2023-04-24T19:38:14.916+0000] {logging_mixin.py:137} INFO - [2023-04-24T19:38:14.915+0000] {dag.py:2705} INFO - Sync 6 DAGs
[2023-04-24T19:38:15.183+0000] {logging_mixin.py:137} INFO - [2023-04-24T19:38:15.182+0000] {dag.py:3456} INFO - Setting next_dagrun for dataset_consumes_1 to None, run_after=None
[2023-04-24T19:38:15.264+0000] {logging_mixin.py:137} INFO - [2023-04-24T19:38:15.263+0000] {dag.py:3456} INFO - Setting next_dagrun for dataset_consumes_1_and_2 to None, run_after=None
[2023-04-24T19:38:15.274+0000] {logging_mixin.py:137} INFO - [2023-04-24T19:38:15.272+0000] {dag.py:3456} INFO - Setting next_dagrun for dataset_consumes_1_never_scheduled to None, run_after=None
[2023-04-24T19:38:15.283+0000] {logging_mixin.py:137} INFO - [2023-04-24T19:38:15.282+0000] {dag.py:3456} INFO - Setting next_dagrun for dataset_consumes_unknown_never_scheduled to None, run_after=None
[2023-04-24T19:38:15.303+0000] {logging_mixin.py:137} INFO - [2023-04-24T19:38:15.303+0000] {dag.py:3456} INFO - Setting next_dagrun for dataset_produces_1 to 2023-04-23T00:00:00+00:00, run_after=2023-04-24T00:00:00+00:00
[2023-04-24T19:38:15.316+0000] {logging_mixin.py:137} INFO - [2023-04-24T19:38:15.316+0000] {dag.py:3456} INFO - Setting next_dagrun for dataset_produces_2 to None, run_after=None
[2023-04-24T19:38:15.526+0000] {processor.py:175} INFO - Processing /home/airflow/.local/lib/python3.7/site-packages/airflow/example_dags/example_datasets.py took 2.675 seconds
