[2023-04-24T07:59:11.496+0000] {processor.py:153} INFO - Started process (PID=48) to work on /home/airflow/.local/lib/python3.7/site-packages/airflow/example_dags/example_sensor_decorator.py
[2023-04-24T07:59:11.503+0000] {processor.py:743} INFO - Processing file /home/airflow/.local/lib/python3.7/site-packages/airflow/example_dags/example_sensor_decorator.py for tasks to queue
[2023-04-24T07:59:11.507+0000] {logging_mixin.py:137} INFO - [2023-04-24T07:59:11.506+0000] {dagbag.py:532} INFO - Filling up the DagBag from /home/airflow/.local/lib/python3.7/site-packages/airflow/example_dags/example_sensor_decorator.py
[2023-04-24T07:59:11.701+0000] {processor.py:753} INFO - DAG(s) dict_keys(['example_sensor_decorator']) retrieved from /home/airflow/.local/lib/python3.7/site-packages/airflow/example_dags/example_sensor_decorator.py
[2023-04-24T07:59:11.796+0000] {logging_mixin.py:137} INFO - [2023-04-24T07:59:11.796+0000] {dag.py:2705} INFO - Sync 1 DAGs
[2023-04-24T07:59:11.970+0000] {logging_mixin.py:137} INFO - [2023-04-24T07:59:11.968+0000] {dag.py:3456} INFO - Setting next_dagrun for example_sensor_decorator to None, run_after=None
[2023-04-24T07:59:12.295+0000] {processor.py:175} INFO - Processing /home/airflow/.local/lib/python3.7/site-packages/airflow/example_dags/example_sensor_decorator.py took 0.815 seconds
[2023-04-24T08:00:02.273+0000] {processor.py:153} INFO - Started process (PID=104) to work on /home/airflow/.local/lib/python3.7/site-packages/airflow/example_dags/example_sensor_decorator.py
[2023-04-24T08:00:02.438+0000] {processor.py:743} INFO - Processing file /home/airflow/.local/lib/python3.7/site-packages/airflow/example_dags/example_sensor_decorator.py for tasks to queue
[2023-04-24T08:00:02.486+0000] {logging_mixin.py:137} INFO - [2023-04-24T08:00:02.486+0000] {dagbag.py:532} INFO - Filling up the DagBag from /home/airflow/.local/lib/python3.7/site-packages/airflow/example_dags/example_sensor_decorator.py
[2023-04-24T08:00:03.833+0000] {processor.py:753} INFO - DAG(s) dict_keys(['example_sensor_decorator']) retrieved from /home/airflow/.local/lib/python3.7/site-packages/airflow/example_dags/example_sensor_decorator.py
[2023-04-24T08:00:08.365+0000] {logging_mixin.py:137} INFO - [2023-04-24T08:00:08.356+0000] {dag.py:2705} INFO - Sync 1 DAGs
[2023-04-24T08:00:09.450+0000] {logging_mixin.py:137} INFO - [2023-04-24T08:00:09.450+0000] {dag.py:3456} INFO - Setting next_dagrun for example_sensor_decorator to None, run_after=None
[2023-04-24T08:00:09.621+0000] {processor.py:175} INFO - Processing /home/airflow/.local/lib/python3.7/site-packages/airflow/example_dags/example_sensor_decorator.py took 7.337 seconds
[2023-04-24T08:02:10.230+0000] {processor.py:153} INFO - Started process (PID=176) to work on /home/airflow/.local/lib/python3.7/site-packages/airflow/example_dags/example_sensor_decorator.py
[2023-04-24T08:02:10.236+0000] {processor.py:743} INFO - Processing file /home/airflow/.local/lib/python3.7/site-packages/airflow/example_dags/example_sensor_decorator.py for tasks to queue
[2023-04-24T08:02:10.242+0000] {logging_mixin.py:137} INFO - [2023-04-24T08:02:10.242+0000] {dagbag.py:532} INFO - Filling up the DagBag from /home/airflow/.local/lib/python3.7/site-packages/airflow/example_dags/example_sensor_decorator.py
[2023-04-24T08:02:10.731+0000] {processor.py:753} INFO - DAG(s) dict_keys(['example_sensor_decorator']) retrieved from /home/airflow/.local/lib/python3.7/site-packages/airflow/example_dags/example_sensor_decorator.py
[2023-04-24T08:02:12.789+0000] {logging_mixin.py:137} INFO - [2023-04-24T08:02:12.786+0000] {dag.py:2705} INFO - Sync 1 DAGs
[2023-04-24T08:02:14.669+0000] {logging_mixin.py:137} INFO - [2023-04-24T08:02:14.660+0000] {dag.py:3456} INFO - Setting next_dagrun for example_sensor_decorator to None, run_after=None
[2023-04-24T08:02:15.033+0000] {processor.py:175} INFO - Processing /home/airflow/.local/lib/python3.7/site-packages/airflow/example_dags/example_sensor_decorator.py took 4.830 seconds
[2023-04-24T08:05:17.495+0000] {processor.py:153} INFO - Started process (PID=238) to work on /home/airflow/.local/lib/python3.7/site-packages/airflow/example_dags/example_sensor_decorator.py
[2023-04-24T08:05:17.500+0000] {processor.py:743} INFO - Processing file /home/airflow/.local/lib/python3.7/site-packages/airflow/example_dags/example_sensor_decorator.py for tasks to queue
[2023-04-24T08:05:17.506+0000] {logging_mixin.py:137} INFO - [2023-04-24T08:05:17.505+0000] {dagbag.py:532} INFO - Filling up the DagBag from /home/airflow/.local/lib/python3.7/site-packages/airflow/example_dags/example_sensor_decorator.py
[2023-04-24T08:05:17.788+0000] {processor.py:753} INFO - DAG(s) dict_keys(['example_sensor_decorator']) retrieved from /home/airflow/.local/lib/python3.7/site-packages/airflow/example_dags/example_sensor_decorator.py
[2023-04-24T08:05:18.015+0000] {logging_mixin.py:137} INFO - [2023-04-24T08:05:18.015+0000] {dag.py:2705} INFO - Sync 1 DAGs
[2023-04-24T08:05:18.307+0000] {logging_mixin.py:137} INFO - [2023-04-24T08:05:18.307+0000] {dag.py:3456} INFO - Setting next_dagrun for example_sensor_decorator to None, run_after=None
[2023-04-24T08:05:18.419+0000] {processor.py:175} INFO - Processing /home/airflow/.local/lib/python3.7/site-packages/airflow/example_dags/example_sensor_decorator.py took 0.977 seconds
[2023-04-24T08:07:03.518+0000] {processor.py:153} INFO - Started process (PID=296) to work on /home/airflow/.local/lib/python3.7/site-packages/airflow/example_dags/example_sensor_decorator.py
[2023-04-24T08:07:03.524+0000] {processor.py:743} INFO - Processing file /home/airflow/.local/lib/python3.7/site-packages/airflow/example_dags/example_sensor_decorator.py for tasks to queue
[2023-04-24T08:07:03.531+0000] {logging_mixin.py:137} INFO - [2023-04-24T08:07:03.530+0000] {dagbag.py:532} INFO - Filling up the DagBag from /home/airflow/.local/lib/python3.7/site-packages/airflow/example_dags/example_sensor_decorator.py
[2023-04-24T08:07:05.039+0000] {processor.py:753} INFO - DAG(s) dict_keys(['example_sensor_decorator']) retrieved from /home/airflow/.local/lib/python3.7/site-packages/airflow/example_dags/example_sensor_decorator.py
[2023-04-24T08:07:11.838+0000] {logging_mixin.py:137} INFO - [2023-04-24T08:07:11.814+0000] {dag.py:2705} INFO - Sync 1 DAGs
[2023-04-24T08:07:12.976+0000] {logging_mixin.py:137} INFO - [2023-04-24T08:07:12.973+0000] {dag.py:3456} INFO - Setting next_dagrun for example_sensor_decorator to None, run_after=None
[2023-04-24T08:07:13.727+0000] {processor.py:175} INFO - Processing /home/airflow/.local/lib/python3.7/site-packages/airflow/example_dags/example_sensor_decorator.py took 10.208 seconds
[2023-04-24T08:09:35.770+0000] {processor.py:153} INFO - Started process (PID=343) to work on /home/airflow/.local/lib/python3.7/site-packages/airflow/example_dags/example_sensor_decorator.py
[2023-04-24T08:09:35.776+0000] {processor.py:743} INFO - Processing file /home/airflow/.local/lib/python3.7/site-packages/airflow/example_dags/example_sensor_decorator.py for tasks to queue
[2023-04-24T08:09:35.788+0000] {logging_mixin.py:137} INFO - [2023-04-24T08:09:35.785+0000] {dagbag.py:532} INFO - Filling up the DagBag from /home/airflow/.local/lib/python3.7/site-packages/airflow/example_dags/example_sensor_decorator.py
[2023-04-24T08:09:36.142+0000] {processor.py:753} INFO - DAG(s) dict_keys(['example_sensor_decorator']) retrieved from /home/airflow/.local/lib/python3.7/site-packages/airflow/example_dags/example_sensor_decorator.py
[2023-04-24T08:09:36.441+0000] {logging_mixin.py:137} INFO - [2023-04-24T08:09:36.441+0000] {dag.py:2705} INFO - Sync 1 DAGs
[2023-04-24T08:09:37.064+0000] {logging_mixin.py:137} INFO - [2023-04-24T08:09:37.064+0000] {dag.py:3456} INFO - Setting next_dagrun for example_sensor_decorator to None, run_after=None
[2023-04-24T08:09:37.143+0000] {processor.py:175} INFO - Processing /home/airflow/.local/lib/python3.7/site-packages/airflow/example_dags/example_sensor_decorator.py took 1.412 seconds
[2023-04-24T08:10:31.652+0000] {processor.py:153} INFO - Started process (PID=380) to work on /home/airflow/.local/lib/python3.7/site-packages/airflow/example_dags/example_sensor_decorator.py
[2023-04-24T08:10:31.679+0000] {processor.py:743} INFO - Processing file /home/airflow/.local/lib/python3.7/site-packages/airflow/example_dags/example_sensor_decorator.py for tasks to queue
[2023-04-24T08:10:31.698+0000] {logging_mixin.py:137} INFO - [2023-04-24T08:10:31.695+0000] {dagbag.py:532} INFO - Filling up the DagBag from /home/airflow/.local/lib/python3.7/site-packages/airflow/example_dags/example_sensor_decorator.py
[2023-04-24T08:10:32.198+0000] {processor.py:753} INFO - DAG(s) dict_keys(['example_sensor_decorator']) retrieved from /home/airflow/.local/lib/python3.7/site-packages/airflow/example_dags/example_sensor_decorator.py
[2023-04-24T08:10:37.991+0000] {logging_mixin.py:137} INFO - [2023-04-24T08:10:37.963+0000] {dag.py:2705} INFO - Sync 1 DAGs
[2023-04-24T08:10:38.652+0000] {logging_mixin.py:137} INFO - [2023-04-24T08:10:38.652+0000] {dag.py:3456} INFO - Setting next_dagrun for example_sensor_decorator to None, run_after=None
[2023-04-24T08:10:42.760+0000] {processor.py:175} INFO - Processing /home/airflow/.local/lib/python3.7/site-packages/airflow/example_dags/example_sensor_decorator.py took 11.146 seconds
[2023-04-24T08:12:53.665+0000] {processor.py:153} INFO - Started process (PID=432) to work on /home/airflow/.local/lib/python3.7/site-packages/airflow/example_dags/example_sensor_decorator.py
[2023-04-24T08:12:53.670+0000] {processor.py:743} INFO - Processing file /home/airflow/.local/lib/python3.7/site-packages/airflow/example_dags/example_sensor_decorator.py for tasks to queue
[2023-04-24T08:12:53.673+0000] {logging_mixin.py:137} INFO - [2023-04-24T08:12:53.672+0000] {dagbag.py:532} INFO - Filling up the DagBag from /home/airflow/.local/lib/python3.7/site-packages/airflow/example_dags/example_sensor_decorator.py
[2023-04-24T08:12:54.096+0000] {processor.py:753} INFO - DAG(s) dict_keys(['example_sensor_decorator']) retrieved from /home/airflow/.local/lib/python3.7/site-packages/airflow/example_dags/example_sensor_decorator.py
[2023-04-24T08:12:54.791+0000] {logging_mixin.py:137} INFO - [2023-04-24T08:12:54.791+0000] {dag.py:2705} INFO - Sync 1 DAGs
[2023-04-24T08:12:55.218+0000] {logging_mixin.py:137} INFO - [2023-04-24T08:12:55.215+0000] {dag.py:3456} INFO - Setting next_dagrun for example_sensor_decorator to None, run_after=None
[2023-04-24T08:12:55.478+0000] {processor.py:175} INFO - Processing /home/airflow/.local/lib/python3.7/site-packages/airflow/example_dags/example_sensor_decorator.py took 1.825 seconds
[2023-04-24T19:37:06.891+0000] {processor.py:153} INFO - Started process (PID=48) to work on /home/airflow/.local/lib/python3.7/site-packages/airflow/example_dags/example_sensor_decorator.py
[2023-04-24T19:37:06.902+0000] {processor.py:743} INFO - Processing file /home/airflow/.local/lib/python3.7/site-packages/airflow/example_dags/example_sensor_decorator.py for tasks to queue
[2023-04-24T19:37:06.908+0000] {logging_mixin.py:137} INFO - [2023-04-24T19:37:06.906+0000] {dagbag.py:532} INFO - Filling up the DagBag from /home/airflow/.local/lib/python3.7/site-packages/airflow/example_dags/example_sensor_decorator.py
[2023-04-24T19:37:07.033+0000] {processor.py:753} INFO - DAG(s) dict_keys(['example_sensor_decorator']) retrieved from /home/airflow/.local/lib/python3.7/site-packages/airflow/example_dags/example_sensor_decorator.py
[2023-04-24T19:37:07.802+0000] {logging_mixin.py:137} INFO - [2023-04-24T19:37:07.802+0000] {manager.py:504} INFO - Created Permission View: can edit on DAG:example_sensor_decorator
[2023-04-24T19:37:07.835+0000] {logging_mixin.py:137} INFO - [2023-04-24T19:37:07.835+0000] {manager.py:504} INFO - Created Permission View: can delete on DAG:example_sensor_decorator
[2023-04-24T19:37:07.859+0000] {logging_mixin.py:137} INFO - [2023-04-24T19:37:07.858+0000] {manager.py:504} INFO - Created Permission View: can read on DAG:example_sensor_decorator
[2023-04-24T19:37:07.860+0000] {logging_mixin.py:137} INFO - [2023-04-24T19:37:07.860+0000] {dag.py:2705} INFO - Sync 1 DAGs
[2023-04-24T19:37:07.926+0000] {logging_mixin.py:137} INFO - [2023-04-24T19:37:07.926+0000] {dag.py:2726} INFO - Creating ORM DAG for example_sensor_decorator
[2023-04-24T19:37:07.967+0000] {logging_mixin.py:137} INFO - [2023-04-24T19:37:07.967+0000] {dag.py:3456} INFO - Setting next_dagrun for example_sensor_decorator to None, run_after=None
[2023-04-24T19:37:08.041+0000] {processor.py:175} INFO - Processing /home/airflow/.local/lib/python3.7/site-packages/airflow/example_dags/example_sensor_decorator.py took 1.172 seconds
[2023-04-24T19:38:19.575+0000] {processor.py:153} INFO - Started process (PID=99) to work on /home/airflow/.local/lib/python3.7/site-packages/airflow/example_dags/example_sensor_decorator.py
[2023-04-24T19:38:19.585+0000] {processor.py:743} INFO - Processing file /home/airflow/.local/lib/python3.7/site-packages/airflow/example_dags/example_sensor_decorator.py for tasks to queue
[2023-04-24T19:38:19.593+0000] {logging_mixin.py:137} INFO - [2023-04-24T19:38:19.587+0000] {dagbag.py:532} INFO - Filling up the DagBag from /home/airflow/.local/lib/python3.7/site-packages/airflow/example_dags/example_sensor_decorator.py
[2023-04-24T19:38:19.825+0000] {processor.py:753} INFO - DAG(s) dict_keys(['example_sensor_decorator']) retrieved from /home/airflow/.local/lib/python3.7/site-packages/airflow/example_dags/example_sensor_decorator.py
[2023-04-24T19:38:19.992+0000] {logging_mixin.py:137} INFO - [2023-04-24T19:38:19.991+0000] {dag.py:2705} INFO - Sync 1 DAGs
[2023-04-24T19:38:20.184+0000] {logging_mixin.py:137} INFO - [2023-04-24T19:38:20.184+0000] {dag.py:3456} INFO - Setting next_dagrun for example_sensor_decorator to None, run_after=None
[2023-04-24T19:38:20.554+0000] {processor.py:175} INFO - Processing /home/airflow/.local/lib/python3.7/site-packages/airflow/example_dags/example_sensor_decorator.py took 0.987 seconds
