[2023-04-24T07:59:28.264+0000] {processor.py:153} INFO - Started process (PID=84) to work on /home/airflow/.local/lib/python3.7/site-packages/airflow/example_dags/example_branch_python_dop_operator_3.py
[2023-04-24T07:59:28.268+0000] {processor.py:743} INFO - Processing file /home/airflow/.local/lib/python3.7/site-packages/airflow/example_dags/example_branch_python_dop_operator_3.py for tasks to queue
[2023-04-24T07:59:28.274+0000] {logging_mixin.py:137} INFO - [2023-04-24T07:59:28.273+0000] {dagbag.py:532} INFO - Filling up the DagBag from /home/airflow/.local/lib/python3.7/site-packages/airflow/example_dags/example_branch_python_dop_operator_3.py
[2023-04-24T07:59:28.537+0000] {processor.py:753} INFO - DAG(s) dict_keys(['example_branch_dop_operator_v3']) retrieved from /home/airflow/.local/lib/python3.7/site-packages/airflow/example_dags/example_branch_python_dop_operator_3.py
[2023-04-24T07:59:28.628+0000] {logging_mixin.py:137} INFO - [2023-04-24T07:59:28.627+0000] {dag.py:2705} INFO - Sync 1 DAGs
[2023-04-24T07:59:28.715+0000] {logging_mixin.py:137} INFO - [2023-04-24T07:59:28.714+0000] {dag.py:3456} INFO - Setting next_dagrun for example_branch_dop_operator_v3 to 2023-04-24T07:58:00+00:00, run_after=2023-04-24T07:59:00+00:00
[2023-04-24T07:59:28.781+0000] {processor.py:175} INFO - Processing /home/airflow/.local/lib/python3.7/site-packages/airflow/example_dags/example_branch_python_dop_operator_3.py took 0.532 seconds
[2023-04-24T08:01:46.825+0000] {processor.py:153} INFO - Started process (PID=155) to work on /home/airflow/.local/lib/python3.7/site-packages/airflow/example_dags/example_branch_python_dop_operator_3.py
[2023-04-24T08:01:46.941+0000] {processor.py:743} INFO - Processing file /home/airflow/.local/lib/python3.7/site-packages/airflow/example_dags/example_branch_python_dop_operator_3.py for tasks to queue
[2023-04-24T08:01:46.947+0000] {logging_mixin.py:137} INFO - [2023-04-24T08:01:46.946+0000] {dagbag.py:532} INFO - Filling up the DagBag from /home/airflow/.local/lib/python3.7/site-packages/airflow/example_dags/example_branch_python_dop_operator_3.py
[2023-04-24T08:01:48.006+0000] {processor.py:753} INFO - DAG(s) dict_keys(['example_branch_dop_operator_v3']) retrieved from /home/airflow/.local/lib/python3.7/site-packages/airflow/example_dags/example_branch_python_dop_operator_3.py
[2023-04-24T08:01:49.295+0000] {logging_mixin.py:137} INFO - [2023-04-24T08:01:49.293+0000] {dag.py:2705} INFO - Sync 1 DAGs
[2023-04-24T08:01:50.177+0000] {logging_mixin.py:137} INFO - [2023-04-24T08:01:50.174+0000] {dag.py:3456} INFO - Setting next_dagrun for example_branch_dop_operator_v3 to 2023-04-24T08:00:00+00:00, run_after=2023-04-24T08:01:00+00:00
[2023-04-24T08:01:50.665+0000] {processor.py:175} INFO - Processing /home/airflow/.local/lib/python3.7/site-packages/airflow/example_dags/example_branch_python_dop_operator_3.py took 3.868 seconds
[2023-04-24T08:05:57.453+0000] {processor.py:153} INFO - Started process (PID=268) to work on /home/airflow/.local/lib/python3.7/site-packages/airflow/example_dags/example_branch_python_dop_operator_3.py
[2023-04-24T08:05:57.471+0000] {processor.py:743} INFO - Processing file /home/airflow/.local/lib/python3.7/site-packages/airflow/example_dags/example_branch_python_dop_operator_3.py for tasks to queue
[2023-04-24T08:05:57.492+0000] {logging_mixin.py:137} INFO - [2023-04-24T08:05:57.490+0000] {dagbag.py:532} INFO - Filling up the DagBag from /home/airflow/.local/lib/python3.7/site-packages/airflow/example_dags/example_branch_python_dop_operator_3.py
[2023-04-24T08:05:57.756+0000] {processor.py:753} INFO - DAG(s) dict_keys(['example_branch_dop_operator_v3']) retrieved from /home/airflow/.local/lib/python3.7/site-packages/airflow/example_dags/example_branch_python_dop_operator_3.py
[2023-04-24T08:05:58.070+0000] {logging_mixin.py:137} INFO - [2023-04-24T08:05:58.070+0000] {dag.py:2705} INFO - Sync 1 DAGs
[2023-04-24T08:05:58.620+0000] {logging_mixin.py:137} INFO - [2023-04-24T08:05:58.614+0000] {dag.py:3456} INFO - Setting next_dagrun for example_branch_dop_operator_v3 to 2023-04-24T08:04:00+00:00, run_after=2023-04-24T08:05:00+00:00
[2023-04-24T08:05:58.866+0000] {processor.py:175} INFO - Processing /home/airflow/.local/lib/python3.7/site-packages/airflow/example_dags/example_branch_python_dop_operator_3.py took 1.430 seconds
[2023-04-24T08:10:08.709+0000] {processor.py:153} INFO - Started process (PID=366) to work on /home/airflow/.local/lib/python3.7/site-packages/airflow/example_dags/example_branch_python_dop_operator_3.py
[2023-04-24T08:10:08.713+0000] {processor.py:743} INFO - Processing file /home/airflow/.local/lib/python3.7/site-packages/airflow/example_dags/example_branch_python_dop_operator_3.py for tasks to queue
[2023-04-24T08:10:08.716+0000] {logging_mixin.py:137} INFO - [2023-04-24T08:10:08.716+0000] {dagbag.py:532} INFO - Filling up the DagBag from /home/airflow/.local/lib/python3.7/site-packages/airflow/example_dags/example_branch_python_dop_operator_3.py
[2023-04-24T08:10:09.253+0000] {processor.py:753} INFO - DAG(s) dict_keys(['example_branch_dop_operator_v3']) retrieved from /home/airflow/.local/lib/python3.7/site-packages/airflow/example_dags/example_branch_python_dop_operator_3.py
[2023-04-24T08:10:09.640+0000] {logging_mixin.py:137} INFO - [2023-04-24T08:10:09.639+0000] {dag.py:2705} INFO - Sync 1 DAGs
[2023-04-24T08:10:11.528+0000] {logging_mixin.py:137} INFO - [2023-04-24T08:10:11.527+0000] {dag.py:3456} INFO - Setting next_dagrun for example_branch_dop_operator_v3 to 2023-04-24T08:09:00+00:00, run_after=2023-04-24T08:10:00+00:00
[2023-04-24T08:10:11.707+0000] {processor.py:175} INFO - Processing /home/airflow/.local/lib/python3.7/site-packages/airflow/example_dags/example_branch_python_dop_operator_3.py took 3.038 seconds
[2023-04-24T19:37:32.195+0000] {processor.py:153} INFO - Started process (PID=85) to work on /home/airflow/.local/lib/python3.7/site-packages/airflow/example_dags/example_branch_python_dop_operator_3.py
[2023-04-24T19:37:32.199+0000] {processor.py:743} INFO - Processing file /home/airflow/.local/lib/python3.7/site-packages/airflow/example_dags/example_branch_python_dop_operator_3.py for tasks to queue
[2023-04-24T19:37:32.202+0000] {logging_mixin.py:137} INFO - [2023-04-24T19:37:32.202+0000] {dagbag.py:532} INFO - Filling up the DagBag from /home/airflow/.local/lib/python3.7/site-packages/airflow/example_dags/example_branch_python_dop_operator_3.py
[2023-04-24T19:37:32.276+0000] {processor.py:753} INFO - DAG(s) dict_keys(['example_branch_dop_operator_v3']) retrieved from /home/airflow/.local/lib/python3.7/site-packages/airflow/example_dags/example_branch_python_dop_operator_3.py
[2023-04-24T19:37:32.659+0000] {logging_mixin.py:137} INFO - [2023-04-24T19:37:32.656+0000] {manager.py:504} INFO - Created Permission View: can edit on DAG:example_branch_dop_operator_v3
[2023-04-24T19:37:32.732+0000] {logging_mixin.py:137} INFO - [2023-04-24T19:37:32.732+0000] {manager.py:504} INFO - Created Permission View: can delete on DAG:example_branch_dop_operator_v3
[2023-04-24T19:37:32.785+0000] {logging_mixin.py:137} INFO - [2023-04-24T19:37:32.785+0000] {manager.py:504} INFO - Created Permission View: can read on DAG:example_branch_dop_operator_v3
[2023-04-24T19:37:32.787+0000] {logging_mixin.py:137} INFO - [2023-04-24T19:37:32.786+0000] {dag.py:2705} INFO - Sync 1 DAGs
[2023-04-24T19:37:32.847+0000] {logging_mixin.py:137} INFO - [2023-04-24T19:37:32.846+0000] {dag.py:2726} INFO - Creating ORM DAG for example_branch_dop_operator_v3
[2023-04-24T19:37:32.909+0000] {logging_mixin.py:137} INFO - [2023-04-24T19:37:32.908+0000] {dag.py:3456} INFO - Setting next_dagrun for example_branch_dop_operator_v3 to 2023-04-24T19:36:00+00:00, run_after=2023-04-24T19:37:00+00:00
[2023-04-24T19:37:33.089+0000] {processor.py:175} INFO - Processing /home/airflow/.local/lib/python3.7/site-packages/airflow/example_dags/example_branch_python_dop_operator_3.py took 0.901 seconds
