[2023-04-24T07:59:19.659+0000] {processor.py:153} INFO - Started process (PID=67) to work on /home/airflow/.local/lib/python3.7/site-packages/airflow/example_dags/example_python_operator.py
[2023-04-24T07:59:19.667+0000] {processor.py:743} INFO - Processing file /home/airflow/.local/lib/python3.7/site-packages/airflow/example_dags/example_python_operator.py for tasks to queue
[2023-04-24T07:59:19.674+0000] {logging_mixin.py:137} INFO - [2023-04-24T07:59:19.672+0000] {dagbag.py:532} INFO - Filling up the DagBag from /home/airflow/.local/lib/python3.7/site-packages/airflow/example_dags/example_python_operator.py
[2023-04-24T07:59:19.865+0000] {logging_mixin.py:137} INFO - [2023-04-24T07:59:19.853+0000] {taskmixin.py:211} WARNING - Dependency <Task(_PythonDecoratedOperator): print_the_context>, log_sql_query already registered for DAG: example_python_operator
[2023-04-24T07:59:19.867+0000] {logging_mixin.py:137} INFO - [2023-04-24T07:59:19.866+0000] {taskmixin.py:211} WARNING - Dependency <Task(_PythonDecoratedOperator): log_sql_query>, print_the_context already registered for DAG: example_python_operator
[2023-04-24T07:59:19.891+0000] {logging_mixin.py:137} INFO - [2023-04-24T07:59:19.891+0000] {taskmixin.py:211} WARNING - Dependency <Task(_PythonDecoratedOperator): print_the_context>, log_sql_query already registered for DAG: example_python_operator
[2023-04-24T07:59:19.907+0000] {logging_mixin.py:137} INFO - [2023-04-24T07:59:19.893+0000] {taskmixin.py:211} WARNING - Dependency <Task(_PythonDecoratedOperator): log_sql_query>, print_the_context already registered for DAG: example_python_operator
[2023-04-24T07:59:19.922+0000] {logging_mixin.py:137} INFO - [2023-04-24T07:59:19.922+0000] {taskmixin.py:211} WARNING - Dependency <Task(_PythonDecoratedOperator): print_the_context>, log_sql_query already registered for DAG: example_python_operator
[2023-04-24T07:59:19.931+0000] {logging_mixin.py:137} INFO - [2023-04-24T07:59:19.928+0000] {taskmixin.py:211} WARNING - Dependency <Task(_PythonDecoratedOperator): log_sql_query>, print_the_context already registered for DAG: example_python_operator
[2023-04-24T07:59:19.951+0000] {logging_mixin.py:137} INFO - [2023-04-24T07:59:19.944+0000] {taskmixin.py:211} WARNING - Dependency <Task(_PythonDecoratedOperator): print_the_context>, log_sql_query already registered for DAG: example_python_operator
[2023-04-24T07:59:19.953+0000] {logging_mixin.py:137} INFO - [2023-04-24T07:59:19.953+0000] {taskmixin.py:211} WARNING - Dependency <Task(_PythonDecoratedOperator): log_sql_query>, print_the_context already registered for DAG: example_python_operator
[2023-04-24T07:59:19.995+0000] {processor.py:753} INFO - DAG(s) dict_keys(['example_python_operator']) retrieved from /home/airflow/.local/lib/python3.7/site-packages/airflow/example_dags/example_python_operator.py
[2023-04-24T07:59:20.427+0000] {logging_mixin.py:137} INFO - [2023-04-24T07:59:20.426+0000] {dag.py:2705} INFO - Sync 1 DAGs
[2023-04-24T07:59:20.663+0000] {logging_mixin.py:137} INFO - [2023-04-24T07:59:20.663+0000] {dag.py:3456} INFO - Setting next_dagrun for example_python_operator to None, run_after=None
[2023-04-24T07:59:20.901+0000] {processor.py:175} INFO - Processing /home/airflow/.local/lib/python3.7/site-packages/airflow/example_dags/example_python_operator.py took 1.255 seconds
[2023-04-24T08:00:27.934+0000] {processor.py:153} INFO - Started process (PID=124) to work on /home/airflow/.local/lib/python3.7/site-packages/airflow/example_dags/example_python_operator.py
[2023-04-24T08:00:27.947+0000] {processor.py:743} INFO - Processing file /home/airflow/.local/lib/python3.7/site-packages/airflow/example_dags/example_python_operator.py for tasks to queue
[2023-04-24T08:00:27.952+0000] {logging_mixin.py:137} INFO - [2023-04-24T08:00:27.951+0000] {dagbag.py:532} INFO - Filling up the DagBag from /home/airflow/.local/lib/python3.7/site-packages/airflow/example_dags/example_python_operator.py
[2023-04-24T08:00:28.269+0000] {logging_mixin.py:137} INFO - [2023-04-24T08:00:28.258+0000] {taskmixin.py:211} WARNING - Dependency <Task(_PythonDecoratedOperator): print_the_context>, log_sql_query already registered for DAG: example_python_operator
[2023-04-24T08:00:28.273+0000] {logging_mixin.py:137} INFO - [2023-04-24T08:00:28.272+0000] {taskmixin.py:211} WARNING - Dependency <Task(_PythonDecoratedOperator): log_sql_query>, print_the_context already registered for DAG: example_python_operator
[2023-04-24T08:00:28.276+0000] {logging_mixin.py:137} INFO - [2023-04-24T08:00:28.275+0000] {taskmixin.py:211} WARNING - Dependency <Task(_PythonDecoratedOperator): print_the_context>, log_sql_query already registered for DAG: example_python_operator
[2023-04-24T08:00:28.278+0000] {logging_mixin.py:137} INFO - [2023-04-24T08:00:28.277+0000] {taskmixin.py:211} WARNING - Dependency <Task(_PythonDecoratedOperator): log_sql_query>, print_the_context already registered for DAG: example_python_operator
[2023-04-24T08:00:28.283+0000] {logging_mixin.py:137} INFO - [2023-04-24T08:00:28.283+0000] {taskmixin.py:211} WARNING - Dependency <Task(_PythonDecoratedOperator): print_the_context>, log_sql_query already registered for DAG: example_python_operator
[2023-04-24T08:00:28.285+0000] {logging_mixin.py:137} INFO - [2023-04-24T08:00:28.285+0000] {taskmixin.py:211} WARNING - Dependency <Task(_PythonDecoratedOperator): log_sql_query>, print_the_context already registered for DAG: example_python_operator
[2023-04-24T08:00:28.295+0000] {logging_mixin.py:137} INFO - [2023-04-24T08:00:28.295+0000] {taskmixin.py:211} WARNING - Dependency <Task(_PythonDecoratedOperator): print_the_context>, log_sql_query already registered for DAG: example_python_operator
[2023-04-24T08:00:28.298+0000] {logging_mixin.py:137} INFO - [2023-04-24T08:00:28.298+0000] {taskmixin.py:211} WARNING - Dependency <Task(_PythonDecoratedOperator): log_sql_query>, print_the_context already registered for DAG: example_python_operator
[2023-04-24T08:00:28.400+0000] {processor.py:753} INFO - DAG(s) dict_keys(['example_python_operator']) retrieved from /home/airflow/.local/lib/python3.7/site-packages/airflow/example_dags/example_python_operator.py
[2023-04-24T08:00:34.340+0000] {logging_mixin.py:137} INFO - [2023-04-24T08:00:33.570+0000] {dag.py:2705} INFO - Sync 1 DAGs
[2023-04-24T08:00:43.822+0000] {logging_mixin.py:137} INFO - [2023-04-24T08:00:43.819+0000] {dag.py:3456} INFO - Setting next_dagrun for example_python_operator to None, run_after=None
[2023-04-24T08:00:45.862+0000] {processor.py:175} INFO - Processing /home/airflow/.local/lib/python3.7/site-packages/airflow/example_dags/example_python_operator.py took 17.829 seconds
[2023-04-24T08:03:34.742+0000] {processor.py:153} INFO - Started process (PID=210) to work on /home/airflow/.local/lib/python3.7/site-packages/airflow/example_dags/example_python_operator.py
[2023-04-24T08:03:34.757+0000] {processor.py:743} INFO - Processing file /home/airflow/.local/lib/python3.7/site-packages/airflow/example_dags/example_python_operator.py for tasks to queue
[2023-04-24T08:03:34.790+0000] {logging_mixin.py:137} INFO - [2023-04-24T08:03:34.787+0000] {dagbag.py:532} INFO - Filling up the DagBag from /home/airflow/.local/lib/python3.7/site-packages/airflow/example_dags/example_python_operator.py
[2023-04-24T08:03:36.387+0000] {logging_mixin.py:137} INFO - [2023-04-24T08:03:36.383+0000] {taskmixin.py:211} WARNING - Dependency <Task(_PythonDecoratedOperator): print_the_context>, log_sql_query already registered for DAG: example_python_operator
[2023-04-24T08:03:36.397+0000] {logging_mixin.py:137} INFO - [2023-04-24T08:03:36.394+0000] {taskmixin.py:211} WARNING - Dependency <Task(_PythonDecoratedOperator): log_sql_query>, print_the_context already registered for DAG: example_python_operator
[2023-04-24T08:03:36.404+0000] {logging_mixin.py:137} INFO - [2023-04-24T08:03:36.404+0000] {taskmixin.py:211} WARNING - Dependency <Task(_PythonDecoratedOperator): print_the_context>, log_sql_query already registered for DAG: example_python_operator
[2023-04-24T08:03:36.407+0000] {logging_mixin.py:137} INFO - [2023-04-24T08:03:36.406+0000] {taskmixin.py:211} WARNING - Dependency <Task(_PythonDecoratedOperator): log_sql_query>, print_the_context already registered for DAG: example_python_operator
[2023-04-24T08:03:36.413+0000] {logging_mixin.py:137} INFO - [2023-04-24T08:03:36.413+0000] {taskmixin.py:211} WARNING - Dependency <Task(_PythonDecoratedOperator): print_the_context>, log_sql_query already registered for DAG: example_python_operator
[2023-04-24T08:03:36.415+0000] {logging_mixin.py:137} INFO - [2023-04-24T08:03:36.415+0000] {taskmixin.py:211} WARNING - Dependency <Task(_PythonDecoratedOperator): log_sql_query>, print_the_context already registered for DAG: example_python_operator
[2023-04-24T08:03:36.419+0000] {logging_mixin.py:137} INFO - [2023-04-24T08:03:36.418+0000] {taskmixin.py:211} WARNING - Dependency <Task(_PythonDecoratedOperator): print_the_context>, log_sql_query already registered for DAG: example_python_operator
[2023-04-24T08:03:36.421+0000] {logging_mixin.py:137} INFO - [2023-04-24T08:03:36.420+0000] {taskmixin.py:211} WARNING - Dependency <Task(_PythonDecoratedOperator): log_sql_query>, print_the_context already registered for DAG: example_python_operator
[2023-04-24T08:03:36.822+0000] {processor.py:753} INFO - DAG(s) dict_keys(['example_python_operator']) retrieved from /home/airflow/.local/lib/python3.7/site-packages/airflow/example_dags/example_python_operator.py
[2023-04-24T08:03:57.636+0000] {logging_mixin.py:137} INFO - [2023-04-24T08:03:57.625+0000] {dag.py:2705} INFO - Sync 1 DAGs
[2023-04-24T08:03:58.440+0000] {logging_mixin.py:137} INFO - [2023-04-24T08:03:58.432+0000] {dag.py:3456} INFO - Setting next_dagrun for example_python_operator to None, run_after=None
[2023-04-24T08:04:01.118+0000] {processor.py:175} INFO - Processing /home/airflow/.local/lib/python3.7/site-packages/airflow/example_dags/example_python_operator.py took 26.981 seconds
[2023-04-24T08:07:48.568+0000] {processor.py:153} INFO - Started process (PID=315) to work on /home/airflow/.local/lib/python3.7/site-packages/airflow/example_dags/example_python_operator.py
[2023-04-24T08:07:48.580+0000] {processor.py:743} INFO - Processing file /home/airflow/.local/lib/python3.7/site-packages/airflow/example_dags/example_python_operator.py for tasks to queue
[2023-04-24T08:07:48.605+0000] {logging_mixin.py:137} INFO - [2023-04-24T08:07:48.605+0000] {dagbag.py:532} INFO - Filling up the DagBag from /home/airflow/.local/lib/python3.7/site-packages/airflow/example_dags/example_python_operator.py
[2023-04-24T08:07:49.861+0000] {logging_mixin.py:137} INFO - [2023-04-24T08:07:49.407+0000] {taskmixin.py:211} WARNING - Dependency <Task(_PythonDecoratedOperator): print_the_context>, log_sql_query already registered for DAG: example_python_operator
[2023-04-24T08:07:51.062+0000] {logging_mixin.py:137} INFO - [2023-04-24T08:07:51.042+0000] {taskmixin.py:211} WARNING - Dependency <Task(_PythonDecoratedOperator): log_sql_query>, print_the_context already registered for DAG: example_python_operator
[2023-04-24T08:07:51.070+0000] {logging_mixin.py:137} INFO - [2023-04-24T08:07:51.069+0000] {taskmixin.py:211} WARNING - Dependency <Task(_PythonDecoratedOperator): print_the_context>, log_sql_query already registered for DAG: example_python_operator
[2023-04-24T08:07:51.092+0000] {logging_mixin.py:137} INFO - [2023-04-24T08:07:51.092+0000] {taskmixin.py:211} WARNING - Dependency <Task(_PythonDecoratedOperator): log_sql_query>, print_the_context already registered for DAG: example_python_operator
[2023-04-24T08:07:51.101+0000] {logging_mixin.py:137} INFO - [2023-04-24T08:07:51.101+0000] {taskmixin.py:211} WARNING - Dependency <Task(_PythonDecoratedOperator): print_the_context>, log_sql_query already registered for DAG: example_python_operator
[2023-04-24T08:07:51.115+0000] {logging_mixin.py:137} INFO - [2023-04-24T08:07:51.114+0000] {taskmixin.py:211} WARNING - Dependency <Task(_PythonDecoratedOperator): log_sql_query>, print_the_context already registered for DAG: example_python_operator
[2023-04-24T08:07:51.122+0000] {logging_mixin.py:137} INFO - [2023-04-24T08:07:51.122+0000] {taskmixin.py:211} WARNING - Dependency <Task(_PythonDecoratedOperator): print_the_context>, log_sql_query already registered for DAG: example_python_operator
[2023-04-24T08:07:51.241+0000] {logging_mixin.py:137} INFO - [2023-04-24T08:07:51.240+0000] {taskmixin.py:211} WARNING - Dependency <Task(_PythonDecoratedOperator): log_sql_query>, print_the_context already registered for DAG: example_python_operator
[2023-04-24T08:07:51.604+0000] {processor.py:753} INFO - DAG(s) dict_keys(['example_python_operator']) retrieved from /home/airflow/.local/lib/python3.7/site-packages/airflow/example_dags/example_python_operator.py
[2023-04-24T08:07:52.395+0000] {logging_mixin.py:137} INFO - [2023-04-24T08:07:52.390+0000] {dag.py:2705} INFO - Sync 1 DAGs
[2023-04-24T08:07:52.744+0000] {logging_mixin.py:137} INFO - [2023-04-24T08:07:52.744+0000] {dag.py:3456} INFO - Setting next_dagrun for example_python_operator to None, run_after=None
[2023-04-24T08:07:53.003+0000] {processor.py:175} INFO - Processing /home/airflow/.local/lib/python3.7/site-packages/airflow/example_dags/example_python_operator.py took 4.465 seconds
[2023-04-24T08:11:52.947+0000] {processor.py:153} INFO - Started process (PID=419) to work on /home/airflow/.local/lib/python3.7/site-packages/airflow/example_dags/example_python_operator.py
[2023-04-24T08:11:52.960+0000] {processor.py:743} INFO - Processing file /home/airflow/.local/lib/python3.7/site-packages/airflow/example_dags/example_python_operator.py for tasks to queue
[2023-04-24T08:11:52.964+0000] {logging_mixin.py:137} INFO - [2023-04-24T08:11:52.963+0000] {dagbag.py:532} INFO - Filling up the DagBag from /home/airflow/.local/lib/python3.7/site-packages/airflow/example_dags/example_python_operator.py
[2023-04-24T08:11:53.174+0000] {logging_mixin.py:137} INFO - [2023-04-24T08:11:53.172+0000] {taskmixin.py:211} WARNING - Dependency <Task(_PythonDecoratedOperator): print_the_context>, log_sql_query already registered for DAG: example_python_operator
[2023-04-24T08:11:53.175+0000] {logging_mixin.py:137} INFO - [2023-04-24T08:11:53.175+0000] {taskmixin.py:211} WARNING - Dependency <Task(_PythonDecoratedOperator): log_sql_query>, print_the_context already registered for DAG: example_python_operator
[2023-04-24T08:11:53.178+0000] {logging_mixin.py:137} INFO - [2023-04-24T08:11:53.177+0000] {taskmixin.py:211} WARNING - Dependency <Task(_PythonDecoratedOperator): print_the_context>, log_sql_query already registered for DAG: example_python_operator
[2023-04-24T08:11:53.199+0000] {logging_mixin.py:137} INFO - [2023-04-24T08:11:53.185+0000] {taskmixin.py:211} WARNING - Dependency <Task(_PythonDecoratedOperator): log_sql_query>, print_the_context already registered for DAG: example_python_operator
[2023-04-24T08:11:53.202+0000] {logging_mixin.py:137} INFO - [2023-04-24T08:11:53.202+0000] {taskmixin.py:211} WARNING - Dependency <Task(_PythonDecoratedOperator): print_the_context>, log_sql_query already registered for DAG: example_python_operator
[2023-04-24T08:11:53.206+0000] {logging_mixin.py:137} INFO - [2023-04-24T08:11:53.203+0000] {taskmixin.py:211} WARNING - Dependency <Task(_PythonDecoratedOperator): log_sql_query>, print_the_context already registered for DAG: example_python_operator
[2023-04-24T08:11:53.210+0000] {logging_mixin.py:137} INFO - [2023-04-24T08:11:53.210+0000] {taskmixin.py:211} WARNING - Dependency <Task(_PythonDecoratedOperator): print_the_context>, log_sql_query already registered for DAG: example_python_operator
[2023-04-24T08:11:53.222+0000] {logging_mixin.py:137} INFO - [2023-04-24T08:11:53.217+0000] {taskmixin.py:211} WARNING - Dependency <Task(_PythonDecoratedOperator): log_sql_query>, print_the_context already registered for DAG: example_python_operator
[2023-04-24T08:11:53.330+0000] {processor.py:753} INFO - DAG(s) dict_keys(['example_python_operator']) retrieved from /home/airflow/.local/lib/python3.7/site-packages/airflow/example_dags/example_python_operator.py
[2023-04-24T08:11:54.274+0000] {logging_mixin.py:137} INFO - [2023-04-24T08:11:54.273+0000] {dag.py:2705} INFO - Sync 1 DAGs
[2023-04-24T08:11:55.068+0000] {logging_mixin.py:137} INFO - [2023-04-24T08:11:55.055+0000] {dag.py:3456} INFO - Setting next_dagrun for example_python_operator to None, run_after=None
[2023-04-24T08:11:59.314+0000] {processor.py:175} INFO - Processing /home/airflow/.local/lib/python3.7/site-packages/airflow/example_dags/example_python_operator.py took 6.391 seconds
[2023-04-24T19:37:24.213+0000] {processor.py:153} INFO - Started process (PID=67) to work on /home/airflow/.local/lib/python3.7/site-packages/airflow/example_dags/example_python_operator.py
[2023-04-24T19:37:24.218+0000] {processor.py:743} INFO - Processing file /home/airflow/.local/lib/python3.7/site-packages/airflow/example_dags/example_python_operator.py for tasks to queue
[2023-04-24T19:37:24.223+0000] {logging_mixin.py:137} INFO - [2023-04-24T19:37:24.222+0000] {dagbag.py:532} INFO - Filling up the DagBag from /home/airflow/.local/lib/python3.7/site-packages/airflow/example_dags/example_python_operator.py
[2023-04-24T19:37:24.310+0000] {logging_mixin.py:137} INFO - [2023-04-24T19:37:24.307+0000] {taskmixin.py:211} WARNING - Dependency <Task(_PythonDecoratedOperator): print_the_context>, log_sql_query already registered for DAG: example_python_operator
[2023-04-24T19:37:24.312+0000] {logging_mixin.py:137} INFO - [2023-04-24T19:37:24.311+0000] {taskmixin.py:211} WARNING - Dependency <Task(_PythonDecoratedOperator): log_sql_query>, print_the_context already registered for DAG: example_python_operator
[2023-04-24T19:37:24.315+0000] {logging_mixin.py:137} INFO - [2023-04-24T19:37:24.315+0000] {taskmixin.py:211} WARNING - Dependency <Task(_PythonDecoratedOperator): print_the_context>, log_sql_query already registered for DAG: example_python_operator
[2023-04-24T19:37:24.317+0000] {logging_mixin.py:137} INFO - [2023-04-24T19:37:24.317+0000] {taskmixin.py:211} WARNING - Dependency <Task(_PythonDecoratedOperator): log_sql_query>, print_the_context already registered for DAG: example_python_operator
[2023-04-24T19:37:24.321+0000] {logging_mixin.py:137} INFO - [2023-04-24T19:37:24.321+0000] {taskmixin.py:211} WARNING - Dependency <Task(_PythonDecoratedOperator): print_the_context>, log_sql_query already registered for DAG: example_python_operator
[2023-04-24T19:37:24.324+0000] {logging_mixin.py:137} INFO - [2023-04-24T19:37:24.324+0000] {taskmixin.py:211} WARNING - Dependency <Task(_PythonDecoratedOperator): log_sql_query>, print_the_context already registered for DAG: example_python_operator
[2023-04-24T19:37:24.336+0000] {logging_mixin.py:137} INFO - [2023-04-24T19:37:24.335+0000] {taskmixin.py:211} WARNING - Dependency <Task(_PythonDecoratedOperator): print_the_context>, log_sql_query already registered for DAG: example_python_operator
[2023-04-24T19:37:24.337+0000] {logging_mixin.py:137} INFO - [2023-04-24T19:37:24.337+0000] {taskmixin.py:211} WARNING - Dependency <Task(_PythonDecoratedOperator): log_sql_query>, print_the_context already registered for DAG: example_python_operator
[2023-04-24T19:37:24.429+0000] {processor.py:753} INFO - DAG(s) dict_keys(['example_python_operator']) retrieved from /home/airflow/.local/lib/python3.7/site-packages/airflow/example_dags/example_python_operator.py
[2023-04-24T19:37:25.170+0000] {logging_mixin.py:137} INFO - [2023-04-24T19:37:25.166+0000] {manager.py:504} INFO - Created Permission View: can edit on DAG:example_python_operator
[2023-04-24T19:37:25.231+0000] {logging_mixin.py:137} INFO - [2023-04-24T19:37:25.230+0000] {manager.py:504} INFO - Created Permission View: can delete on DAG:example_python_operator
[2023-04-24T19:37:25.250+0000] {logging_mixin.py:137} INFO - [2023-04-24T19:37:25.249+0000] {manager.py:504} INFO - Created Permission View: can read on DAG:example_python_operator
[2023-04-24T19:37:25.253+0000] {logging_mixin.py:137} INFO - [2023-04-24T19:37:25.252+0000] {dag.py:2705} INFO - Sync 1 DAGs
[2023-04-24T19:37:25.333+0000] {logging_mixin.py:137} INFO - [2023-04-24T19:37:25.332+0000] {dag.py:2726} INFO - Creating ORM DAG for example_python_operator
[2023-04-24T19:37:25.400+0000] {logging_mixin.py:137} INFO - [2023-04-24T19:37:25.399+0000] {dag.py:3456} INFO - Setting next_dagrun for example_python_operator to None, run_after=None
[2023-04-24T19:37:25.562+0000] {processor.py:175} INFO - Processing /home/airflow/.local/lib/python3.7/site-packages/airflow/example_dags/example_python_operator.py took 1.368 seconds
[2023-04-24T19:39:15.927+0000] {processor.py:153} INFO - Started process (PID=126) to work on /home/airflow/.local/lib/python3.7/site-packages/airflow/example_dags/example_python_operator.py
[2023-04-24T19:39:15.943+0000] {processor.py:743} INFO - Processing file /home/airflow/.local/lib/python3.7/site-packages/airflow/example_dags/example_python_operator.py for tasks to queue
[2023-04-24T19:39:15.946+0000] {logging_mixin.py:137} INFO - [2023-04-24T19:39:15.946+0000] {dagbag.py:532} INFO - Filling up the DagBag from /home/airflow/.local/lib/python3.7/site-packages/airflow/example_dags/example_python_operator.py
[2023-04-24T19:39:16.603+0000] {logging_mixin.py:137} INFO - [2023-04-24T19:39:16.593+0000] {taskmixin.py:211} WARNING - Dependency <Task(_PythonDecoratedOperator): print_the_context>, log_sql_query already registered for DAG: example_python_operator
[2023-04-24T19:39:16.607+0000] {logging_mixin.py:137} INFO - [2023-04-24T19:39:16.607+0000] {taskmixin.py:211} WARNING - Dependency <Task(_PythonDecoratedOperator): log_sql_query>, print_the_context already registered for DAG: example_python_operator
[2023-04-24T19:39:16.614+0000] {logging_mixin.py:137} INFO - [2023-04-24T19:39:16.613+0000] {taskmixin.py:211} WARNING - Dependency <Task(_PythonDecoratedOperator): print_the_context>, log_sql_query already registered for DAG: example_python_operator
[2023-04-24T19:39:16.620+0000] {logging_mixin.py:137} INFO - [2023-04-24T19:39:16.620+0000] {taskmixin.py:211} WARNING - Dependency <Task(_PythonDecoratedOperator): log_sql_query>, print_the_context already registered for DAG: example_python_operator
[2023-04-24T19:39:16.626+0000] {logging_mixin.py:137} INFO - [2023-04-24T19:39:16.626+0000] {taskmixin.py:211} WARNING - Dependency <Task(_PythonDecoratedOperator): print_the_context>, log_sql_query already registered for DAG: example_python_operator
[2023-04-24T19:39:16.637+0000] {logging_mixin.py:137} INFO - [2023-04-24T19:39:16.636+0000] {taskmixin.py:211} WARNING - Dependency <Task(_PythonDecoratedOperator): log_sql_query>, print_the_context already registered for DAG: example_python_operator
[2023-04-24T19:39:16.647+0000] {logging_mixin.py:137} INFO - [2023-04-24T19:39:16.647+0000] {taskmixin.py:211} WARNING - Dependency <Task(_PythonDecoratedOperator): print_the_context>, log_sql_query already registered for DAG: example_python_operator
[2023-04-24T19:39:16.657+0000] {logging_mixin.py:137} INFO - [2023-04-24T19:39:16.654+0000] {taskmixin.py:211} WARNING - Dependency <Task(_PythonDecoratedOperator): log_sql_query>, print_the_context already registered for DAG: example_python_operator
[2023-04-24T19:39:16.862+0000] {processor.py:753} INFO - DAG(s) dict_keys(['example_python_operator']) retrieved from /home/airflow/.local/lib/python3.7/site-packages/airflow/example_dags/example_python_operator.py
[2023-04-24T19:39:27.652+0000] {logging_mixin.py:137} INFO - [2023-04-24T19:39:25.146+0000] {dag.py:2705} INFO - Sync 1 DAGs
[2023-04-24T19:39:30.339+0000] {logging_mixin.py:137} INFO - [2023-04-24T19:39:30.313+0000] {dag.py:3456} INFO - Setting next_dagrun for example_python_operator to None, run_after=None
[2023-04-24T19:39:34.195+0000] {processor.py:175} INFO - Processing /home/airflow/.local/lib/python3.7/site-packages/airflow/example_dags/example_python_operator.py took 18.152 seconds
