[2023-04-24T07:59:08.469+0000] {processor.py:153} INFO - Started process (PID=42) to work on /home/airflow/.local/lib/python3.7/site-packages/airflow/example_dags/example_short_circuit_decorator.py
[2023-04-24T07:59:08.470+0000] {processor.py:743} INFO - Processing file /home/airflow/.local/lib/python3.7/site-packages/airflow/example_dags/example_short_circuit_decorator.py for tasks to queue
[2023-04-24T07:59:08.472+0000] {logging_mixin.py:137} INFO - [2023-04-24T07:59:08.472+0000] {dagbag.py:532} INFO - Filling up the DagBag from /home/airflow/.local/lib/python3.7/site-packages/airflow/example_dags/example_short_circuit_decorator.py
[2023-04-24T07:59:08.638+0000] {processor.py:753} INFO - DAG(s) dict_keys(['example_short_circuit_decorator']) retrieved from /home/airflow/.local/lib/python3.7/site-packages/airflow/example_dags/example_short_circuit_decorator.py
[2023-04-24T07:59:08.934+0000] {logging_mixin.py:137} INFO - [2023-04-24T07:59:08.934+0000] {dag.py:2705} INFO - Sync 1 DAGs
[2023-04-24T07:59:09.209+0000] {logging_mixin.py:137} INFO - [2023-04-24T07:59:09.209+0000] {dag.py:3456} INFO - Setting next_dagrun for example_short_circuit_decorator to 2023-04-23T07:59:09.208534+00:00, run_after=2023-04-24T07:59:09.208534+00:00
[2023-04-24T07:59:09.337+0000] {processor.py:175} INFO - Processing /home/airflow/.local/lib/python3.7/site-packages/airflow/example_dags/example_short_circuit_decorator.py took 0.881 seconds
[2023-04-24T07:59:51.760+0000] {processor.py:153} INFO - Started process (PID=92) to work on /home/airflow/.local/lib/python3.7/site-packages/airflow/example_dags/example_short_circuit_decorator.py
[2023-04-24T07:59:51.762+0000] {processor.py:743} INFO - Processing file /home/airflow/.local/lib/python3.7/site-packages/airflow/example_dags/example_short_circuit_decorator.py for tasks to queue
[2023-04-24T07:59:51.772+0000] {logging_mixin.py:137} INFO - [2023-04-24T07:59:51.771+0000] {dagbag.py:532} INFO - Filling up the DagBag from /home/airflow/.local/lib/python3.7/site-packages/airflow/example_dags/example_short_circuit_decorator.py
[2023-04-24T07:59:51.991+0000] {processor.py:753} INFO - DAG(s) dict_keys(['example_short_circuit_decorator']) retrieved from /home/airflow/.local/lib/python3.7/site-packages/airflow/example_dags/example_short_circuit_decorator.py
[2023-04-24T07:59:52.184+0000] {logging_mixin.py:137} INFO - [2023-04-24T07:59:52.184+0000] {dag.py:2705} INFO - Sync 1 DAGs
[2023-04-24T07:59:52.387+0000] {logging_mixin.py:137} INFO - [2023-04-24T07:59:52.387+0000] {dag.py:3456} INFO - Setting next_dagrun for example_short_circuit_decorator to 2023-04-23T07:59:52.377167+00:00, run_after=2023-04-24T07:59:52.377167+00:00
[2023-04-24T07:59:53.614+0000] {processor.py:175} INFO - Processing /home/airflow/.local/lib/python3.7/site-packages/airflow/example_dags/example_short_circuit_decorator.py took 1.868 seconds
[2023-04-24T08:00:48.446+0000] {processor.py:153} INFO - Started process (PID=136) to work on /home/airflow/.local/lib/python3.7/site-packages/airflow/example_dags/example_short_circuit_decorator.py
[2023-04-24T08:00:48.450+0000] {processor.py:743} INFO - Processing file /home/airflow/.local/lib/python3.7/site-packages/airflow/example_dags/example_short_circuit_decorator.py for tasks to queue
[2023-04-24T08:00:48.464+0000] {logging_mixin.py:137} INFO - [2023-04-24T08:00:48.463+0000] {dagbag.py:532} INFO - Filling up the DagBag from /home/airflow/.local/lib/python3.7/site-packages/airflow/example_dags/example_short_circuit_decorator.py
[2023-04-24T08:00:49.746+0000] {processor.py:753} INFO - DAG(s) dict_keys(['example_short_circuit_decorator']) retrieved from /home/airflow/.local/lib/python3.7/site-packages/airflow/example_dags/example_short_circuit_decorator.py
[2023-04-24T08:00:50.027+0000] {logging_mixin.py:137} INFO - [2023-04-24T08:00:50.027+0000] {dag.py:2705} INFO - Sync 1 DAGs
[2023-04-24T08:00:50.338+0000] {logging_mixin.py:137} INFO - [2023-04-24T08:00:50.327+0000] {dag.py:3456} INFO - Setting next_dagrun for example_short_circuit_decorator to 2023-04-23T08:00:50.318317+00:00, run_after=2023-04-24T08:00:50.318317+00:00
[2023-04-24T08:00:51.491+0000] {processor.py:175} INFO - Processing /home/airflow/.local/lib/python3.7/site-packages/airflow/example_dags/example_short_circuit_decorator.py took 3.057 seconds
[2023-04-24T08:02:00.722+0000] {processor.py:153} INFO - Started process (PID=170) to work on /home/airflow/.local/lib/python3.7/site-packages/airflow/example_dags/example_short_circuit_decorator.py
[2023-04-24T08:02:00.727+0000] {processor.py:743} INFO - Processing file /home/airflow/.local/lib/python3.7/site-packages/airflow/example_dags/example_short_circuit_decorator.py for tasks to queue
[2023-04-24T08:02:00.737+0000] {logging_mixin.py:137} INFO - [2023-04-24T08:02:00.736+0000] {dagbag.py:532} INFO - Filling up the DagBag from /home/airflow/.local/lib/python3.7/site-packages/airflow/example_dags/example_short_circuit_decorator.py
[2023-04-24T08:02:00.927+0000] {processor.py:753} INFO - DAG(s) dict_keys(['example_short_circuit_decorator']) retrieved from /home/airflow/.local/lib/python3.7/site-packages/airflow/example_dags/example_short_circuit_decorator.py
[2023-04-24T08:02:01.179+0000] {logging_mixin.py:137} INFO - [2023-04-24T08:02:01.179+0000] {dag.py:2705} INFO - Sync 1 DAGs
[2023-04-24T08:02:01.482+0000] {logging_mixin.py:137} INFO - [2023-04-24T08:02:01.481+0000] {dag.py:3456} INFO - Setting next_dagrun for example_short_circuit_decorator to 2023-04-23T08:02:01.481379+00:00, run_after=2023-04-24T08:02:01.481379+00:00
[2023-04-24T08:02:01.683+0000] {processor.py:175} INFO - Processing /home/airflow/.local/lib/python3.7/site-packages/airflow/example_dags/example_short_circuit_decorator.py took 1.002 seconds
[2023-04-24T08:04:40.830+0000] {processor.py:153} INFO - Started process (PID=224) to work on /home/airflow/.local/lib/python3.7/site-packages/airflow/example_dags/example_short_circuit_decorator.py
[2023-04-24T08:04:40.894+0000] {processor.py:743} INFO - Processing file /home/airflow/.local/lib/python3.7/site-packages/airflow/example_dags/example_short_circuit_decorator.py for tasks to queue
[2023-04-24T08:04:40.984+0000] {logging_mixin.py:137} INFO - [2023-04-24T08:04:40.971+0000] {dagbag.py:532} INFO - Filling up the DagBag from /home/airflow/.local/lib/python3.7/site-packages/airflow/example_dags/example_short_circuit_decorator.py
[2023-04-24T08:04:50.135+0000] {processor.py:753} INFO - DAG(s) dict_keys(['example_short_circuit_decorator']) retrieved from /home/airflow/.local/lib/python3.7/site-packages/airflow/example_dags/example_short_circuit_decorator.py
[2023-04-24T08:04:53.732+0000] {logging_mixin.py:137} INFO - [2023-04-24T08:04:53.717+0000] {dag.py:2705} INFO - Sync 1 DAGs
[2023-04-24T08:04:54.605+0000] {logging_mixin.py:137} INFO - [2023-04-24T08:04:54.602+0000] {dag.py:3456} INFO - Setting next_dagrun for example_short_circuit_decorator to 2023-04-23T08:04:54.423718+00:00, run_after=2023-04-24T08:04:54.423718+00:00
[2023-04-24T08:04:56.783+0000] {processor.py:175} INFO - Processing /home/airflow/.local/lib/python3.7/site-packages/airflow/example_dags/example_short_circuit_decorator.py took 16.629 seconds
[2023-04-24T08:06:36.312+0000] {processor.py:153} INFO - Started process (PID=283) to work on /home/airflow/.local/lib/python3.7/site-packages/airflow/example_dags/example_short_circuit_decorator.py
[2023-04-24T08:06:36.345+0000] {processor.py:743} INFO - Processing file /home/airflow/.local/lib/python3.7/site-packages/airflow/example_dags/example_short_circuit_decorator.py for tasks to queue
[2023-04-24T08:06:36.403+0000] {logging_mixin.py:137} INFO - [2023-04-24T08:06:36.395+0000] {dagbag.py:532} INFO - Filling up the DagBag from /home/airflow/.local/lib/python3.7/site-packages/airflow/example_dags/example_short_circuit_decorator.py
[2023-04-24T08:06:40.849+0000] {processor.py:753} INFO - DAG(s) dict_keys(['example_short_circuit_decorator']) retrieved from /home/airflow/.local/lib/python3.7/site-packages/airflow/example_dags/example_short_circuit_decorator.py
[2023-04-24T08:06:42.551+0000] {logging_mixin.py:137} INFO - [2023-04-24T08:06:42.545+0000] {dag.py:2705} INFO - Sync 1 DAGs
[2023-04-24T08:06:49.366+0000] {logging_mixin.py:137} INFO - [2023-04-24T08:06:49.362+0000] {dag.py:3456} INFO - Setting next_dagrun for example_short_circuit_decorator to 2023-04-23T08:06:49.339256+00:00, run_after=2023-04-24T08:06:49.339256+00:00
[2023-04-24T08:06:51.217+0000] {processor.py:175} INFO - Processing /home/airflow/.local/lib/python3.7/site-packages/airflow/example_dags/example_short_circuit_decorator.py took 15.489 seconds
[2023-04-24T08:09:10.766+0000] {processor.py:153} INFO - Started process (PID=329) to work on /home/airflow/.local/lib/python3.7/site-packages/airflow/example_dags/example_short_circuit_decorator.py
[2023-04-24T08:09:10.800+0000] {processor.py:743} INFO - Processing file /home/airflow/.local/lib/python3.7/site-packages/airflow/example_dags/example_short_circuit_decorator.py for tasks to queue
[2023-04-24T08:09:10.899+0000] {logging_mixin.py:137} INFO - [2023-04-24T08:09:10.889+0000] {dagbag.py:532} INFO - Filling up the DagBag from /home/airflow/.local/lib/python3.7/site-packages/airflow/example_dags/example_short_circuit_decorator.py
[2023-04-24T08:09:13.551+0000] {processor.py:753} INFO - DAG(s) dict_keys(['example_short_circuit_decorator']) retrieved from /home/airflow/.local/lib/python3.7/site-packages/airflow/example_dags/example_short_circuit_decorator.py
[2023-04-24T08:09:16.686+0000] {logging_mixin.py:137} INFO - [2023-04-24T08:09:16.685+0000] {dag.py:2705} INFO - Sync 1 DAGs
[2023-04-24T08:09:19.089+0000] {logging_mixin.py:137} INFO - [2023-04-24T08:09:19.087+0000] {dag.py:3456} INFO - Setting next_dagrun for example_short_circuit_decorator to 2023-04-23T08:09:18.966972+00:00, run_after=2023-04-24T08:09:18.966972+00:00
[2023-04-24T08:09:21.262+0000] {processor.py:175} INFO - Processing /home/airflow/.local/lib/python3.7/site-packages/airflow/example_dags/example_short_circuit_decorator.py took 11.304 seconds
[2023-04-24T08:10:18.233+0000] {processor.py:153} INFO - Started process (PID=374) to work on /home/airflow/.local/lib/python3.7/site-packages/airflow/example_dags/example_short_circuit_decorator.py
[2023-04-24T08:10:18.236+0000] {processor.py:743} INFO - Processing file /home/airflow/.local/lib/python3.7/site-packages/airflow/example_dags/example_short_circuit_decorator.py for tasks to queue
[2023-04-24T08:10:18.261+0000] {logging_mixin.py:137} INFO - [2023-04-24T08:10:18.239+0000] {dagbag.py:532} INFO - Filling up the DagBag from /home/airflow/.local/lib/python3.7/site-packages/airflow/example_dags/example_short_circuit_decorator.py
[2023-04-24T08:10:18.955+0000] {processor.py:753} INFO - DAG(s) dict_keys(['example_short_circuit_decorator']) retrieved from /home/airflow/.local/lib/python3.7/site-packages/airflow/example_dags/example_short_circuit_decorator.py
[2023-04-24T08:10:19.251+0000] {logging_mixin.py:137} INFO - [2023-04-24T08:10:19.249+0000] {dag.py:2705} INFO - Sync 1 DAGs
[2023-04-24T08:10:25.351+0000] {logging_mixin.py:137} INFO - [2023-04-24T08:10:25.350+0000] {dag.py:3456} INFO - Setting next_dagrun for example_short_circuit_decorator to 2023-04-23T08:10:25.341480+00:00, run_after=2023-04-24T08:10:25.341480+00:00
[2023-04-24T08:10:25.692+0000] {processor.py:175} INFO - Processing /home/airflow/.local/lib/python3.7/site-packages/airflow/example_dags/example_short_circuit_decorator.py took 7.579 seconds
[2023-04-24T08:12:45.914+0000] {processor.py:153} INFO - Started process (PID=426) to work on /home/airflow/.local/lib/python3.7/site-packages/airflow/example_dags/example_short_circuit_decorator.py
[2023-04-24T08:12:45.926+0000] {processor.py:743} INFO - Processing file /home/airflow/.local/lib/python3.7/site-packages/airflow/example_dags/example_short_circuit_decorator.py for tasks to queue
[2023-04-24T08:12:45.952+0000] {logging_mixin.py:137} INFO - [2023-04-24T08:12:45.943+0000] {dagbag.py:532} INFO - Filling up the DagBag from /home/airflow/.local/lib/python3.7/site-packages/airflow/example_dags/example_short_circuit_decorator.py
[2023-04-24T08:12:46.914+0000] {processor.py:753} INFO - DAG(s) dict_keys(['example_short_circuit_decorator']) retrieved from /home/airflow/.local/lib/python3.7/site-packages/airflow/example_dags/example_short_circuit_decorator.py
[2023-04-24T08:12:47.277+0000] {logging_mixin.py:137} INFO - [2023-04-24T08:12:47.276+0000] {dag.py:2705} INFO - Sync 1 DAGs
[2023-04-24T08:12:47.936+0000] {logging_mixin.py:137} INFO - [2023-04-24T08:12:47.933+0000] {dag.py:3456} INFO - Setting next_dagrun for example_short_circuit_decorator to 2023-04-23T08:12:47.932327+00:00, run_after=2023-04-24T08:12:47.932327+00:00
[2023-04-24T08:12:48.607+0000] {processor.py:175} INFO - Processing /home/airflow/.local/lib/python3.7/site-packages/airflow/example_dags/example_short_circuit_decorator.py took 2.711 seconds
[2023-04-24T19:37:02.459+0000] {processor.py:153} INFO - Started process (PID=42) to work on /home/airflow/.local/lib/python3.7/site-packages/airflow/example_dags/example_short_circuit_decorator.py
[2023-04-24T19:37:02.465+0000] {processor.py:743} INFO - Processing file /home/airflow/.local/lib/python3.7/site-packages/airflow/example_dags/example_short_circuit_decorator.py for tasks to queue
[2023-04-24T19:37:02.467+0000] {logging_mixin.py:137} INFO - [2023-04-24T19:37:02.467+0000] {dagbag.py:532} INFO - Filling up the DagBag from /home/airflow/.local/lib/python3.7/site-packages/airflow/example_dags/example_short_circuit_decorator.py
[2023-04-24T19:37:02.708+0000] {processor.py:753} INFO - DAG(s) dict_keys(['example_short_circuit_decorator']) retrieved from /home/airflow/.local/lib/python3.7/site-packages/airflow/example_dags/example_short_circuit_decorator.py
[2023-04-24T19:37:03.224+0000] {logging_mixin.py:137} INFO - [2023-04-24T19:37:03.224+0000] {manager.py:504} INFO - Created Permission View: can edit on DAG:example_short_circuit_decorator
[2023-04-24T19:37:03.300+0000] {logging_mixin.py:137} INFO - [2023-04-24T19:37:03.300+0000] {manager.py:504} INFO - Created Permission View: can delete on DAG:example_short_circuit_decorator
[2023-04-24T19:37:03.367+0000] {logging_mixin.py:137} INFO - [2023-04-24T19:37:03.367+0000] {manager.py:504} INFO - Created Permission View: can read on DAG:example_short_circuit_decorator
[2023-04-24T19:37:03.370+0000] {logging_mixin.py:137} INFO - [2023-04-24T19:37:03.369+0000] {dag.py:2705} INFO - Sync 1 DAGs
[2023-04-24T19:37:03.520+0000] {logging_mixin.py:137} INFO - [2023-04-24T19:37:03.514+0000] {dag.py:2726} INFO - Creating ORM DAG for example_short_circuit_decorator
[2023-04-24T19:37:03.609+0000] {logging_mixin.py:137} INFO - [2023-04-24T19:37:03.609+0000] {dag.py:3456} INFO - Setting next_dagrun for example_short_circuit_decorator to 2023-04-23T19:37:03.609283+00:00, run_after=2023-04-24T19:37:03.609283+00:00
[2023-04-24T19:37:03.771+0000] {processor.py:175} INFO - Processing /home/airflow/.local/lib/python3.7/site-packages/airflow/example_dags/example_short_circuit_decorator.py took 1.336 seconds
[2023-04-24T19:37:55.053+0000] {processor.py:153} INFO - Started process (PID=93) to work on /home/airflow/.local/lib/python3.7/site-packages/airflow/example_dags/example_short_circuit_decorator.py
[2023-04-24T19:37:55.092+0000] {processor.py:743} INFO - Processing file /home/airflow/.local/lib/python3.7/site-packages/airflow/example_dags/example_short_circuit_decorator.py for tasks to queue
[2023-04-24T19:37:55.217+0000] {logging_mixin.py:137} INFO - [2023-04-24T19:37:55.188+0000] {dagbag.py:532} INFO - Filling up the DagBag from /home/airflow/.local/lib/python3.7/site-packages/airflow/example_dags/example_short_circuit_decorator.py
[2023-04-24T19:38:12.658+0000] {processor.py:753} INFO - DAG(s) dict_keys(['example_short_circuit_decorator']) retrieved from /home/airflow/.local/lib/python3.7/site-packages/airflow/example_dags/example_short_circuit_decorator.py
[2023-04-24T19:38:13.346+0000] {logging_mixin.py:137} INFO - [2023-04-24T19:38:13.345+0000] {dag.py:2705} INFO - Sync 1 DAGs
[2023-04-24T19:38:14.709+0000] {logging_mixin.py:137} INFO - [2023-04-24T19:38:14.709+0000] {dag.py:3456} INFO - Setting next_dagrun for example_short_circuit_decorator to 2023-04-23T19:38:14.694828+00:00, run_after=2023-04-24T19:38:14.694828+00:00
[2023-04-24T19:38:15.139+0000] {processor.py:175} INFO - Processing /home/airflow/.local/lib/python3.7/site-packages/airflow/example_dags/example_short_circuit_decorator.py took 20.434 seconds
