[2023-04-24T07:59:27.649+0000] {processor.py:153} INFO - Started process (PID=83) to work on /home/airflow/.local/lib/python3.7/site-packages/airflow/example_dags/example_branch_operator.py
[2023-04-24T07:59:27.655+0000] {processor.py:743} INFO - Processing file /home/airflow/.local/lib/python3.7/site-packages/airflow/example_dags/example_branch_operator.py for tasks to queue
[2023-04-24T07:59:27.659+0000] {logging_mixin.py:137} INFO - [2023-04-24T07:59:27.659+0000] {dagbag.py:532} INFO - Filling up the DagBag from /home/airflow/.local/lib/python3.7/site-packages/airflow/example_dags/example_branch_operator.py
[2023-04-24T07:59:27.817+0000] {processor.py:753} INFO - DAG(s) dict_keys(['example_branch_operator']) retrieved from /home/airflow/.local/lib/python3.7/site-packages/airflow/example_dags/example_branch_operator.py
[2023-04-24T07:59:27.985+0000] {logging_mixin.py:137} INFO - [2023-04-24T07:59:27.985+0000] {dag.py:2705} INFO - Sync 1 DAGs
[2023-04-24T07:59:28.149+0000] {logging_mixin.py:137} INFO - [2023-04-24T07:59:28.149+0000] {dag.py:3456} INFO - Setting next_dagrun for example_branch_operator to 2023-04-23T00:00:00+00:00, run_after=2023-04-24T00:00:00+00:00
[2023-04-24T07:59:28.288+0000] {processor.py:175} INFO - Processing /home/airflow/.local/lib/python3.7/site-packages/airflow/example_dags/example_branch_operator.py took 0.649 seconds
[2023-04-24T08:01:43.741+0000] {processor.py:153} INFO - Started process (PID=154) to work on /home/airflow/.local/lib/python3.7/site-packages/airflow/example_dags/example_branch_operator.py
[2023-04-24T08:01:43.762+0000] {processor.py:743} INFO - Processing file /home/airflow/.local/lib/python3.7/site-packages/airflow/example_dags/example_branch_operator.py for tasks to queue
[2023-04-24T08:01:43.776+0000] {logging_mixin.py:137} INFO - [2023-04-24T08:01:43.772+0000] {dagbag.py:532} INFO - Filling up the DagBag from /home/airflow/.local/lib/python3.7/site-packages/airflow/example_dags/example_branch_operator.py
[2023-04-24T08:01:44.275+0000] {processor.py:753} INFO - DAG(s) dict_keys(['example_branch_operator']) retrieved from /home/airflow/.local/lib/python3.7/site-packages/airflow/example_dags/example_branch_operator.py
[2023-04-24T08:01:45.262+0000] {logging_mixin.py:137} INFO - [2023-04-24T08:01:45.261+0000] {dag.py:2705} INFO - Sync 1 DAGs
[2023-04-24T08:01:46.077+0000] {logging_mixin.py:137} INFO - [2023-04-24T08:01:46.076+0000] {dag.py:3456} INFO - Setting next_dagrun for example_branch_operator to 2023-04-23T00:00:00+00:00, run_after=2023-04-24T00:00:00+00:00
[2023-04-24T08:01:46.538+0000] {processor.py:175} INFO - Processing /home/airflow/.local/lib/python3.7/site-packages/airflow/example_dags/example_branch_operator.py took 3.029 seconds
[2023-04-24T08:05:56.493+0000] {processor.py:153} INFO - Started process (PID=267) to work on /home/airflow/.local/lib/python3.7/site-packages/airflow/example_dags/example_branch_operator.py
[2023-04-24T08:05:56.501+0000] {processor.py:743} INFO - Processing file /home/airflow/.local/lib/python3.7/site-packages/airflow/example_dags/example_branch_operator.py for tasks to queue
[2023-04-24T08:05:56.520+0000] {logging_mixin.py:137} INFO - [2023-04-24T08:05:56.517+0000] {dagbag.py:532} INFO - Filling up the DagBag from /home/airflow/.local/lib/python3.7/site-packages/airflow/example_dags/example_branch_operator.py
[2023-04-24T08:05:57.202+0000] {processor.py:753} INFO - DAG(s) dict_keys(['example_branch_operator']) retrieved from /home/airflow/.local/lib/python3.7/site-packages/airflow/example_dags/example_branch_operator.py
[2023-04-24T08:05:57.482+0000] {logging_mixin.py:137} INFO - [2023-04-24T08:05:57.482+0000] {dag.py:2705} INFO - Sync 1 DAGs
[2023-04-24T08:05:57.850+0000] {logging_mixin.py:137} INFO - [2023-04-24T08:05:57.850+0000] {dag.py:3456} INFO - Setting next_dagrun for example_branch_operator to 2023-04-23T00:00:00+00:00, run_after=2023-04-24T00:00:00+00:00
[2023-04-24T08:05:58.005+0000] {processor.py:175} INFO - Processing /home/airflow/.local/lib/python3.7/site-packages/airflow/example_dags/example_branch_operator.py took 1.547 seconds
[2023-04-24T08:10:07.443+0000] {processor.py:153} INFO - Started process (PID=365) to work on /home/airflow/.local/lib/python3.7/site-packages/airflow/example_dags/example_branch_operator.py
[2023-04-24T08:10:07.451+0000] {processor.py:743} INFO - Processing file /home/airflow/.local/lib/python3.7/site-packages/airflow/example_dags/example_branch_operator.py for tasks to queue
[2023-04-24T08:10:07.459+0000] {logging_mixin.py:137} INFO - [2023-04-24T08:10:07.459+0000] {dagbag.py:532} INFO - Filling up the DagBag from /home/airflow/.local/lib/python3.7/site-packages/airflow/example_dags/example_branch_operator.py
[2023-04-24T08:10:07.666+0000] {processor.py:753} INFO - DAG(s) dict_keys(['example_branch_operator']) retrieved from /home/airflow/.local/lib/python3.7/site-packages/airflow/example_dags/example_branch_operator.py
[2023-04-24T08:10:07.852+0000] {logging_mixin.py:137} INFO - [2023-04-24T08:10:07.852+0000] {dag.py:2705} INFO - Sync 1 DAGs
[2023-04-24T08:10:08.153+0000] {logging_mixin.py:137} INFO - [2023-04-24T08:10:08.153+0000] {dag.py:3456} INFO - Setting next_dagrun for example_branch_operator to 2023-04-23T00:00:00+00:00, run_after=2023-04-24T00:00:00+00:00
[2023-04-24T08:10:08.414+0000] {processor.py:175} INFO - Processing /home/airflow/.local/lib/python3.7/site-packages/airflow/example_dags/example_branch_operator.py took 0.994 seconds
[2023-04-24T19:37:29.969+0000] {processor.py:153} INFO - Started process (PID=84) to work on /home/airflow/.local/lib/python3.7/site-packages/airflow/example_dags/example_branch_operator.py
[2023-04-24T19:37:29.972+0000] {processor.py:743} INFO - Processing file /home/airflow/.local/lib/python3.7/site-packages/airflow/example_dags/example_branch_operator.py for tasks to queue
[2023-04-24T19:37:29.976+0000] {logging_mixin.py:137} INFO - [2023-04-24T19:37:29.975+0000] {dagbag.py:532} INFO - Filling up the DagBag from /home/airflow/.local/lib/python3.7/site-packages/airflow/example_dags/example_branch_operator.py
[2023-04-24T19:37:30.032+0000] {processor.py:753} INFO - DAG(s) dict_keys(['example_branch_operator']) retrieved from /home/airflow/.local/lib/python3.7/site-packages/airflow/example_dags/example_branch_operator.py
[2023-04-24T19:37:30.607+0000] {logging_mixin.py:137} INFO - [2023-04-24T19:37:30.587+0000] {manager.py:504} INFO - Created Permission View: can edit on DAG:example_branch_operator
[2023-04-24T19:37:30.877+0000] {logging_mixin.py:137} INFO - [2023-04-24T19:37:30.870+0000] {manager.py:504} INFO - Created Permission View: can delete on DAG:example_branch_operator
[2023-04-24T19:37:31.178+0000] {logging_mixin.py:137} INFO - [2023-04-24T19:37:31.178+0000] {manager.py:504} INFO - Created Permission View: can read on DAG:example_branch_operator
[2023-04-24T19:37:31.180+0000] {logging_mixin.py:137} INFO - [2023-04-24T19:37:31.180+0000] {dag.py:2705} INFO - Sync 1 DAGs
[2023-04-24T19:37:31.242+0000] {logging_mixin.py:137} INFO - [2023-04-24T19:37:31.239+0000] {dag.py:2726} INFO - Creating ORM DAG for example_branch_operator
[2023-04-24T19:37:31.427+0000] {logging_mixin.py:137} INFO - [2023-04-24T19:37:31.394+0000] {dag.py:3456} INFO - Setting next_dagrun for example_branch_operator to 2023-04-23T00:00:00+00:00, run_after=2023-04-24T00:00:00+00:00
[2023-04-24T19:37:32.141+0000] {processor.py:175} INFO - Processing /home/airflow/.local/lib/python3.7/site-packages/airflow/example_dags/example_branch_operator.py took 2.183 seconds
