[2023-04-24T07:59:10.723+0000] {processor.py:153} INFO - Started process (PID=46) to work on /home/airflow/.local/lib/python3.7/site-packages/airflow/example_dags/example_latest_only_with_trigger.py
[2023-04-24T07:59:10.731+0000] {processor.py:743} INFO - Processing file /home/airflow/.local/lib/python3.7/site-packages/airflow/example_dags/example_latest_only_with_trigger.py for tasks to queue
[2023-04-24T07:59:10.744+0000] {logging_mixin.py:137} INFO - [2023-04-24T07:59:10.742+0000] {dagbag.py:532} INFO - Filling up the DagBag from /home/airflow/.local/lib/python3.7/site-packages/airflow/example_dags/example_latest_only_with_trigger.py
[2023-04-24T07:59:10.846+0000] {processor.py:753} INFO - DAG(s) dict_keys(['latest_only_with_trigger']) retrieved from /home/airflow/.local/lib/python3.7/site-packages/airflow/example_dags/example_latest_only_with_trigger.py
[2023-04-24T07:59:11.001+0000] {logging_mixin.py:137} INFO - [2023-04-24T07:59:11.001+0000] {dag.py:2705} INFO - Sync 1 DAGs
[2023-04-24T07:59:11.209+0000] {logging_mixin.py:137} INFO - [2023-04-24T07:59:11.209+0000] {dag.py:3456} INFO - Setting next_dagrun for latest_only_with_trigger to 2023-04-24T03:59:11.207567+00:00, run_after=2023-04-24T07:59:11.207567+00:00
[2023-04-24T07:59:11.366+0000] {processor.py:175} INFO - Processing /home/airflow/.local/lib/python3.7/site-packages/airflow/example_dags/example_latest_only_with_trigger.py took 0.660 seconds
[2023-04-24T07:59:56.532+0000] {processor.py:153} INFO - Started process (PID=96) to work on /home/airflow/.local/lib/python3.7/site-packages/airflow/example_dags/example_latest_only_with_trigger.py
[2023-04-24T07:59:56.540+0000] {processor.py:743} INFO - Processing file /home/airflow/.local/lib/python3.7/site-packages/airflow/example_dags/example_latest_only_with_trigger.py for tasks to queue
[2023-04-24T07:59:56.542+0000] {logging_mixin.py:137} INFO - [2023-04-24T07:59:56.542+0000] {dagbag.py:532} INFO - Filling up the DagBag from /home/airflow/.local/lib/python3.7/site-packages/airflow/example_dags/example_latest_only_with_trigger.py
[2023-04-24T07:59:56.678+0000] {processor.py:753} INFO - DAG(s) dict_keys(['latest_only_with_trigger']) retrieved from /home/airflow/.local/lib/python3.7/site-packages/airflow/example_dags/example_latest_only_with_trigger.py
[2023-04-24T07:59:58.391+0000] {logging_mixin.py:137} INFO - [2023-04-24T07:59:58.382+0000] {dag.py:2705} INFO - Sync 1 DAGs
[2023-04-24T08:00:00.899+0000] {logging_mixin.py:137} INFO - [2023-04-24T08:00:00.898+0000] {dag.py:3456} INFO - Setting next_dagrun for latest_only_with_trigger to 2023-04-24T04:00:00.894594+00:00, run_after=2023-04-24T08:00:00.894594+00:00
[2023-04-24T08:00:01.794+0000] {processor.py:175} INFO - Processing /home/airflow/.local/lib/python3.7/site-packages/airflow/example_dags/example_latest_only_with_trigger.py took 5.268 seconds
[2023-04-24T08:02:08.321+0000] {processor.py:153} INFO - Started process (PID=174) to work on /home/airflow/.local/lib/python3.7/site-packages/airflow/example_dags/example_latest_only_with_trigger.py
[2023-04-24T08:02:08.324+0000] {processor.py:743} INFO - Processing file /home/airflow/.local/lib/python3.7/site-packages/airflow/example_dags/example_latest_only_with_trigger.py for tasks to queue
[2023-04-24T08:02:08.328+0000] {logging_mixin.py:137} INFO - [2023-04-24T08:02:08.327+0000] {dagbag.py:532} INFO - Filling up the DagBag from /home/airflow/.local/lib/python3.7/site-packages/airflow/example_dags/example_latest_only_with_trigger.py
[2023-04-24T08:02:08.421+0000] {processor.py:753} INFO - DAG(s) dict_keys(['latest_only_with_trigger']) retrieved from /home/airflow/.local/lib/python3.7/site-packages/airflow/example_dags/example_latest_only_with_trigger.py
[2023-04-24T08:02:09.581+0000] {logging_mixin.py:137} INFO - [2023-04-24T08:02:09.581+0000] {dag.py:2705} INFO - Sync 1 DAGs
[2023-04-24T08:02:09.717+0000] {logging_mixin.py:137} INFO - [2023-04-24T08:02:09.716+0000] {dag.py:3456} INFO - Setting next_dagrun for latest_only_with_trigger to 2023-04-24T04:02:09.703603+00:00, run_after=2023-04-24T08:02:09.703603+00:00
[2023-04-24T08:02:09.927+0000] {processor.py:175} INFO - Processing /home/airflow/.local/lib/python3.7/site-packages/airflow/example_dags/example_latest_only_with_trigger.py took 1.635 seconds
[2023-04-24T08:05:05.356+0000] {processor.py:153} INFO - Started process (PID=228) to work on /home/airflow/.local/lib/python3.7/site-packages/airflow/example_dags/example_latest_only_with_trigger.py
[2023-04-24T08:05:05.403+0000] {processor.py:743} INFO - Processing file /home/airflow/.local/lib/python3.7/site-packages/airflow/example_dags/example_latest_only_with_trigger.py for tasks to queue
[2023-04-24T08:05:05.409+0000] {logging_mixin.py:137} INFO - [2023-04-24T08:05:05.408+0000] {dagbag.py:532} INFO - Filling up the DagBag from /home/airflow/.local/lib/python3.7/site-packages/airflow/example_dags/example_latest_only_with_trigger.py
[2023-04-24T08:05:06.039+0000] {processor.py:753} INFO - DAG(s) dict_keys(['latest_only_with_trigger']) retrieved from /home/airflow/.local/lib/python3.7/site-packages/airflow/example_dags/example_latest_only_with_trigger.py
[2023-04-24T08:05:07.113+0000] {logging_mixin.py:137} INFO - [2023-04-24T08:05:07.100+0000] {dag.py:2705} INFO - Sync 1 DAGs
[2023-04-24T08:05:16.551+0000] {logging_mixin.py:137} INFO - [2023-04-24T08:05:16.544+0000] {dag.py:3456} INFO - Setting next_dagrun for latest_only_with_trigger to 2023-04-24T04:05:16.462028+00:00, run_after=2023-04-24T08:05:16.462028+00:00
[2023-04-24T08:05:17.217+0000] {processor.py:175} INFO - Processing /home/airflow/.local/lib/python3.7/site-packages/airflow/example_dags/example_latest_only_with_trigger.py took 11.944 seconds
[2023-04-24T08:06:56.790+0000] {processor.py:153} INFO - Started process (PID=294) to work on /home/airflow/.local/lib/python3.7/site-packages/airflow/example_dags/example_latest_only_with_trigger.py
[2023-04-24T08:06:56.812+0000] {processor.py:743} INFO - Processing file /home/airflow/.local/lib/python3.7/site-packages/airflow/example_dags/example_latest_only_with_trigger.py for tasks to queue
[2023-04-24T08:06:56.818+0000] {logging_mixin.py:137} INFO - [2023-04-24T08:06:56.818+0000] {dagbag.py:532} INFO - Filling up the DagBag from /home/airflow/.local/lib/python3.7/site-packages/airflow/example_dags/example_latest_only_with_trigger.py
[2023-04-24T08:06:57.033+0000] {processor.py:753} INFO - DAG(s) dict_keys(['latest_only_with_trigger']) retrieved from /home/airflow/.local/lib/python3.7/site-packages/airflow/example_dags/example_latest_only_with_trigger.py
[2023-04-24T08:06:59.984+0000] {logging_mixin.py:137} INFO - [2023-04-24T08:06:59.983+0000] {dag.py:2705} INFO - Sync 1 DAGs
[2023-04-24T08:07:01.893+0000] {logging_mixin.py:137} INFO - [2023-04-24T08:07:01.892+0000] {dag.py:3456} INFO - Setting next_dagrun for latest_only_with_trigger to 2023-04-24T04:07:01.883882+00:00, run_after=2023-04-24T08:07:01.883882+00:00
[2023-04-24T08:07:02.836+0000] {processor.py:175} INFO - Processing /home/airflow/.local/lib/python3.7/site-packages/airflow/example_dags/example_latest_only_with_trigger.py took 6.047 seconds
[2023-04-24T08:09:32.654+0000] {processor.py:153} INFO - Started process (PID=341) to work on /home/airflow/.local/lib/python3.7/site-packages/airflow/example_dags/example_latest_only_with_trigger.py
[2023-04-24T08:09:32.703+0000] {processor.py:743} INFO - Processing file /home/airflow/.local/lib/python3.7/site-packages/airflow/example_dags/example_latest_only_with_trigger.py for tasks to queue
[2023-04-24T08:09:32.707+0000] {logging_mixin.py:137} INFO - [2023-04-24T08:09:32.707+0000] {dagbag.py:532} INFO - Filling up the DagBag from /home/airflow/.local/lib/python3.7/site-packages/airflow/example_dags/example_latest_only_with_trigger.py
[2023-04-24T08:09:32.969+0000] {processor.py:753} INFO - DAG(s) dict_keys(['latest_only_with_trigger']) retrieved from /home/airflow/.local/lib/python3.7/site-packages/airflow/example_dags/example_latest_only_with_trigger.py
[2023-04-24T08:09:33.980+0000] {logging_mixin.py:137} INFO - [2023-04-24T08:09:33.979+0000] {dag.py:2705} INFO - Sync 1 DAGs
[2023-04-24T08:09:34.397+0000] {logging_mixin.py:137} INFO - [2023-04-24T08:09:34.396+0000] {dag.py:3456} INFO - Setting next_dagrun for latest_only_with_trigger to 2023-04-24T04:09:34.385268+00:00, run_after=2023-04-24T08:09:34.385268+00:00
[2023-04-24T08:09:34.703+0000] {processor.py:175} INFO - Processing /home/airflow/.local/lib/python3.7/site-packages/airflow/example_dags/example_latest_only_with_trigger.py took 2.053 seconds
[2023-04-24T08:10:30.197+0000] {processor.py:153} INFO - Started process (PID=378) to work on /home/airflow/.local/lib/python3.7/site-packages/airflow/example_dags/example_latest_only_with_trigger.py
[2023-04-24T08:10:30.224+0000] {processor.py:743} INFO - Processing file /home/airflow/.local/lib/python3.7/site-packages/airflow/example_dags/example_latest_only_with_trigger.py for tasks to queue
[2023-04-24T08:10:30.247+0000] {logging_mixin.py:137} INFO - [2023-04-24T08:10:30.246+0000] {dagbag.py:532} INFO - Filling up the DagBag from /home/airflow/.local/lib/python3.7/site-packages/airflow/example_dags/example_latest_only_with_trigger.py
[2023-04-24T08:10:30.368+0000] {processor.py:753} INFO - DAG(s) dict_keys(['latest_only_with_trigger']) retrieved from /home/airflow/.local/lib/python3.7/site-packages/airflow/example_dags/example_latest_only_with_trigger.py
[2023-04-24T08:10:30.561+0000] {logging_mixin.py:137} INFO - [2023-04-24T08:10:30.561+0000] {dag.py:2705} INFO - Sync 1 DAGs
[2023-04-24T08:10:30.675+0000] {logging_mixin.py:137} INFO - [2023-04-24T08:10:30.675+0000] {dag.py:3456} INFO - Setting next_dagrun for latest_only_with_trigger to 2023-04-24T04:10:30.666611+00:00, run_after=2023-04-24T08:10:30.666611+00:00
[2023-04-24T08:10:30.992+0000] {processor.py:175} INFO - Processing /home/airflow/.local/lib/python3.7/site-packages/airflow/example_dags/example_latest_only_with_trigger.py took 0.811 seconds
[2023-04-24T08:12:51.613+0000] {processor.py:153} INFO - Started process (PID=430) to work on /home/airflow/.local/lib/python3.7/site-packages/airflow/example_dags/example_latest_only_with_trigger.py
[2023-04-24T08:12:51.622+0000] {processor.py:743} INFO - Processing file /home/airflow/.local/lib/python3.7/site-packages/airflow/example_dags/example_latest_only_with_trigger.py for tasks to queue
[2023-04-24T08:12:51.625+0000] {logging_mixin.py:137} INFO - [2023-04-24T08:12:51.624+0000] {dagbag.py:532} INFO - Filling up the DagBag from /home/airflow/.local/lib/python3.7/site-packages/airflow/example_dags/example_latest_only_with_trigger.py
[2023-04-24T08:12:51.785+0000] {processor.py:753} INFO - DAG(s) dict_keys(['latest_only_with_trigger']) retrieved from /home/airflow/.local/lib/python3.7/site-packages/airflow/example_dags/example_latest_only_with_trigger.py
[2023-04-24T08:12:52.429+0000] {logging_mixin.py:137} INFO - [2023-04-24T08:12:52.424+0000] {dag.py:2705} INFO - Sync 1 DAGs
[2023-04-24T08:12:52.970+0000] {logging_mixin.py:137} INFO - [2023-04-24T08:12:52.970+0000] {dag.py:3456} INFO - Setting next_dagrun for latest_only_with_trigger to 2023-04-24T04:12:52.949866+00:00, run_after=2023-04-24T08:12:52.949866+00:00
[2023-04-24T08:12:53.289+0000] {processor.py:175} INFO - Processing /home/airflow/.local/lib/python3.7/site-packages/airflow/example_dags/example_latest_only_with_trigger.py took 1.708 seconds
[2023-04-24T19:37:05.513+0000] {processor.py:153} INFO - Started process (PID=46) to work on /home/airflow/.local/lib/python3.7/site-packages/airflow/example_dags/example_latest_only_with_trigger.py
[2023-04-24T19:37:05.520+0000] {processor.py:743} INFO - Processing file /home/airflow/.local/lib/python3.7/site-packages/airflow/example_dags/example_latest_only_with_trigger.py for tasks to queue
[2023-04-24T19:37:05.529+0000] {logging_mixin.py:137} INFO - [2023-04-24T19:37:05.527+0000] {dagbag.py:532} INFO - Filling up the DagBag from /home/airflow/.local/lib/python3.7/site-packages/airflow/example_dags/example_latest_only_with_trigger.py
[2023-04-24T19:37:05.594+0000] {processor.py:753} INFO - DAG(s) dict_keys(['latest_only_with_trigger']) retrieved from /home/airflow/.local/lib/python3.7/site-packages/airflow/example_dags/example_latest_only_with_trigger.py
[2023-04-24T19:37:06.266+0000] {logging_mixin.py:137} INFO - [2023-04-24T19:37:06.266+0000] {manager.py:504} INFO - Created Permission View: can edit on DAG:latest_only_with_trigger
[2023-04-24T19:37:06.317+0000] {logging_mixin.py:137} INFO - [2023-04-24T19:37:06.315+0000] {manager.py:504} INFO - Created Permission View: can delete on DAG:latest_only_with_trigger
[2023-04-24T19:37:06.345+0000] {logging_mixin.py:137} INFO - [2023-04-24T19:37:06.345+0000] {manager.py:504} INFO - Created Permission View: can read on DAG:latest_only_with_trigger
[2023-04-24T19:37:06.348+0000] {logging_mixin.py:137} INFO - [2023-04-24T19:37:06.347+0000] {dag.py:2705} INFO - Sync 1 DAGs
[2023-04-24T19:37:06.440+0000] {logging_mixin.py:137} INFO - [2023-04-24T19:37:06.440+0000] {dag.py:2726} INFO - Creating ORM DAG for latest_only_with_trigger
[2023-04-24T19:37:06.538+0000] {logging_mixin.py:137} INFO - [2023-04-24T19:37:06.535+0000] {dag.py:3456} INFO - Setting next_dagrun for latest_only_with_trigger to 2023-04-24T15:37:06.533703+00:00, run_after=2023-04-24T19:37:06.533703+00:00
[2023-04-24T19:37:06.771+0000] {processor.py:175} INFO - Processing /home/airflow/.local/lib/python3.7/site-packages/airflow/example_dags/example_latest_only_with_trigger.py took 1.272 seconds
[2023-04-24T19:38:17.703+0000] {processor.py:153} INFO - Started process (PID=97) to work on /home/airflow/.local/lib/python3.7/site-packages/airflow/example_dags/example_latest_only_with_trigger.py
[2023-04-24T19:38:17.707+0000] {processor.py:743} INFO - Processing file /home/airflow/.local/lib/python3.7/site-packages/airflow/example_dags/example_latest_only_with_trigger.py for tasks to queue
[2023-04-24T19:38:17.712+0000] {logging_mixin.py:137} INFO - [2023-04-24T19:38:17.712+0000] {dagbag.py:532} INFO - Filling up the DagBag from /home/airflow/.local/lib/python3.7/site-packages/airflow/example_dags/example_latest_only_with_trigger.py
[2023-04-24T19:38:17.811+0000] {processor.py:753} INFO - DAG(s) dict_keys(['latest_only_with_trigger']) retrieved from /home/airflow/.local/lib/python3.7/site-packages/airflow/example_dags/example_latest_only_with_trigger.py
[2023-04-24T19:38:18.058+0000] {logging_mixin.py:137} INFO - [2023-04-24T19:38:18.058+0000] {dag.py:2705} INFO - Sync 1 DAGs
[2023-04-24T19:38:18.266+0000] {logging_mixin.py:137} INFO - [2023-04-24T19:38:18.265+0000] {dag.py:3456} INFO - Setting next_dagrun for latest_only_with_trigger to 2023-04-24T15:38:18.262357+00:00, run_after=2023-04-24T19:38:18.262357+00:00
[2023-04-24T19:38:19.419+0000] {processor.py:175} INFO - Processing /home/airflow/.local/lib/python3.7/site-packages/airflow/example_dags/example_latest_only_with_trigger.py took 1.743 seconds
