[2023-04-24T07:59:17.191+0000] {processor.py:153} INFO - Started process (PID=61) to work on /home/airflow/.local/lib/python3.7/site-packages/airflow/example_dags/example_latest_only.py
[2023-04-24T07:59:17.200+0000] {processor.py:743} INFO - Processing file /home/airflow/.local/lib/python3.7/site-packages/airflow/example_dags/example_latest_only.py for tasks to queue
[2023-04-24T07:59:17.229+0000] {logging_mixin.py:137} INFO - [2023-04-24T07:59:17.228+0000] {dagbag.py:532} INFO - Filling up the DagBag from /home/airflow/.local/lib/python3.7/site-packages/airflow/example_dags/example_latest_only.py
[2023-04-24T07:59:17.343+0000] {processor.py:753} INFO - DAG(s) dict_keys(['latest_only']) retrieved from /home/airflow/.local/lib/python3.7/site-packages/airflow/example_dags/example_latest_only.py
[2023-04-24T07:59:17.568+0000] {logging_mixin.py:137} INFO - [2023-04-24T07:59:17.567+0000] {dag.py:2705} INFO - Sync 1 DAGs
[2023-04-24T07:59:17.804+0000] {logging_mixin.py:137} INFO - [2023-04-24T07:59:17.804+0000] {dag.py:3456} INFO - Setting next_dagrun for latest_only to 2023-04-24T03:59:17.795222+00:00, run_after=2023-04-24T07:59:17.795222+00:00
[2023-04-24T07:59:17.873+0000] {processor.py:175} INFO - Processing /home/airflow/.local/lib/python3.7/site-packages/airflow/example_dags/example_latest_only.py took 0.697 seconds
[2023-04-24T08:00:19.507+0000] {processor.py:153} INFO - Started process (PID=118) to work on /home/airflow/.local/lib/python3.7/site-packages/airflow/example_dags/example_latest_only.py
[2023-04-24T08:00:19.523+0000] {processor.py:743} INFO - Processing file /home/airflow/.local/lib/python3.7/site-packages/airflow/example_dags/example_latest_only.py for tasks to queue
[2023-04-24T08:00:19.536+0000] {logging_mixin.py:137} INFO - [2023-04-24T08:00:19.535+0000] {dagbag.py:532} INFO - Filling up the DagBag from /home/airflow/.local/lib/python3.7/site-packages/airflow/example_dags/example_latest_only.py
[2023-04-24T08:00:19.681+0000] {processor.py:753} INFO - DAG(s) dict_keys(['latest_only']) retrieved from /home/airflow/.local/lib/python3.7/site-packages/airflow/example_dags/example_latest_only.py
[2023-04-24T08:00:19.951+0000] {logging_mixin.py:137} INFO - [2023-04-24T08:00:19.951+0000] {dag.py:2705} INFO - Sync 1 DAGs
[2023-04-24T08:00:20.294+0000] {logging_mixin.py:137} INFO - [2023-04-24T08:00:20.291+0000] {dag.py:3456} INFO - Setting next_dagrun for latest_only to 2023-04-24T04:00:20.285820+00:00, run_after=2023-04-24T08:00:20.285820+00:00
[2023-04-24T08:00:20.709+0000] {processor.py:175} INFO - Processing /home/airflow/.local/lib/python3.7/site-packages/airflow/example_dags/example_latest_only.py took 1.247 seconds
[2023-04-24T08:03:02.033+0000] {processor.py:153} INFO - Started process (PID=197) to work on /home/airflow/.local/lib/python3.7/site-packages/airflow/example_dags/example_latest_only.py
[2023-04-24T08:03:02.074+0000] {processor.py:743} INFO - Processing file /home/airflow/.local/lib/python3.7/site-packages/airflow/example_dags/example_latest_only.py for tasks to queue
[2023-04-24T08:03:02.267+0000] {logging_mixin.py:137} INFO - [2023-04-24T08:03:02.214+0000] {dagbag.py:532} INFO - Filling up the DagBag from /home/airflow/.local/lib/python3.7/site-packages/airflow/example_dags/example_latest_only.py
[2023-04-24T08:03:05.108+0000] {processor.py:753} INFO - DAG(s) dict_keys(['latest_only']) retrieved from /home/airflow/.local/lib/python3.7/site-packages/airflow/example_dags/example_latest_only.py
[2023-04-24T08:03:12.469+0000] {logging_mixin.py:137} INFO - [2023-04-24T08:03:12.468+0000] {dag.py:2705} INFO - Sync 1 DAGs
[2023-04-24T08:03:12.681+0000] {logging_mixin.py:137} INFO - [2023-04-24T08:03:12.680+0000] {dag.py:3456} INFO - Setting next_dagrun for latest_only to 2023-04-24T04:03:12.673856+00:00, run_after=2023-04-24T08:03:12.673856+00:00
[2023-04-24T08:03:12.939+0000] {processor.py:175} INFO - Processing /home/airflow/.local/lib/python3.7/site-packages/airflow/example_dags/example_latest_only.py took 10.664 seconds
[2023-04-24T08:05:39.569+0000] {processor.py:153} INFO - Started process (PID=251) to work on /home/airflow/.local/lib/python3.7/site-packages/airflow/example_dags/example_latest_only.py
[2023-04-24T08:05:39.583+0000] {processor.py:743} INFO - Processing file /home/airflow/.local/lib/python3.7/site-packages/airflow/example_dags/example_latest_only.py for tasks to queue
[2023-04-24T08:05:39.589+0000] {logging_mixin.py:137} INFO - [2023-04-24T08:05:39.588+0000] {dagbag.py:532} INFO - Filling up the DagBag from /home/airflow/.local/lib/python3.7/site-packages/airflow/example_dags/example_latest_only.py
[2023-04-24T08:05:39.909+0000] {processor.py:753} INFO - DAG(s) dict_keys(['latest_only']) retrieved from /home/airflow/.local/lib/python3.7/site-packages/airflow/example_dags/example_latest_only.py
[2023-04-24T08:05:44.145+0000] {logging_mixin.py:137} INFO - [2023-04-24T08:05:44.144+0000] {dag.py:2705} INFO - Sync 1 DAGs
[2023-04-24T08:05:44.563+0000] {logging_mixin.py:137} INFO - [2023-04-24T08:05:44.562+0000] {dag.py:3456} INFO - Setting next_dagrun for latest_only to 2023-04-24T04:05:44.551134+00:00, run_after=2023-04-24T08:05:44.551134+00:00
[2023-04-24T08:05:46.780+0000] {processor.py:175} INFO - Processing /home/airflow/.local/lib/python3.7/site-packages/airflow/example_dags/example_latest_only.py took 7.265 seconds
[2023-04-24T08:09:40.015+0000] {processor.py:153} INFO - Started process (PID=349) to work on /home/airflow/.local/lib/python3.7/site-packages/airflow/example_dags/example_latest_only.py
[2023-04-24T08:09:40.019+0000] {processor.py:743} INFO - Processing file /home/airflow/.local/lib/python3.7/site-packages/airflow/example_dags/example_latest_only.py for tasks to queue
[2023-04-24T08:09:40.026+0000] {logging_mixin.py:137} INFO - [2023-04-24T08:09:40.025+0000] {dagbag.py:532} INFO - Filling up the DagBag from /home/airflow/.local/lib/python3.7/site-packages/airflow/example_dags/example_latest_only.py
[2023-04-24T08:09:40.174+0000] {processor.py:753} INFO - DAG(s) dict_keys(['latest_only']) retrieved from /home/airflow/.local/lib/python3.7/site-packages/airflow/example_dags/example_latest_only.py
[2023-04-24T08:09:40.351+0000] {logging_mixin.py:137} INFO - [2023-04-24T08:09:40.350+0000] {dag.py:2705} INFO - Sync 1 DAGs
[2023-04-24T08:09:40.768+0000] {logging_mixin.py:137} INFO - [2023-04-24T08:09:40.768+0000] {dag.py:3456} INFO - Setting next_dagrun for latest_only to 2023-04-24T04:09:40.768035+00:00, run_after=2023-04-24T08:09:40.768035+00:00
[2023-04-24T08:09:40.847+0000] {processor.py:175} INFO - Processing /home/airflow/.local/lib/python3.7/site-packages/airflow/example_dags/example_latest_only.py took 0.863 seconds
[2023-04-24T08:11:34.445+0000] {processor.py:153} INFO - Started process (PID=408) to work on /home/airflow/.local/lib/python3.7/site-packages/airflow/example_dags/example_latest_only.py
[2023-04-24T08:11:34.456+0000] {processor.py:743} INFO - Processing file /home/airflow/.local/lib/python3.7/site-packages/airflow/example_dags/example_latest_only.py for tasks to queue
[2023-04-24T08:11:34.463+0000] {logging_mixin.py:137} INFO - [2023-04-24T08:11:34.462+0000] {dagbag.py:532} INFO - Filling up the DagBag from /home/airflow/.local/lib/python3.7/site-packages/airflow/example_dags/example_latest_only.py
[2023-04-24T08:11:35.182+0000] {processor.py:753} INFO - DAG(s) dict_keys(['latest_only']) retrieved from /home/airflow/.local/lib/python3.7/site-packages/airflow/example_dags/example_latest_only.py
[2023-04-24T08:11:35.697+0000] {logging_mixin.py:137} INFO - [2023-04-24T08:11:35.695+0000] {dag.py:2705} INFO - Sync 1 DAGs
[2023-04-24T08:11:37.173+0000] {logging_mixin.py:137} INFO - [2023-04-24T08:11:37.173+0000] {dag.py:3456} INFO - Setting next_dagrun for latest_only to 2023-04-24T04:11:37.036349+00:00, run_after=2023-04-24T08:11:37.036349+00:00
[2023-04-24T08:11:37.594+0000] {processor.py:175} INFO - Processing /home/airflow/.local/lib/python3.7/site-packages/airflow/example_dags/example_latest_only.py took 3.279 seconds
[2023-04-24T08:13:09.934+0000] {processor.py:153} INFO - Started process (PID=445) to work on /home/airflow/.local/lib/python3.7/site-packages/airflow/example_dags/example_latest_only.py
[2023-04-24T08:13:09.942+0000] {processor.py:743} INFO - Processing file /home/airflow/.local/lib/python3.7/site-packages/airflow/example_dags/example_latest_only.py for tasks to queue
[2023-04-24T08:13:09.948+0000] {logging_mixin.py:137} INFO - [2023-04-24T08:13:09.945+0000] {dagbag.py:532} INFO - Filling up the DagBag from /home/airflow/.local/lib/python3.7/site-packages/airflow/example_dags/example_latest_only.py
[2023-04-24T08:13:10.066+0000] {processor.py:753} INFO - DAG(s) dict_keys(['latest_only']) retrieved from /home/airflow/.local/lib/python3.7/site-packages/airflow/example_dags/example_latest_only.py
[2023-04-24T08:13:10.396+0000] {logging_mixin.py:137} INFO - [2023-04-24T08:13:10.395+0000] {dag.py:2705} INFO - Sync 1 DAGs
[2023-04-24T08:13:11.391+0000] {logging_mixin.py:137} INFO - [2023-04-24T08:13:11.347+0000] {dag.py:3456} INFO - Setting next_dagrun for latest_only to 2023-04-24T04:13:11.289603+00:00, run_after=2023-04-24T08:13:11.289603+00:00
[2023-04-24T08:13:11.906+0000] {processor.py:175} INFO - Processing /home/airflow/.local/lib/python3.7/site-packages/airflow/example_dags/example_latest_only.py took 2.003 seconds
[2023-04-24T19:37:20.871+0000] {processor.py:153} INFO - Started process (PID=61) to work on /home/airflow/.local/lib/python3.7/site-packages/airflow/example_dags/example_latest_only.py
[2023-04-24T19:37:20.878+0000] {processor.py:743} INFO - Processing file /home/airflow/.local/lib/python3.7/site-packages/airflow/example_dags/example_latest_only.py for tasks to queue
[2023-04-24T19:37:20.883+0000] {logging_mixin.py:137} INFO - [2023-04-24T19:37:20.883+0000] {dagbag.py:532} INFO - Filling up the DagBag from /home/airflow/.local/lib/python3.7/site-packages/airflow/example_dags/example_latest_only.py
[2023-04-24T19:37:21.004+0000] {processor.py:753} INFO - DAG(s) dict_keys(['latest_only']) retrieved from /home/airflow/.local/lib/python3.7/site-packages/airflow/example_dags/example_latest_only.py
[2023-04-24T19:37:21.339+0000] {logging_mixin.py:137} INFO - [2023-04-24T19:37:21.338+0000] {manager.py:504} INFO - Created Permission View: can edit on DAG:latest_only
[2023-04-24T19:37:21.371+0000] {logging_mixin.py:137} INFO - [2023-04-24T19:37:21.370+0000] {manager.py:504} INFO - Created Permission View: can delete on DAG:latest_only
[2023-04-24T19:37:21.386+0000] {logging_mixin.py:137} INFO - [2023-04-24T19:37:21.386+0000] {manager.py:504} INFO - Created Permission View: can read on DAG:latest_only
[2023-04-24T19:37:21.388+0000] {logging_mixin.py:137} INFO - [2023-04-24T19:37:21.387+0000] {dag.py:2705} INFO - Sync 1 DAGs
[2023-04-24T19:37:21.455+0000] {logging_mixin.py:137} INFO - [2023-04-24T19:37:21.453+0000] {dag.py:2726} INFO - Creating ORM DAG for latest_only
[2023-04-24T19:37:21.551+0000] {logging_mixin.py:137} INFO - [2023-04-24T19:37:21.550+0000] {dag.py:3456} INFO - Setting next_dagrun for latest_only to 2023-04-24T15:37:21.536573+00:00, run_after=2023-04-24T19:37:21.536573+00:00
[2023-04-24T19:37:22.162+0000] {processor.py:175} INFO - Processing /home/airflow/.local/lib/python3.7/site-packages/airflow/example_dags/example_latest_only.py took 1.305 seconds
[2023-04-24T19:39:08.203+0000] {processor.py:153} INFO - Started process (PID=120) to work on /home/airflow/.local/lib/python3.7/site-packages/airflow/example_dags/example_latest_only.py
[2023-04-24T19:39:08.208+0000] {processor.py:743} INFO - Processing file /home/airflow/.local/lib/python3.7/site-packages/airflow/example_dags/example_latest_only.py for tasks to queue
[2023-04-24T19:39:08.215+0000] {logging_mixin.py:137} INFO - [2023-04-24T19:39:08.215+0000] {dagbag.py:532} INFO - Filling up the DagBag from /home/airflow/.local/lib/python3.7/site-packages/airflow/example_dags/example_latest_only.py
[2023-04-24T19:39:08.420+0000] {processor.py:753} INFO - DAG(s) dict_keys(['latest_only']) retrieved from /home/airflow/.local/lib/python3.7/site-packages/airflow/example_dags/example_latest_only.py
[2023-04-24T19:39:08.599+0000] {logging_mixin.py:137} INFO - [2023-04-24T19:39:08.599+0000] {dag.py:2705} INFO - Sync 1 DAGs
[2023-04-24T19:39:08.898+0000] {logging_mixin.py:137} INFO - [2023-04-24T19:39:08.897+0000] {dag.py:3456} INFO - Setting next_dagrun for latest_only to 2023-04-24T15:39:08.889771+00:00, run_after=2023-04-24T19:39:08.889771+00:00
[2023-04-24T19:39:09.388+0000] {processor.py:175} INFO - Processing /home/airflow/.local/lib/python3.7/site-packages/airflow/example_dags/example_latest_only.py took 1.220 seconds
