[2023-04-24T07:59:16.658+0000] {processor.py:153} INFO - Started process (PID=60) to work on /home/airflow/.local/lib/python3.7/site-packages/airflow/example_dags/example_subdag_operator.py
[2023-04-24T07:59:16.667+0000] {processor.py:743} INFO - Processing file /home/airflow/.local/lib/python3.7/site-packages/airflow/example_dags/example_subdag_operator.py for tasks to queue
[2023-04-24T07:59:16.670+0000] {logging_mixin.py:137} INFO - [2023-04-24T07:59:16.670+0000] {dagbag.py:532} INFO - Filling up the DagBag from /home/airflow/.local/lib/python3.7/site-packages/airflow/example_dags/example_subdag_operator.py
[2023-04-24T07:59:16.799+0000] {processor.py:753} INFO - DAG(s) dict_keys(['example_subdag_operator.section-1', 'example_subdag_operator.section-2', 'example_subdag_operator']) retrieved from /home/airflow/.local/lib/python3.7/site-packages/airflow/example_dags/example_subdag_operator.py
[2023-04-24T07:59:16.883+0000] {logging_mixin.py:137} INFO - [2023-04-24T07:59:16.883+0000] {dag.py:2705} INFO - Sync 3 DAGs
[2023-04-24T07:59:16.995+0000] {logging_mixin.py:137} INFO - [2023-04-24T07:59:16.991+0000] {dag.py:3456} INFO - Setting next_dagrun for example_subdag_operator to 2022-01-01T00:00:00+00:00, run_after=2022-01-01T00:00:00+00:00
[2023-04-24T07:59:17.008+0000] {logging_mixin.py:137} INFO - [2023-04-24T07:59:17.007+0000] {dag.py:3456} INFO - Setting next_dagrun for example_subdag_operator.section-1 to None, run_after=None
[2023-04-24T07:59:17.020+0000] {logging_mixin.py:137} INFO - [2023-04-24T07:59:17.019+0000] {dag.py:3456} INFO - Setting next_dagrun for example_subdag_operator.section-2 to None, run_after=None
[2023-04-24T07:59:17.046+0000] {logging_mixin.py:137} INFO - [2023-04-24T07:59:17.045+0000] {dag.py:2705} INFO - Sync 2 DAGs
[2023-04-24T07:59:17.067+0000] {logging_mixin.py:137} INFO - [2023-04-24T07:59:17.067+0000] {dag.py:3456} INFO - Setting next_dagrun for example_subdag_operator.section-1 to None, run_after=None
[2023-04-24T07:59:17.072+0000] {logging_mixin.py:137} INFO - [2023-04-24T07:59:17.072+0000] {dag.py:3456} INFO - Setting next_dagrun for example_subdag_operator.section-2 to None, run_after=None
[2023-04-24T07:59:17.140+0000] {processor.py:175} INFO - Processing /home/airflow/.local/lib/python3.7/site-packages/airflow/example_dags/example_subdag_operator.py took 0.496 seconds
[2023-04-24T08:00:18.660+0000] {processor.py:153} INFO - Started process (PID=117) to work on /home/airflow/.local/lib/python3.7/site-packages/airflow/example_dags/example_subdag_operator.py
[2023-04-24T08:00:18.663+0000] {processor.py:743} INFO - Processing file /home/airflow/.local/lib/python3.7/site-packages/airflow/example_dags/example_subdag_operator.py for tasks to queue
[2023-04-24T08:00:18.665+0000] {logging_mixin.py:137} INFO - [2023-04-24T08:00:18.664+0000] {dagbag.py:532} INFO - Filling up the DagBag from /home/airflow/.local/lib/python3.7/site-packages/airflow/example_dags/example_subdag_operator.py
[2023-04-24T08:00:18.844+0000] {processor.py:753} INFO - DAG(s) dict_keys(['example_subdag_operator.section-1', 'example_subdag_operator.section-2', 'example_subdag_operator']) retrieved from /home/airflow/.local/lib/python3.7/site-packages/airflow/example_dags/example_subdag_operator.py
[2023-04-24T08:00:18.994+0000] {logging_mixin.py:137} INFO - [2023-04-24T08:00:18.994+0000] {dag.py:2705} INFO - Sync 3 DAGs
[2023-04-24T08:00:19.092+0000] {logging_mixin.py:137} INFO - [2023-04-24T08:00:19.092+0000] {dag.py:3456} INFO - Setting next_dagrun for example_subdag_operator to 2022-01-01T00:00:00+00:00, run_after=2022-01-01T00:00:00+00:00
[2023-04-24T08:00:19.135+0000] {logging_mixin.py:137} INFO - [2023-04-24T08:00:19.134+0000] {dag.py:3456} INFO - Setting next_dagrun for example_subdag_operator.section-1 to None, run_after=None
[2023-04-24T08:00:19.139+0000] {logging_mixin.py:137} INFO - [2023-04-24T08:00:19.138+0000] {dag.py:3456} INFO - Setting next_dagrun for example_subdag_operator.section-2 to None, run_after=None
[2023-04-24T08:00:19.202+0000] {logging_mixin.py:137} INFO - [2023-04-24T08:00:19.200+0000] {dag.py:2705} INFO - Sync 2 DAGs
[2023-04-24T08:00:19.375+0000] {logging_mixin.py:137} INFO - [2023-04-24T08:00:19.355+0000] {dag.py:3456} INFO - Setting next_dagrun for example_subdag_operator.section-1 to None, run_after=None
[2023-04-24T08:00:19.376+0000] {logging_mixin.py:137} INFO - [2023-04-24T08:00:19.376+0000] {dag.py:3456} INFO - Setting next_dagrun for example_subdag_operator.section-2 to None, run_after=None
[2023-04-24T08:00:19.529+0000] {processor.py:175} INFO - Processing /home/airflow/.local/lib/python3.7/site-packages/airflow/example_dags/example_subdag_operator.py took 0.886 seconds
[2023-04-24T08:02:54.688+0000] {processor.py:153} INFO - Started process (PID=196) to work on /home/airflow/.local/lib/python3.7/site-packages/airflow/example_dags/example_subdag_operator.py
[2023-04-24T08:02:54.725+0000] {processor.py:743} INFO - Processing file /home/airflow/.local/lib/python3.7/site-packages/airflow/example_dags/example_subdag_operator.py for tasks to queue
[2023-04-24T08:02:54.870+0000] {logging_mixin.py:137} INFO - [2023-04-24T08:02:54.848+0000] {dagbag.py:532} INFO - Filling up the DagBag from /home/airflow/.local/lib/python3.7/site-packages/airflow/example_dags/example_subdag_operator.py
[2023-04-24T08:02:58.286+0000] {processor.py:753} INFO - DAG(s) dict_keys(['example_subdag_operator.section-1', 'example_subdag_operator.section-2', 'example_subdag_operator']) retrieved from /home/airflow/.local/lib/python3.7/site-packages/airflow/example_dags/example_subdag_operator.py
[2023-04-24T08:02:59.551+0000] {logging_mixin.py:137} INFO - [2023-04-24T08:02:59.463+0000] {dag.py:2705} INFO - Sync 3 DAGs
[2023-04-24T08:03:11.023+0000] {logging_mixin.py:137} INFO - [2023-04-24T08:03:10.995+0000] {dag.py:3456} INFO - Setting next_dagrun for example_subdag_operator to 2022-01-01T00:00:00+00:00, run_after=2022-01-01T00:00:00+00:00
[2023-04-24T08:03:11.771+0000] {logging_mixin.py:137} INFO - [2023-04-24T08:03:11.740+0000] {dag.py:3456} INFO - Setting next_dagrun for example_subdag_operator.section-1 to None, run_after=None
[2023-04-24T08:03:11.919+0000] {logging_mixin.py:137} INFO - [2023-04-24T08:03:11.899+0000] {dag.py:3456} INFO - Setting next_dagrun for example_subdag_operator.section-2 to None, run_after=None
[2023-04-24T08:03:12.389+0000] {logging_mixin.py:137} INFO - [2023-04-24T08:03:12.388+0000] {dag.py:2705} INFO - Sync 2 DAGs
[2023-04-24T08:03:12.478+0000] {logging_mixin.py:137} INFO - [2023-04-24T08:03:12.478+0000] {dag.py:3456} INFO - Setting next_dagrun for example_subdag_operator.section-1 to None, run_after=None
[2023-04-24T08:03:12.484+0000] {logging_mixin.py:137} INFO - [2023-04-24T08:03:12.484+0000] {dag.py:3456} INFO - Setting next_dagrun for example_subdag_operator.section-2 to None, run_after=None
[2023-04-24T08:03:12.599+0000] {processor.py:175} INFO - Processing /home/airflow/.local/lib/python3.7/site-packages/airflow/example_dags/example_subdag_operator.py took 17.567 seconds
[2023-04-24T08:05:34.769+0000] {processor.py:153} INFO - Started process (PID=250) to work on /home/airflow/.local/lib/python3.7/site-packages/airflow/example_dags/example_subdag_operator.py
[2023-04-24T08:05:34.778+0000] {processor.py:743} INFO - Processing file /home/airflow/.local/lib/python3.7/site-packages/airflow/example_dags/example_subdag_operator.py for tasks to queue
[2023-04-24T08:05:34.785+0000] {logging_mixin.py:137} INFO - [2023-04-24T08:05:34.785+0000] {dagbag.py:532} INFO - Filling up the DagBag from /home/airflow/.local/lib/python3.7/site-packages/airflow/example_dags/example_subdag_operator.py
[2023-04-24T08:05:35.481+0000] {processor.py:753} INFO - DAG(s) dict_keys(['example_subdag_operator.section-1', 'example_subdag_operator.section-2', 'example_subdag_operator']) retrieved from /home/airflow/.local/lib/python3.7/site-packages/airflow/example_dags/example_subdag_operator.py
[2023-04-24T08:05:35.969+0000] {logging_mixin.py:137} INFO - [2023-04-24T08:05:35.962+0000] {dag.py:2705} INFO - Sync 3 DAGs
[2023-04-24T08:05:36.925+0000] {logging_mixin.py:137} INFO - [2023-04-24T08:05:36.916+0000] {dag.py:3456} INFO - Setting next_dagrun for example_subdag_operator to 2022-01-01T00:00:00+00:00, run_after=2022-01-01T00:00:00+00:00
[2023-04-24T08:05:36.995+0000] {logging_mixin.py:137} INFO - [2023-04-24T08:05:36.993+0000] {dag.py:3456} INFO - Setting next_dagrun for example_subdag_operator.section-1 to None, run_after=None
[2023-04-24T08:05:37.096+0000] {logging_mixin.py:137} INFO - [2023-04-24T08:05:37.092+0000] {dag.py:3456} INFO - Setting next_dagrun for example_subdag_operator.section-2 to None, run_after=None
[2023-04-24T08:05:38.882+0000] {logging_mixin.py:137} INFO - [2023-04-24T08:05:38.881+0000] {dag.py:2705} INFO - Sync 2 DAGs
[2023-04-24T08:05:38.918+0000] {logging_mixin.py:137} INFO - [2023-04-24T08:05:38.918+0000] {dag.py:3456} INFO - Setting next_dagrun for example_subdag_operator.section-1 to None, run_after=None
[2023-04-24T08:05:38.927+0000] {logging_mixin.py:137} INFO - [2023-04-24T08:05:38.926+0000] {dag.py:3456} INFO - Setting next_dagrun for example_subdag_operator.section-2 to None, run_after=None
[2023-04-24T08:05:39.349+0000] {processor.py:175} INFO - Processing /home/airflow/.local/lib/python3.7/site-packages/airflow/example_dags/example_subdag_operator.py took 4.597 seconds
[2023-04-24T08:09:39.092+0000] {processor.py:153} INFO - Started process (PID=348) to work on /home/airflow/.local/lib/python3.7/site-packages/airflow/example_dags/example_subdag_operator.py
[2023-04-24T08:09:39.114+0000] {processor.py:743} INFO - Processing file /home/airflow/.local/lib/python3.7/site-packages/airflow/example_dags/example_subdag_operator.py for tasks to queue
[2023-04-24T08:09:39.153+0000] {logging_mixin.py:137} INFO - [2023-04-24T08:09:39.149+0000] {dagbag.py:532} INFO - Filling up the DagBag from /home/airflow/.local/lib/python3.7/site-packages/airflow/example_dags/example_subdag_operator.py
[2023-04-24T08:09:39.616+0000] {processor.py:753} INFO - DAG(s) dict_keys(['example_subdag_operator.section-1', 'example_subdag_operator.section-2', 'example_subdag_operator']) retrieved from /home/airflow/.local/lib/python3.7/site-packages/airflow/example_dags/example_subdag_operator.py
[2023-04-24T08:09:39.922+0000] {logging_mixin.py:137} INFO - [2023-04-24T08:09:39.922+0000] {dag.py:2705} INFO - Sync 3 DAGs
[2023-04-24T08:09:40.158+0000] {logging_mixin.py:137} INFO - [2023-04-24T08:09:40.158+0000] {dag.py:3456} INFO - Setting next_dagrun for example_subdag_operator to 2022-01-01T00:00:00+00:00, run_after=2022-01-01T00:00:00+00:00
[2023-04-24T08:09:40.195+0000] {logging_mixin.py:137} INFO - [2023-04-24T08:09:40.194+0000] {dag.py:3456} INFO - Setting next_dagrun for example_subdag_operator.section-1 to None, run_after=None
[2023-04-24T08:09:40.201+0000] {logging_mixin.py:137} INFO - [2023-04-24T08:09:40.201+0000] {dag.py:3456} INFO - Setting next_dagrun for example_subdag_operator.section-2 to None, run_after=None
[2023-04-24T08:09:40.254+0000] {logging_mixin.py:137} INFO - [2023-04-24T08:09:40.254+0000] {dag.py:2705} INFO - Sync 2 DAGs
[2023-04-24T08:09:40.306+0000] {logging_mixin.py:137} INFO - [2023-04-24T08:09:40.306+0000] {dag.py:3456} INFO - Setting next_dagrun for example_subdag_operator.section-1 to None, run_after=None
[2023-04-24T08:09:40.311+0000] {logging_mixin.py:137} INFO - [2023-04-24T08:09:40.310+0000] {dag.py:3456} INFO - Setting next_dagrun for example_subdag_operator.section-2 to None, run_after=None
[2023-04-24T08:09:40.439+0000] {processor.py:175} INFO - Processing /home/airflow/.local/lib/python3.7/site-packages/airflow/example_dags/example_subdag_operator.py took 1.405 seconds
[2023-04-24T08:11:18.925+0000] {processor.py:153} INFO - Started process (PID=407) to work on /home/airflow/.local/lib/python3.7/site-packages/airflow/example_dags/example_subdag_operator.py
[2023-04-24T08:11:18.932+0000] {processor.py:743} INFO - Processing file /home/airflow/.local/lib/python3.7/site-packages/airflow/example_dags/example_subdag_operator.py for tasks to queue
[2023-04-24T08:11:18.938+0000] {logging_mixin.py:137} INFO - [2023-04-24T08:11:18.937+0000] {dagbag.py:532} INFO - Filling up the DagBag from /home/airflow/.local/lib/python3.7/site-packages/airflow/example_dags/example_subdag_operator.py
[2023-04-24T08:11:34.106+0000] {processor.py:753} INFO - DAG(s) dict_keys(['example_subdag_operator.section-1', 'example_subdag_operator.section-2', 'example_subdag_operator']) retrieved from /home/airflow/.local/lib/python3.7/site-packages/airflow/example_dags/example_subdag_operator.py
[2023-04-24T08:11:35.080+0000] {logging_mixin.py:137} INFO - [2023-04-24T08:11:35.078+0000] {dag.py:2705} INFO - Sync 3 DAGs
[2023-04-24T08:11:35.573+0000] {logging_mixin.py:137} INFO - [2023-04-24T08:11:35.569+0000] {dag.py:3456} INFO - Setting next_dagrun for example_subdag_operator to 2022-01-01T00:00:00+00:00, run_after=2022-01-01T00:00:00+00:00
[2023-04-24T08:11:35.639+0000] {logging_mixin.py:137} INFO - [2023-04-24T08:11:35.639+0000] {dag.py:3456} INFO - Setting next_dagrun for example_subdag_operator.section-1 to None, run_after=None
[2023-04-24T08:11:35.648+0000] {logging_mixin.py:137} INFO - [2023-04-24T08:11:35.648+0000] {dag.py:3456} INFO - Setting next_dagrun for example_subdag_operator.section-2 to None, run_after=None
[2023-04-24T08:11:35.821+0000] {logging_mixin.py:137} INFO - [2023-04-24T08:11:35.821+0000] {dag.py:2705} INFO - Sync 2 DAGs
[2023-04-24T08:11:36.000+0000] {logging_mixin.py:137} INFO - [2023-04-24T08:11:36.000+0000] {dag.py:3456} INFO - Setting next_dagrun for example_subdag_operator.section-1 to None, run_after=None
[2023-04-24T08:11:36.004+0000] {logging_mixin.py:137} INFO - [2023-04-24T08:11:36.004+0000] {dag.py:3456} INFO - Setting next_dagrun for example_subdag_operator.section-2 to None, run_after=None
[2023-04-24T08:11:36.392+0000] {processor.py:175} INFO - Processing /home/airflow/.local/lib/python3.7/site-packages/airflow/example_dags/example_subdag_operator.py took 17.515 seconds
[2023-04-24T08:13:08.882+0000] {processor.py:153} INFO - Started process (PID=444) to work on /home/airflow/.local/lib/python3.7/site-packages/airflow/example_dags/example_subdag_operator.py
[2023-04-24T08:13:08.897+0000] {processor.py:743} INFO - Processing file /home/airflow/.local/lib/python3.7/site-packages/airflow/example_dags/example_subdag_operator.py for tasks to queue
[2023-04-24T08:13:08.916+0000] {logging_mixin.py:137} INFO - [2023-04-24T08:13:08.915+0000] {dagbag.py:532} INFO - Filling up the DagBag from /home/airflow/.local/lib/python3.7/site-packages/airflow/example_dags/example_subdag_operator.py
[2023-04-24T08:13:09.732+0000] {processor.py:753} INFO - DAG(s) dict_keys(['example_subdag_operator.section-1', 'example_subdag_operator.section-2', 'example_subdag_operator']) retrieved from /home/airflow/.local/lib/python3.7/site-packages/airflow/example_dags/example_subdag_operator.py
[2023-04-24T08:13:10.060+0000] {logging_mixin.py:137} INFO - [2023-04-24T08:13:10.054+0000] {dag.py:2705} INFO - Sync 3 DAGs
[2023-04-24T08:13:11.273+0000] {logging_mixin.py:137} INFO - [2023-04-24T08:13:11.265+0000] {dag.py:3456} INFO - Setting next_dagrun for example_subdag_operator to 2022-01-01T00:00:00+00:00, run_after=2022-01-01T00:00:00+00:00
[2023-04-24T08:13:11.415+0000] {logging_mixin.py:137} INFO - [2023-04-24T08:13:11.414+0000] {dag.py:3456} INFO - Setting next_dagrun for example_subdag_operator.section-1 to None, run_after=None
[2023-04-24T08:13:11.477+0000] {logging_mixin.py:137} INFO - [2023-04-24T08:13:11.477+0000] {dag.py:3456} INFO - Setting next_dagrun for example_subdag_operator.section-2 to None, run_after=None
[2023-04-24T08:13:11.901+0000] {logging_mixin.py:137} INFO - [2023-04-24T08:13:11.892+0000] {dag.py:2705} INFO - Sync 2 DAGs
[2023-04-24T08:13:13.735+0000] {logging_mixin.py:137} INFO - [2023-04-24T08:13:13.221+0000] {dag.py:3456} INFO - Setting next_dagrun for example_subdag_operator.section-1 to None, run_after=None
[2023-04-24T08:13:13.809+0000] {logging_mixin.py:137} INFO - [2023-04-24T08:13:13.808+0000] {dag.py:3456} INFO - Setting next_dagrun for example_subdag_operator.section-2 to None, run_after=None
[2023-04-24T08:13:15.816+0000] {processor.py:175} INFO - Processing /home/airflow/.local/lib/python3.7/site-packages/airflow/example_dags/example_subdag_operator.py took 7.142 seconds
[2023-04-24T19:37:19.811+0000] {processor.py:153} INFO - Started process (PID=60) to work on /home/airflow/.local/lib/python3.7/site-packages/airflow/example_dags/example_subdag_operator.py
[2023-04-24T19:37:19.822+0000] {processor.py:743} INFO - Processing file /home/airflow/.local/lib/python3.7/site-packages/airflow/example_dags/example_subdag_operator.py for tasks to queue
[2023-04-24T19:37:19.828+0000] {logging_mixin.py:137} INFO - [2023-04-24T19:37:19.826+0000] {dagbag.py:532} INFO - Filling up the DagBag from /home/airflow/.local/lib/python3.7/site-packages/airflow/example_dags/example_subdag_operator.py
[2023-04-24T19:37:19.970+0000] {processor.py:753} INFO - DAG(s) dict_keys(['example_subdag_operator.section-1', 'example_subdag_operator.section-2', 'example_subdag_operator']) retrieved from /home/airflow/.local/lib/python3.7/site-packages/airflow/example_dags/example_subdag_operator.py
[2023-04-24T19:37:20.631+0000] {logging_mixin.py:137} INFO - [2023-04-24T19:37:20.631+0000] {manager.py:504} INFO - Created Permission View: can edit on DAG:example_subdag_operator
[2023-04-24T19:37:20.646+0000] {logging_mixin.py:137} INFO - [2023-04-24T19:37:20.646+0000] {manager.py:504} INFO - Created Permission View: can delete on DAG:example_subdag_operator
[2023-04-24T19:37:20.658+0000] {logging_mixin.py:137} INFO - [2023-04-24T19:37:20.658+0000] {manager.py:504} INFO - Created Permission View: can read on DAG:example_subdag_operator
[2023-04-24T19:37:20.659+0000] {logging_mixin.py:137} INFO - [2023-04-24T19:37:20.659+0000] {dag.py:2705} INFO - Sync 3 DAGs
[2023-04-24T19:37:20.714+0000] {logging_mixin.py:137} INFO - [2023-04-24T19:37:20.714+0000] {dag.py:2726} INFO - Creating ORM DAG for example_subdag_operator.section-1
[2023-04-24T19:37:20.717+0000] {logging_mixin.py:137} INFO - [2023-04-24T19:37:20.717+0000] {dag.py:2726} INFO - Creating ORM DAG for example_subdag_operator
[2023-04-24T19:37:20.721+0000] {logging_mixin.py:137} INFO - [2023-04-24T19:37:20.721+0000] {dag.py:2726} INFO - Creating ORM DAG for example_subdag_operator.section-2
[2023-04-24T19:37:20.754+0000] {logging_mixin.py:137} INFO - [2023-04-24T19:37:20.754+0000] {dag.py:3456} INFO - Setting next_dagrun for example_subdag_operator to 2022-01-01T00:00:00+00:00, run_after=2022-01-01T00:00:00+00:00
[2023-04-24T19:37:20.757+0000] {logging_mixin.py:137} INFO - [2023-04-24T19:37:20.756+0000] {dag.py:3456} INFO - Setting next_dagrun for example_subdag_operator.section-1 to None, run_after=None
[2023-04-24T19:37:20.759+0000] {logging_mixin.py:137} INFO - [2023-04-24T19:37:20.759+0000] {dag.py:3456} INFO - Setting next_dagrun for example_subdag_operator.section-2 to None, run_after=None
[2023-04-24T19:37:20.842+0000] {logging_mixin.py:137} INFO - [2023-04-24T19:37:20.841+0000] {dag.py:2705} INFO - Sync 2 DAGs
[2023-04-24T19:37:20.876+0000] {logging_mixin.py:137} INFO - [2023-04-24T19:37:20.875+0000] {dag.py:3456} INFO - Setting next_dagrun for example_subdag_operator.section-1 to None, run_after=None
[2023-04-24T19:37:20.906+0000] {logging_mixin.py:137} INFO - [2023-04-24T19:37:20.905+0000] {dag.py:3456} INFO - Setting next_dagrun for example_subdag_operator.section-2 to None, run_after=None
[2023-04-24T19:37:20.954+0000] {processor.py:175} INFO - Processing /home/airflow/.local/lib/python3.7/site-packages/airflow/example_dags/example_subdag_operator.py took 1.153 seconds
[2023-04-24T19:39:05.152+0000] {processor.py:153} INFO - Started process (PID=119) to work on /home/airflow/.local/lib/python3.7/site-packages/airflow/example_dags/example_subdag_operator.py
[2023-04-24T19:39:05.156+0000] {processor.py:743} INFO - Processing file /home/airflow/.local/lib/python3.7/site-packages/airflow/example_dags/example_subdag_operator.py for tasks to queue
[2023-04-24T19:39:05.160+0000] {logging_mixin.py:137} INFO - [2023-04-24T19:39:05.159+0000] {dagbag.py:532} INFO - Filling up the DagBag from /home/airflow/.local/lib/python3.7/site-packages/airflow/example_dags/example_subdag_operator.py
[2023-04-24T19:39:05.779+0000] {processor.py:753} INFO - DAG(s) dict_keys(['example_subdag_operator.section-1', 'example_subdag_operator.section-2', 'example_subdag_operator']) retrieved from /home/airflow/.local/lib/python3.7/site-packages/airflow/example_dags/example_subdag_operator.py
[2023-04-24T19:39:06.038+0000] {logging_mixin.py:137} INFO - [2023-04-24T19:39:06.037+0000] {dag.py:2705} INFO - Sync 3 DAGs
[2023-04-24T19:39:06.307+0000] {logging_mixin.py:137} INFO - [2023-04-24T19:39:06.306+0000] {dag.py:3456} INFO - Setting next_dagrun for example_subdag_operator to 2022-01-01T00:00:00+00:00, run_after=2022-01-01T00:00:00+00:00
[2023-04-24T19:39:06.330+0000] {logging_mixin.py:137} INFO - [2023-04-24T19:39:06.329+0000] {dag.py:3456} INFO - Setting next_dagrun for example_subdag_operator.section-1 to None, run_after=None
[2023-04-24T19:39:06.395+0000] {logging_mixin.py:137} INFO - [2023-04-24T19:39:06.380+0000] {dag.py:3456} INFO - Setting next_dagrun for example_subdag_operator.section-2 to None, run_after=None
[2023-04-24T19:39:06.669+0000] {logging_mixin.py:137} INFO - [2023-04-24T19:39:06.669+0000] {dag.py:2705} INFO - Sync 2 DAGs
[2023-04-24T19:39:07.778+0000] {logging_mixin.py:137} INFO - [2023-04-24T19:39:07.768+0000] {dag.py:3456} INFO - Setting next_dagrun for example_subdag_operator.section-1 to None, run_after=None
[2023-04-24T19:39:07.783+0000] {logging_mixin.py:137} INFO - [2023-04-24T19:39:07.782+0000] {dag.py:3456} INFO - Setting next_dagrun for example_subdag_operator.section-2 to None, run_after=None
[2023-04-24T19:39:08.008+0000] {processor.py:175} INFO - Processing /home/airflow/.local/lib/python3.7/site-packages/airflow/example_dags/example_subdag_operator.py took 2.894 seconds
