[2023-04-24T07:59:22.438+0000] {processor.py:153} INFO - Started process (PID=72) to work on /home/airflow/.local/lib/python3.7/site-packages/airflow/example_dags/example_branch_day_of_week_operator.py
[2023-04-24T07:59:22.454+0000] {processor.py:743} INFO - Processing file /home/airflow/.local/lib/python3.7/site-packages/airflow/example_dags/example_branch_day_of_week_operator.py for tasks to queue
[2023-04-24T07:59:22.486+0000] {logging_mixin.py:137} INFO - [2023-04-24T07:59:22.480+0000] {dagbag.py:532} INFO - Filling up the DagBag from /home/airflow/.local/lib/python3.7/site-packages/airflow/example_dags/example_branch_day_of_week_operator.py
[2023-04-24T07:59:22.806+0000] {processor.py:753} INFO - DAG(s) dict_keys(['example_weekday_branch_operator']) retrieved from /home/airflow/.local/lib/python3.7/site-packages/airflow/example_dags/example_branch_day_of_week_operator.py
[2023-04-24T07:59:23.117+0000] {logging_mixin.py:137} INFO - [2023-04-24T07:59:23.117+0000] {dag.py:2705} INFO - Sync 1 DAGs
[2023-04-24T07:59:23.320+0000] {logging_mixin.py:137} INFO - [2023-04-24T07:59:23.319+0000] {dag.py:3456} INFO - Setting next_dagrun for example_weekday_branch_operator to 2023-04-23T00:00:00+00:00, run_after=2023-04-24T00:00:00+00:00
[2023-04-24T07:59:23.488+0000] {processor.py:175} INFO - Processing /home/airflow/.local/lib/python3.7/site-packages/airflow/example_dags/example_branch_day_of_week_operator.py took 1.231 seconds
[2023-04-24T08:01:19.430+0000] {processor.py:153} INFO - Started process (PID=149) to work on /home/airflow/.local/lib/python3.7/site-packages/airflow/example_dags/example_branch_day_of_week_operator.py
[2023-04-24T08:01:19.442+0000] {processor.py:743} INFO - Processing file /home/airflow/.local/lib/python3.7/site-packages/airflow/example_dags/example_branch_day_of_week_operator.py for tasks to queue
[2023-04-24T08:01:19.519+0000] {logging_mixin.py:137} INFO - [2023-04-24T08:01:19.491+0000] {dagbag.py:532} INFO - Filling up the DagBag from /home/airflow/.local/lib/python3.7/site-packages/airflow/example_dags/example_branch_day_of_week_operator.py
[2023-04-24T08:01:22.729+0000] {processor.py:753} INFO - DAG(s) dict_keys(['example_weekday_branch_operator']) retrieved from /home/airflow/.local/lib/python3.7/site-packages/airflow/example_dags/example_branch_day_of_week_operator.py
[2023-04-24T08:01:23.473+0000] {logging_mixin.py:137} INFO - [2023-04-24T08:01:23.472+0000] {dag.py:2705} INFO - Sync 1 DAGs
[2023-04-24T08:01:24.126+0000] {logging_mixin.py:137} INFO - [2023-04-24T08:01:24.125+0000] {dag.py:3456} INFO - Setting next_dagrun for example_weekday_branch_operator to 2023-04-23T00:00:00+00:00, run_after=2023-04-24T00:00:00+00:00
[2023-04-24T08:01:24.632+0000] {processor.py:175} INFO - Processing /home/airflow/.local/lib/python3.7/site-packages/airflow/example_dags/example_branch_day_of_week_operator.py took 5.349 seconds
[2023-04-24T08:05:53.003+0000] {processor.py:153} INFO - Started process (PID=263) to work on /home/airflow/.local/lib/python3.7/site-packages/airflow/example_dags/example_branch_day_of_week_operator.py
[2023-04-24T08:05:53.015+0000] {processor.py:743} INFO - Processing file /home/airflow/.local/lib/python3.7/site-packages/airflow/example_dags/example_branch_day_of_week_operator.py for tasks to queue
[2023-04-24T08:05:53.040+0000] {logging_mixin.py:137} INFO - [2023-04-24T08:05:53.038+0000] {dagbag.py:532} INFO - Filling up the DagBag from /home/airflow/.local/lib/python3.7/site-packages/airflow/example_dags/example_branch_day_of_week_operator.py
[2023-04-24T08:05:53.454+0000] {processor.py:753} INFO - DAG(s) dict_keys(['example_weekday_branch_operator']) retrieved from /home/airflow/.local/lib/python3.7/site-packages/airflow/example_dags/example_branch_day_of_week_operator.py
[2023-04-24T08:05:53.608+0000] {logging_mixin.py:137} INFO - [2023-04-24T08:05:53.608+0000] {dag.py:2705} INFO - Sync 1 DAGs
[2023-04-24T08:05:54.121+0000] {logging_mixin.py:137} INFO - [2023-04-24T08:05:54.121+0000] {dag.py:3456} INFO - Setting next_dagrun for example_weekday_branch_operator to 2023-04-23T00:00:00+00:00, run_after=2023-04-24T00:00:00+00:00
[2023-04-24T08:05:54.441+0000] {processor.py:175} INFO - Processing /home/airflow/.local/lib/python3.7/site-packages/airflow/example_dags/example_branch_day_of_week_operator.py took 1.798 seconds
[2023-04-24T08:09:49.586+0000] {processor.py:153} INFO - Started process (PID=354) to work on /home/airflow/.local/lib/python3.7/site-packages/airflow/example_dags/example_branch_day_of_week_operator.py
[2023-04-24T08:09:49.597+0000] {processor.py:743} INFO - Processing file /home/airflow/.local/lib/python3.7/site-packages/airflow/example_dags/example_branch_day_of_week_operator.py for tasks to queue
[2023-04-24T08:09:49.606+0000] {logging_mixin.py:137} INFO - [2023-04-24T08:09:49.604+0000] {dagbag.py:532} INFO - Filling up the DagBag from /home/airflow/.local/lib/python3.7/site-packages/airflow/example_dags/example_branch_day_of_week_operator.py
[2023-04-24T08:09:49.970+0000] {processor.py:753} INFO - DAG(s) dict_keys(['example_weekday_branch_operator']) retrieved from /home/airflow/.local/lib/python3.7/site-packages/airflow/example_dags/example_branch_day_of_week_operator.py
[2023-04-24T08:10:04.259+0000] {logging_mixin.py:137} INFO - [2023-04-24T08:10:04.255+0000] {dag.py:2705} INFO - Sync 1 DAGs
[2023-04-24T08:10:06.185+0000] {logging_mixin.py:137} INFO - [2023-04-24T08:10:06.184+0000] {dag.py:3456} INFO - Setting next_dagrun for example_weekday_branch_operator to 2023-04-23T00:00:00+00:00, run_after=2023-04-24T00:00:00+00:00
[2023-04-24T08:10:06.505+0000] {processor.py:175} INFO - Processing /home/airflow/.local/lib/python3.7/site-packages/airflow/example_dags/example_branch_day_of_week_operator.py took 17.208 seconds
[2023-04-24T08:13:44.459+0000] {processor.py:153} INFO - Started process (PID=455) to work on /home/airflow/.local/lib/python3.7/site-packages/airflow/example_dags/example_branch_day_of_week_operator.py
[2023-04-24T08:13:44.488+0000] {processor.py:743} INFO - Processing file /home/airflow/.local/lib/python3.7/site-packages/airflow/example_dags/example_branch_day_of_week_operator.py for tasks to queue
[2023-04-24T08:13:44.530+0000] {logging_mixin.py:137} INFO - [2023-04-24T08:13:44.525+0000] {dagbag.py:532} INFO - Filling up the DagBag from /home/airflow/.local/lib/python3.7/site-packages/airflow/example_dags/example_branch_day_of_week_operator.py
[2023-04-24T08:13:45.559+0000] {processor.py:753} INFO - DAG(s) dict_keys(['example_weekday_branch_operator']) retrieved from /home/airflow/.local/lib/python3.7/site-packages/airflow/example_dags/example_branch_day_of_week_operator.py
[2023-04-24T08:13:46.365+0000] {logging_mixin.py:137} INFO - [2023-04-24T08:13:46.364+0000] {dag.py:2705} INFO - Sync 1 DAGs
[2023-04-24T08:13:47.752+0000] {logging_mixin.py:137} INFO - [2023-04-24T08:13:47.751+0000] {dag.py:3456} INFO - Setting next_dagrun for example_weekday_branch_operator to 2023-04-23T00:00:00+00:00, run_after=2023-04-24T00:00:00+00:00
[2023-04-24T08:13:48.265+0000] {processor.py:175} INFO - Processing /home/airflow/.local/lib/python3.7/site-packages/airflow/example_dags/example_branch_day_of_week_operator.py took 4.101 seconds
[2023-04-24T19:37:28.091+0000] {processor.py:153} INFO - Started process (PID=80) to work on /home/airflow/.local/lib/python3.7/site-packages/airflow/example_dags/example_branch_day_of_week_operator.py
[2023-04-24T19:37:28.094+0000] {processor.py:743} INFO - Processing file /home/airflow/.local/lib/python3.7/site-packages/airflow/example_dags/example_branch_day_of_week_operator.py for tasks to queue
[2023-04-24T19:37:28.098+0000] {logging_mixin.py:137} INFO - [2023-04-24T19:37:28.098+0000] {dagbag.py:532} INFO - Filling up the DagBag from /home/airflow/.local/lib/python3.7/site-packages/airflow/example_dags/example_branch_day_of_week_operator.py
[2023-04-24T19:37:28.150+0000] {processor.py:753} INFO - DAG(s) dict_keys(['example_weekday_branch_operator']) retrieved from /home/airflow/.local/lib/python3.7/site-packages/airflow/example_dags/example_branch_day_of_week_operator.py
[2023-04-24T19:37:28.446+0000] {logging_mixin.py:137} INFO - [2023-04-24T19:37:28.445+0000] {manager.py:504} INFO - Created Permission View: can edit on DAG:example_weekday_branch_operator
[2023-04-24T19:37:28.538+0000] {logging_mixin.py:137} INFO - [2023-04-24T19:37:28.533+0000] {manager.py:504} INFO - Created Permission View: can delete on DAG:example_weekday_branch_operator
[2023-04-24T19:37:28.644+0000] {logging_mixin.py:137} INFO - [2023-04-24T19:37:28.638+0000] {manager.py:504} INFO - Created Permission View: can read on DAG:example_weekday_branch_operator
[2023-04-24T19:37:28.646+0000] {logging_mixin.py:137} INFO - [2023-04-24T19:37:28.646+0000] {dag.py:2705} INFO - Sync 1 DAGs
[2023-04-24T19:37:28.789+0000] {logging_mixin.py:137} INFO - [2023-04-24T19:37:28.784+0000] {dag.py:2726} INFO - Creating ORM DAG for example_weekday_branch_operator
[2023-04-24T19:37:28.862+0000] {logging_mixin.py:137} INFO - [2023-04-24T19:37:28.861+0000] {dag.py:3456} INFO - Setting next_dagrun for example_weekday_branch_operator to 2023-04-23T00:00:00+00:00, run_after=2023-04-24T00:00:00+00:00
[2023-04-24T19:37:29.053+0000] {processor.py:175} INFO - Processing /home/airflow/.local/lib/python3.7/site-packages/airflow/example_dags/example_branch_day_of_week_operator.py took 0.971 seconds
