[2023-04-24T07:59:23.769+0000] {processor.py:153} INFO - Started process (PID=74) to work on /home/airflow/.local/lib/python3.7/site-packages/airflow/example_dags/example_branch_datetime_operator.py
[2023-04-24T07:59:23.785+0000] {processor.py:743} INFO - Processing file /home/airflow/.local/lib/python3.7/site-packages/airflow/example_dags/example_branch_datetime_operator.py for tasks to queue
[2023-04-24T07:59:23.790+0000] {logging_mixin.py:137} INFO - [2023-04-24T07:59:23.789+0000] {dagbag.py:532} INFO - Filling up the DagBag from /home/airflow/.local/lib/python3.7/site-packages/airflow/example_dags/example_branch_datetime_operator.py
[2023-04-24T07:59:26.896+0000] {processor.py:753} INFO - DAG(s) dict_keys(['example_branch_datetime_operator_3', 'example_branch_datetime_operator', 'example_branch_datetime_operator_2']) retrieved from /home/airflow/.local/lib/python3.7/site-packages/airflow/example_dags/example_branch_datetime_operator.py
[2023-04-24T07:59:27.087+0000] {logging_mixin.py:137} INFO - [2023-04-24T07:59:27.086+0000] {dag.py:2705} INFO - Sync 3 DAGs
[2023-04-24T07:59:27.311+0000] {logging_mixin.py:137} INFO - [2023-04-24T07:59:27.311+0000] {dag.py:3456} INFO - Setting next_dagrun for example_branch_datetime_operator to 2023-04-23T00:00:00+00:00, run_after=2023-04-24T00:00:00+00:00
[2023-04-24T07:59:27.353+0000] {logging_mixin.py:137} INFO - [2023-04-24T07:59:27.353+0000] {dag.py:3456} INFO - Setting next_dagrun for example_branch_datetime_operator_2 to 2023-04-23T00:00:00+00:00, run_after=2023-04-24T00:00:00+00:00
[2023-04-24T07:59:27.381+0000] {logging_mixin.py:137} INFO - [2023-04-24T07:59:27.381+0000] {dag.py:3456} INFO - Setting next_dagrun for example_branch_datetime_operator_3 to 2023-04-23T00:00:00+00:00, run_after=2023-04-24T00:00:00+00:00
[2023-04-24T07:59:27.542+0000] {processor.py:175} INFO - Processing /home/airflow/.local/lib/python3.7/site-packages/airflow/example_dags/example_branch_datetime_operator.py took 3.786 seconds
[2023-04-24T08:01:26.315+0000] {processor.py:153} INFO - Started process (PID=152) to work on /home/airflow/.local/lib/python3.7/site-packages/airflow/example_dags/example_branch_datetime_operator.py
[2023-04-24T08:01:26.338+0000] {processor.py:743} INFO - Processing file /home/airflow/.local/lib/python3.7/site-packages/airflow/example_dags/example_branch_datetime_operator.py for tasks to queue
[2023-04-24T08:01:26.365+0000] {logging_mixin.py:137} INFO - [2023-04-24T08:01:26.364+0000] {dagbag.py:532} INFO - Filling up the DagBag from /home/airflow/.local/lib/python3.7/site-packages/airflow/example_dags/example_branch_datetime_operator.py
[2023-04-24T08:01:27.715+0000] {processor.py:753} INFO - DAG(s) dict_keys(['example_branch_datetime_operator', 'example_branch_datetime_operator_3', 'example_branch_datetime_operator_2']) retrieved from /home/airflow/.local/lib/python3.7/site-packages/airflow/example_dags/example_branch_datetime_operator.py
[2023-04-24T08:01:32.865+0000] {logging_mixin.py:137} INFO - [2023-04-24T08:01:32.859+0000] {dag.py:2705} INFO - Sync 3 DAGs
[2023-04-24T08:01:34.134+0000] {logging_mixin.py:137} INFO - [2023-04-24T08:01:34.132+0000] {dag.py:3456} INFO - Setting next_dagrun for example_branch_datetime_operator to 2023-04-23T00:00:00+00:00, run_after=2023-04-24T00:00:00+00:00
[2023-04-24T08:01:34.369+0000] {logging_mixin.py:137} INFO - [2023-04-24T08:01:34.365+0000] {dag.py:3456} INFO - Setting next_dagrun for example_branch_datetime_operator_2 to 2023-04-23T00:00:00+00:00, run_after=2023-04-24T00:00:00+00:00
[2023-04-24T08:01:34.452+0000] {logging_mixin.py:137} INFO - [2023-04-24T08:01:34.452+0000] {dag.py:3456} INFO - Setting next_dagrun for example_branch_datetime_operator_3 to 2023-04-23T00:00:00+00:00, run_after=2023-04-24T00:00:00+00:00
[2023-04-24T08:01:42.134+0000] {processor.py:175} INFO - Processing /home/airflow/.local/lib/python3.7/site-packages/airflow/example_dags/example_branch_datetime_operator.py took 15.927 seconds
[2023-04-24T08:05:54.672+0000] {processor.py:153} INFO - Started process (PID=265) to work on /home/airflow/.local/lib/python3.7/site-packages/airflow/example_dags/example_branch_datetime_operator.py
[2023-04-24T08:05:54.684+0000] {processor.py:743} INFO - Processing file /home/airflow/.local/lib/python3.7/site-packages/airflow/example_dags/example_branch_datetime_operator.py for tasks to queue
[2023-04-24T08:05:54.706+0000] {logging_mixin.py:137} INFO - [2023-04-24T08:05:54.706+0000] {dagbag.py:532} INFO - Filling up the DagBag from /home/airflow/.local/lib/python3.7/site-packages/airflow/example_dags/example_branch_datetime_operator.py
[2023-04-24T08:05:54.887+0000] {processor.py:753} INFO - DAG(s) dict_keys(['example_branch_datetime_operator', 'example_branch_datetime_operator_3', 'example_branch_datetime_operator_2']) retrieved from /home/airflow/.local/lib/python3.7/site-packages/airflow/example_dags/example_branch_datetime_operator.py
[2023-04-24T08:05:55.659+0000] {logging_mixin.py:137} INFO - [2023-04-24T08:05:55.658+0000] {dag.py:2705} INFO - Sync 3 DAGs
[2023-04-24T08:05:55.854+0000] {logging_mixin.py:137} INFO - [2023-04-24T08:05:55.854+0000] {dag.py:3456} INFO - Setting next_dagrun for example_branch_datetime_operator to 2023-04-23T00:00:00+00:00, run_after=2023-04-24T00:00:00+00:00
[2023-04-24T08:05:55.869+0000] {logging_mixin.py:137} INFO - [2023-04-24T08:05:55.869+0000] {dag.py:3456} INFO - Setting next_dagrun for example_branch_datetime_operator_2 to 2023-04-23T00:00:00+00:00, run_after=2023-04-24T00:00:00+00:00
[2023-04-24T08:05:55.879+0000] {logging_mixin.py:137} INFO - [2023-04-24T08:05:55.878+0000] {dag.py:3456} INFO - Setting next_dagrun for example_branch_datetime_operator_3 to 2023-04-23T00:00:00+00:00, run_after=2023-04-24T00:00:00+00:00
[2023-04-24T08:05:56.007+0000] {processor.py:175} INFO - Processing /home/airflow/.local/lib/python3.7/site-packages/airflow/example_dags/example_branch_datetime_operator.py took 1.367 seconds
[2023-04-24T08:10:06.818+0000] {processor.py:153} INFO - Started process (PID=363) to work on /home/airflow/.local/lib/python3.7/site-packages/airflow/example_dags/example_branch_datetime_operator.py
[2023-04-24T08:10:06.827+0000] {processor.py:743} INFO - Processing file /home/airflow/.local/lib/python3.7/site-packages/airflow/example_dags/example_branch_datetime_operator.py for tasks to queue
[2023-04-24T08:10:06.836+0000] {logging_mixin.py:137} INFO - [2023-04-24T08:10:06.835+0000] {dagbag.py:532} INFO - Filling up the DagBag from /home/airflow/.local/lib/python3.7/site-packages/airflow/example_dags/example_branch_datetime_operator.py
[2023-04-24T08:10:07.015+0000] {processor.py:753} INFO - DAG(s) dict_keys(['example_branch_datetime_operator_2', 'example_branch_datetime_operator_3', 'example_branch_datetime_operator']) retrieved from /home/airflow/.local/lib/python3.7/site-packages/airflow/example_dags/example_branch_datetime_operator.py
[2023-04-24T08:10:07.165+0000] {logging_mixin.py:137} INFO - [2023-04-24T08:10:07.165+0000] {dag.py:2705} INFO - Sync 3 DAGs
[2023-04-24T08:10:07.255+0000] {logging_mixin.py:137} INFO - [2023-04-24T08:10:07.255+0000] {dag.py:3456} INFO - Setting next_dagrun for example_branch_datetime_operator to 2023-04-23T00:00:00+00:00, run_after=2023-04-24T00:00:00+00:00
[2023-04-24T08:10:07.266+0000] {logging_mixin.py:137} INFO - [2023-04-24T08:10:07.266+0000] {dag.py:3456} INFO - Setting next_dagrun for example_branch_datetime_operator_2 to 2023-04-23T00:00:00+00:00, run_after=2023-04-24T00:00:00+00:00
[2023-04-24T08:10:07.274+0000] {logging_mixin.py:137} INFO - [2023-04-24T08:10:07.274+0000] {dag.py:3456} INFO - Setting next_dagrun for example_branch_datetime_operator_3 to 2023-04-23T00:00:00+00:00, run_after=2023-04-24T00:00:00+00:00
[2023-04-24T08:10:07.315+0000] {processor.py:175} INFO - Processing /home/airflow/.local/lib/python3.7/site-packages/airflow/example_dags/example_branch_datetime_operator.py took 0.538 seconds
[2023-04-24T08:13:48.957+0000] {processor.py:153} INFO - Started process (PID=457) to work on /home/airflow/.local/lib/python3.7/site-packages/airflow/example_dags/example_branch_datetime_operator.py
[2023-04-24T08:13:48.986+0000] {processor.py:743} INFO - Processing file /home/airflow/.local/lib/python3.7/site-packages/airflow/example_dags/example_branch_datetime_operator.py for tasks to queue
[2023-04-24T08:13:49.018+0000] {logging_mixin.py:137} INFO - [2023-04-24T08:13:49.012+0000] {dagbag.py:532} INFO - Filling up the DagBag from /home/airflow/.local/lib/python3.7/site-packages/airflow/example_dags/example_branch_datetime_operator.py
[2023-04-24T08:13:50.262+0000] {processor.py:753} INFO - DAG(s) dict_keys(['example_branch_datetime_operator', 'example_branch_datetime_operator_3', 'example_branch_datetime_operator_2']) retrieved from /home/airflow/.local/lib/python3.7/site-packages/airflow/example_dags/example_branch_datetime_operator.py
[2023-04-24T08:14:09.600+0000] {logging_mixin.py:137} INFO - [2023-04-24T08:14:09.585+0000] {dag.py:2705} INFO - Sync 3 DAGs
[2023-04-24T19:37:29.248+0000] {processor.py:153} INFO - Started process (PID=82) to work on /home/airflow/.local/lib/python3.7/site-packages/airflow/example_dags/example_branch_datetime_operator.py
[2023-04-24T19:37:29.250+0000] {processor.py:743} INFO - Processing file /home/airflow/.local/lib/python3.7/site-packages/airflow/example_dags/example_branch_datetime_operator.py for tasks to queue
[2023-04-24T19:37:29.252+0000] {logging_mixin.py:137} INFO - [2023-04-24T19:37:29.252+0000] {dagbag.py:532} INFO - Filling up the DagBag from /home/airflow/.local/lib/python3.7/site-packages/airflow/example_dags/example_branch_datetime_operator.py
[2023-04-24T19:37:29.309+0000] {processor.py:753} INFO - DAG(s) dict_keys(['example_branch_datetime_operator_3', 'example_branch_datetime_operator_2', 'example_branch_datetime_operator']) retrieved from /home/airflow/.local/lib/python3.7/site-packages/airflow/example_dags/example_branch_datetime_operator.py
[2023-04-24T19:37:29.553+0000] {logging_mixin.py:137} INFO - [2023-04-24T19:37:29.552+0000] {manager.py:504} INFO - Created Permission View: can edit on DAG:example_branch_datetime_operator_3
[2023-04-24T19:37:29.569+0000] {logging_mixin.py:137} INFO - [2023-04-24T19:37:29.569+0000] {manager.py:504} INFO - Created Permission View: can delete on DAG:example_branch_datetime_operator_3
[2023-04-24T19:37:29.580+0000] {logging_mixin.py:137} INFO - [2023-04-24T19:37:29.580+0000] {manager.py:504} INFO - Created Permission View: can read on DAG:example_branch_datetime_operator_3
[2023-04-24T19:37:29.604+0000] {logging_mixin.py:137} INFO - [2023-04-24T19:37:29.603+0000] {manager.py:504} INFO - Created Permission View: can edit on DAG:example_branch_datetime_operator_2
[2023-04-24T19:37:29.615+0000] {logging_mixin.py:137} INFO - [2023-04-24T19:37:29.615+0000] {manager.py:504} INFO - Created Permission View: can delete on DAG:example_branch_datetime_operator_2
[2023-04-24T19:37:29.626+0000] {logging_mixin.py:137} INFO - [2023-04-24T19:37:29.625+0000] {manager.py:504} INFO - Created Permission View: can read on DAG:example_branch_datetime_operator_2
[2023-04-24T19:37:29.650+0000] {logging_mixin.py:137} INFO - [2023-04-24T19:37:29.649+0000] {manager.py:504} INFO - Created Permission View: can edit on DAG:example_branch_datetime_operator
[2023-04-24T19:37:29.665+0000] {logging_mixin.py:137} INFO - [2023-04-24T19:37:29.664+0000] {manager.py:504} INFO - Created Permission View: can delete on DAG:example_branch_datetime_operator
[2023-04-24T19:37:29.696+0000] {logging_mixin.py:137} INFO - [2023-04-24T19:37:29.693+0000] {manager.py:504} INFO - Created Permission View: can read on DAG:example_branch_datetime_operator
[2023-04-24T19:37:29.699+0000] {logging_mixin.py:137} INFO - [2023-04-24T19:37:29.699+0000] {dag.py:2705} INFO - Sync 3 DAGs
[2023-04-24T19:37:29.725+0000] {logging_mixin.py:137} INFO - [2023-04-24T19:37:29.725+0000] {dag.py:2726} INFO - Creating ORM DAG for example_branch_datetime_operator_3
[2023-04-24T19:37:29.727+0000] {logging_mixin.py:137} INFO - [2023-04-24T19:37:29.727+0000] {dag.py:2726} INFO - Creating ORM DAG for example_branch_datetime_operator
[2023-04-24T19:37:29.729+0000] {logging_mixin.py:137} INFO - [2023-04-24T19:37:29.729+0000] {dag.py:2726} INFO - Creating ORM DAG for example_branch_datetime_operator_2
[2023-04-24T19:37:29.837+0000] {logging_mixin.py:137} INFO - [2023-04-24T19:37:29.835+0000] {dag.py:3456} INFO - Setting next_dagrun for example_branch_datetime_operator to 2023-04-23T00:00:00+00:00, run_after=2023-04-24T00:00:00+00:00
[2023-04-24T19:37:29.843+0000] {logging_mixin.py:137} INFO - [2023-04-24T19:37:29.842+0000] {dag.py:3456} INFO - Setting next_dagrun for example_branch_datetime_operator_2 to 2023-04-23T00:00:00+00:00, run_after=2023-04-24T00:00:00+00:00
[2023-04-24T19:37:29.852+0000] {logging_mixin.py:137} INFO - [2023-04-24T19:37:29.852+0000] {dag.py:3456} INFO - Setting next_dagrun for example_branch_datetime_operator_3 to 2023-04-23T00:00:00+00:00, run_after=2023-04-24T00:00:00+00:00
[2023-04-24T19:37:29.914+0000] {processor.py:175} INFO - Processing /home/airflow/.local/lib/python3.7/site-packages/airflow/example_dags/example_branch_datetime_operator.py took 0.675 seconds
