[2023-04-24T07:59:14.881+0000] {processor.py:153} INFO - Started process (PID=56) to work on /home/airflow/.local/lib/python3.7/site-packages/airflow/example_dags/tutorial_taskflow_api_virtualenv.py
[2023-04-24T07:59:14.885+0000] {processor.py:743} INFO - Processing file /home/airflow/.local/lib/python3.7/site-packages/airflow/example_dags/tutorial_taskflow_api_virtualenv.py for tasks to queue
[2023-04-24T07:59:14.888+0000] {logging_mixin.py:137} INFO - [2023-04-24T07:59:14.887+0000] {dagbag.py:532} INFO - Filling up the DagBag from /home/airflow/.local/lib/python3.7/site-packages/airflow/example_dags/tutorial_taskflow_api_virtualenv.py
[2023-04-24T07:59:15.048+0000] {processor.py:753} INFO - DAG(s) dict_keys(['tutorial_taskflow_api_virtualenv']) retrieved from /home/airflow/.local/lib/python3.7/site-packages/airflow/example_dags/tutorial_taskflow_api_virtualenv.py
[2023-04-24T07:59:15.216+0000] {logging_mixin.py:137} INFO - [2023-04-24T07:59:15.216+0000] {dag.py:2705} INFO - Sync 1 DAGs
[2023-04-24T07:59:15.385+0000] {logging_mixin.py:137} INFO - [2023-04-24T07:59:15.384+0000] {dag.py:3456} INFO - Setting next_dagrun for tutorial_taskflow_api_virtualenv to None, run_after=None
[2023-04-24T07:59:15.445+0000] {processor.py:175} INFO - Processing /home/airflow/.local/lib/python3.7/site-packages/airflow/example_dags/tutorial_taskflow_api_virtualenv.py took 0.577 seconds
[2023-04-24T08:00:17.828+0000] {processor.py:153} INFO - Started process (PID=113) to work on /home/airflow/.local/lib/python3.7/site-packages/airflow/example_dags/tutorial_taskflow_api_virtualenv.py
[2023-04-24T08:00:17.831+0000] {processor.py:743} INFO - Processing file /home/airflow/.local/lib/python3.7/site-packages/airflow/example_dags/tutorial_taskflow_api_virtualenv.py for tasks to queue
[2023-04-24T08:00:17.834+0000] {logging_mixin.py:137} INFO - [2023-04-24T08:00:17.833+0000] {dagbag.py:532} INFO - Filling up the DagBag from /home/airflow/.local/lib/python3.7/site-packages/airflow/example_dags/tutorial_taskflow_api_virtualenv.py
[2023-04-24T08:00:17.975+0000] {processor.py:753} INFO - DAG(s) dict_keys(['tutorial_taskflow_api_virtualenv']) retrieved from /home/airflow/.local/lib/python3.7/site-packages/airflow/example_dags/tutorial_taskflow_api_virtualenv.py
[2023-04-24T08:00:18.083+0000] {logging_mixin.py:137} INFO - [2023-04-24T08:00:18.082+0000] {dag.py:2705} INFO - Sync 1 DAGs
[2023-04-24T08:00:18.202+0000] {logging_mixin.py:137} INFO - [2023-04-24T08:00:18.202+0000] {dag.py:3456} INFO - Setting next_dagrun for tutorial_taskflow_api_virtualenv to None, run_after=None
[2023-04-24T08:00:18.294+0000] {processor.py:175} INFO - Processing /home/airflow/.local/lib/python3.7/site-packages/airflow/example_dags/tutorial_taskflow_api_virtualenv.py took 0.491 seconds
[2023-04-24T08:02:37.474+0000] {processor.py:153} INFO - Started process (PID=192) to work on /home/airflow/.local/lib/python3.7/site-packages/airflow/example_dags/tutorial_taskflow_api_virtualenv.py
[2023-04-24T08:02:37.483+0000] {processor.py:743} INFO - Processing file /home/airflow/.local/lib/python3.7/site-packages/airflow/example_dags/tutorial_taskflow_api_virtualenv.py for tasks to queue
[2023-04-24T08:02:37.491+0000] {logging_mixin.py:137} INFO - [2023-04-24T08:02:37.491+0000] {dagbag.py:532} INFO - Filling up the DagBag from /home/airflow/.local/lib/python3.7/site-packages/airflow/example_dags/tutorial_taskflow_api_virtualenv.py
[2023-04-24T08:02:37.875+0000] {processor.py:753} INFO - DAG(s) dict_keys(['tutorial_taskflow_api_virtualenv']) retrieved from /home/airflow/.local/lib/python3.7/site-packages/airflow/example_dags/tutorial_taskflow_api_virtualenv.py
[2023-04-24T08:02:38.236+0000] {logging_mixin.py:137} INFO - [2023-04-24T08:02:38.225+0000] {dag.py:2705} INFO - Sync 1 DAGs
[2023-04-24T08:02:39.566+0000] {logging_mixin.py:137} INFO - [2023-04-24T08:02:39.564+0000] {dag.py:3456} INFO - Setting next_dagrun for tutorial_taskflow_api_virtualenv to None, run_after=None
[2023-04-24T08:02:40.129+0000] {processor.py:175} INFO - Processing /home/airflow/.local/lib/python3.7/site-packages/airflow/example_dags/tutorial_taskflow_api_virtualenv.py took 2.702 seconds
[2023-04-24T08:05:25.844+0000] {processor.py:153} INFO - Started process (PID=246) to work on /home/airflow/.local/lib/python3.7/site-packages/airflow/example_dags/tutorial_taskflow_api_virtualenv.py
[2023-04-24T08:05:25.874+0000] {processor.py:743} INFO - Processing file /home/airflow/.local/lib/python3.7/site-packages/airflow/example_dags/tutorial_taskflow_api_virtualenv.py for tasks to queue
[2023-04-24T08:05:25.882+0000] {logging_mixin.py:137} INFO - [2023-04-24T08:05:25.881+0000] {dagbag.py:532} INFO - Filling up the DagBag from /home/airflow/.local/lib/python3.7/site-packages/airflow/example_dags/tutorial_taskflow_api_virtualenv.py
[2023-04-24T08:05:29.435+0000] {processor.py:753} INFO - DAG(s) dict_keys(['tutorial_taskflow_api_virtualenv']) retrieved from /home/airflow/.local/lib/python3.7/site-packages/airflow/example_dags/tutorial_taskflow_api_virtualenv.py
[2023-04-24T08:05:30.416+0000] {logging_mixin.py:137} INFO - [2023-04-24T08:05:30.416+0000] {dag.py:2705} INFO - Sync 1 DAGs
[2023-04-24T08:05:30.553+0000] {logging_mixin.py:137} INFO - [2023-04-24T08:05:30.553+0000] {dag.py:3456} INFO - Setting next_dagrun for tutorial_taskflow_api_virtualenv to None, run_after=None
[2023-04-24T08:05:30.633+0000] {processor.py:175} INFO - Processing /home/airflow/.local/lib/python3.7/site-packages/airflow/example_dags/tutorial_taskflow_api_virtualenv.py took 4.874 seconds
[2023-04-24T08:07:31.380+0000] {processor.py:153} INFO - Started process (PID=311) to work on /home/airflow/.local/lib/python3.7/site-packages/airflow/example_dags/tutorial_taskflow_api_virtualenv.py
[2023-04-24T08:07:31.417+0000] {processor.py:743} INFO - Processing file /home/airflow/.local/lib/python3.7/site-packages/airflow/example_dags/tutorial_taskflow_api_virtualenv.py for tasks to queue
[2023-04-24T08:07:31.424+0000] {logging_mixin.py:137} INFO - [2023-04-24T08:07:31.424+0000] {dagbag.py:532} INFO - Filling up the DagBag from /home/airflow/.local/lib/python3.7/site-packages/airflow/example_dags/tutorial_taskflow_api_virtualenv.py
[2023-04-24T08:07:33.025+0000] {processor.py:753} INFO - DAG(s) dict_keys(['tutorial_taskflow_api_virtualenv']) retrieved from /home/airflow/.local/lib/python3.7/site-packages/airflow/example_dags/tutorial_taskflow_api_virtualenv.py
[2023-04-24T08:07:33.370+0000] {logging_mixin.py:137} INFO - [2023-04-24T08:07:33.370+0000] {dag.py:2705} INFO - Sync 1 DAGs
[2023-04-24T08:07:34.622+0000] {logging_mixin.py:137} INFO - [2023-04-24T08:07:34.616+0000] {dag.py:3456} INFO - Setting next_dagrun for tutorial_taskflow_api_virtualenv to None, run_after=None
[2023-04-24T08:07:39.587+0000] {processor.py:175} INFO - Processing /home/airflow/.local/lib/python3.7/site-packages/airflow/example_dags/tutorial_taskflow_api_virtualenv.py took 8.360 seconds
[2023-04-24T08:11:10.037+0000] {processor.py:153} INFO - Started process (PID=403) to work on /home/airflow/.local/lib/python3.7/site-packages/airflow/example_dags/tutorial_taskflow_api_virtualenv.py
[2023-04-24T08:11:10.041+0000] {processor.py:743} INFO - Processing file /home/airflow/.local/lib/python3.7/site-packages/airflow/example_dags/tutorial_taskflow_api_virtualenv.py for tasks to queue
[2023-04-24T08:11:10.058+0000] {logging_mixin.py:137} INFO - [2023-04-24T08:11:10.051+0000] {dagbag.py:532} INFO - Filling up the DagBag from /home/airflow/.local/lib/python3.7/site-packages/airflow/example_dags/tutorial_taskflow_api_virtualenv.py
[2023-04-24T08:11:10.383+0000] {processor.py:753} INFO - DAG(s) dict_keys(['tutorial_taskflow_api_virtualenv']) retrieved from /home/airflow/.local/lib/python3.7/site-packages/airflow/example_dags/tutorial_taskflow_api_virtualenv.py
[2023-04-24T08:11:10.630+0000] {logging_mixin.py:137} INFO - [2023-04-24T08:11:10.630+0000] {dag.py:2705} INFO - Sync 1 DAGs
[2023-04-24T08:11:10.919+0000] {logging_mixin.py:137} INFO - [2023-04-24T08:11:10.919+0000] {dag.py:3456} INFO - Setting next_dagrun for tutorial_taskflow_api_virtualenv to None, run_after=None
[2023-04-24T08:11:11.152+0000] {processor.py:175} INFO - Processing /home/airflow/.local/lib/python3.7/site-packages/airflow/example_dags/tutorial_taskflow_api_virtualenv.py took 1.179 seconds
[2023-04-24T08:13:01.873+0000] {processor.py:153} INFO - Started process (PID=440) to work on /home/airflow/.local/lib/python3.7/site-packages/airflow/example_dags/tutorial_taskflow_api_virtualenv.py
[2023-04-24T08:13:01.882+0000] {processor.py:743} INFO - Processing file /home/airflow/.local/lib/python3.7/site-packages/airflow/example_dags/tutorial_taskflow_api_virtualenv.py for tasks to queue
[2023-04-24T08:13:01.896+0000] {logging_mixin.py:137} INFO - [2023-04-24T08:13:01.895+0000] {dagbag.py:532} INFO - Filling up the DagBag from /home/airflow/.local/lib/python3.7/site-packages/airflow/example_dags/tutorial_taskflow_api_virtualenv.py
[2023-04-24T08:13:02.246+0000] {processor.py:753} INFO - DAG(s) dict_keys(['tutorial_taskflow_api_virtualenv']) retrieved from /home/airflow/.local/lib/python3.7/site-packages/airflow/example_dags/tutorial_taskflow_api_virtualenv.py
[2023-04-24T08:13:02.338+0000] {logging_mixin.py:137} INFO - [2023-04-24T08:13:02.338+0000] {dag.py:2705} INFO - Sync 1 DAGs
[2023-04-24T08:13:03.039+0000] {logging_mixin.py:137} INFO - [2023-04-24T08:13:03.039+0000] {dag.py:3456} INFO - Setting next_dagrun for tutorial_taskflow_api_virtualenv to None, run_after=None
[2023-04-24T08:13:03.623+0000] {processor.py:175} INFO - Processing /home/airflow/.local/lib/python3.7/site-packages/airflow/example_dags/tutorial_taskflow_api_virtualenv.py took 1.794 seconds
[2023-04-24T19:37:14.348+0000] {processor.py:153} INFO - Started process (PID=56) to work on /home/airflow/.local/lib/python3.7/site-packages/airflow/example_dags/tutorial_taskflow_api_virtualenv.py
[2023-04-24T19:37:14.352+0000] {processor.py:743} INFO - Processing file /home/airflow/.local/lib/python3.7/site-packages/airflow/example_dags/tutorial_taskflow_api_virtualenv.py for tasks to queue
[2023-04-24T19:37:14.355+0000] {logging_mixin.py:137} INFO - [2023-04-24T19:37:14.355+0000] {dagbag.py:532} INFO - Filling up the DagBag from /home/airflow/.local/lib/python3.7/site-packages/airflow/example_dags/tutorial_taskflow_api_virtualenv.py
[2023-04-24T19:37:14.430+0000] {processor.py:753} INFO - DAG(s) dict_keys(['tutorial_taskflow_api_virtualenv']) retrieved from /home/airflow/.local/lib/python3.7/site-packages/airflow/example_dags/tutorial_taskflow_api_virtualenv.py
[2023-04-24T19:37:15.381+0000] {logging_mixin.py:137} INFO - [2023-04-24T19:37:15.381+0000] {manager.py:504} INFO - Created Permission View: can edit on DAG:tutorial_taskflow_api_virtualenv
[2023-04-24T19:37:15.430+0000] {logging_mixin.py:137} INFO - [2023-04-24T19:37:15.430+0000] {manager.py:504} INFO - Created Permission View: can delete on DAG:tutorial_taskflow_api_virtualenv
[2023-04-24T19:37:15.483+0000] {logging_mixin.py:137} INFO - [2023-04-24T19:37:15.483+0000] {manager.py:504} INFO - Created Permission View: can read on DAG:tutorial_taskflow_api_virtualenv
[2023-04-24T19:37:15.487+0000] {logging_mixin.py:137} INFO - [2023-04-24T19:37:15.485+0000] {dag.py:2705} INFO - Sync 1 DAGs
[2023-04-24T19:37:15.646+0000] {logging_mixin.py:137} INFO - [2023-04-24T19:37:15.645+0000] {dag.py:2726} INFO - Creating ORM DAG for tutorial_taskflow_api_virtualenv
[2023-04-24T19:37:15.681+0000] {logging_mixin.py:137} INFO - [2023-04-24T19:37:15.681+0000] {dag.py:3456} INFO - Setting next_dagrun for tutorial_taskflow_api_virtualenv to None, run_after=None
[2023-04-24T19:37:15.817+0000] {processor.py:175} INFO - Processing /home/airflow/.local/lib/python3.7/site-packages/airflow/example_dags/tutorial_taskflow_api_virtualenv.py took 1.481 seconds
[2023-04-24T19:38:31.736+0000] {processor.py:153} INFO - Started process (PID=107) to work on /home/airflow/.local/lib/python3.7/site-packages/airflow/example_dags/tutorial_taskflow_api_virtualenv.py
[2023-04-24T19:38:31.748+0000] {processor.py:743} INFO - Processing file /home/airflow/.local/lib/python3.7/site-packages/airflow/example_dags/tutorial_taskflow_api_virtualenv.py for tasks to queue
[2023-04-24T19:38:31.758+0000] {logging_mixin.py:137} INFO - [2023-04-24T19:38:31.755+0000] {dagbag.py:532} INFO - Filling up the DagBag from /home/airflow/.local/lib/python3.7/site-packages/airflow/example_dags/tutorial_taskflow_api_virtualenv.py
[2023-04-24T19:38:32.027+0000] {processor.py:753} INFO - DAG(s) dict_keys(['tutorial_taskflow_api_virtualenv']) retrieved from /home/airflow/.local/lib/python3.7/site-packages/airflow/example_dags/tutorial_taskflow_api_virtualenv.py
[2023-04-24T19:38:32.331+0000] {logging_mixin.py:137} INFO - [2023-04-24T19:38:32.331+0000] {dag.py:2705} INFO - Sync 1 DAGs
[2023-04-24T19:38:32.634+0000] {logging_mixin.py:137} INFO - [2023-04-24T19:38:32.634+0000] {dag.py:3456} INFO - Setting next_dagrun for tutorial_taskflow_api_virtualenv to None, run_after=None
[2023-04-24T19:38:34.281+0000] {processor.py:175} INFO - Processing /home/airflow/.local/lib/python3.7/site-packages/airflow/example_dags/tutorial_taskflow_api_virtualenv.py took 2.570 seconds
