[2023-04-26T18:24:05.056+0000] {taskinstance.py:1090} INFO - Dependencies all met for dep_context=non-requeueable deps ti=<TaskInstance: weather_dag_api.cities.view_data_Kyiv manual__2023-04-26T18:23:33.960255+00:00 [queued]>
[2023-04-26T18:24:05.320+0000] {taskinstance.py:1090} INFO - Dependencies all met for dep_context=requeueable deps ti=<TaskInstance: weather_dag_api.cities.view_data_Kyiv manual__2023-04-26T18:23:33.960255+00:00 [queued]>
[2023-04-26T18:24:05.330+0000] {taskinstance.py:1288} INFO - 
--------------------------------------------------------------------------------
[2023-04-26T18:24:05.337+0000] {taskinstance.py:1289} INFO - Starting attempt 1 of 1
[2023-04-26T18:24:05.343+0000] {taskinstance.py:1290} INFO - 
--------------------------------------------------------------------------------
[2023-04-26T18:24:05.620+0000] {taskinstance.py:1309} INFO - Executing <Task(PythonOperator): cities.view_data_Kyiv> on 2023-04-26 18:23:33.960255+00:00
[2023-04-26T18:24:05.679+0000] {standard_task_runner.py:55} INFO - Started process 1431 to run task
[2023-04-26T18:24:05.768+0000] {standard_task_runner.py:82} INFO - Running: ['***', 'tasks', 'run', 'weather_dag_api', 'cities.view_data_Kyiv', 'manual__2023-04-26T18:23:33.960255+00:00', '--job-id', '255', '--raw', '--subdir', 'DAGS_FOLDER/weather_dag_api.py', '--cfg-path', '/tmp/tmpn0kxsg7h']
[2023-04-26T18:24:05.778+0000] {standard_task_runner.py:83} INFO - Job 255: Subtask cities.view_data_Kyiv
[2023-04-26T18:24:07.024+0000] {task_command.py:389} INFO - Running <TaskInstance: weather_dag_api.cities.view_data_Kyiv manual__2023-04-26T18:23:33.960255+00:00 [running]> on host b46a99c748bd
[2023-04-26T18:24:08.424+0000] {taskinstance.py:1518} INFO - Exporting the following env vars:
AIRFLOW_CTX_DAG_OWNER=***
AIRFLOW_CTX_DAG_ID=weather_dag_api
AIRFLOW_CTX_TASK_ID=cities.view_data_Kyiv
AIRFLOW_CTX_EXECUTION_DATE=2023-04-26T18:23:33.960255+00:00
AIRFLOW_CTX_TRY_NUMBER=1
AIRFLOW_CTX_DAG_RUN_ID=manual__2023-04-26T18:23:33.960255+00:00
[2023-04-26T18:24:08.937+0000] {logging_mixin.py:137} INFO - data is  ['2023-04-25T10:20:00Z', 17.0, 0.0, 4.0, 'Kyiv']
[2023-04-26T18:24:08.941+0000] {logging_mixin.py:137} INFO - 2023-04-25T10:20:00Z
[2023-04-26T18:24:08.945+0000] {logging_mixin.py:137} INFO - 17.0
[2023-04-26T18:24:08.950+0000] {python.py:177} INFO - Done. Returned value was: None
[2023-04-26T18:24:09.148+0000] {taskinstance.py:1332} INFO - Marking task as SUCCESS. dag_id=weather_dag_api, task_id=cities.view_data_Kyiv, execution_date=20230426T182333, start_date=20230426T182405, end_date=20230426T182409
[2023-04-26T18:24:10.206+0000] {local_task_job.py:212} INFO - Task exited with return code 0
[2023-04-26T18:24:12.206+0000] {taskinstance.py:2596} INFO - 0 downstream tasks scheduled from follow-on schedule check
