[2023-04-26T17:27:02.855+0000] {taskinstance.py:1090} INFO - Dependencies all met for dep_context=non-requeueable deps ti=<TaskInstance: weather_dag_api.cities.view_data_Kharkiv manual__2023-04-26T17:26:21.753185+00:00 [queued]>
[2023-04-26T17:27:02.942+0000] {taskinstance.py:1090} INFO - Dependencies all met for dep_context=requeueable deps ti=<TaskInstance: weather_dag_api.cities.view_data_Kharkiv manual__2023-04-26T17:26:21.753185+00:00 [queued]>
[2023-04-26T17:27:02.946+0000] {taskinstance.py:1288} INFO - 
--------------------------------------------------------------------------------
[2023-04-26T17:27:02.947+0000] {taskinstance.py:1289} INFO - Starting attempt 1 of 1
[2023-04-26T17:27:02.949+0000] {taskinstance.py:1290} INFO - 
--------------------------------------------------------------------------------
[2023-04-26T17:27:03.047+0000] {taskinstance.py:1309} INFO - Executing <Task(PythonOperator): cities.view_data_Kharkiv> on 2023-04-26 17:26:21.753185+00:00
[2023-04-26T17:27:03.216+0000] {standard_task_runner.py:55} INFO - Started process 5736 to run task
[2023-04-26T17:27:03.360+0000] {standard_task_runner.py:82} INFO - Running: ['***', 'tasks', 'run', 'weather_dag_api', 'cities.view_data_Kharkiv', 'manual__2023-04-26T17:26:21.753185+00:00', '--job-id', '568', '--raw', '--subdir', 'DAGS_FOLDER/weather_dag_api.py', '--cfg-path', '/tmp/tmp4srwl3y5']
[2023-04-26T17:27:03.396+0000] {standard_task_runner.py:83} INFO - Job 568: Subtask cities.view_data_Kharkiv
[2023-04-26T17:27:05.029+0000] {task_command.py:389} INFO - Running <TaskInstance: weather_dag_api.cities.view_data_Kharkiv manual__2023-04-26T17:26:21.753185+00:00 [running]> on host d48b88797b3b
[2023-04-26T17:27:06.426+0000] {taskinstance.py:1518} INFO - Exporting the following env vars:
AIRFLOW_CTX_DAG_OWNER=***
AIRFLOW_CTX_DAG_ID=weather_dag_api
AIRFLOW_CTX_TASK_ID=cities.view_data_Kharkiv
AIRFLOW_CTX_EXECUTION_DATE=2023-04-26T17:26:21.753185+00:00
AIRFLOW_CTX_TRY_NUMBER=1
AIRFLOW_CTX_DAG_RUN_ID=manual__2023-04-26T17:26:21.753185+00:00
[2023-04-26T17:27:06.542+0000] {logging_mixin.py:137} INFO - ['2023-04-25T10:20:00Z', 15.5, 0.0, 5.7, 'Zhmerynka']
[2023-04-26T17:27:06.554+0000] {python.py:177} INFO - Done. Returned value was: None
[2023-04-26T17:27:06.685+0000] {taskinstance.py:1332} INFO - Marking task as SUCCESS. dag_id=weather_dag_api, task_id=cities.view_data_Kharkiv, execution_date=20230426T172621, start_date=20230426T172702, end_date=20230426T172706
[2023-04-26T17:27:07.908+0000] {standard_task_runner.py:105} ERROR - Failed to execute job 568 for task cities.view_data_Kharkiv ((psycopg2.errors.DeadlockDetected) deadlock detected
DETAIL:  Process 26010 waits for ShareLock on transaction 39561; blocked by process 24809.
Process 24809 waits for ShareLock on transaction 39562; blocked by process 26010.
HINT:  See server log for query details.
CONTEXT:  while updating tuple (1,47) in relation "dag_run"

[SQL: UPDATE dag_run SET last_scheduling_decision=%(last_scheduling_decision)s, updated_at=%(updated_at)s WHERE dag_run.id = %(dag_run_id)s]
[parameters: {'last_scheduling_decision': datetime.datetime(2023, 4, 26, 17, 27, 3, 837741, tzinfo=Timezone('UTC')), 'updated_at': datetime.datetime(2023, 4, 26, 17, 27, 3, 889442, tzinfo=Timezone('UTC')), 'dag_run_id': 39}]
(Background on this error at: https://sqlalche.me/e/14/e3q8); 5736)
[2023-04-26T17:27:08.004+0000] {local_task_job.py:212} INFO - Task exited with return code 1
[2023-04-26T17:27:09.056+0000] {taskinstance.py:2596} INFO - 0 downstream tasks scheduled from follow-on schedule check
