[2023-04-26T14:56:54.107+0000] {taskinstance.py:1090} INFO - Dependencies all met for dep_context=non-requeueable deps ti=<TaskInstance: weather_dag_api.create_table_postgres manual__2023-04-26T14:56:44.395792+00:00 [queued]>
[2023-04-26T14:56:54.138+0000] {taskinstance.py:1090} INFO - Dependencies all met for dep_context=requeueable deps ti=<TaskInstance: weather_dag_api.create_table_postgres manual__2023-04-26T14:56:44.395792+00:00 [queued]>
[2023-04-26T14:56:54.140+0000] {taskinstance.py:1288} INFO - 
--------------------------------------------------------------------------------
[2023-04-26T14:56:54.141+0000] {taskinstance.py:1289} INFO - Starting attempt 1 of 1
[2023-04-26T14:56:54.144+0000] {taskinstance.py:1290} INFO - 
--------------------------------------------------------------------------------
[2023-04-26T14:56:54.242+0000] {taskinstance.py:1309} INFO - Executing <Task(PostgresOperator): create_table_postgres> on 2023-04-26 14:56:44.395792+00:00
[2023-04-26T14:56:54.253+0000] {standard_task_runner.py:55} INFO - Started process 2013 to run task
[2023-04-26T14:56:54.281+0000] {standard_task_runner.py:82} INFO - Running: ['***', 'tasks', 'run', 'weather_dag_api', 'create_table_postgres', 'manual__2023-04-26T14:56:44.395792+00:00', '--job-id', '54', '--raw', '--subdir', 'DAGS_FOLDER/weather_dag_api.py', '--cfg-path', '/tmp/tmpkhczcu3x']
[2023-04-26T14:56:54.287+0000] {standard_task_runner.py:83} INFO - Job 54: Subtask create_table_postgres
[2023-04-26T14:56:54.528+0000] {task_command.py:389} INFO - Running <TaskInstance: weather_dag_api.create_table_postgres manual__2023-04-26T14:56:44.395792+00:00 [running]> on host d48b88797b3b
[2023-04-26T14:56:54.845+0000] {taskinstance.py:1518} INFO - Exporting the following env vars:
AIRFLOW_CTX_DAG_OWNER=***
AIRFLOW_CTX_DAG_ID=weather_dag_api
AIRFLOW_CTX_TASK_ID=create_table_postgres
AIRFLOW_CTX_EXECUTION_DATE=2023-04-26T14:56:44.395792+00:00
AIRFLOW_CTX_TRY_NUMBER=1
AIRFLOW_CTX_DAG_RUN_ID=manual__2023-04-26T14:56:44.395792+00:00
[2023-04-26T14:56:54.850+0000] {sql.py:254} INFO - Executing:  CREATE TABLE IF NOT EXISTS measurements (
			timestamp TIMESTAMP,
			temp FLOAT,
			precipitation FLOAT,
			wind_speed FLOAT,
			location TEXT);
[2023-04-26T14:56:54.891+0000] {base.py:73} INFO - Using connection ID 'postgres_conn' for task execution.
[2023-04-26T14:56:56.244+0000] {base.py:73} INFO - Using connection ID 'postgres_conn' for task execution.
[2023-04-26T14:56:56.343+0000] {sql.py:375} INFO - Running statement:  CREATE TABLE IF NOT EXISTS measurements (
			timestamp TIMESTAMP,
			temp FLOAT,
			precipitation FLOAT,
			wind_speed FLOAT,
			location TEXT);, parameters: None
[2023-04-26T14:56:56.538+0000] {taskinstance.py:1332} INFO - Marking task as SUCCESS. dag_id=weather_dag_api, task_id=create_table_postgres, execution_date=20230426T145644, start_date=20230426T145654, end_date=20230426T145656
[2023-04-26T14:56:56.788+0000] {local_task_job.py:212} INFO - Task exited with return code 0
[2023-04-26T14:56:56.963+0000] {taskinstance.py:2596} INFO - 5 downstream tasks scheduled from follow-on schedule check
