[2023-04-25T20:41:09.456+0000] {taskinstance.py:1090} INFO - Dependencies all met for dep_context=non-requeueable deps ti=<TaskInstance: weather_dag_api.python_task1 manual__2023-04-25T20:41:01.065222+00:00 [queued]>
[2023-04-25T20:41:09.540+0000] {taskinstance.py:1090} INFO - Dependencies all met for dep_context=requeueable deps ti=<TaskInstance: weather_dag_api.python_task1 manual__2023-04-25T20:41:01.065222+00:00 [queued]>
[2023-04-25T20:41:09.553+0000] {taskinstance.py:1288} INFO - 
--------------------------------------------------------------------------------
[2023-04-25T20:41:09.571+0000] {taskinstance.py:1289} INFO - Starting attempt 1 of 1
[2023-04-25T20:41:09.583+0000] {taskinstance.py:1290} INFO - 
--------------------------------------------------------------------------------
[2023-04-25T20:41:09.648+0000] {taskinstance.py:1309} INFO - Executing <Task(PythonOperator): python_task1> on 2023-04-25 20:41:01.065222+00:00
[2023-04-25T20:41:09.663+0000] {standard_task_runner.py:55} INFO - Started process 2407 to run task
[2023-04-25T20:41:09.729+0000] {standard_task_runner.py:82} INFO - Running: ['***', 'tasks', 'run', 'weather_dag_api', 'python_task1', 'manual__2023-04-25T20:41:01.065222+00:00', '--job-id', '49', '--raw', '--subdir', 'DAGS_FOLDER/weather_dag_api.py', '--cfg-path', '/tmp/tmpwdbnym4t']
[2023-04-25T20:41:09.738+0000] {standard_task_runner.py:83} INFO - Job 49: Subtask python_task1
[2023-04-25T20:41:10.459+0000] {task_command.py:389} INFO - Running <TaskInstance: weather_dag_api.python_task1 manual__2023-04-25T20:41:01.065222+00:00 [running]> on host 9dd0afd831d3
[2023-04-25T20:41:11.405+0000] {taskinstance.py:1518} INFO - Exporting the following env vars:
AIRFLOW_CTX_DAG_OWNER=***
AIRFLOW_CTX_DAG_ID=weather_dag_api
AIRFLOW_CTX_TASK_ID=python_task1
AIRFLOW_CTX_EXECUTION_DATE=2023-04-25T20:41:01.065222+00:00
AIRFLOW_CTX_TRY_NUMBER=1
AIRFLOW_CTX_DAG_RUN_ID=manual__2023-04-25T20:41:01.065222+00:00
[2023-04-25T20:41:11.410+0000] {weather_dag_api.py:17} INFO - Starting db creation
[2023-04-25T20:41:11.413+0000] {python.py:177} INFO - Done. Returned value was: None
[2023-04-25T20:41:11.476+0000] {taskinstance.py:1332} INFO - Marking task as SUCCESS. dag_id=weather_dag_api, task_id=python_task1, execution_date=20230425T204101, start_date=20230425T204109, end_date=20230425T204111
[2023-04-25T20:41:11.638+0000] {local_task_job.py:212} INFO - Task exited with return code 0
[2023-04-25T20:41:11.927+0000] {taskinstance.py:2596} INFO - 0 downstream tasks scheduled from follow-on schedule check
