[2023-04-26T18:34:10.022+0000] {taskinstance.py:1090} INFO - Dependencies all met for dep_context=non-requeueable deps ti=<TaskInstance: weather_dag_api.cities.view_data_Lviv manual__2023-04-26T18:33:30.885282+00:00 [queued]>
[2023-04-26T18:34:10.075+0000] {taskinstance.py:1090} INFO - Dependencies all met for dep_context=requeueable deps ti=<TaskInstance: weather_dag_api.cities.view_data_Lviv manual__2023-04-26T18:33:30.885282+00:00 [queued]>
[2023-04-26T18:34:10.079+0000] {taskinstance.py:1288} INFO - 
--------------------------------------------------------------------------------
[2023-04-26T18:34:10.091+0000] {taskinstance.py:1289} INFO - Starting attempt 1 of 1
[2023-04-26T18:34:10.100+0000] {taskinstance.py:1290} INFO - 
--------------------------------------------------------------------------------
[2023-04-26T18:34:10.240+0000] {taskinstance.py:1309} INFO - Executing <Task(PythonOperator): cities.view_data_Lviv> on 2023-04-26 18:33:30.885282+00:00
[2023-04-26T18:34:10.287+0000] {standard_task_runner.py:55} INFO - Started process 1688 to run task
[2023-04-26T18:34:10.536+0000] {standard_task_runner.py:82} INFO - Running: ['***', 'tasks', 'run', 'weather_dag_api', 'cities.view_data_Lviv', 'manual__2023-04-26T18:33:30.885282+00:00', '--job-id', '298', '--raw', '--subdir', 'DAGS_FOLDER/weather_dag_api.py', '--cfg-path', '/tmp/tmpiarjvqpn']
[2023-04-26T18:34:10.585+0000] {standard_task_runner.py:83} INFO - Job 298: Subtask cities.view_data_Lviv
[2023-04-26T18:34:12.478+0000] {task_command.py:389} INFO - Running <TaskInstance: weather_dag_api.cities.view_data_Lviv manual__2023-04-26T18:33:30.885282+00:00 [running]> on host b46a99c748bd
[2023-04-26T18:34:15.811+0000] {taskinstance.py:1518} INFO - Exporting the following env vars:
AIRFLOW_CTX_DAG_OWNER=***
AIRFLOW_CTX_DAG_ID=weather_dag_api
AIRFLOW_CTX_TASK_ID=cities.view_data_Lviv
AIRFLOW_CTX_EXECUTION_DATE=2023-04-26T18:33:30.885282+00:00
AIRFLOW_CTX_TRY_NUMBER=1
AIRFLOW_CTX_DAG_RUN_ID=manual__2023-04-26T18:33:30.885282+00:00
[2023-04-26T18:34:16.249+0000] {logging_mixin.py:137} INFO - data is  ['2023-04-25T10:20:00Z', 15.1, 0.0, 2.0, 'Lviv']
[2023-04-26T18:34:16.252+0000] {logging_mixin.py:137} INFO - 2023-04-25T10:20:00Z
[2023-04-26T18:34:16.260+0000] {logging_mixin.py:137} INFO - 15.1
[2023-04-26T18:34:16.273+0000] {python.py:177} INFO - Done. Returned value was: None
[2023-04-26T18:34:16.553+0000] {taskinstance.py:1332} INFO - Marking task as SUCCESS. dag_id=weather_dag_api, task_id=cities.view_data_Lviv, execution_date=20230426T183330, start_date=20230426T183410, end_date=20230426T183416
[2023-04-26T18:34:17.211+0000] {local_task_job.py:212} INFO - Task exited with return code 0
[2023-04-26T18:34:18.164+0000] {taskinstance.py:2596} INFO - 1 downstream tasks scheduled from follow-on schedule check
