[2023-04-26T17:17:51.465+0000] {taskinstance.py:1090} INFO - Dependencies all met for dep_context=non-requeueable deps ti=<TaskInstance: weather_dag_api.cities.extract_data_Kyiv manual__2023-04-26T17:17:34.181925+00:00 [queued]>
[2023-04-26T17:17:51.583+0000] {taskinstance.py:1090} INFO - Dependencies all met for dep_context=requeueable deps ti=<TaskInstance: weather_dag_api.cities.extract_data_Kyiv manual__2023-04-26T17:17:34.181925+00:00 [queued]>
[2023-04-26T17:17:51.585+0000] {taskinstance.py:1288} INFO - 
--------------------------------------------------------------------------------
[2023-04-26T17:17:51.587+0000] {taskinstance.py:1289} INFO - Starting attempt 1 of 1
[2023-04-26T17:17:51.595+0000] {taskinstance.py:1290} INFO - 
--------------------------------------------------------------------------------
[2023-04-26T17:17:51.809+0000] {taskinstance.py:1309} INFO - Executing <Task(SimpleHttpOperator): cities.extract_data_Kyiv> on 2023-04-26 17:17:34.181925+00:00
[2023-04-26T17:17:51.868+0000] {standard_task_runner.py:55} INFO - Started process 5488 to run task
[2023-04-26T17:17:51.902+0000] {standard_task_runner.py:82} INFO - Running: ['***', 'tasks', 'run', 'weather_dag_api', 'cities.extract_data_Kyiv', 'manual__2023-04-26T17:17:34.181925+00:00', '--job-id', '524', '--raw', '--subdir', 'DAGS_FOLDER/weather_dag_final.py', '--cfg-path', '/tmp/tmp2y_onufd']
[2023-04-26T17:17:51.910+0000] {standard_task_runner.py:83} INFO - Job 524: Subtask cities.extract_data_Kyiv
[2023-04-26T17:17:52.539+0000] {task_command.py:389} INFO - Running <TaskInstance: weather_dag_api.cities.extract_data_Kyiv manual__2023-04-26T17:17:34.181925+00:00 [running]> on host d48b88797b3b
[2023-04-26T17:17:53.718+0000] {taskinstance.py:1518} INFO - Exporting the following env vars:
AIRFLOW_CTX_DAG_OWNER=***
AIRFLOW_CTX_DAG_ID=weather_dag_api
AIRFLOW_CTX_TASK_ID=cities.extract_data_Kyiv
AIRFLOW_CTX_EXECUTION_DATE=2023-04-26T17:17:34.181925+00:00
AIRFLOW_CTX_TRY_NUMBER=1
AIRFLOW_CTX_DAG_RUN_ID=manual__2023-04-26T17:17:34.181925+00:00
[2023-04-26T17:17:53.727+0000] {http.py:123} INFO - Calling HTTP method
[2023-04-26T17:17:53.830+0000] {base.py:73} INFO - Using connection ID 'weather_conn' for task execution.
[2023-04-26T17:17:54.420+0000] {http.py:127} INFO - {"version":"3.0","user":"__-_stuff","dateGenerated":"2023-04-26T17:17:53Z","status":"OK","data":[{"parameter":"t_2m:C","coordinates":[{"lat":50.450034,"lon":30.524136,"dates":[{"date":"2023-04-25T10:20:00Z","value":17.0}]}]},{"parameter":"precip_1h:mm","coordinates":[{"lat":50.450034,"lon":30.524136,"dates":[{"date":"2023-04-25T10:20:00Z","value":0.00}]}]},{"parameter":"wind_speed_10m:ms","coordinates":[{"lat":50.450034,"lon":30.524136,"dates":[{"date":"2023-04-25T10:20:00Z","value":4.0}]}]}]}

[2023-04-26T17:17:54.953+0000] {taskinstance.py:1332} INFO - Marking task as SUCCESS. dag_id=weather_dag_api, task_id=cities.extract_data_Kyiv, execution_date=20230426T171734, start_date=20230426T171751, end_date=20230426T171754
[2023-04-26T17:17:55.138+0000] {local_task_job.py:212} INFO - Task exited with return code 0
[2023-04-26T17:17:55.694+0000] {taskinstance.py:2596} INFO - 1 downstream tasks scheduled from follow-on schedule check
