[2023-04-26T17:40:06.206+0000] {taskinstance.py:1090} INFO - Dependencies all met for dep_context=non-requeueable deps ti=<TaskInstance: weather_dag_api.cities.process_data_Kyiv manual__2023-04-26T17:39:42.458083+00:00 [queued]>
[2023-04-26T17:40:06.265+0000] {taskinstance.py:1090} INFO - Dependencies all met for dep_context=requeueable deps ti=<TaskInstance: weather_dag_api.cities.process_data_Kyiv manual__2023-04-26T17:39:42.458083+00:00 [queued]>
[2023-04-26T17:40:06.266+0000] {taskinstance.py:1288} INFO - 
--------------------------------------------------------------------------------
[2023-04-26T17:40:06.268+0000] {taskinstance.py:1289} INFO - Starting attempt 1 of 1
[2023-04-26T17:40:06.270+0000] {taskinstance.py:1290} INFO - 
--------------------------------------------------------------------------------
[2023-04-26T17:40:06.483+0000] {taskinstance.py:1309} INFO - Executing <Task(PythonOperator): cities.process_data_Kyiv> on 2023-04-26 17:39:42.458083+00:00
[2023-04-26T17:40:06.509+0000] {standard_task_runner.py:55} INFO - Started process 172 to run task
[2023-04-26T17:40:06.574+0000] {standard_task_runner.py:82} INFO - Running: ['***', 'tasks', 'run', 'weather_dag_api', 'cities.process_data_Kyiv', 'manual__2023-04-26T17:39:42.458083+00:00', '--job-id', '17', '--raw', '--subdir', 'DAGS_FOLDER/weather_dag_api.py', '--cfg-path', '/tmp/tmpsy92n7lq']
[2023-04-26T17:40:06.581+0000] {standard_task_runner.py:83} INFO - Job 17: Subtask cities.process_data_Kyiv
[2023-04-26T17:40:06.958+0000] {task_command.py:389} INFO - Running <TaskInstance: weather_dag_api.cities.process_data_Kyiv manual__2023-04-26T17:39:42.458083+00:00 [running]> on host b46a99c748bd
[2023-04-26T17:40:08.012+0000] {taskinstance.py:1518} INFO - Exporting the following env vars:
AIRFLOW_CTX_DAG_OWNER=***
AIRFLOW_CTX_DAG_ID=weather_dag_api
AIRFLOW_CTX_TASK_ID=cities.process_data_Kyiv
AIRFLOW_CTX_EXECUTION_DATE=2023-04-26T17:39:42.458083+00:00
AIRFLOW_CTX_TRY_NUMBER=1
AIRFLOW_CTX_DAG_RUN_ID=manual__2023-04-26T17:39:42.458083+00:00
[2023-04-26T17:40:08.075+0000] {logging_mixin.py:137} INFO - 17.0
[2023-04-26T17:40:08.076+0000] {python.py:177} INFO - Done. Returned value was: ('2023-04-25T10:20:00Z', 17.0, 0.0, 4.0, 'Kyiv')
[2023-04-26T17:40:08.184+0000] {taskinstance.py:1332} INFO - Marking task as SUCCESS. dag_id=weather_dag_api, task_id=cities.process_data_Kyiv, execution_date=20230426T173942, start_date=20230426T174006, end_date=20230426T174008
[2023-04-26T17:40:08.461+0000] {local_task_job.py:212} INFO - Task exited with return code 0
[2023-04-26T17:40:08.788+0000] {taskinstance.py:2596} INFO - 1 downstream tasks scheduled from follow-on schedule check
