[2023-04-25T20:32:06.466+0000] {taskinstance.py:1090} INFO - Dependencies all met for dep_context=non-requeueable deps ti=<TaskInstance: weather_dag_api.create_table_postgres manual__2023-04-25T20:31:59.639044+00:00 [queued]>
[2023-04-25T20:32:06.510+0000] {taskinstance.py:1090} INFO - Dependencies all met for dep_context=requeueable deps ti=<TaskInstance: weather_dag_api.create_table_postgres manual__2023-04-25T20:31:59.639044+00:00 [queued]>
[2023-04-25T20:32:06.515+0000] {taskinstance.py:1288} INFO - 
--------------------------------------------------------------------------------
[2023-04-25T20:32:06.519+0000] {taskinstance.py:1289} INFO - Starting attempt 1 of 1
[2023-04-25T20:32:06.525+0000] {taskinstance.py:1290} INFO - 
--------------------------------------------------------------------------------
[2023-04-25T20:32:06.573+0000] {taskinstance.py:1309} INFO - Executing <Task(PostgresOperator): create_table_postgres> on 2023-04-25 20:31:59.639044+00:00
[2023-04-25T20:32:06.585+0000] {standard_task_runner.py:55} INFO - Started process 2205 to run task
[2023-04-25T20:32:06.597+0000] {standard_task_runner.py:82} INFO - Running: ['***', 'tasks', 'run', 'weather_dag_api', 'create_table_postgres', 'manual__2023-04-25T20:31:59.639044+00:00', '--job-id', '30', '--raw', '--subdir', 'DAGS_FOLDER/weather_dag_api.py', '--cfg-path', '/tmp/tmp__nz3t7q']
[2023-04-25T20:32:06.600+0000] {standard_task_runner.py:83} INFO - Job 30: Subtask create_table_postgres
[2023-04-25T20:32:06.786+0000] {task_command.py:389} INFO - Running <TaskInstance: weather_dag_api.create_table_postgres manual__2023-04-25T20:31:59.639044+00:00 [running]> on host 9dd0afd831d3
[2023-04-25T20:32:07.038+0000] {taskinstance.py:1518} INFO - Exporting the following env vars:
AIRFLOW_CTX_DAG_OWNER=***
AIRFLOW_CTX_DAG_ID=weather_dag_api
AIRFLOW_CTX_TASK_ID=create_table_postgres
AIRFLOW_CTX_EXECUTION_DATE=2023-04-25T20:31:59.639044+00:00
AIRFLOW_CTX_TRY_NUMBER=1
AIRFLOW_CTX_DAG_RUN_ID=manual__2023-04-25T20:31:59.639044+00:00
[2023-04-25T20:32:07.044+0000] {sql.py:254} INFO - Executing:  CREATE TABLE IF NOT EXISTS measurements (
			timestamp TIMESTAMP,
			temp FLOAT );
[2023-04-25T20:32:07.075+0000] {base.py:73} INFO - Using connection ID 'postgres_conn' for task execution.
[2023-04-25T20:32:07.789+0000] {base.py:73} INFO - Using connection ID 'postgres_conn' for task execution.
[2023-04-25T20:32:07.810+0000] {sql.py:375} INFO - Running statement:  CREATE TABLE IF NOT EXISTS measurements (
			timestamp TIMESTAMP,
			temp FLOAT );, parameters: None
[2023-04-25T20:32:07.840+0000] {taskinstance.py:1332} INFO - Marking task as SUCCESS. dag_id=weather_dag_api, task_id=create_table_postgres, execution_date=20230425T203159, start_date=20230425T203206, end_date=20230425T203207
[2023-04-25T20:32:07.935+0000] {local_task_job.py:212} INFO - Task exited with return code 0
[2023-04-25T20:32:08.024+0000] {taskinstance.py:2596} INFO - 1 downstream tasks scheduled from follow-on schedule check
