[2023-04-27T07:08:45.246+0000] {taskinstance.py:1090} INFO - Dependencies all met for dep_context=non-requeueable deps ti=<TaskInstance: weather_dag_api.python_task2 manual__2023-04-27T07:08:06.429483+00:00 [queued]>
[2023-04-27T07:08:45.268+0000] {taskinstance.py:1090} INFO - Dependencies all met for dep_context=requeueable deps ti=<TaskInstance: weather_dag_api.python_task2 manual__2023-04-27T07:08:06.429483+00:00 [queued]>
[2023-04-27T07:08:45.270+0000] {taskinstance.py:1288} INFO - 
--------------------------------------------------------------------------------
[2023-04-27T07:08:45.271+0000] {taskinstance.py:1289} INFO - Starting attempt 1 of 1
[2023-04-27T07:08:45.273+0000] {taskinstance.py:1290} INFO - 
--------------------------------------------------------------------------------
[2023-04-27T07:08:45.304+0000] {taskinstance.py:1309} INFO - Executing <Task(PythonOperator): python_task2> on 2023-04-27 07:08:06.429483+00:00
[2023-04-27T07:08:45.313+0000] {standard_task_runner.py:55} INFO - Started process 816 to run task
[2023-04-27T07:08:45.319+0000] {standard_task_runner.py:82} INFO - Running: ['***', 'tasks', 'run', 'weather_dag_api', 'python_task2', 'manual__2023-04-27T07:08:06.429483+00:00', '--job-id', '144', '--raw', '--subdir', 'DAGS_FOLDER/weather_dag_api.py', '--cfg-path', '/tmp/tmpcy5skas2']
[2023-04-27T07:08:45.321+0000] {standard_task_runner.py:83} INFO - Job 144: Subtask python_task2
[2023-04-27T07:08:45.438+0000] {task_command.py:389} INFO - Running <TaskInstance: weather_dag_api.python_task2 manual__2023-04-27T07:08:06.429483+00:00 [running]> on host 80d943d8f5b4
[2023-04-27T07:08:45.560+0000] {taskinstance.py:1518} INFO - Exporting the following env vars:
AIRFLOW_CTX_DAG_OWNER=***
AIRFLOW_CTX_DAG_ID=weather_dag_api
AIRFLOW_CTX_TASK_ID=python_task2
AIRFLOW_CTX_EXECUTION_DATE=2023-04-27T07:08:06.429483+00:00
AIRFLOW_CTX_TRY_NUMBER=1
AIRFLOW_CTX_DAG_RUN_ID=manual__2023-04-27T07:08:06.429483+00:00
[2023-04-27T07:08:45.563+0000] {weather_dag_api.py:27} INFO - All done!
[2023-04-27T07:08:45.564+0000] {python.py:177} INFO - Done. Returned value was: None
[2023-04-27T07:08:45.587+0000] {taskinstance.py:1332} INFO - Marking task as SUCCESS. dag_id=weather_dag_api, task_id=python_task2, execution_date=20230427T070806, start_date=20230427T070845, end_date=20230427T070845
[2023-04-27T07:08:45.657+0000] {local_task_job.py:212} INFO - Task exited with return code 0
[2023-04-27T07:08:45.689+0000] {taskinstance.py:2596} INFO - 0 downstream tasks scheduled from follow-on schedule check
