[2023-04-25T20:34:36.089+0000] {taskinstance.py:1090} INFO - Dependencies all met for dep_context=non-requeueable deps ti=<TaskInstance: weather_dag_api.extract_data manual__2023-04-25T20:34:25.752833+00:00 [queued]>
[2023-04-25T20:34:36.126+0000] {taskinstance.py:1090} INFO - Dependencies all met for dep_context=requeueable deps ti=<TaskInstance: weather_dag_api.extract_data manual__2023-04-25T20:34:25.752833+00:00 [queued]>
[2023-04-25T20:34:36.128+0000] {taskinstance.py:1288} INFO - 
--------------------------------------------------------------------------------
[2023-04-25T20:34:36.132+0000] {taskinstance.py:1289} INFO - Starting attempt 1 of 1
[2023-04-25T20:34:36.134+0000] {taskinstance.py:1290} INFO - 
--------------------------------------------------------------------------------
[2023-04-25T20:34:36.191+0000] {taskinstance.py:1309} INFO - Executing <Task(SimpleHttpOperator): extract_data> on 2023-04-25 20:34:25.752833+00:00
[2023-04-25T20:34:36.216+0000] {standard_task_runner.py:55} INFO - Started process 2260 to run task
[2023-04-25T20:34:36.230+0000] {standard_task_runner.py:82} INFO - Running: ['***', 'tasks', 'run', 'weather_dag_api', 'extract_data', 'manual__2023-04-25T20:34:25.752833+00:00', '--job-id', '35', '--raw', '--subdir', 'DAGS_FOLDER/weather_dag_api.py', '--cfg-path', '/tmp/tmp5nuotdhx']
[2023-04-25T20:34:36.234+0000] {standard_task_runner.py:83} INFO - Job 35: Subtask extract_data
[2023-04-25T20:34:36.553+0000] {task_command.py:389} INFO - Running <TaskInstance: weather_dag_api.extract_data manual__2023-04-25T20:34:25.752833+00:00 [running]> on host 9dd0afd831d3
[2023-04-25T20:34:36.820+0000] {taskinstance.py:1518} INFO - Exporting the following env vars:
AIRFLOW_CTX_DAG_OWNER=***
AIRFLOW_CTX_DAG_ID=weather_dag_api
AIRFLOW_CTX_TASK_ID=extract_data
AIRFLOW_CTX_EXECUTION_DATE=2023-04-25T20:34:25.752833+00:00
AIRFLOW_CTX_TRY_NUMBER=1
AIRFLOW_CTX_DAG_RUN_ID=manual__2023-04-25T20:34:25.752833+00:00
[2023-04-25T20:34:36.835+0000] {http.py:123} INFO - Calling HTTP method
[2023-04-25T20:34:36.872+0000] {base.py:73} INFO - Using connection ID 'weather_conn' for task execution.
[2023-04-25T20:34:37.066+0000] {http.py:127} INFO - {"version":"3.0","user":"__-_stuff","dateGenerated":"2023-04-25T20:34:37Z","status":"OK","data":[{"parameter":"t_2m:C","coordinates":[{"lat":49.841952,"lon":24.031592,"dates":[{"date":"2023-04-25T10:20:00Z","value":15.1}]}]}]}

[2023-04-25T20:34:37.129+0000] {taskinstance.py:1332} INFO - Marking task as SUCCESS. dag_id=weather_dag_api, task_id=extract_data, execution_date=20230425T203425, start_date=20230425T203436, end_date=20230425T203437
[2023-04-25T20:34:37.190+0000] {local_task_job.py:212} INFO - Task exited with return code 0
[2023-04-25T20:34:37.264+0000] {taskinstance.py:2596} INFO - 1 downstream tasks scheduled from follow-on schedule check
