[2023-04-27T07:05:16.377+0000] {taskinstance.py:1090} INFO - Dependencies all met for dep_context=non-requeueable deps ti=<TaskInstance: weather_dag_api.cities.extract_data_Odesa manual__2023-04-27T07:04:55.413748+00:00 [queued]>
[2023-04-27T07:05:16.539+0000] {taskinstance.py:1090} INFO - Dependencies all met for dep_context=requeueable deps ti=<TaskInstance: weather_dag_api.cities.extract_data_Odesa manual__2023-04-27T07:04:55.413748+00:00 [queued]>
[2023-04-27T07:05:16.569+0000] {taskinstance.py:1288} INFO - 
--------------------------------------------------------------------------------
[2023-04-27T07:05:16.591+0000] {taskinstance.py:1289} INFO - Starting attempt 1 of 1
[2023-04-27T07:05:16.598+0000] {taskinstance.py:1290} INFO - 
--------------------------------------------------------------------------------
[2023-04-27T07:05:17.433+0000] {taskinstance.py:1309} INFO - Executing <Task(SimpleHttpOperator): cities.extract_data_Odesa> on 2023-04-27 07:04:55.413748+00:00
[2023-04-27T07:05:17.663+0000] {standard_task_runner.py:55} INFO - Started process 693 to run task
[2023-04-27T07:05:17.975+0000] {standard_task_runner.py:82} INFO - Running: ['***', 'tasks', 'run', 'weather_dag_api', 'cities.extract_data_Odesa', 'manual__2023-04-27T07:04:55.413748+00:00', '--job-id', '104', '--raw', '--subdir', 'DAGS_FOLDER/weather_dag_api.py', '--cfg-path', '/tmp/tmpjim6rv4a']
[2023-04-27T07:05:17.989+0000] {standard_task_runner.py:83} INFO - Job 104: Subtask cities.extract_data_Odesa
[2023-04-27T07:05:20.254+0000] {task_command.py:389} INFO - Running <TaskInstance: weather_dag_api.cities.extract_data_Odesa manual__2023-04-27T07:04:55.413748+00:00 [running]> on host 80d943d8f5b4
[2023-04-27T07:05:23.697+0000] {taskinstance.py:1518} INFO - Exporting the following env vars:
AIRFLOW_CTX_DAG_OWNER=***
AIRFLOW_CTX_DAG_ID=weather_dag_api
AIRFLOW_CTX_TASK_ID=cities.extract_data_Odesa
AIRFLOW_CTX_EXECUTION_DATE=2023-04-27T07:04:55.413748+00:00
AIRFLOW_CTX_TRY_NUMBER=1
AIRFLOW_CTX_DAG_RUN_ID=manual__2023-04-27T07:04:55.413748+00:00
[2023-04-27T07:05:23.749+0000] {http.py:123} INFO - Calling HTTP method
[2023-04-27T07:05:24.056+0000] {base.py:73} INFO - Using connection ID 'weather_conn' for task execution.
[2023-04-27T07:05:26.649+0000] {http.py:127} INFO - {"version":"3.0","user":"__-_stuff","dateGenerated":"2023-04-27T07:05:26Z","status":"OK","data":[{"parameter":"t_2m:C","coordinates":[{"lat":46.484302,"lon":30.732288,"dates":[{"date":"2023-04-26T05:20:00Z","value":12.7}]}]},{"parameter":"precip_1h:mm","coordinates":[{"lat":46.484302,"lon":30.732288,"dates":[{"date":"2023-04-26T05:20:00Z","value":0.00}]}]},{"parameter":"wind_speed_10m:ms","coordinates":[{"lat":46.484302,"lon":30.732288,"dates":[{"date":"2023-04-26T05:20:00Z","value":6.4}]}]}]}

[2023-04-27T07:05:28.997+0000] {taskinstance.py:1332} INFO - Marking task as SUCCESS. dag_id=weather_dag_api, task_id=cities.extract_data_Odesa, execution_date=20230427T070455, start_date=20230427T070516, end_date=20230427T070528
[2023-04-27T07:05:29.496+0000] {local_task_job.py:212} INFO - Task exited with return code 0
[2023-04-27T07:05:30.608+0000] {taskinstance.py:2596} INFO - 1 downstream tasks scheduled from follow-on schedule check
