[2023-04-26T13:25:42.319+0000] {taskinstance.py:1090} INFO - Dependencies all met for dep_context=non-requeueable deps ti=<TaskInstance: weather_dag_api.python_task1 scheduled__2023-04-25T00:00:00+00:00 [queued]>
[2023-04-26T13:25:42.459+0000] {taskinstance.py:1090} INFO - Dependencies all met for dep_context=requeueable deps ti=<TaskInstance: weather_dag_api.python_task1 scheduled__2023-04-25T00:00:00+00:00 [queued]>
[2023-04-26T13:25:42.461+0000] {taskinstance.py:1288} INFO - 
--------------------------------------------------------------------------------
[2023-04-26T13:25:42.462+0000] {taskinstance.py:1289} INFO - Starting attempt 1 of 1
[2023-04-26T13:25:42.485+0000] {taskinstance.py:1290} INFO - 
--------------------------------------------------------------------------------
[2023-04-26T13:25:42.799+0000] {taskinstance.py:1309} INFO - Executing <Task(PythonOperator): python_task1> on 2023-04-25 00:00:00+00:00
[2023-04-26T13:25:42.831+0000] {standard_task_runner.py:55} INFO - Started process 188 to run task
[2023-04-26T13:25:42.887+0000] {standard_task_runner.py:82} INFO - Running: ['***', 'tasks', 'run', 'weather_dag_api', 'python_task1', 'scheduled__2023-04-25T00:00:00+00:00', '--job-id', '4', '--raw', '--subdir', 'DAGS_FOLDER/weather_dag_api.py', '--cfg-path', '/tmp/tmpp61fb664']
[2023-04-26T13:25:42.923+0000] {standard_task_runner.py:83} INFO - Job 4: Subtask python_task1
[2023-04-26T13:25:43.467+0000] {task_command.py:389} INFO - Running <TaskInstance: weather_dag_api.python_task1 scheduled__2023-04-25T00:00:00+00:00 [running]> on host d48b88797b3b
[2023-04-26T13:25:43.771+0000] {taskinstance.py:1518} INFO - Exporting the following env vars:
AIRFLOW_CTX_DAG_OWNER=***
AIRFLOW_CTX_DAG_ID=weather_dag_api
AIRFLOW_CTX_TASK_ID=python_task1
AIRFLOW_CTX_EXECUTION_DATE=2023-04-25T00:00:00+00:00
AIRFLOW_CTX_TRY_NUMBER=1
AIRFLOW_CTX_DAG_RUN_ID=scheduled__2023-04-25T00:00:00+00:00
[2023-04-26T13:25:43.774+0000] {weather_dag_api.py:17} INFO - Starting db creation
[2023-04-26T13:25:43.777+0000] {python.py:177} INFO - Done. Returned value was: None
[2023-04-26T13:25:43.855+0000] {taskinstance.py:1332} INFO - Marking task as SUCCESS. dag_id=weather_dag_api, task_id=python_task1, execution_date=20230425T000000, start_date=20230426T132542, end_date=20230426T132543
[2023-04-26T13:25:44.208+0000] {local_task_job.py:212} INFO - Task exited with return code 0
[2023-04-26T13:25:44.317+0000] {taskinstance.py:2596} INFO - 1 downstream tasks scheduled from follow-on schedule check
[2023-04-26T17:37:01.048+0000] {taskinstance.py:1090} INFO - Dependencies all met for dep_context=non-requeueable deps ti=<TaskInstance: weather_dag_api.python_task1 scheduled__2023-04-25T00:00:00+00:00 [queued]>
[2023-04-26T17:37:01.253+0000] {taskinstance.py:1090} INFO - Dependencies all met for dep_context=requeueable deps ti=<TaskInstance: weather_dag_api.python_task1 scheduled__2023-04-25T00:00:00+00:00 [queued]>
[2023-04-26T17:37:01.255+0000] {taskinstance.py:1288} INFO - 
--------------------------------------------------------------------------------
[2023-04-26T17:37:01.268+0000] {taskinstance.py:1289} INFO - Starting attempt 1 of 1
[2023-04-26T17:37:01.269+0000] {taskinstance.py:1290} INFO - 
--------------------------------------------------------------------------------
[2023-04-26T17:37:01.556+0000] {taskinstance.py:1309} INFO - Executing <Task(PythonOperator): python_task1> on 2023-04-25 00:00:00+00:00
[2023-04-26T17:37:01.740+0000] {standard_task_runner.py:55} INFO - Started process 99 to run task
[2023-04-26T17:37:01.924+0000] {standard_task_runner.py:82} INFO - Running: ['***', 'tasks', 'run', 'weather_dag_api', 'python_task1', 'scheduled__2023-04-25T00:00:00+00:00', '--job-id', '4', '--raw', '--subdir', 'DAGS_FOLDER/weather_dag_api.py', '--cfg-path', '/tmp/tmpa27bqm70']
[2023-04-26T17:37:01.937+0000] {standard_task_runner.py:83} INFO - Job 4: Subtask python_task1
[2023-04-26T17:37:02.607+0000] {task_command.py:389} INFO - Running <TaskInstance: weather_dag_api.python_task1 scheduled__2023-04-25T00:00:00+00:00 [running]> on host b46a99c748bd
[2023-04-26T17:37:03.235+0000] {taskinstance.py:1518} INFO - Exporting the following env vars:
AIRFLOW_CTX_DAG_OWNER=***
AIRFLOW_CTX_DAG_ID=weather_dag_api
AIRFLOW_CTX_TASK_ID=python_task1
AIRFLOW_CTX_EXECUTION_DATE=2023-04-25T00:00:00+00:00
AIRFLOW_CTX_TRY_NUMBER=1
AIRFLOW_CTX_DAG_RUN_ID=scheduled__2023-04-25T00:00:00+00:00
[2023-04-26T17:37:03.243+0000] {weather_dag_api.py:24} INFO - Starting db creation
[2023-04-26T17:37:03.246+0000] {python.py:177} INFO - Done. Returned value was: None
[2023-04-26T17:37:03.317+0000] {taskinstance.py:1332} INFO - Marking task as SUCCESS. dag_id=weather_dag_api, task_id=python_task1, execution_date=20230425T000000, start_date=20230426T173701, end_date=20230426T173703
[2023-04-26T17:37:03.438+0000] {local_task_job.py:212} INFO - Task exited with return code 0
[2023-04-26T17:37:03.814+0000] {taskinstance.py:2596} INFO - 1 downstream tasks scheduled from follow-on schedule check
[2023-04-27T06:47:19.749+0000] {taskinstance.py:1090} INFO - Dependencies all met for dep_context=non-requeueable deps ti=<TaskInstance: weather_dag_api.python_task1 scheduled__2023-04-25T00:00:00+00:00 [queued]>
[2023-04-27T06:47:19.840+0000] {taskinstance.py:1090} INFO - Dependencies all met for dep_context=requeueable deps ti=<TaskInstance: weather_dag_api.python_task1 scheduled__2023-04-25T00:00:00+00:00 [queued]>
[2023-04-27T06:47:19.857+0000] {taskinstance.py:1288} INFO - 
--------------------------------------------------------------------------------
[2023-04-27T06:47:19.872+0000] {taskinstance.py:1289} INFO - Starting attempt 1 of 1
[2023-04-27T06:47:19.892+0000] {taskinstance.py:1290} INFO - 
--------------------------------------------------------------------------------
[2023-04-27T06:47:20.376+0000] {taskinstance.py:1309} INFO - Executing <Task(PythonOperator): python_task1> on 2023-04-25 00:00:00+00:00
[2023-04-27T06:47:20.414+0000] {standard_task_runner.py:55} INFO - Started process 150 to run task
[2023-04-27T06:47:20.497+0000] {standard_task_runner.py:82} INFO - Running: ['***', 'tasks', 'run', 'weather_dag_api', 'python_task1', 'scheduled__2023-04-25T00:00:00+00:00', '--job-id', '3', '--raw', '--subdir', 'DAGS_FOLDER/weather_dag_api copy.py', '--cfg-path', '/tmp/tmpjzy4jh70']
[2023-04-27T06:47:20.522+0000] {standard_task_runner.py:83} INFO - Job 3: Subtask python_task1
[2023-04-27T06:47:21.313+0000] {task_command.py:389} INFO - Running <TaskInstance: weather_dag_api.python_task1 scheduled__2023-04-25T00:00:00+00:00 [running]> on host 80d943d8f5b4
[2023-04-27T06:47:22.527+0000] {taskinstance.py:1518} INFO - Exporting the following env vars:
AIRFLOW_CTX_DAG_OWNER=***
AIRFLOW_CTX_DAG_ID=weather_dag_api
AIRFLOW_CTX_TASK_ID=python_task1
AIRFLOW_CTX_EXECUTION_DATE=2023-04-25T00:00:00+00:00
AIRFLOW_CTX_TRY_NUMBER=1
AIRFLOW_CTX_DAG_RUN_ID=scheduled__2023-04-25T00:00:00+00:00
[2023-04-27T06:47:22.539+0000] {weather_dag_api copy.py:24} INFO - Starting db creation
[2023-04-27T06:47:22.542+0000] {python.py:177} INFO - Done. Returned value was: None
[2023-04-27T06:47:22.595+0000] {taskinstance.py:1332} INFO - Marking task as SUCCESS. dag_id=weather_dag_api, task_id=python_task1, execution_date=20230425T000000, start_date=20230427T064719, end_date=20230427T064722
[2023-04-27T06:47:22.740+0000] {local_task_job.py:212} INFO - Task exited with return code 0
[2023-04-27T06:47:23.038+0000] {taskinstance.py:2596} INFO - 1 downstream tasks scheduled from follow-on schedule check
