[2023-04-27T06:51:51.623+0000] {taskinstance.py:1090} INFO - Dependencies all met for dep_context=non-requeueable deps ti=<TaskInstance: weather_dag_api.cities.extract_data_Odesa manual__2023-04-27T06:51:39.617091+00:00 [queued]>
[2023-04-27T06:51:51.677+0000] {taskinstance.py:1090} INFO - Dependencies all met for dep_context=requeueable deps ti=<TaskInstance: weather_dag_api.cities.extract_data_Odesa manual__2023-04-27T06:51:39.617091+00:00 [queued]>
[2023-04-27T06:51:51.682+0000] {taskinstance.py:1288} INFO - 
--------------------------------------------------------------------------------
[2023-04-27T06:51:51.685+0000] {taskinstance.py:1289} INFO - Starting attempt 1 of 1
[2023-04-27T06:51:51.687+0000] {taskinstance.py:1290} INFO - 
--------------------------------------------------------------------------------
[2023-04-27T06:51:51.779+0000] {taskinstance.py:1309} INFO - Executing <Task(SimpleHttpOperator): cities.extract_data_Odesa> on 2023-04-27 06:51:39.617091+00:00
[2023-04-27T06:51:51.832+0000] {standard_task_runner.py:55} INFO - Started process 290 to run task
[2023-04-27T06:51:51.934+0000] {standard_task_runner.py:82} INFO - Running: ['***', 'tasks', 'run', 'weather_dag_api', 'cities.extract_data_Odesa', 'manual__2023-04-27T06:51:39.617091+00:00', '--job-id', '33', '--raw', '--subdir', 'DAGS_FOLDER/weather_dag_api.py', '--cfg-path', '/tmp/tmpr4u3z4_0']
[2023-04-27T06:51:51.954+0000] {standard_task_runner.py:83} INFO - Job 33: Subtask cities.extract_data_Odesa
[2023-04-27T06:51:53.074+0000] {task_command.py:389} INFO - Running <TaskInstance: weather_dag_api.cities.extract_data_Odesa manual__2023-04-27T06:51:39.617091+00:00 [running]> on host 80d943d8f5b4
[2023-04-27T06:51:53.688+0000] {taskinstance.py:1518} INFO - Exporting the following env vars:
AIRFLOW_CTX_DAG_OWNER=***
AIRFLOW_CTX_DAG_ID=weather_dag_api
AIRFLOW_CTX_TASK_ID=cities.extract_data_Odesa
AIRFLOW_CTX_EXECUTION_DATE=2023-04-27T06:51:39.617091+00:00
AIRFLOW_CTX_TRY_NUMBER=1
AIRFLOW_CTX_DAG_RUN_ID=manual__2023-04-27T06:51:39.617091+00:00
[2023-04-27T06:51:53.692+0000] {http.py:123} INFO - Calling HTTP method
[2023-04-27T06:51:53.754+0000] {base.py:73} INFO - Using connection ID 'weather_conn' for task execution.
[2023-04-27T06:51:54.106+0000] {http.py:127} INFO - {"version":"3.0","user":"__-_stuff","dateGenerated":"2023-04-27T06:51:54Z","status":"OK","data":[{"parameter":"t_2m:C","coordinates":[{"lat":46.484302,"lon":30.732288,"dates":[{"date":"2023-04-26T10:20:00Z","value":13.5}]}]},{"parameter":"precip_1h:mm","coordinates":[{"lat":46.484302,"lon":30.732288,"dates":[{"date":"2023-04-26T10:20:00Z","value":0.00}]}]},{"parameter":"wind_speed_10m:ms","coordinates":[{"lat":46.484302,"lon":30.732288,"dates":[{"date":"2023-04-26T10:20:00Z","value":5.9}]}]}]}

[2023-04-27T06:51:54.365+0000] {taskinstance.py:1332} INFO - Marking task as SUCCESS. dag_id=weather_dag_api, task_id=cities.extract_data_Odesa, execution_date=20230427T065139, start_date=20230427T065151, end_date=20230427T065154
[2023-04-27T06:51:54.478+0000] {local_task_job.py:212} INFO - Task exited with return code 0
[2023-04-27T06:51:54.803+0000] {taskinstance.py:2596} INFO - 1 downstream tasks scheduled from follow-on schedule check
