[2023-04-26T15:07:37.464+0000] {taskinstance.py:1090} INFO - Dependencies all met for dep_context=non-requeueable deps ti=<TaskInstance: weather_dag_api.cities.extract_data_Kharkiv manual__2023-04-26T15:07:12.913266+00:00 [queued]>
[2023-04-26T15:07:37.602+0000] {taskinstance.py:1090} INFO - Dependencies all met for dep_context=requeueable deps ti=<TaskInstance: weather_dag_api.cities.extract_data_Kharkiv manual__2023-04-26T15:07:12.913266+00:00 [queued]>
[2023-04-26T15:07:37.604+0000] {taskinstance.py:1288} INFO - 
--------------------------------------------------------------------------------
[2023-04-26T15:07:37.607+0000] {taskinstance.py:1289} INFO - Starting attempt 1 of 1
[2023-04-26T15:07:37.610+0000] {taskinstance.py:1290} INFO - 
--------------------------------------------------------------------------------
[2023-04-26T15:07:37.848+0000] {taskinstance.py:1309} INFO - Executing <Task(SimpleHttpOperator): cities.extract_data_Kharkiv> on 2023-04-26 15:07:12.913266+00:00
[2023-04-26T15:07:37.891+0000] {standard_task_runner.py:55} INFO - Started process 2279 to run task
[2023-04-26T15:07:38.000+0000] {standard_task_runner.py:82} INFO - Running: ['***', 'tasks', 'run', 'weather_dag_api', 'cities.extract_data_Kharkiv', 'manual__2023-04-26T15:07:12.913266+00:00', '--job-id', '100', '--raw', '--subdir', 'DAGS_FOLDER/weather_dag_api.py', '--cfg-path', '/tmp/tmpsykh9kxm']
[2023-04-26T15:07:38.009+0000] {standard_task_runner.py:83} INFO - Job 100: Subtask cities.extract_data_Kharkiv
[2023-04-26T15:07:38.865+0000] {task_command.py:389} INFO - Running <TaskInstance: weather_dag_api.cities.extract_data_Kharkiv manual__2023-04-26T15:07:12.913266+00:00 [running]> on host d48b88797b3b
[2023-04-26T15:07:39.740+0000] {taskinstance.py:1518} INFO - Exporting the following env vars:
AIRFLOW_CTX_DAG_OWNER=***
AIRFLOW_CTX_DAG_ID=weather_dag_api
AIRFLOW_CTX_TASK_ID=cities.extract_data_Kharkiv
AIRFLOW_CTX_EXECUTION_DATE=2023-04-26T15:07:12.913266+00:00
AIRFLOW_CTX_TRY_NUMBER=1
AIRFLOW_CTX_DAG_RUN_ID=manual__2023-04-26T15:07:12.913266+00:00
[2023-04-26T15:07:39.757+0000] {http.py:123} INFO - Calling HTTP method
[2023-04-26T15:07:39.862+0000] {base.py:73} INFO - Using connection ID 'weather_conn' for task execution.
[2023-04-26T15:07:40.107+0000] {http.py:127} INFO - {"version":"3.0","user":"__-_stuff","dateGenerated":"2023-04-26T15:07:39Z","status":"OK","data":[{"parameter":"t_2m:C","coordinates":[{"lat":49.992318,"lon":36.231015,"dates":[{"date":"2023-04-25T10:20:00Z","value":13.4}]}]},{"parameter":"precip_1h:mm","coordinates":[{"lat":49.992318,"lon":36.231015,"dates":[{"date":"2023-04-25T10:20:00Z","value":0.42}]}]},{"parameter":"wind_speed_10m:ms","coordinates":[{"lat":49.992318,"lon":36.231015,"dates":[{"date":"2023-04-25T10:20:00Z","value":2.7}]}]}]}

[2023-04-26T15:07:40.218+0000] {taskinstance.py:1332} INFO - Marking task as SUCCESS. dag_id=weather_dag_api, task_id=cities.extract_data_Kharkiv, execution_date=20230426T150712, start_date=20230426T150737, end_date=20230426T150740
[2023-04-26T15:07:40.330+0000] {local_task_job.py:212} INFO - Task exited with return code 0
[2023-04-26T15:07:40.415+0000] {taskinstance.py:2596} INFO - 1 downstream tasks scheduled from follow-on schedule check
