[2023-04-26T18:34:02.354+0000] {taskinstance.py:1090} INFO - Dependencies all met for dep_context=non-requeueable deps ti=<TaskInstance: weather_dag_api.cities.process_data_Kharkiv manual__2023-04-26T18:33:30.885282+00:00 [queued]>
[2023-04-26T18:34:02.553+0000] {taskinstance.py:1090} INFO - Dependencies all met for dep_context=requeueable deps ti=<TaskInstance: weather_dag_api.cities.process_data_Kharkiv manual__2023-04-26T18:33:30.885282+00:00 [queued]>
[2023-04-26T18:34:02.564+0000] {taskinstance.py:1288} INFO - 
--------------------------------------------------------------------------------
[2023-04-26T18:34:02.565+0000] {taskinstance.py:1289} INFO - Starting attempt 1 of 1
[2023-04-26T18:34:02.566+0000] {taskinstance.py:1290} INFO - 
--------------------------------------------------------------------------------
[2023-04-26T18:34:02.788+0000] {taskinstance.py:1309} INFO - Executing <Task(PythonOperator): cities.process_data_Kharkiv> on 2023-04-26 18:33:30.885282+00:00
[2023-04-26T18:34:02.889+0000] {standard_task_runner.py:55} INFO - Started process 1678 to run task
[2023-04-26T18:34:02.936+0000] {standard_task_runner.py:82} INFO - Running: ['***', 'tasks', 'run', 'weather_dag_api', 'cities.process_data_Kharkiv', 'manual__2023-04-26T18:33:30.885282+00:00', '--job-id', '293', '--raw', '--subdir', 'DAGS_FOLDER/weather_dag_api.py', '--cfg-path', '/tmp/tmpqt2sfc2z']
[2023-04-26T18:34:02.946+0000] {standard_task_runner.py:83} INFO - Job 293: Subtask cities.process_data_Kharkiv
[2023-04-26T18:34:03.813+0000] {task_command.py:389} INFO - Running <TaskInstance: weather_dag_api.cities.process_data_Kharkiv manual__2023-04-26T18:33:30.885282+00:00 [running]> on host b46a99c748bd
[2023-04-26T18:34:04.679+0000] {taskinstance.py:1518} INFO - Exporting the following env vars:
AIRFLOW_CTX_DAG_OWNER=***
AIRFLOW_CTX_DAG_ID=weather_dag_api
AIRFLOW_CTX_TASK_ID=cities.process_data_Kharkiv
AIRFLOW_CTX_EXECUTION_DATE=2023-04-26T18:33:30.885282+00:00
AIRFLOW_CTX_TRY_NUMBER=1
AIRFLOW_CTX_DAG_RUN_ID=manual__2023-04-26T18:33:30.885282+00:00
[2023-04-26T18:34:04.884+0000] {logging_mixin.py:137} INFO - 13.4
[2023-04-26T18:34:04.885+0000] {python.py:177} INFO - Done. Returned value was: ('2023-04-25T10:20:00Z', 13.4, 0.42, 2.7, 'Kharkiv')
[2023-04-26T18:34:05.001+0000] {taskinstance.py:1332} INFO - Marking task as SUCCESS. dag_id=weather_dag_api, task_id=cities.process_data_Kharkiv, execution_date=20230426T183330, start_date=20230426T183402, end_date=20230426T183405
[2023-04-26T18:34:05.148+0000] {local_task_job.py:212} INFO - Task exited with return code 0
[2023-04-26T18:34:05.749+0000] {taskinstance.py:2596} INFO - 1 downstream tasks scheduled from follow-on schedule check
