[2023-04-26T17:51:04.047+0000] {taskinstance.py:1090} INFO - Dependencies all met for dep_context=non-requeueable deps ti=<TaskInstance: weather_dag_api.cities.extract_data_Kharkiv manual__2023-04-26T17:50:52.913170+00:00 [queued]>
[2023-04-26T17:51:04.223+0000] {taskinstance.py:1090} INFO - Dependencies all met for dep_context=requeueable deps ti=<TaskInstance: weather_dag_api.cities.extract_data_Kharkiv manual__2023-04-26T17:50:52.913170+00:00 [queued]>
[2023-04-26T17:51:04.238+0000] {taskinstance.py:1288} INFO - 
--------------------------------------------------------------------------------
[2023-04-26T17:51:04.252+0000] {taskinstance.py:1289} INFO - Starting attempt 1 of 1
[2023-04-26T17:51:04.264+0000] {taskinstance.py:1290} INFO - 
--------------------------------------------------------------------------------
[2023-04-26T17:51:04.807+0000] {taskinstance.py:1309} INFO - Executing <Task(SimpleHttpOperator): cities.extract_data_Kharkiv> on 2023-04-26 17:50:52.913170+00:00
[2023-04-26T17:51:04.962+0000] {standard_task_runner.py:55} INFO - Started process 418 to run task
[2023-04-26T17:51:04.989+0000] {standard_task_runner.py:82} INFO - Running: ['***', 'tasks', 'run', 'weather_dag_api', 'cities.extract_data_Kharkiv', 'manual__2023-04-26T17:50:52.913170+00:00', '--job-id', '45', '--raw', '--subdir', 'DAGS_FOLDER/weather_dag_api.py', '--cfg-path', '/tmp/tmpnqzs3_ml']
[2023-04-26T17:51:05.003+0000] {standard_task_runner.py:83} INFO - Job 45: Subtask cities.extract_data_Kharkiv
[2023-04-26T17:51:07.199+0000] {task_command.py:389} INFO - Running <TaskInstance: weather_dag_api.cities.extract_data_Kharkiv manual__2023-04-26T17:50:52.913170+00:00 [running]> on host b46a99c748bd
[2023-04-26T17:51:08.622+0000] {taskinstance.py:1518} INFO - Exporting the following env vars:
AIRFLOW_CTX_DAG_OWNER=***
AIRFLOW_CTX_DAG_ID=weather_dag_api
AIRFLOW_CTX_TASK_ID=cities.extract_data_Kharkiv
AIRFLOW_CTX_EXECUTION_DATE=2023-04-26T17:50:52.913170+00:00
AIRFLOW_CTX_TRY_NUMBER=1
AIRFLOW_CTX_DAG_RUN_ID=manual__2023-04-26T17:50:52.913170+00:00
[2023-04-26T17:51:08.627+0000] {http.py:123} INFO - Calling HTTP method
[2023-04-26T17:51:08.689+0000] {base.py:73} INFO - Using connection ID 'weather_conn' for task execution.
[2023-04-26T17:51:09.252+0000] {http.py:127} INFO - {"version":"3.0","user":"__-_stuff","dateGenerated":"2023-04-26T17:51:08Z","status":"OK","data":[{"parameter":"t_2m:C","coordinates":[{"lat":49.992318,"lon":36.231015,"dates":[{"date":"2023-04-25T10:20:00Z","value":13.4}]}]},{"parameter":"precip_1h:mm","coordinates":[{"lat":49.992318,"lon":36.231015,"dates":[{"date":"2023-04-25T10:20:00Z","value":0.42}]}]},{"parameter":"wind_speed_10m:ms","coordinates":[{"lat":49.992318,"lon":36.231015,"dates":[{"date":"2023-04-25T10:20:00Z","value":2.7}]}]}]}

[2023-04-26T17:51:09.522+0000] {taskinstance.py:1332} INFO - Marking task as SUCCESS. dag_id=weather_dag_api, task_id=cities.extract_data_Kharkiv, execution_date=20230426T175052, start_date=20230426T175104, end_date=20230426T175109
[2023-04-26T17:51:10.784+0000] {local_task_job.py:212} INFO - Task exited with return code 0
[2023-04-26T17:51:11.122+0000] {taskinstance.py:2596} INFO - 1 downstream tasks scheduled from follow-on schedule check
