[2023-04-27T06:47:25.632+0000] {taskinstance.py:1090} INFO - Dependencies all met for dep_context=non-requeueable deps ti=<TaskInstance: weather_dag_api.create_table_postgres manual__2023-04-27T06:47:09.354001+00:00 [queued]>
[2023-04-27T06:47:25.703+0000] {taskinstance.py:1090} INFO - Dependencies all met for dep_context=requeueable deps ti=<TaskInstance: weather_dag_api.create_table_postgres manual__2023-04-27T06:47:09.354001+00:00 [queued]>
[2023-04-27T06:47:25.707+0000] {taskinstance.py:1288} INFO - 
--------------------------------------------------------------------------------
[2023-04-27T06:47:25.708+0000] {taskinstance.py:1289} INFO - Starting attempt 1 of 1
[2023-04-27T06:47:25.709+0000] {taskinstance.py:1290} INFO - 
--------------------------------------------------------------------------------
[2023-04-27T06:47:25.809+0000] {taskinstance.py:1309} INFO - Executing <Task(PostgresOperator): create_table_postgres> on 2023-04-27 06:47:09.354001+00:00
[2023-04-27T06:47:25.827+0000] {standard_task_runner.py:55} INFO - Started process 155 to run task
[2023-04-27T06:47:25.845+0000] {standard_task_runner.py:82} INFO - Running: ['***', 'tasks', 'run', 'weather_dag_api', 'create_table_postgres', 'manual__2023-04-27T06:47:09.354001+00:00', '--job-id', '5', '--raw', '--subdir', 'DAGS_FOLDER/weather_dag_api.py', '--cfg-path', '/tmp/tmp2lp6zhde']
[2023-04-27T06:47:25.849+0000] {standard_task_runner.py:83} INFO - Job 5: Subtask create_table_postgres
[2023-04-27T06:47:26.099+0000] {task_command.py:389} INFO - Running <TaskInstance: weather_dag_api.create_table_postgres manual__2023-04-27T06:47:09.354001+00:00 [running]> on host 80d943d8f5b4
[2023-04-27T06:47:26.473+0000] {taskinstance.py:1518} INFO - Exporting the following env vars:
AIRFLOW_CTX_DAG_OWNER=***
AIRFLOW_CTX_DAG_ID=weather_dag_api
AIRFLOW_CTX_TASK_ID=create_table_postgres
AIRFLOW_CTX_EXECUTION_DATE=2023-04-27T06:47:09.354001+00:00
AIRFLOW_CTX_TRY_NUMBER=1
AIRFLOW_CTX_DAG_RUN_ID=manual__2023-04-27T06:47:09.354001+00:00
[2023-04-27T06:47:26.476+0000] {sql.py:254} INFO - Executing:  CREATE TABLE IF NOT EXISTS measurements (
			timestamp TIMESTAMP,
			temp FLOAT,
			precipitation FLOAT,
			wind_speed FLOAT,
			location VARCHAR);
[2023-04-27T06:47:26.586+0000] {base.py:73} INFO - Using connection ID 'postgres_conn' for task execution.
[2023-04-27T06:47:27.819+0000] {base.py:73} INFO - Using connection ID 'postgres_conn' for task execution.
[2023-04-27T06:47:27.865+0000] {sql.py:375} INFO - Running statement:  CREATE TABLE IF NOT EXISTS measurements (
			timestamp TIMESTAMP,
			temp FLOAT,
			precipitation FLOAT,
			wind_speed FLOAT,
			location VARCHAR);, parameters: None
[2023-04-27T06:47:27.947+0000] {taskinstance.py:1332} INFO - Marking task as SUCCESS. dag_id=weather_dag_api, task_id=create_table_postgres, execution_date=20230427T064709, start_date=20230427T064725, end_date=20230427T064727
[2023-04-27T06:47:28.122+0000] {local_task_job.py:212} INFO - Task exited with return code 0
[2023-04-27T06:47:28.878+0000] {taskinstance.py:2596} INFO - 0 downstream tasks scheduled from follow-on schedule check
