[2023-04-26T15:29:57.469+0000] {taskinstance.py:1090} INFO - Dependencies all met for dep_context=non-requeueable deps ti=<TaskInstance: weather_dag_api.cities.process_data_Kyiv manual__2023-04-26T15:29:26.562195+00:00 [queued]>
[2023-04-26T15:29:57.750+0000] {taskinstance.py:1090} INFO - Dependencies all met for dep_context=requeueable deps ti=<TaskInstance: weather_dag_api.cities.process_data_Kyiv manual__2023-04-26T15:29:26.562195+00:00 [queued]>
[2023-04-26T15:29:57.751+0000] {taskinstance.py:1288} INFO - 
--------------------------------------------------------------------------------
[2023-04-26T15:29:57.753+0000] {taskinstance.py:1289} INFO - Starting attempt 1 of 1
[2023-04-26T15:29:57.755+0000] {taskinstance.py:1290} INFO - 
--------------------------------------------------------------------------------
[2023-04-26T15:29:58.144+0000] {taskinstance.py:1309} INFO - Executing <Task(PythonOperator): cities.process_data_Kyiv> on 2023-04-26 15:29:26.562195+00:00
[2023-04-26T15:29:58.285+0000] {standard_task_runner.py:55} INFO - Started process 2825 to run task
[2023-04-26T15:29:58.341+0000] {standard_task_runner.py:82} INFO - Running: ['***', 'tasks', 'run', 'weather_dag_api', 'cities.process_data_Kyiv', 'manual__2023-04-26T15:29:26.562195+00:00', '--job-id', '169', '--raw', '--subdir', 'DAGS_FOLDER/weather_dag_api.py', '--cfg-path', '/tmp/tmpjpcgohyg']
[2023-04-26T15:29:58.350+0000] {standard_task_runner.py:83} INFO - Job 169: Subtask cities.process_data_Kyiv
[2023-04-26T15:29:58.967+0000] {task_command.py:389} INFO - Running <TaskInstance: weather_dag_api.cities.process_data_Kyiv manual__2023-04-26T15:29:26.562195+00:00 [running]> on host d48b88797b3b
[2023-04-26T15:30:00.099+0000] {taskinstance.py:1518} INFO - Exporting the following env vars:
AIRFLOW_CTX_DAG_OWNER=***
AIRFLOW_CTX_DAG_ID=weather_dag_api
AIRFLOW_CTX_TASK_ID=cities.process_data_Kyiv
AIRFLOW_CTX_EXECUTION_DATE=2023-04-26T15:29:26.562195+00:00
AIRFLOW_CTX_TRY_NUMBER=1
AIRFLOW_CTX_DAG_RUN_ID=manual__2023-04-26T15:29:26.562195+00:00
[2023-04-26T15:30:00.151+0000] {logging_mixin.py:137} INFO - 17.0
[2023-04-26T15:30:00.166+0000] {python.py:177} INFO - Done. Returned value was: ('2023-04-25T10:20:00Z', 17.0, 0.0, 4.0, 'Kyiv')
[2023-04-26T15:30:00.254+0000] {taskinstance.py:1332} INFO - Marking task as SUCCESS. dag_id=weather_dag_api, task_id=cities.process_data_Kyiv, execution_date=20230426T152926, start_date=20230426T152957, end_date=20230426T153000
[2023-04-26T15:30:00.416+0000] {local_task_job.py:212} INFO - Task exited with return code 0
[2023-04-26T15:30:00.705+0000] {taskinstance.py:2596} INFO - 1 downstream tasks scheduled from follow-on schedule check
