[2023-04-26T18:33:46.435+0000] {taskinstance.py:1090} INFO - Dependencies all met for dep_context=non-requeueable deps ti=<TaskInstance: weather_dag_api.cities.extract_data_Zhmerynka manual__2023-04-26T18:33:30.885282+00:00 [queued]>
[2023-04-26T18:33:46.553+0000] {taskinstance.py:1090} INFO - Dependencies all met for dep_context=requeueable deps ti=<TaskInstance: weather_dag_api.cities.extract_data_Zhmerynka manual__2023-04-26T18:33:30.885282+00:00 [queued]>
[2023-04-26T18:33:46.554+0000] {taskinstance.py:1288} INFO - 
--------------------------------------------------------------------------------
[2023-04-26T18:33:46.555+0000] {taskinstance.py:1289} INFO - Starting attempt 1 of 1
[2023-04-26T18:33:46.557+0000] {taskinstance.py:1290} INFO - 
--------------------------------------------------------------------------------
[2023-04-26T18:33:46.863+0000] {taskinstance.py:1309} INFO - Executing <Task(SimpleHttpOperator): cities.extract_data_Zhmerynka> on 2023-04-26 18:33:30.885282+00:00
[2023-04-26T18:33:46.979+0000] {standard_task_runner.py:55} INFO - Started process 1670 to run task
[2023-04-26T18:33:47.016+0000] {standard_task_runner.py:82} INFO - Running: ['***', 'tasks', 'run', 'weather_dag_api', 'cities.extract_data_Zhmerynka', 'manual__2023-04-26T18:33:30.885282+00:00', '--job-id', '289', '--raw', '--subdir', 'DAGS_FOLDER/weather_dag_api.py', '--cfg-path', '/tmp/tmptujhmo3z']
[2023-04-26T18:33:47.039+0000] {standard_task_runner.py:83} INFO - Job 289: Subtask cities.extract_data_Zhmerynka
[2023-04-26T18:33:48.209+0000] {task_command.py:389} INFO - Running <TaskInstance: weather_dag_api.cities.extract_data_Zhmerynka manual__2023-04-26T18:33:30.885282+00:00 [running]> on host b46a99c748bd
[2023-04-26T18:33:49.352+0000] {taskinstance.py:1518} INFO - Exporting the following env vars:
AIRFLOW_CTX_DAG_OWNER=***
AIRFLOW_CTX_DAG_ID=weather_dag_api
AIRFLOW_CTX_TASK_ID=cities.extract_data_Zhmerynka
AIRFLOW_CTX_EXECUTION_DATE=2023-04-26T18:33:30.885282+00:00
AIRFLOW_CTX_TRY_NUMBER=1
AIRFLOW_CTX_DAG_RUN_ID=manual__2023-04-26T18:33:30.885282+00:00
[2023-04-26T18:33:49.364+0000] {http.py:123} INFO - Calling HTTP method
[2023-04-26T18:33:49.516+0000] {base.py:73} INFO - Using connection ID 'weather_conn' for task execution.
[2023-04-26T18:33:50.000+0000] {http.py:127} INFO - {"version":"3.0","user":"__-_stuff","dateGenerated":"2023-04-26T18:33:49Z","status":"OK","data":[{"parameter":"t_2m:C","coordinates":[{"lat":49.035459,"lon":28.114732,"dates":[{"date":"2023-04-25T10:20:00Z","value":15.5}]}]},{"parameter":"precip_1h:mm","coordinates":[{"lat":49.035459,"lon":28.114732,"dates":[{"date":"2023-04-25T10:20:00Z","value":0.00}]}]},{"parameter":"wind_speed_10m:ms","coordinates":[{"lat":49.035459,"lon":28.114732,"dates":[{"date":"2023-04-25T10:20:00Z","value":5.7}]}]}]}

[2023-04-26T18:33:50.229+0000] {taskinstance.py:1332} INFO - Marking task as SUCCESS. dag_id=weather_dag_api, task_id=cities.extract_data_Zhmerynka, execution_date=20230426T183330, start_date=20230426T183346, end_date=20230426T183350
[2023-04-26T18:33:50.865+0000] {local_task_job.py:212} INFO - Task exited with return code 0
[2023-04-26T18:33:51.773+0000] {taskinstance.py:2596} INFO - 1 downstream tasks scheduled from follow-on schedule check
