[2023-04-26T18:53:17.482+0000] {taskinstance.py:1090} INFO - Dependencies all met for dep_context=non-requeueable deps ti=<TaskInstance: weather_dag_api.cities.view_data_Odesa manual__2023-04-26T18:52:36.695783+00:00 [queued]>
[2023-04-26T18:53:17.583+0000] {taskinstance.py:1090} INFO - Dependencies all met for dep_context=requeueable deps ti=<TaskInstance: weather_dag_api.cities.view_data_Odesa manual__2023-04-26T18:52:36.695783+00:00 [queued]>
[2023-04-26T18:53:17.586+0000] {taskinstance.py:1288} INFO - 
--------------------------------------------------------------------------------
[2023-04-26T18:53:17.587+0000] {taskinstance.py:1289} INFO - Starting attempt 1 of 1
[2023-04-26T18:53:17.588+0000] {taskinstance.py:1290} INFO - 
--------------------------------------------------------------------------------
[2023-04-26T18:53:17.753+0000] {taskinstance.py:1309} INFO - Executing <Task(PythonOperator): cities.view_data_Odesa> on 2023-04-26 18:52:36.695783+00:00
[2023-04-26T18:53:17.801+0000] {standard_task_runner.py:55} INFO - Started process 2329 to run task
[2023-04-26T18:53:17.866+0000] {standard_task_runner.py:82} INFO - Running: ['***', 'tasks', 'run', 'weather_dag_api', 'cities.view_data_Odesa', 'manual__2023-04-26T18:52:36.695783+00:00', '--job-id', '451', '--raw', '--subdir', 'DAGS_FOLDER/weather_dag_api.py', '--cfg-path', '/tmp/tmpbel5g5fo']
[2023-04-26T18:53:17.869+0000] {standard_task_runner.py:83} INFO - Job 451: Subtask cities.view_data_Odesa
[2023-04-26T18:53:18.422+0000] {task_command.py:389} INFO - Running <TaskInstance: weather_dag_api.cities.view_data_Odesa manual__2023-04-26T18:52:36.695783+00:00 [running]> on host b46a99c748bd
[2023-04-26T18:53:18.719+0000] {taskinstance.py:1518} INFO - Exporting the following env vars:
AIRFLOW_CTX_DAG_OWNER=***
AIRFLOW_CTX_DAG_ID=weather_dag_api
AIRFLOW_CTX_TASK_ID=cities.view_data_Odesa
AIRFLOW_CTX_EXECUTION_DATE=2023-04-26T18:52:36.695783+00:00
AIRFLOW_CTX_TRY_NUMBER=1
AIRFLOW_CTX_DAG_RUN_ID=manual__2023-04-26T18:52:36.695783+00:00
[2023-04-26T18:53:18.783+0000] {logging_mixin.py:137} INFO - data is  ['2023-04-25T10:20:00Z', 16.2, 0.06, 5.7, 'Odesa']
[2023-04-26T18:53:18.786+0000] {logging_mixin.py:137} INFO - 2023-04-25T10:20:00Z
[2023-04-26T18:53:18.793+0000] {logging_mixin.py:137} INFO - 16.2
[2023-04-26T18:53:18.794+0000] {python.py:177} INFO - Done. Returned value was: None
[2023-04-26T18:53:18.859+0000] {taskinstance.py:1332} INFO - Marking task as SUCCESS. dag_id=weather_dag_api, task_id=cities.view_data_Odesa, execution_date=20230426T185236, start_date=20230426T185317, end_date=20230426T185318
[2023-04-26T18:53:19.067+0000] {local_task_job.py:212} INFO - Task exited with return code 0
[2023-04-26T18:53:19.526+0000] {taskinstance.py:2596} INFO - 1 downstream tasks scheduled from follow-on schedule check
