[2023-04-26T18:50:03.755+0000] {taskinstance.py:1090} INFO - Dependencies all met for dep_context=non-requeueable deps ti=<TaskInstance: weather_dag_api.cities.process_data_Kharkiv manual__2023-04-26T18:49:41.093089+00:00 [queued]>
[2023-04-26T18:50:03.803+0000] {taskinstance.py:1090} INFO - Dependencies all met for dep_context=requeueable deps ti=<TaskInstance: weather_dag_api.cities.process_data_Kharkiv manual__2023-04-26T18:49:41.093089+00:00 [queued]>
[2023-04-26T18:50:03.805+0000] {taskinstance.py:1288} INFO - 
--------------------------------------------------------------------------------
[2023-04-26T18:50:03.812+0000] {taskinstance.py:1289} INFO - Starting attempt 1 of 1
[2023-04-26T18:50:03.813+0000] {taskinstance.py:1290} INFO - 
--------------------------------------------------------------------------------
[2023-04-26T18:50:04.124+0000] {taskinstance.py:1309} INFO - Executing <Task(PythonOperator): cities.process_data_Kharkiv> on 2023-04-26 18:49:41.093089+00:00
[2023-04-26T18:50:04.189+0000] {standard_task_runner.py:55} INFO - Started process 2174 to run task
[2023-04-26T18:50:04.256+0000] {standard_task_runner.py:82} INFO - Running: ['***', 'tasks', 'run', 'weather_dag_api', 'cities.process_data_Kharkiv', 'manual__2023-04-26T18:49:41.093089+00:00', '--job-id', '402', '--raw', '--subdir', 'DAGS_FOLDER/weather_dag_api.py', '--cfg-path', '/tmp/tmp2qm0vcqb']
[2023-04-26T18:50:04.263+0000] {standard_task_runner.py:83} INFO - Job 402: Subtask cities.process_data_Kharkiv
[2023-04-26T18:50:04.932+0000] {task_command.py:389} INFO - Running <TaskInstance: weather_dag_api.cities.process_data_Kharkiv manual__2023-04-26T18:49:41.093089+00:00 [running]> on host b46a99c748bd
[2023-04-26T18:50:05.552+0000] {taskinstance.py:1518} INFO - Exporting the following env vars:
AIRFLOW_CTX_DAG_OWNER=***
AIRFLOW_CTX_DAG_ID=weather_dag_api
AIRFLOW_CTX_TASK_ID=cities.process_data_Kharkiv
AIRFLOW_CTX_EXECUTION_DATE=2023-04-26T18:49:41.093089+00:00
AIRFLOW_CTX_TRY_NUMBER=1
AIRFLOW_CTX_DAG_RUN_ID=manual__2023-04-26T18:49:41.093089+00:00
[2023-04-26T18:50:05.627+0000] {logging_mixin.py:137} INFO - 13.4
[2023-04-26T18:50:05.630+0000] {python.py:177} INFO - Done. Returned value was: ('2023-04-25T10:20:00Z', 13.4, 0.42, 2.7, 'Kharkiv')
[2023-04-26T18:50:05.796+0000] {taskinstance.py:1332} INFO - Marking task as SUCCESS. dag_id=weather_dag_api, task_id=cities.process_data_Kharkiv, execution_date=20230426T184941, start_date=20230426T185003, end_date=20230426T185005
[2023-04-26T18:50:05.950+0000] {local_task_job.py:212} INFO - Task exited with return code 0
[2023-04-26T18:50:06.145+0000] {taskinstance.py:2596} INFO - 1 downstream tasks scheduled from follow-on schedule check
