[2023-04-26T19:01:54.478+0000] {taskinstance.py:1090} INFO - Dependencies all met for dep_context=non-requeueable deps ti=<TaskInstance: weather_dag_api.cities.view_data_Kyiv manual__2023-04-26T19:01:27.009178+00:00 [queued]>
[2023-04-26T19:01:54.569+0000] {taskinstance.py:1090} INFO - Dependencies all met for dep_context=requeueable deps ti=<TaskInstance: weather_dag_api.cities.view_data_Kyiv manual__2023-04-26T19:01:27.009178+00:00 [queued]>
[2023-04-26T19:01:54.570+0000] {taskinstance.py:1288} INFO - 
--------------------------------------------------------------------------------
[2023-04-26T19:01:54.571+0000] {taskinstance.py:1289} INFO - Starting attempt 1 of 1
[2023-04-26T19:01:54.572+0000] {taskinstance.py:1290} INFO - 
--------------------------------------------------------------------------------
[2023-04-26T19:01:54.662+0000] {taskinstance.py:1309} INFO - Executing <Task(PythonOperator): cities.view_data_Kyiv> on 2023-04-26 19:01:27.009178+00:00
[2023-04-26T19:01:54.678+0000] {standard_task_runner.py:55} INFO - Started process 2624 to run task
[2023-04-26T19:01:54.715+0000] {standard_task_runner.py:82} INFO - Running: ['***', 'tasks', 'run', 'weather_dag_api', 'cities.view_data_Kyiv', 'manual__2023-04-26T19:01:27.009178+00:00', '--job-id', '517', '--raw', '--subdir', 'DAGS_FOLDER/weather_dag_api.py', '--cfg-path', '/tmp/tmp60ycq22d']
[2023-04-26T19:01:54.730+0000] {standard_task_runner.py:83} INFO - Job 517: Subtask cities.view_data_Kyiv
[2023-04-26T19:01:55.285+0000] {task_command.py:389} INFO - Running <TaskInstance: weather_dag_api.cities.view_data_Kyiv manual__2023-04-26T19:01:27.009178+00:00 [running]> on host b46a99c748bd
[2023-04-26T19:01:55.538+0000] {taskinstance.py:1518} INFO - Exporting the following env vars:
AIRFLOW_CTX_DAG_OWNER=***
AIRFLOW_CTX_DAG_ID=weather_dag_api
AIRFLOW_CTX_TASK_ID=cities.view_data_Kyiv
AIRFLOW_CTX_EXECUTION_DATE=2023-04-26T19:01:27.009178+00:00
AIRFLOW_CTX_TRY_NUMBER=1
AIRFLOW_CTX_DAG_RUN_ID=manual__2023-04-26T19:01:27.009178+00:00
[2023-04-26T19:01:55.716+0000] {logging_mixin.py:137} INFO - data is  ['2023-04-25T10:20:00Z', 17.0, 0.0, 4.0, 'Kyiv']
[2023-04-26T19:01:55.731+0000] {logging_mixin.py:137} INFO - 2023-04-25T10:20:00Z
[2023-04-26T19:01:55.745+0000] {logging_mixin.py:137} INFO - 17.0
[2023-04-26T19:01:55.751+0000] {python.py:177} INFO - Done. Returned value was: None
[2023-04-26T19:01:56.379+0000] {taskinstance.py:1332} INFO - Marking task as SUCCESS. dag_id=weather_dag_api, task_id=cities.view_data_Kyiv, execution_date=20230426T190127, start_date=20230426T190154, end_date=20230426T190156
[2023-04-26T19:01:56.627+0000] {local_task_job.py:212} INFO - Task exited with return code 0
[2023-04-26T19:01:57.035+0000] {taskinstance.py:2596} INFO - 1 downstream tasks scheduled from follow-on schedule check
