[2023-04-26T13:38:34.752+0000] {taskinstance.py:1090} INFO - Dependencies all met for dep_context=non-requeueable deps ti=<TaskInstance: weather_dag_api.python_task2 manual__2023-04-26T13:38:11.220127+00:00 [queued]>
[2023-04-26T13:38:34.817+0000] {taskinstance.py:1090} INFO - Dependencies all met for dep_context=requeueable deps ti=<TaskInstance: weather_dag_api.python_task2 manual__2023-04-26T13:38:11.220127+00:00 [queued]>
[2023-04-26T13:38:34.819+0000] {taskinstance.py:1288} INFO - 
--------------------------------------------------------------------------------
[2023-04-26T13:38:34.823+0000] {taskinstance.py:1289} INFO - Starting attempt 1 of 1
[2023-04-26T13:38:34.826+0000] {taskinstance.py:1290} INFO - 
--------------------------------------------------------------------------------
[2023-04-26T13:38:34.873+0000] {taskinstance.py:1309} INFO - Executing <Task(PythonOperator): python_task2> on 2023-04-26 13:38:11.220127+00:00
[2023-04-26T13:38:34.883+0000] {standard_task_runner.py:55} INFO - Started process 476 to run task
[2023-04-26T13:38:34.889+0000] {standard_task_runner.py:82} INFO - Running: ['***', 'tasks', 'run', 'weather_dag_api', 'python_task2', 'manual__2023-04-26T13:38:11.220127+00:00', '--job-id', '25', '--raw', '--subdir', 'DAGS_FOLDER/weather_dag_api.py', '--cfg-path', '/tmp/tmp59549un2']
[2023-04-26T13:38:34.891+0000] {standard_task_runner.py:83} INFO - Job 25: Subtask python_task2
[2023-04-26T13:38:35.056+0000] {task_command.py:389} INFO - Running <TaskInstance: weather_dag_api.python_task2 manual__2023-04-26T13:38:11.220127+00:00 [running]> on host d48b88797b3b
[2023-04-26T13:38:35.215+0000] {taskinstance.py:1518} INFO - Exporting the following env vars:
AIRFLOW_CTX_DAG_OWNER=***
AIRFLOW_CTX_DAG_ID=weather_dag_api
AIRFLOW_CTX_TASK_ID=python_task2
AIRFLOW_CTX_EXECUTION_DATE=2023-04-26T13:38:11.220127+00:00
AIRFLOW_CTX_TRY_NUMBER=1
AIRFLOW_CTX_DAG_RUN_ID=manual__2023-04-26T13:38:11.220127+00:00
[2023-04-26T13:38:35.220+0000] {weather_dag_api.py:20} INFO - All done!
[2023-04-26T13:38:35.222+0000] {python.py:177} INFO - Done. Returned value was: None
[2023-04-26T13:38:35.255+0000] {taskinstance.py:1332} INFO - Marking task as SUCCESS. dag_id=weather_dag_api, task_id=python_task2, execution_date=20230426T133811, start_date=20230426T133834, end_date=20230426T133835
[2023-04-26T13:38:35.354+0000] {local_task_job.py:212} INFO - Task exited with return code 0
[2023-04-26T13:38:35.412+0000] {taskinstance.py:2596} INFO - 0 downstream tasks scheduled from follow-on schedule check
