[2023-04-26T17:54:52.911+0000] {taskinstance.py:1090} INFO - Dependencies all met for dep_context=non-requeueable deps ti=<TaskInstance: weather_dag_api.cities.view_data_Zhmerynka manual__2023-04-26T17:53:59.345837+00:00 [queued]>
[2023-04-26T17:54:53.461+0000] {taskinstance.py:1090} INFO - Dependencies all met for dep_context=requeueable deps ti=<TaskInstance: weather_dag_api.cities.view_data_Zhmerynka manual__2023-04-26T17:53:59.345837+00:00 [queued]>
[2023-04-26T17:54:53.466+0000] {taskinstance.py:1288} INFO - 
--------------------------------------------------------------------------------
[2023-04-26T17:54:53.475+0000] {taskinstance.py:1289} INFO - Starting attempt 1 of 1
[2023-04-26T17:54:53.477+0000] {taskinstance.py:1290} INFO - 
--------------------------------------------------------------------------------
[2023-04-26T17:54:53.953+0000] {taskinstance.py:1309} INFO - Executing <Task(PythonOperator): cities.view_data_Zhmerynka> on 2023-04-26 17:53:59.345837+00:00
[2023-04-26T17:54:54.079+0000] {standard_task_runner.py:55} INFO - Started process 548 to run task
[2023-04-26T17:54:54.124+0000] {standard_task_runner.py:82} INFO - Running: ['***', 'tasks', 'run', 'weather_dag_api', 'cities.view_data_Zhmerynka', 'manual__2023-04-26T17:53:59.345837+00:00', '--job-id', '76', '--raw', '--subdir', 'DAGS_FOLDER/weather_dag_api.py', '--cfg-path', '/tmp/tmpxyonalnk']
[2023-04-26T17:54:54.150+0000] {standard_task_runner.py:83} INFO - Job 76: Subtask cities.view_data_Zhmerynka
[2023-04-26T17:54:55.362+0000] {task_command.py:389} INFO - Running <TaskInstance: weather_dag_api.cities.view_data_Zhmerynka manual__2023-04-26T17:53:59.345837+00:00 [running]> on host b46a99c748bd
[2023-04-26T17:54:56.158+0000] {taskinstance.py:1518} INFO - Exporting the following env vars:
AIRFLOW_CTX_DAG_OWNER=***
AIRFLOW_CTX_DAG_ID=weather_dag_api
AIRFLOW_CTX_TASK_ID=cities.view_data_Zhmerynka
AIRFLOW_CTX_EXECUTION_DATE=2023-04-26T17:53:59.345837+00:00
AIRFLOW_CTX_TRY_NUMBER=1
AIRFLOW_CTX_DAG_RUN_ID=manual__2023-04-26T17:53:59.345837+00:00
[2023-04-26T17:54:56.783+0000] {logging_mixin.py:137} INFO - data is  ['2023-04-25T10:20:00Z', 15.5, 0.0, 5.7, 'Zhmerynka']
[2023-04-26T17:54:56.798+0000] {python.py:177} INFO - Done. Returned value was: None
[2023-04-26T17:54:57.167+0000] {taskinstance.py:1332} INFO - Marking task as SUCCESS. dag_id=weather_dag_api, task_id=cities.view_data_Zhmerynka, execution_date=20230426T175359, start_date=20230426T175452, end_date=20230426T175457
[2023-04-26T17:54:57.537+0000] {local_task_job.py:212} INFO - Task exited with return code 0
[2023-04-26T17:54:58.424+0000] {taskinstance.py:2596} INFO - 1 downstream tasks scheduled from follow-on schedule check
