[2023-04-25T20:42:10.396+0000] {taskinstance.py:1090} INFO - Dependencies all met for dep_context=non-requeueable deps ti=<TaskInstance: weather_dag_api.extract_data manual__2023-04-25T20:42:00.480751+00:00 [queued]>
[2023-04-25T20:42:10.428+0000] {taskinstance.py:1090} INFO - Dependencies all met for dep_context=requeueable deps ti=<TaskInstance: weather_dag_api.extract_data manual__2023-04-25T20:42:00.480751+00:00 [queued]>
[2023-04-25T20:42:10.433+0000] {taskinstance.py:1288} INFO - 
--------------------------------------------------------------------------------
[2023-04-25T20:42:10.437+0000] {taskinstance.py:1289} INFO - Starting attempt 1 of 1
[2023-04-25T20:42:10.444+0000] {taskinstance.py:1290} INFO - 
--------------------------------------------------------------------------------
[2023-04-25T20:42:10.486+0000] {taskinstance.py:1309} INFO - Executing <Task(SimpleHttpOperator): extract_data> on 2023-04-25 20:42:00.480751+00:00
[2023-04-25T20:42:10.496+0000] {standard_task_runner.py:55} INFO - Started process 2430 to run task
[2023-04-25T20:42:10.512+0000] {standard_task_runner.py:82} INFO - Running: ['***', 'tasks', 'run', 'weather_dag_api', 'extract_data', 'manual__2023-04-25T20:42:00.480751+00:00', '--job-id', '55', '--raw', '--subdir', 'DAGS_FOLDER/weather_dag_api.py', '--cfg-path', '/tmp/tmpejy9qcc6']
[2023-04-25T20:42:10.515+0000] {standard_task_runner.py:83} INFO - Job 55: Subtask extract_data
[2023-04-25T20:42:10.793+0000] {task_command.py:389} INFO - Running <TaskInstance: weather_dag_api.extract_data manual__2023-04-25T20:42:00.480751+00:00 [running]> on host 9dd0afd831d3
[2023-04-25T20:42:10.980+0000] {taskinstance.py:1518} INFO - Exporting the following env vars:
AIRFLOW_CTX_DAG_OWNER=***
AIRFLOW_CTX_DAG_ID=weather_dag_api
AIRFLOW_CTX_TASK_ID=extract_data
AIRFLOW_CTX_EXECUTION_DATE=2023-04-25T20:42:00.480751+00:00
AIRFLOW_CTX_TRY_NUMBER=1
AIRFLOW_CTX_DAG_RUN_ID=manual__2023-04-25T20:42:00.480751+00:00
[2023-04-25T20:42:10.985+0000] {http.py:123} INFO - Calling HTTP method
[2023-04-25T20:42:11.013+0000] {base.py:73} INFO - Using connection ID 'weather_conn' for task execution.
[2023-04-25T20:42:11.186+0000] {http.py:127} INFO - {"version":"3.0","user":"__-_stuff","dateGenerated":"2023-04-25T20:42:11Z","status":"OK","data":[{"parameter":"t_2m:C","coordinates":[{"lat":49.841952,"lon":24.031592,"dates":[{"date":"2023-04-25T10:20:00Z","value":15.1}]}]}]}

[2023-04-25T20:42:11.264+0000] {taskinstance.py:1332} INFO - Marking task as SUCCESS. dag_id=weather_dag_api, task_id=extract_data, execution_date=20230425T204200, start_date=20230425T204210, end_date=20230425T204211
[2023-04-25T20:42:11.345+0000] {local_task_job.py:212} INFO - Task exited with return code 0
[2023-04-25T20:42:11.407+0000] {taskinstance.py:2596} INFO - 1 downstream tasks scheduled from follow-on schedule check
