[2023-04-25T20:34:40.603+0000] {taskinstance.py:1090} INFO - Dependencies all met for dep_context=non-requeueable deps ti=<TaskInstance: weather_dag_api.process_data manual__2023-04-25T20:34:25.752833+00:00 [queued]>
[2023-04-25T20:34:40.630+0000] {taskinstance.py:1090} INFO - Dependencies all met for dep_context=requeueable deps ti=<TaskInstance: weather_dag_api.process_data manual__2023-04-25T20:34:25.752833+00:00 [queued]>
[2023-04-25T20:34:40.632+0000] {taskinstance.py:1288} INFO - 
--------------------------------------------------------------------------------
[2023-04-25T20:34:40.634+0000] {taskinstance.py:1289} INFO - Starting attempt 1 of 1
[2023-04-25T20:34:40.635+0000] {taskinstance.py:1290} INFO - 
--------------------------------------------------------------------------------
[2023-04-25T20:34:40.700+0000] {taskinstance.py:1309} INFO - Executing <Task(PythonOperator): process_data> on 2023-04-25 20:34:25.752833+00:00
[2023-04-25T20:34:40.714+0000] {standard_task_runner.py:55} INFO - Started process 2262 to run task
[2023-04-25T20:34:40.734+0000] {standard_task_runner.py:82} INFO - Running: ['***', 'tasks', 'run', 'weather_dag_api', 'process_data', 'manual__2023-04-25T20:34:25.752833+00:00', '--job-id', '36', '--raw', '--subdir', 'DAGS_FOLDER/weather_dag_api.py', '--cfg-path', '/tmp/tmpjeo67l1f']
[2023-04-25T20:34:40.741+0000] {standard_task_runner.py:83} INFO - Job 36: Subtask process_data
[2023-04-25T20:34:40.927+0000] {task_command.py:389} INFO - Running <TaskInstance: weather_dag_api.process_data manual__2023-04-25T20:34:25.752833+00:00 [running]> on host 9dd0afd831d3
[2023-04-25T20:34:41.130+0000] {taskinstance.py:1518} INFO - Exporting the following env vars:
AIRFLOW_CTX_DAG_OWNER=***
AIRFLOW_CTX_DAG_ID=weather_dag_api
AIRFLOW_CTX_TASK_ID=process_data
AIRFLOW_CTX_EXECUTION_DATE=2023-04-25T20:34:25.752833+00:00
AIRFLOW_CTX_TRY_NUMBER=1
AIRFLOW_CTX_DAG_RUN_ID=manual__2023-04-25T20:34:25.752833+00:00
[2023-04-25T20:34:41.177+0000] {logging_mixin.py:137} INFO - [{'parameter': 't_2m:C', 'coordinates': [{'lat': 49.841952, 'lon': 24.031592, 'dates': [{'date': '2023-04-25T10:20:00Z', 'value': 15.1}]}]}]
[2023-04-25T20:34:41.180+0000] {python.py:177} INFO - Done. Returned value was: None
[2023-04-25T20:34:41.224+0000] {taskinstance.py:1332} INFO - Marking task as SUCCESS. dag_id=weather_dag_api, task_id=process_data, execution_date=20230425T203425, start_date=20230425T203440, end_date=20230425T203441
[2023-04-25T20:34:41.282+0000] {local_task_job.py:212} INFO - Task exited with return code 0
[2023-04-25T20:34:41.333+0000] {taskinstance.py:2596} INFO - 0 downstream tasks scheduled from follow-on schedule check
