[2023-04-26T13:49:45.456+0000] {taskinstance.py:1090} INFO - Dependencies all met for dep_context=non-requeueable deps ti=<TaskInstance: weather_dag_api.extract_data_Odesa manual__2023-04-26T13:49:25.122846+00:00 [queued]>
[2023-04-26T13:49:45.640+0000] {taskinstance.py:1090} INFO - Dependencies all met for dep_context=requeueable deps ti=<TaskInstance: weather_dag_api.extract_data_Odesa manual__2023-04-26T13:49:25.122846+00:00 [queued]>
[2023-04-26T13:49:45.654+0000] {taskinstance.py:1288} INFO - 
--------------------------------------------------------------------------------
[2023-04-26T13:49:45.662+0000] {taskinstance.py:1289} INFO - Starting attempt 1 of 1
[2023-04-26T13:49:45.666+0000] {taskinstance.py:1290} INFO - 
--------------------------------------------------------------------------------
[2023-04-26T13:49:45.781+0000] {taskinstance.py:1309} INFO - Executing <Task(SimpleHttpOperator): extract_data_Odesa> on 2023-04-26 13:49:25.122846+00:00
[2023-04-26T13:49:45.809+0000] {standard_task_runner.py:55} INFO - Started process 703 to run task
[2023-04-26T13:49:45.871+0000] {standard_task_runner.py:82} INFO - Running: ['***', 'tasks', 'run', 'weather_dag_api', 'extract_data_Odesa', 'manual__2023-04-26T13:49:25.122846+00:00', '--job-id', '30', '--raw', '--subdir', 'DAGS_FOLDER/weather_dag_api.py', '--cfg-path', '/tmp/tmprtkndvya']
[2023-04-26T13:49:45.879+0000] {standard_task_runner.py:83} INFO - Job 30: Subtask extract_data_Odesa
[2023-04-26T13:49:46.697+0000] {task_command.py:389} INFO - Running <TaskInstance: weather_dag_api.extract_data_Odesa manual__2023-04-26T13:49:25.122846+00:00 [running]> on host d48b88797b3b
[2023-04-26T13:49:47.632+0000] {taskinstance.py:1518} INFO - Exporting the following env vars:
AIRFLOW_CTX_DAG_OWNER=***
AIRFLOW_CTX_DAG_ID=weather_dag_api
AIRFLOW_CTX_TASK_ID=extract_data_Odesa
AIRFLOW_CTX_EXECUTION_DATE=2023-04-26T13:49:25.122846+00:00
AIRFLOW_CTX_TRY_NUMBER=1
AIRFLOW_CTX_DAG_RUN_ID=manual__2023-04-26T13:49:25.122846+00:00
[2023-04-26T13:49:47.645+0000] {http.py:123} INFO - Calling HTTP method
[2023-04-26T13:49:47.722+0000] {base.py:73} INFO - Using connection ID 'weather_conn' for task execution.
[2023-04-26T13:49:48.895+0000] {http.py:127} INFO - {"version":"3.0","user":"__-_stuff","dateGenerated":"2023-04-26T13:49:48Z","status":"OK","data":[{"parameter":"t_2m:C","coordinates":[{"lat":46.484302,"lon":30.732288,"dates":[{"date":"2023-04-25T10:20:00Z","value":16.2}]}]},{"parameter":"precip_1h:mm","coordinates":[{"lat":46.484302,"lon":30.732288,"dates":[{"date":"2023-04-25T10:20:00Z","value":0.06}]}]},{"parameter":"wind_speed_10m:ms","coordinates":[{"lat":46.484302,"lon":30.732288,"dates":[{"date":"2023-04-25T10:20:00Z","value":5.7}]}]}]}

[2023-04-26T13:49:49.265+0000] {taskinstance.py:1332} INFO - Marking task as SUCCESS. dag_id=weather_dag_api, task_id=extract_data_Odesa, execution_date=20230426T134925, start_date=20230426T134945, end_date=20230426T134949
[2023-04-26T13:49:49.479+0000] {local_task_job.py:212} INFO - Task exited with return code 0
[2023-04-26T13:49:49.626+0000] {taskinstance.py:2596} INFO - 0 downstream tasks scheduled from follow-on schedule check
