[2023-04-25T20:42:07.100+0000] {taskinstance.py:1090} INFO - Dependencies all met for dep_context=non-requeueable deps ti=<TaskInstance: weather_dag_api.create_table_postgres manual__2023-04-25T20:42:00.480751+00:00 [queued]>
[2023-04-25T20:42:07.126+0000] {taskinstance.py:1090} INFO - Dependencies all met for dep_context=requeueable deps ti=<TaskInstance: weather_dag_api.create_table_postgres manual__2023-04-25T20:42:00.480751+00:00 [queued]>
[2023-04-25T20:42:07.128+0000] {taskinstance.py:1288} INFO - 
--------------------------------------------------------------------------------
[2023-04-25T20:42:07.130+0000] {taskinstance.py:1289} INFO - Starting attempt 1 of 1
[2023-04-25T20:42:07.136+0000] {taskinstance.py:1290} INFO - 
--------------------------------------------------------------------------------
[2023-04-25T20:42:07.182+0000] {taskinstance.py:1309} INFO - Executing <Task(PostgresOperator): create_table_postgres> on 2023-04-25 20:42:00.480751+00:00
[2023-04-25T20:42:07.192+0000] {standard_task_runner.py:55} INFO - Started process 2428 to run task
[2023-04-25T20:42:07.205+0000] {standard_task_runner.py:82} INFO - Running: ['***', 'tasks', 'run', 'weather_dag_api', 'create_table_postgres', 'manual__2023-04-25T20:42:00.480751+00:00', '--job-id', '54', '--raw', '--subdir', 'DAGS_FOLDER/weather_dag_api.py', '--cfg-path', '/tmp/tmpywej8zwf']
[2023-04-25T20:42:07.210+0000] {standard_task_runner.py:83} INFO - Job 54: Subtask create_table_postgres
[2023-04-25T20:42:07.379+0000] {task_command.py:389} INFO - Running <TaskInstance: weather_dag_api.create_table_postgres manual__2023-04-25T20:42:00.480751+00:00 [running]> on host 9dd0afd831d3
[2023-04-25T20:42:07.568+0000] {taskinstance.py:1518} INFO - Exporting the following env vars:
AIRFLOW_CTX_DAG_OWNER=***
AIRFLOW_CTX_DAG_ID=weather_dag_api
AIRFLOW_CTX_TASK_ID=create_table_postgres
AIRFLOW_CTX_EXECUTION_DATE=2023-04-25T20:42:00.480751+00:00
AIRFLOW_CTX_TRY_NUMBER=1
AIRFLOW_CTX_DAG_RUN_ID=manual__2023-04-25T20:42:00.480751+00:00
[2023-04-25T20:42:07.573+0000] {sql.py:254} INFO - Executing:  CREATE TABLE IF NOT EXISTS measurements (
			timestamp TIMESTAMP,
			temp FLOAT );
[2023-04-25T20:42:07.599+0000] {base.py:73} INFO - Using connection ID 'postgres_conn' for task execution.
[2023-04-25T20:42:08.289+0000] {base.py:73} INFO - Using connection ID 'postgres_conn' for task execution.
[2023-04-25T20:42:08.313+0000] {sql.py:375} INFO - Running statement:  CREATE TABLE IF NOT EXISTS measurements (
			timestamp TIMESTAMP,
			temp FLOAT );, parameters: None
[2023-04-25T20:42:08.347+0000] {taskinstance.py:1332} INFO - Marking task as SUCCESS. dag_id=weather_dag_api, task_id=create_table_postgres, execution_date=20230425T204200, start_date=20230425T204207, end_date=20230425T204208
[2023-04-25T20:42:08.398+0000] {local_task_job.py:212} INFO - Task exited with return code 0
[2023-04-25T20:42:08.473+0000] {taskinstance.py:2596} INFO - 1 downstream tasks scheduled from follow-on schedule check
