[2023-04-26T15:45:15.029+0000] {taskinstance.py:1090} INFO - Dependencies all met for dep_context=non-requeueable deps ti=<TaskInstance: weather_dag_api.cities.process_data_Lviv manual__2023-04-26T15:44:54.618456+00:00 [queued]>
[2023-04-26T15:45:15.069+0000] {taskinstance.py:1090} INFO - Dependencies all met for dep_context=requeueable deps ti=<TaskInstance: weather_dag_api.cities.process_data_Lviv manual__2023-04-26T15:44:54.618456+00:00 [queued]>
[2023-04-26T15:45:15.071+0000] {taskinstance.py:1288} INFO - 
--------------------------------------------------------------------------------
[2023-04-26T15:45:15.072+0000] {taskinstance.py:1289} INFO - Starting attempt 1 of 1
[2023-04-26T15:45:15.075+0000] {taskinstance.py:1290} INFO - 
--------------------------------------------------------------------------------
[2023-04-26T15:45:15.158+0000] {taskinstance.py:1309} INFO - Executing <Task(PythonOperator): cities.process_data_Lviv> on 2023-04-26 15:44:54.618456+00:00
[2023-04-26T15:45:15.198+0000] {standard_task_runner.py:55} INFO - Started process 3175 to run task
[2023-04-26T15:45:15.238+0000] {standard_task_runner.py:82} INFO - Running: ['***', 'tasks', 'run', 'weather_dag_api', 'cities.process_data_Lviv', 'manual__2023-04-26T15:44:54.618456+00:00', '--job-id', '203', '--raw', '--subdir', 'DAGS_FOLDER/weather_dag_api.py', '--cfg-path', '/tmp/tmpvn7pws3d']
[2023-04-26T15:45:15.240+0000] {standard_task_runner.py:83} INFO - Job 203: Subtask cities.process_data_Lviv
[2023-04-26T15:45:15.883+0000] {task_command.py:389} INFO - Running <TaskInstance: weather_dag_api.cities.process_data_Lviv manual__2023-04-26T15:44:54.618456+00:00 [running]> on host d48b88797b3b
[2023-04-26T15:45:17.202+0000] {taskinstance.py:1518} INFO - Exporting the following env vars:
AIRFLOW_CTX_DAG_OWNER=***
AIRFLOW_CTX_DAG_ID=weather_dag_api
AIRFLOW_CTX_TASK_ID=cities.process_data_Lviv
AIRFLOW_CTX_EXECUTION_DATE=2023-04-26T15:44:54.618456+00:00
AIRFLOW_CTX_TRY_NUMBER=1
AIRFLOW_CTX_DAG_RUN_ID=manual__2023-04-26T15:44:54.618456+00:00
[2023-04-26T15:45:17.488+0000] {logging_mixin.py:137} INFO - 15.1
[2023-04-26T15:45:17.502+0000] {python.py:177} INFO - Done. Returned value was: ('2023-04-25T10:20:00Z', 15.1, 0.0, 2.0, 'Lviv')
[2023-04-26T15:45:17.971+0000] {taskinstance.py:1332} INFO - Marking task as SUCCESS. dag_id=weather_dag_api, task_id=cities.process_data_Lviv, execution_date=20230426T154454, start_date=20230426T154515, end_date=20230426T154517
[2023-04-26T15:45:18.222+0000] {local_task_job.py:212} INFO - Task exited with return code 0
[2023-04-26T15:45:19.082+0000] {taskinstance.py:2596} INFO - 1 downstream tasks scheduled from follow-on schedule check
