[2023-04-26T18:23:53.463+0000] {taskinstance.py:1090} INFO - Dependencies all met for dep_context=non-requeueable deps ti=<TaskInstance: weather_dag_api.cities.process_data_Lviv manual__2023-04-26T18:23:33.960255+00:00 [queued]>
[2023-04-26T18:23:53.573+0000] {taskinstance.py:1090} INFO - Dependencies all met for dep_context=requeueable deps ti=<TaskInstance: weather_dag_api.cities.process_data_Lviv manual__2023-04-26T18:23:33.960255+00:00 [queued]>
[2023-04-26T18:23:53.576+0000] {taskinstance.py:1288} INFO - 
--------------------------------------------------------------------------------
[2023-04-26T18:23:53.577+0000] {taskinstance.py:1289} INFO - Starting attempt 1 of 1
[2023-04-26T18:23:53.587+0000] {taskinstance.py:1290} INFO - 
--------------------------------------------------------------------------------
[2023-04-26T18:23:53.779+0000] {taskinstance.py:1309} INFO - Executing <Task(PythonOperator): cities.process_data_Lviv> on 2023-04-26 18:23:33.960255+00:00
[2023-04-26T18:23:53.830+0000] {standard_task_runner.py:55} INFO - Started process 1409 to run task
[2023-04-26T18:23:53.865+0000] {standard_task_runner.py:82} INFO - Running: ['***', 'tasks', 'run', 'weather_dag_api', 'cities.process_data_Lviv', 'manual__2023-04-26T18:23:33.960255+00:00', '--job-id', '247', '--raw', '--subdir', 'DAGS_FOLDER/weather_dag_api.py', '--cfg-path', '/tmp/tmpg3nzmj2e']
[2023-04-26T18:23:53.886+0000] {standard_task_runner.py:83} INFO - Job 247: Subtask cities.process_data_Lviv
[2023-04-26T18:23:54.345+0000] {task_command.py:389} INFO - Running <TaskInstance: weather_dag_api.cities.process_data_Lviv manual__2023-04-26T18:23:33.960255+00:00 [running]> on host b46a99c748bd
[2023-04-26T18:23:55.432+0000] {taskinstance.py:1518} INFO - Exporting the following env vars:
AIRFLOW_CTX_DAG_OWNER=***
AIRFLOW_CTX_DAG_ID=weather_dag_api
AIRFLOW_CTX_TASK_ID=cities.process_data_Lviv
AIRFLOW_CTX_EXECUTION_DATE=2023-04-26T18:23:33.960255+00:00
AIRFLOW_CTX_TRY_NUMBER=1
AIRFLOW_CTX_DAG_RUN_ID=manual__2023-04-26T18:23:33.960255+00:00
[2023-04-26T18:23:55.562+0000] {logging_mixin.py:137} INFO - 15.1
[2023-04-26T18:23:55.581+0000] {python.py:177} INFO - Done. Returned value was: ('2023-04-25T10:20:00Z', 15.1, 0.0, 2.0, 'Lviv')
[2023-04-26T18:23:55.858+0000] {taskinstance.py:1332} INFO - Marking task as SUCCESS. dag_id=weather_dag_api, task_id=cities.process_data_Lviv, execution_date=20230426T182333, start_date=20230426T182353, end_date=20230426T182355
[2023-04-26T18:23:56.094+0000] {local_task_job.py:212} INFO - Task exited with return code 0
[2023-04-26T18:23:56.878+0000] {taskinstance.py:2596} INFO - 1 downstream tasks scheduled from follow-on schedule check
