[2023-04-26T15:11:25.867+0000] {taskinstance.py:1090} INFO - Dependencies all met for dep_context=non-requeueable deps ti=<TaskInstance: weather_dag_api.cities.process_data_Odesa manual__2023-04-26T15:11:06.238430+00:00 [queued]>
[2023-04-26T15:11:25.959+0000] {taskinstance.py:1090} INFO - Dependencies all met for dep_context=requeueable deps ti=<TaskInstance: weather_dag_api.cities.process_data_Odesa manual__2023-04-26T15:11:06.238430+00:00 [queued]>
[2023-04-26T15:11:25.961+0000] {taskinstance.py:1288} INFO - 
--------------------------------------------------------------------------------
[2023-04-26T15:11:25.966+0000] {taskinstance.py:1289} INFO - Starting attempt 1 of 1
[2023-04-26T15:11:25.967+0000] {taskinstance.py:1290} INFO - 
--------------------------------------------------------------------------------
[2023-04-26T15:11:26.091+0000] {taskinstance.py:1309} INFO - Executing <Task(PythonOperator): cities.process_data_Odesa> on 2023-04-26 15:11:06.238430+00:00
[2023-04-26T15:11:26.122+0000] {standard_task_runner.py:55} INFO - Started process 2388 to run task
[2023-04-26T15:11:26.196+0000] {standard_task_runner.py:82} INFO - Running: ['***', 'tasks', 'run', 'weather_dag_api', 'cities.process_data_Odesa', 'manual__2023-04-26T15:11:06.238430+00:00', '--job-id', '121', '--raw', '--subdir', 'DAGS_FOLDER/weather_dag_api.py', '--cfg-path', '/tmp/tmph87xgzp6']
[2023-04-26T15:11:26.202+0000] {standard_task_runner.py:83} INFO - Job 121: Subtask cities.process_data_Odesa
[2023-04-26T15:11:26.623+0000] {task_command.py:389} INFO - Running <TaskInstance: weather_dag_api.cities.process_data_Odesa manual__2023-04-26T15:11:06.238430+00:00 [running]> on host d48b88797b3b
[2023-04-26T15:11:27.556+0000] {taskinstance.py:1518} INFO - Exporting the following env vars:
AIRFLOW_CTX_DAG_OWNER=***
AIRFLOW_CTX_DAG_ID=weather_dag_api
AIRFLOW_CTX_TASK_ID=cities.process_data_Odesa
AIRFLOW_CTX_EXECUTION_DATE=2023-04-26T15:11:06.238430+00:00
AIRFLOW_CTX_TRY_NUMBER=1
AIRFLOW_CTX_DAG_RUN_ID=manual__2023-04-26T15:11:06.238430+00:00
[2023-04-26T15:11:27.684+0000] {logging_mixin.py:137} INFO - 16.2
[2023-04-26T15:11:27.686+0000] {python.py:177} INFO - Done. Returned value was: ('2023-04-25T10:20:00Z', 16.2, 0.06, 5.7, 'Odesa')
[2023-04-26T15:11:27.802+0000] {taskinstance.py:1332} INFO - Marking task as SUCCESS. dag_id=weather_dag_api, task_id=cities.process_data_Odesa, execution_date=20230426T151106, start_date=20230426T151125, end_date=20230426T151127
[2023-04-26T15:11:27.967+0000] {local_task_job.py:212} INFO - Task exited with return code 0
[2023-04-26T15:11:28.234+0000] {taskinstance.py:2596} INFO - 1 downstream tasks scheduled from follow-on schedule check
