[2023-04-26T18:47:00.473+0000] {taskinstance.py:1090} INFO - Dependencies all met for dep_context=non-requeueable deps ti=<TaskInstance: weather_dag_api.cities.view_data_Lviv manual__2023-04-26T18:46:27.421244+00:00 [queued]>
[2023-04-26T18:47:00.655+0000] {taskinstance.py:1090} INFO - Dependencies all met for dep_context=requeueable deps ti=<TaskInstance: weather_dag_api.cities.view_data_Lviv manual__2023-04-26T18:46:27.421244+00:00 [queued]>
[2023-04-26T18:47:00.660+0000] {taskinstance.py:1288} INFO - 
--------------------------------------------------------------------------------
[2023-04-26T18:47:00.661+0000] {taskinstance.py:1289} INFO - Starting attempt 1 of 1
[2023-04-26T18:47:00.663+0000] {taskinstance.py:1290} INFO - 
--------------------------------------------------------------------------------
[2023-04-26T18:47:00.775+0000] {taskinstance.py:1309} INFO - Executing <Task(PythonOperator): cities.view_data_Lviv> on 2023-04-26 18:46:27.421244+00:00
[2023-04-26T18:47:00.832+0000] {standard_task_runner.py:55} INFO - Started process 2050 to run task
[2023-04-26T18:47:00.884+0000] {standard_task_runner.py:82} INFO - Running: ['***', 'tasks', 'run', 'weather_dag_api', 'cities.view_data_Lviv', 'manual__2023-04-26T18:46:27.421244+00:00', '--job-id', '363', '--raw', '--subdir', 'DAGS_FOLDER/weather_dag_api.py', '--cfg-path', '/tmp/tmpfrhdskz8']
[2023-04-26T18:47:00.895+0000] {standard_task_runner.py:83} INFO - Job 363: Subtask cities.view_data_Lviv
[2023-04-26T18:47:02.021+0000] {task_command.py:389} INFO - Running <TaskInstance: weather_dag_api.cities.view_data_Lviv manual__2023-04-26T18:46:27.421244+00:00 [running]> on host b46a99c748bd
[2023-04-26T18:47:02.853+0000] {taskinstance.py:1518} INFO - Exporting the following env vars:
AIRFLOW_CTX_DAG_OWNER=***
AIRFLOW_CTX_DAG_ID=weather_dag_api
AIRFLOW_CTX_TASK_ID=cities.view_data_Lviv
AIRFLOW_CTX_EXECUTION_DATE=2023-04-26T18:46:27.421244+00:00
AIRFLOW_CTX_TRY_NUMBER=1
AIRFLOW_CTX_DAG_RUN_ID=manual__2023-04-26T18:46:27.421244+00:00
[2023-04-26T18:47:02.913+0000] {logging_mixin.py:137} INFO - data is  ['2023-04-25T10:20:00Z', 15.1, 0.0, 2.0, 'Lviv']
[2023-04-26T18:47:02.916+0000] {logging_mixin.py:137} INFO - 2023-04-25T10:20:00Z
[2023-04-26T18:47:02.917+0000] {logging_mixin.py:137} INFO - 15.1
[2023-04-26T18:47:02.919+0000] {python.py:177} INFO - Done. Returned value was: None
[2023-04-26T18:47:02.958+0000] {taskinstance.py:1332} INFO - Marking task as SUCCESS. dag_id=weather_dag_api, task_id=cities.view_data_Lviv, execution_date=20230426T184627, start_date=20230426T184700, end_date=20230426T184702
[2023-04-26T18:47:03.210+0000] {local_task_job.py:212} INFO - Task exited with return code 0
[2023-04-26T18:47:03.770+0000] {taskinstance.py:2596} INFO - 1 downstream tasks scheduled from follow-on schedule check
