[2023-04-25T08:38:11.021+0000] {taskinstance.py:1090} INFO - Dependencies all met for dep_context=non-requeueable deps ti=<TaskInstance: simple_python_dag.python_task scheduled__2023-04-23T00:00:00+00:00 [queued]>
[2023-04-25T08:38:11.077+0000] {taskinstance.py:1090} INFO - Dependencies all met for dep_context=requeueable deps ti=<TaskInstance: simple_python_dag.python_task scheduled__2023-04-23T00:00:00+00:00 [queued]>
[2023-04-25T08:38:11.078+0000] {taskinstance.py:1288} INFO - 
--------------------------------------------------------------------------------
[2023-04-25T08:38:11.080+0000] {taskinstance.py:1289} INFO - Starting attempt 1 of 1
[2023-04-25T08:38:11.082+0000] {taskinstance.py:1290} INFO - 
--------------------------------------------------------------------------------
[2023-04-25T08:38:11.169+0000] {taskinstance.py:1309} INFO - Executing <Task(PythonOperator): python_task> on 2023-04-23 00:00:00+00:00
[2023-04-25T08:38:11.180+0000] {standard_task_runner.py:55} INFO - Started process 689 to run task
[2023-04-25T08:38:11.212+0000] {standard_task_runner.py:82} INFO - Running: ['***', 'tasks', 'run', 'simple_python_dag', 'python_task', 'scheduled__2023-04-23T00:00:00+00:00', '--job-id', '8', '--raw', '--subdir', 'DAGS_FOLDER/weather_dag.py', '--cfg-path', '/tmp/tmp6mx_wn8d']
[2023-04-25T08:38:11.215+0000] {standard_task_runner.py:83} INFO - Job 8: Subtask python_task
[2023-04-25T08:38:11.403+0000] {task_command.py:389} INFO - Running <TaskInstance: simple_python_dag.python_task scheduled__2023-04-23T00:00:00+00:00 [running]> on host d5e7c089f50a
[2023-04-25T08:38:11.717+0000] {taskinstance.py:1518} INFO - Exporting the following env vars:
AIRFLOW_CTX_DAG_OWNER=***
AIRFLOW_CTX_DAG_ID=simple_python_dag
AIRFLOW_CTX_TASK_ID=python_task
AIRFLOW_CTX_EXECUTION_DATE=2023-04-23T00:00:00+00:00
AIRFLOW_CTX_TRY_NUMBER=1
AIRFLOW_CTX_DAG_RUN_ID=scheduled__2023-04-23T00:00:00+00:00
[2023-04-25T08:38:11.734+0000] {weather_dag.py:6} INFO - Hello, World!
[2023-04-25T08:38:11.736+0000] {python.py:177} INFO - Done. Returned value was: None
[2023-04-25T08:38:11.774+0000] {taskinstance.py:1332} INFO - Marking task as SUCCESS. dag_id=simple_python_dag, task_id=python_task, execution_date=20230423T000000, start_date=20230425T083811, end_date=20230425T083811
[2023-04-25T08:38:11.838+0000] {local_task_job.py:212} INFO - Task exited with return code 0
[2023-04-25T08:38:11.928+0000] {taskinstance.py:2596} INFO - 0 downstream tasks scheduled from follow-on schedule check
