[2023-04-26T13:49:51.314+0000] {taskinstance.py:1090} INFO - Dependencies all met for dep_context=non-requeueable deps ti=<TaskInstance: weather_dag_api.process_data manual__2023-04-26T13:49:25.122846+00:00 [queued]>
[2023-04-26T13:49:51.343+0000] {taskinstance.py:1090} INFO - Dependencies all met for dep_context=requeueable deps ti=<TaskInstance: weather_dag_api.process_data manual__2023-04-26T13:49:25.122846+00:00 [queued]>
[2023-04-26T13:49:51.344+0000] {taskinstance.py:1288} INFO - 
--------------------------------------------------------------------------------
[2023-04-26T13:49:51.345+0000] {taskinstance.py:1289} INFO - Starting attempt 1 of 1
[2023-04-26T13:49:51.347+0000] {taskinstance.py:1290} INFO - 
--------------------------------------------------------------------------------
[2023-04-26T13:49:51.379+0000] {taskinstance.py:1309} INFO - Executing <Task(PythonOperator): process_data> on 2023-04-26 13:49:25.122846+00:00
[2023-04-26T13:49:51.388+0000] {standard_task_runner.py:55} INFO - Started process 708 to run task
[2023-04-26T13:49:51.394+0000] {standard_task_runner.py:82} INFO - Running: ['***', 'tasks', 'run', 'weather_dag_api', 'process_data', 'manual__2023-04-26T13:49:25.122846+00:00', '--job-id', '33', '--raw', '--subdir', 'DAGS_FOLDER/weather_dag_api.py', '--cfg-path', '/tmp/tmp3y3jqd6v']
[2023-04-26T13:49:51.396+0000] {standard_task_runner.py:83} INFO - Job 33: Subtask process_data
[2023-04-26T13:49:51.582+0000] {task_command.py:389} INFO - Running <TaskInstance: weather_dag_api.process_data manual__2023-04-26T13:49:25.122846+00:00 [running]> on host d48b88797b3b
[2023-04-26T13:49:51.758+0000] {taskinstance.py:1518} INFO - Exporting the following env vars:
AIRFLOW_CTX_DAG_OWNER=***
AIRFLOW_CTX_DAG_ID=weather_dag_api
AIRFLOW_CTX_TASK_ID=process_data
AIRFLOW_CTX_EXECUTION_DATE=2023-04-26T13:49:25.122846+00:00
AIRFLOW_CTX_TRY_NUMBER=1
AIRFLOW_CTX_DAG_RUN_ID=manual__2023-04-26T13:49:25.122846+00:00
[2023-04-26T13:49:51.833+0000] {taskinstance.py:1776} ERROR - Task failed with exception
Traceback (most recent call last):
  File "/home/airflow/.local/lib/python3.7/site-packages/airflow/operators/python.py", line 175, in execute
    return_value = self.execute_callable()
  File "/home/airflow/.local/lib/python3.7/site-packages/airflow/operators/python.py", line 192, in execute_callable
    return self.python_callable(*self.op_args, **self.op_kwargs)
  File "/opt/airflow/dags/weather_dag_api.py", line 28, in process_weather_data
    print(info["data"][0]["coordinates"][0]["dates"][0]["value"])
TypeError: 'NoneType' object is not subscriptable
[2023-04-26T13:49:51.929+0000] {taskinstance.py:1332} INFO - Marking task as FAILED. dag_id=weather_dag_api, task_id=process_data, execution_date=20230426T134925, start_date=20230426T134951, end_date=20230426T134951
[2023-04-26T13:49:51.964+0000] {standard_task_runner.py:105} ERROR - Failed to execute job 33 for task process_data ('NoneType' object is not subscriptable; 708)
[2023-04-26T13:49:52.016+0000] {local_task_job.py:212} INFO - Task exited with return code 1
[2023-04-26T13:49:52.075+0000] {taskinstance.py:2596} INFO - 0 downstream tasks scheduled from follow-on schedule check
