[2023-04-27T07:05:49.033+0000] {taskinstance.py:1090} INFO - Dependencies all met for dep_context=non-requeueable deps ti=<TaskInstance: weather_dag_api.cities.process_data_Zhmerynka scheduled__2023-04-26T00:00:00+00:00 [queued]>
[2023-04-27T07:05:51.256+0000] {taskinstance.py:1090} INFO - Dependencies all met for dep_context=requeueable deps ti=<TaskInstance: weather_dag_api.cities.process_data_Zhmerynka scheduled__2023-04-26T00:00:00+00:00 [queued]>
[2023-04-27T07:05:51.278+0000] {taskinstance.py:1288} INFO - 
--------------------------------------------------------------------------------
[2023-04-27T07:05:51.280+0000] {taskinstance.py:1289} INFO - Starting attempt 1 of 1
[2023-04-27T07:05:51.281+0000] {taskinstance.py:1290} INFO - 
--------------------------------------------------------------------------------
[2023-04-27T07:05:52.360+0000] {taskinstance.py:1309} INFO - Executing <Task(PythonOperator): cities.process_data_Zhmerynka> on 2023-04-26 00:00:00+00:00
[2023-04-27T07:05:53.042+0000] {standard_task_runner.py:55} INFO - Started process 715 to run task
[2023-04-27T07:05:53.335+0000] {standard_task_runner.py:82} INFO - Running: ['***', 'tasks', 'run', 'weather_dag_api', 'cities.process_data_Zhmerynka', 'scheduled__2023-04-26T00:00:00+00:00', '--job-id', '112', '--raw', '--subdir', 'DAGS_FOLDER/weather_dag_api.py', '--cfg-path', '/tmp/tmpe5bbog_b']
[2023-04-27T07:05:53.453+0000] {standard_task_runner.py:83} INFO - Job 112: Subtask cities.process_data_Zhmerynka
[2023-04-27T07:05:57.878+0000] {task_command.py:389} INFO - Running <TaskInstance: weather_dag_api.cities.process_data_Zhmerynka scheduled__2023-04-26T00:00:00+00:00 [running]> on host 80d943d8f5b4
[2023-04-27T07:06:03.579+0000] {taskinstance.py:1518} INFO - Exporting the following env vars:
AIRFLOW_CTX_DAG_OWNER=***
AIRFLOW_CTX_DAG_ID=weather_dag_api
AIRFLOW_CTX_TASK_ID=cities.process_data_Zhmerynka
AIRFLOW_CTX_EXECUTION_DATE=2023-04-26T00:00:00+00:00
AIRFLOW_CTX_TRY_NUMBER=1
AIRFLOW_CTX_DAG_RUN_ID=scheduled__2023-04-26T00:00:00+00:00
[2023-04-27T07:06:03.851+0000] {logging_mixin.py:137} INFO - 8.4
[2023-04-27T07:06:03.855+0000] {python.py:177} INFO - Done. Returned value was: ('2023-04-26T05:20:00Z', 8.4, 0.0, 2.7, 'Zhmerynka')
[2023-04-27T07:06:05.040+0000] {taskinstance.py:1332} INFO - Marking task as SUCCESS. dag_id=weather_dag_api, task_id=cities.process_data_Zhmerynka, execution_date=20230426T000000, start_date=20230427T070549, end_date=20230427T070605
[2023-04-27T07:06:05.789+0000] {local_task_job.py:212} INFO - Task exited with return code 0
[2023-04-27T07:06:06.634+0000] {taskinstance.py:2596} INFO - 1 downstream tasks scheduled from follow-on schedule check
