[2023-04-26T13:25:47.547+0000] {taskinstance.py:1090} INFO - Dependencies all met for dep_context=non-requeueable deps ti=<TaskInstance: weather_dag_api.create_table_postgres manual__2023-04-26T13:25:31.305782+00:00 [queued]>
[2023-04-26T13:25:47.589+0000] {taskinstance.py:1090} INFO - Dependencies all met for dep_context=requeueable deps ti=<TaskInstance: weather_dag_api.create_table_postgres manual__2023-04-26T13:25:31.305782+00:00 [queued]>
[2023-04-26T13:25:47.591+0000] {taskinstance.py:1288} INFO - 
--------------------------------------------------------------------------------
[2023-04-26T13:25:47.593+0000] {taskinstance.py:1289} INFO - Starting attempt 1 of 1
[2023-04-26T13:25:47.594+0000] {taskinstance.py:1290} INFO - 
--------------------------------------------------------------------------------
[2023-04-26T13:25:47.637+0000] {taskinstance.py:1309} INFO - Executing <Task(PostgresOperator): create_table_postgres> on 2023-04-26 13:25:31.305782+00:00
[2023-04-26T13:25:47.651+0000] {standard_task_runner.py:55} INFO - Started process 192 to run task
[2023-04-26T13:25:47.663+0000] {standard_task_runner.py:82} INFO - Running: ['***', 'tasks', 'run', 'weather_dag_api', 'create_table_postgres', 'manual__2023-04-26T13:25:31.305782+00:00', '--job-id', '6', '--raw', '--subdir', 'DAGS_FOLDER/weather_dag_api.py', '--cfg-path', '/tmp/tmp5bx5tvr7']
[2023-04-26T13:25:47.666+0000] {standard_task_runner.py:83} INFO - Job 6: Subtask create_table_postgres
[2023-04-26T13:25:48.108+0000] {task_command.py:389} INFO - Running <TaskInstance: weather_dag_api.create_table_postgres manual__2023-04-26T13:25:31.305782+00:00 [running]> on host d48b88797b3b
[2023-04-26T13:25:48.465+0000] {taskinstance.py:1518} INFO - Exporting the following env vars:
AIRFLOW_CTX_DAG_OWNER=***
AIRFLOW_CTX_DAG_ID=weather_dag_api
AIRFLOW_CTX_TASK_ID=create_table_postgres
AIRFLOW_CTX_EXECUTION_DATE=2023-04-26T13:25:31.305782+00:00
AIRFLOW_CTX_TRY_NUMBER=1
AIRFLOW_CTX_DAG_RUN_ID=manual__2023-04-26T13:25:31.305782+00:00
[2023-04-26T13:25:48.468+0000] {sql.py:254} INFO - Executing:  CREATE TABLE IF NOT EXISTS measurements (
			timestamp TIMESTAMP,
			temp FLOAT,
			precipitation FLOAT,
			wind_speed FLOAT);
[2023-04-26T13:25:48.506+0000] {base.py:73} INFO - Using connection ID 'postgres_conn' for task execution.
[2023-04-26T13:25:49.589+0000] {base.py:73} INFO - Using connection ID 'postgres_conn' for task execution.
[2023-04-26T13:25:49.630+0000] {sql.py:375} INFO - Running statement:  CREATE TABLE IF NOT EXISTS measurements (
			timestamp TIMESTAMP,
			temp FLOAT,
			precipitation FLOAT,
			wind_speed FLOAT);, parameters: None
[2023-04-26T13:25:49.714+0000] {taskinstance.py:1332} INFO - Marking task as SUCCESS. dag_id=weather_dag_api, task_id=create_table_postgres, execution_date=20230426T132531, start_date=20230426T132547, end_date=20230426T132549
[2023-04-26T13:25:49.803+0000] {local_task_job.py:212} INFO - Task exited with return code 0
[2023-04-26T13:25:49.882+0000] {taskinstance.py:2596} INFO - 1 downstream tasks scheduled from follow-on schedule check
