[2023-04-26T18:34:03.018+0000] {taskinstance.py:1090} INFO - Dependencies all met for dep_context=non-requeueable deps ti=<TaskInstance: weather_dag_api.cities.process_data_Lviv manual__2023-04-26T18:33:30.885282+00:00 [queued]>
[2023-04-26T18:34:03.141+0000] {taskinstance.py:1090} INFO - Dependencies all met for dep_context=requeueable deps ti=<TaskInstance: weather_dag_api.cities.process_data_Lviv manual__2023-04-26T18:33:30.885282+00:00 [queued]>
[2023-04-26T18:34:03.147+0000] {taskinstance.py:1288} INFO - 
--------------------------------------------------------------------------------
[2023-04-26T18:34:03.150+0000] {taskinstance.py:1289} INFO - Starting attempt 1 of 1
[2023-04-26T18:34:03.152+0000] {taskinstance.py:1290} INFO - 
--------------------------------------------------------------------------------
[2023-04-26T18:34:03.248+0000] {taskinstance.py:1309} INFO - Executing <Task(PythonOperator): cities.process_data_Lviv> on 2023-04-26 18:33:30.885282+00:00
[2023-04-26T18:34:03.338+0000] {standard_task_runner.py:55} INFO - Started process 1679 to run task
[2023-04-26T18:34:03.384+0000] {standard_task_runner.py:82} INFO - Running: ['***', 'tasks', 'run', 'weather_dag_api', 'cities.process_data_Lviv', 'manual__2023-04-26T18:33:30.885282+00:00', '--job-id', '294', '--raw', '--subdir', 'DAGS_FOLDER/weather_dag_api.py', '--cfg-path', '/tmp/tmpwq7sn_ns']
[2023-04-26T18:34:03.424+0000] {standard_task_runner.py:83} INFO - Job 294: Subtask cities.process_data_Lviv
[2023-04-26T18:34:04.219+0000] {task_command.py:389} INFO - Running <TaskInstance: weather_dag_api.cities.process_data_Lviv manual__2023-04-26T18:33:30.885282+00:00 [running]> on host b46a99c748bd
[2023-04-26T18:34:05.333+0000] {taskinstance.py:1518} INFO - Exporting the following env vars:
AIRFLOW_CTX_DAG_OWNER=***
AIRFLOW_CTX_DAG_ID=weather_dag_api
AIRFLOW_CTX_TASK_ID=cities.process_data_Lviv
AIRFLOW_CTX_EXECUTION_DATE=2023-04-26T18:33:30.885282+00:00
AIRFLOW_CTX_TRY_NUMBER=1
AIRFLOW_CTX_DAG_RUN_ID=manual__2023-04-26T18:33:30.885282+00:00
[2023-04-26T18:34:05.488+0000] {logging_mixin.py:137} INFO - 15.1
[2023-04-26T18:34:05.494+0000] {python.py:177} INFO - Done. Returned value was: ('2023-04-25T10:20:00Z', 15.1, 0.0, 2.0, 'Lviv')
[2023-04-26T18:34:05.674+0000] {taskinstance.py:1332} INFO - Marking task as SUCCESS. dag_id=weather_dag_api, task_id=cities.process_data_Lviv, execution_date=20230426T183330, start_date=20230426T183403, end_date=20230426T183405
[2023-04-26T18:34:05.864+0000] {local_task_job.py:212} INFO - Task exited with return code 0
[2023-04-26T18:34:06.022+0000] {taskinstance.py:2596} INFO - 1 downstream tasks scheduled from follow-on schedule check
