[2023-04-26T16:46:37.558+0000] {taskinstance.py:1090} INFO - Dependencies all met for dep_context=non-requeueable deps ti=<TaskInstance: weather_dag_api.cities.extract_data_Lviv manual__2023-04-26T16:46:17.435621+00:00 [queued]>
[2023-04-26T16:46:37.700+0000] {taskinstance.py:1090} INFO - Dependencies all met for dep_context=requeueable deps ti=<TaskInstance: weather_dag_api.cities.extract_data_Lviv manual__2023-04-26T16:46:17.435621+00:00 [queued]>
[2023-04-26T16:46:37.707+0000] {taskinstance.py:1288} INFO - 
--------------------------------------------------------------------------------
[2023-04-26T16:46:37.709+0000] {taskinstance.py:1289} INFO - Starting attempt 1 of 1
[2023-04-26T16:46:37.715+0000] {taskinstance.py:1290} INFO - 
--------------------------------------------------------------------------------
[2023-04-26T16:46:37.850+0000] {taskinstance.py:1309} INFO - Executing <Task(SimpleHttpOperator): cities.extract_data_Lviv> on 2023-04-26 16:46:17.435621+00:00
[2023-04-26T16:46:37.876+0000] {standard_task_runner.py:55} INFO - Started process 4696 to run task
[2023-04-26T16:46:37.917+0000] {standard_task_runner.py:82} INFO - Running: ['***', 'tasks', 'run', 'weather_dag_api', 'cities.extract_data_Lviv', 'manual__2023-04-26T16:46:17.435621+00:00', '--job-id', '402', '--raw', '--subdir', 'DAGS_FOLDER/weather_dag_api.py', '--cfg-path', '/tmp/tmp2a6vkbdu']
[2023-04-26T16:46:37.931+0000] {standard_task_runner.py:83} INFO - Job 402: Subtask cities.extract_data_Lviv
[2023-04-26T16:46:38.589+0000] {task_command.py:389} INFO - Running <TaskInstance: weather_dag_api.cities.extract_data_Lviv manual__2023-04-26T16:46:17.435621+00:00 [running]> on host d48b88797b3b
[2023-04-26T16:46:39.539+0000] {taskinstance.py:1518} INFO - Exporting the following env vars:
AIRFLOW_CTX_DAG_OWNER=***
AIRFLOW_CTX_DAG_ID=weather_dag_api
AIRFLOW_CTX_TASK_ID=cities.extract_data_Lviv
AIRFLOW_CTX_EXECUTION_DATE=2023-04-26T16:46:17.435621+00:00
AIRFLOW_CTX_TRY_NUMBER=1
AIRFLOW_CTX_DAG_RUN_ID=manual__2023-04-26T16:46:17.435621+00:00
[2023-04-26T16:46:39.543+0000] {http.py:123} INFO - Calling HTTP method
[2023-04-26T16:46:39.609+0000] {base.py:73} INFO - Using connection ID 'weather_conn' for task execution.
[2023-04-26T16:46:40.234+0000] {http.py:127} INFO - {"version":"3.0","user":"__-_stuff","dateGenerated":"2023-04-26T16:46:39Z","status":"OK","data":[{"parameter":"t_2m:C","coordinates":[{"lat":49.841952,"lon":24.031592,"dates":[{"date":"2023-04-25T10:20:00Z","value":15.1}]}]},{"parameter":"precip_1h:mm","coordinates":[{"lat":49.841952,"lon":24.031592,"dates":[{"date":"2023-04-25T10:20:00Z","value":0.00}]}]},{"parameter":"wind_speed_10m:ms","coordinates":[{"lat":49.841952,"lon":24.031592,"dates":[{"date":"2023-04-25T10:20:00Z","value":2.0}]}]}]}

[2023-04-26T16:46:40.423+0000] {taskinstance.py:1332} INFO - Marking task as SUCCESS. dag_id=weather_dag_api, task_id=cities.extract_data_Lviv, execution_date=20230426T164617, start_date=20230426T164637, end_date=20230426T164640
[2023-04-26T16:46:40.556+0000] {local_task_job.py:212} INFO - Task exited with return code 0
[2023-04-26T16:46:40.752+0000] {taskinstance.py:2596} INFO - 1 downstream tasks scheduled from follow-on schedule check
