[2023-04-26T17:51:34.188+0000] {taskinstance.py:1090} INFO - Dependencies all met for dep_context=non-requeueable deps ti=<TaskInstance: weather_dag_api.cities.view_data_Odesa manual__2023-04-26T17:50:52.913170+00:00 [queued]>
[2023-04-26T17:51:34.486+0000] {taskinstance.py:1090} INFO - Dependencies all met for dep_context=requeueable deps ti=<TaskInstance: weather_dag_api.cities.view_data_Odesa manual__2023-04-26T17:50:52.913170+00:00 [queued]>
[2023-04-26T17:51:34.489+0000] {taskinstance.py:1288} INFO - 
--------------------------------------------------------------------------------
[2023-04-26T17:51:34.495+0000] {taskinstance.py:1289} INFO - Starting attempt 1 of 1
[2023-04-26T17:51:34.509+0000] {taskinstance.py:1290} INFO - 
--------------------------------------------------------------------------------
[2023-04-26T17:51:35.112+0000] {taskinstance.py:1309} INFO - Executing <Task(PythonOperator): cities.view_data_Odesa> on 2023-04-26 17:50:52.913170+00:00
[2023-04-26T17:51:35.201+0000] {standard_task_runner.py:55} INFO - Started process 450 to run task
[2023-04-26T17:51:35.224+0000] {standard_task_runner.py:82} INFO - Running: ['***', 'tasks', 'run', 'weather_dag_api', 'cities.view_data_Odesa', 'manual__2023-04-26T17:50:52.913170+00:00', '--job-id', '56', '--raw', '--subdir', 'DAGS_FOLDER/weather_dag_api.py', '--cfg-path', '/tmp/tmpjfeh85cw']
[2023-04-26T17:51:35.241+0000] {standard_task_runner.py:83} INFO - Job 56: Subtask cities.view_data_Odesa
[2023-04-26T17:51:36.827+0000] {task_command.py:389} INFO - Running <TaskInstance: weather_dag_api.cities.view_data_Odesa manual__2023-04-26T17:50:52.913170+00:00 [running]> on host b46a99c748bd
[2023-04-26T17:51:38.681+0000] {taskinstance.py:1518} INFO - Exporting the following env vars:
AIRFLOW_CTX_DAG_OWNER=***
AIRFLOW_CTX_DAG_ID=weather_dag_api
AIRFLOW_CTX_TASK_ID=cities.view_data_Odesa
AIRFLOW_CTX_EXECUTION_DATE=2023-04-26T17:50:52.913170+00:00
AIRFLOW_CTX_TRY_NUMBER=1
AIRFLOW_CTX_DAG_RUN_ID=manual__2023-04-26T17:50:52.913170+00:00
[2023-04-26T17:51:38.823+0000] {logging_mixin.py:137} INFO - ['2023-04-25T10:20:00Z', 16.2, 0.06, 5.7, 'Odesa']
[2023-04-26T17:51:38.826+0000] {python.py:177} INFO - Done. Returned value was: None
[2023-04-26T17:51:38.862+0000] {taskinstance.py:1332} INFO - Marking task as SUCCESS. dag_id=weather_dag_api, task_id=cities.view_data_Odesa, execution_date=20230426T175052, start_date=20230426T175134, end_date=20230426T175138
[2023-04-26T17:51:39.181+0000] {local_task_job.py:212} INFO - Task exited with return code 0
[2023-04-26T17:51:39.902+0000] {taskinstance.py:2596} INFO - 1 downstream tasks scheduled from follow-on schedule check
