[2023-04-26T16:04:40.582+0000] {taskinstance.py:1090} INFO - Dependencies all met for dep_context=non-requeueable deps ti=<TaskInstance: weather_dag_api.cities.extract_data_Zhmerynka manual__2023-04-26T16:04:23.143867+00:00 [queued]>
[2023-04-26T16:04:40.726+0000] {taskinstance.py:1090} INFO - Dependencies all met for dep_context=requeueable deps ti=<TaskInstance: weather_dag_api.cities.extract_data_Zhmerynka manual__2023-04-26T16:04:23.143867+00:00 [queued]>
[2023-04-26T16:04:40.730+0000] {taskinstance.py:1288} INFO - 
--------------------------------------------------------------------------------
[2023-04-26T16:04:40.735+0000] {taskinstance.py:1289} INFO - Starting attempt 1 of 1
[2023-04-26T16:04:40.755+0000] {taskinstance.py:1290} INFO - 
--------------------------------------------------------------------------------
[2023-04-26T16:04:40.936+0000] {taskinstance.py:1309} INFO - Executing <Task(SimpleHttpOperator): cities.extract_data_Zhmerynka> on 2023-04-26 16:04:23.143867+00:00
[2023-04-26T16:04:40.973+0000] {standard_task_runner.py:55} INFO - Started process 3696 to run task
[2023-04-26T16:04:41.003+0000] {standard_task_runner.py:82} INFO - Running: ['***', 'tasks', 'run', 'weather_dag_api', 'cities.extract_data_Zhmerynka', 'manual__2023-04-26T16:04:23.143867+00:00', '--job-id', '284', '--raw', '--subdir', 'DAGS_FOLDER/weather_dag_final.py', '--cfg-path', '/tmp/tmp0o1lje3m']
[2023-04-26T16:04:41.013+0000] {standard_task_runner.py:83} INFO - Job 284: Subtask cities.extract_data_Zhmerynka
[2023-04-26T16:04:42.019+0000] {task_command.py:389} INFO - Running <TaskInstance: weather_dag_api.cities.extract_data_Zhmerynka manual__2023-04-26T16:04:23.143867+00:00 [running]> on host d48b88797b3b
[2023-04-26T16:04:42.814+0000] {taskinstance.py:1518} INFO - Exporting the following env vars:
AIRFLOW_CTX_DAG_OWNER=***
AIRFLOW_CTX_DAG_ID=weather_dag_api
AIRFLOW_CTX_TASK_ID=cities.extract_data_Zhmerynka
AIRFLOW_CTX_EXECUTION_DATE=2023-04-26T16:04:23.143867+00:00
AIRFLOW_CTX_TRY_NUMBER=1
AIRFLOW_CTX_DAG_RUN_ID=manual__2023-04-26T16:04:23.143867+00:00
[2023-04-26T16:04:42.832+0000] {http.py:123} INFO - Calling HTTP method
[2023-04-26T16:04:43.071+0000] {base.py:73} INFO - Using connection ID 'weather_conn' for task execution.
[2023-04-26T16:04:44.139+0000] {http.py:127} INFO - {"version":"3.0","user":"__-_stuff","dateGenerated":"2023-04-26T16:04:43Z","status":"OK","data":[{"parameter":"t_2m:C","coordinates":[{"lat":49.035459,"lon":28.114732,"dates":[{"date":"2023-04-25T10:20:00Z","value":15.5}]}]},{"parameter":"precip_1h:mm","coordinates":[{"lat":49.035459,"lon":28.114732,"dates":[{"date":"2023-04-25T10:20:00Z","value":0.00}]}]},{"parameter":"wind_speed_10m:ms","coordinates":[{"lat":49.035459,"lon":28.114732,"dates":[{"date":"2023-04-25T10:20:00Z","value":5.7}]}]}]}

[2023-04-26T16:04:44.419+0000] {taskinstance.py:1332} INFO - Marking task as SUCCESS. dag_id=weather_dag_api, task_id=cities.extract_data_Zhmerynka, execution_date=20230426T160423, start_date=20230426T160440, end_date=20230426T160444
[2023-04-26T16:04:45.123+0000] {local_task_job.py:212} INFO - Task exited with return code 0
[2023-04-26T16:04:45.583+0000] {taskinstance.py:2596} INFO - 0 downstream tasks scheduled from follow-on schedule check
