[2023-04-26T18:48:25.062+0000] {taskinstance.py:1090} INFO - Dependencies all met for dep_context=non-requeueable deps ti=<TaskInstance: weather_dag_api.cities.extract_data_Lviv manual__2023-04-26T18:48:12.620536+00:00 [queued]>
[2023-04-26T18:48:25.212+0000] {taskinstance.py:1090} INFO - Dependencies all met for dep_context=requeueable deps ti=<TaskInstance: weather_dag_api.cities.extract_data_Lviv manual__2023-04-26T18:48:12.620536+00:00 [queued]>
[2023-04-26T18:48:25.215+0000] {taskinstance.py:1288} INFO - 
--------------------------------------------------------------------------------
[2023-04-26T18:48:25.217+0000] {taskinstance.py:1289} INFO - Starting attempt 1 of 1
[2023-04-26T18:48:25.218+0000] {taskinstance.py:1290} INFO - 
--------------------------------------------------------------------------------
[2023-04-26T18:48:25.338+0000] {taskinstance.py:1309} INFO - Executing <Task(SimpleHttpOperator): cities.extract_data_Lviv> on 2023-04-26 18:48:12.620536+00:00
[2023-04-26T18:48:25.398+0000] {standard_task_runner.py:55} INFO - Started process 2099 to run task
[2023-04-26T18:48:25.450+0000] {standard_task_runner.py:82} INFO - Running: ['***', 'tasks', 'run', 'weather_dag_api', 'cities.extract_data_Lviv', 'manual__2023-04-26T18:48:12.620536+00:00', '--job-id', '375', '--raw', '--subdir', 'DAGS_FOLDER/weather_dag_api.py', '--cfg-path', '/tmp/tmpi7g5u0dp']
[2023-04-26T18:48:25.464+0000] {standard_task_runner.py:83} INFO - Job 375: Subtask cities.extract_data_Lviv
[2023-04-26T18:48:26.444+0000] {task_command.py:389} INFO - Running <TaskInstance: weather_dag_api.cities.extract_data_Lviv manual__2023-04-26T18:48:12.620536+00:00 [running]> on host b46a99c748bd
[2023-04-26T18:48:27.472+0000] {taskinstance.py:1518} INFO - Exporting the following env vars:
AIRFLOW_CTX_DAG_OWNER=***
AIRFLOW_CTX_DAG_ID=weather_dag_api
AIRFLOW_CTX_TASK_ID=cities.extract_data_Lviv
AIRFLOW_CTX_EXECUTION_DATE=2023-04-26T18:48:12.620536+00:00
AIRFLOW_CTX_TRY_NUMBER=1
AIRFLOW_CTX_DAG_RUN_ID=manual__2023-04-26T18:48:12.620536+00:00
[2023-04-26T18:48:27.474+0000] {http.py:123} INFO - Calling HTTP method
[2023-04-26T18:48:27.507+0000] {base.py:73} INFO - Using connection ID 'weather_conn' for task execution.
[2023-04-26T18:48:27.810+0000] {http.py:127} INFO - {"version":"3.0","user":"__-_stuff","dateGenerated":"2023-04-26T18:48:27Z","status":"OK","data":[{"parameter":"t_2m:C","coordinates":[{"lat":49.841952,"lon":24.031592,"dates":[{"date":"2023-04-25T10:20:00Z","value":15.1}]}]},{"parameter":"precip_1h:mm","coordinates":[{"lat":49.841952,"lon":24.031592,"dates":[{"date":"2023-04-25T10:20:00Z","value":0.00}]}]},{"parameter":"wind_speed_10m:ms","coordinates":[{"lat":49.841952,"lon":24.031592,"dates":[{"date":"2023-04-25T10:20:00Z","value":2.0}]}]}]}

[2023-04-26T18:48:28.044+0000] {taskinstance.py:1332} INFO - Marking task as SUCCESS. dag_id=weather_dag_api, task_id=cities.extract_data_Lviv, execution_date=20230426T184812, start_date=20230426T184825, end_date=20230426T184828
[2023-04-26T18:48:28.155+0000] {local_task_job.py:212} INFO - Task exited with return code 0
[2023-04-26T18:48:28.341+0000] {taskinstance.py:2596} INFO - 1 downstream tasks scheduled from follow-on schedule check
