[2023-04-26T14:57:09.954+0000] {taskinstance.py:1090} INFO - Dependencies all met for dep_context=non-requeueable deps ti=<TaskInstance: weather_dag_api.cities.process_data_Kharkiv manual__2023-04-26T14:56:44.395792+00:00 [queued]>
[2023-04-26T14:57:10.095+0000] {taskinstance.py:1090} INFO - Dependencies all met for dep_context=requeueable deps ti=<TaskInstance: weather_dag_api.cities.process_data_Kharkiv manual__2023-04-26T14:56:44.395792+00:00 [queued]>
[2023-04-26T14:57:10.097+0000] {taskinstance.py:1288} INFO - 
--------------------------------------------------------------------------------
[2023-04-26T14:57:10.099+0000] {taskinstance.py:1289} INFO - Starting attempt 1 of 1
[2023-04-26T14:57:10.101+0000] {taskinstance.py:1290} INFO - 
--------------------------------------------------------------------------------
[2023-04-26T14:57:10.368+0000] {taskinstance.py:1309} INFO - Executing <Task(PythonOperator): cities.process_data_Kharkiv> on 2023-04-26 14:56:44.395792+00:00
[2023-04-26T14:57:10.413+0000] {standard_task_runner.py:55} INFO - Started process 2030 to run task
[2023-04-26T14:57:10.453+0000] {standard_task_runner.py:82} INFO - Running: ['***', 'tasks', 'run', 'weather_dag_api', 'cities.process_data_Kharkiv', 'manual__2023-04-26T14:56:44.395792+00:00', '--job-id', '61', '--raw', '--subdir', 'DAGS_FOLDER/weather_dag_api.py', '--cfg-path', '/tmp/tmp4rfudxqp']
[2023-04-26T14:57:10.458+0000] {standard_task_runner.py:83} INFO - Job 61: Subtask cities.process_data_Kharkiv
[2023-04-26T14:57:11.033+0000] {task_command.py:389} INFO - Running <TaskInstance: weather_dag_api.cities.process_data_Kharkiv manual__2023-04-26T14:56:44.395792+00:00 [running]> on host d48b88797b3b
[2023-04-26T14:57:11.452+0000] {taskinstance.py:1518} INFO - Exporting the following env vars:
AIRFLOW_CTX_DAG_OWNER=***
AIRFLOW_CTX_DAG_ID=weather_dag_api
AIRFLOW_CTX_TASK_ID=cities.process_data_Kharkiv
AIRFLOW_CTX_EXECUTION_DATE=2023-04-26T14:56:44.395792+00:00
AIRFLOW_CTX_TRY_NUMBER=1
AIRFLOW_CTX_DAG_RUN_ID=manual__2023-04-26T14:56:44.395792+00:00
[2023-04-26T14:57:11.586+0000] {taskinstance.py:1776} ERROR - Task failed with exception
Traceback (most recent call last):
  File "/home/airflow/.local/lib/python3.7/site-packages/airflow/operators/python.py", line 175, in execute
    return_value = self.execute_callable()
  File "/home/airflow/.local/lib/python3.7/site-packages/airflow/operators/python.py", line 192, in execute_callable
    return self.python_callable(*self.op_args, **self.op_kwargs)
  File "/opt/airflow/dags/weather_dag_api.py", line 31, in process_weather_data
    print(info["data"][0]["coordinates"][0]["dates"][0]["value"])
TypeError: 'NoneType' object is not subscriptable
[2023-04-26T14:57:11.641+0000] {taskinstance.py:1332} INFO - Marking task as FAILED. dag_id=weather_dag_api, task_id=cities.process_data_Kharkiv, execution_date=20230426T145644, start_date=20230426T145709, end_date=20230426T145711
[2023-04-26T14:57:11.701+0000] {standard_task_runner.py:105} ERROR - Failed to execute job 61 for task cities.process_data_Kharkiv ('NoneType' object is not subscriptable; 2030)
[2023-04-26T14:57:11.793+0000] {local_task_job.py:212} INFO - Task exited with return code 1
[2023-04-26T14:57:12.133+0000] {taskinstance.py:2596} INFO - 0 downstream tasks scheduled from follow-on schedule check
