[2023-04-26T16:30:32.449+0000] {taskinstance.py:1090} INFO - Dependencies all met for dep_context=non-requeueable deps ti=<TaskInstance: weather_dag_api.cities.process_data_Zhmerynka manual__2023-04-26T16:30:08.866056+00:00 [queued]>
[2023-04-26T16:30:33.313+0000] {taskinstance.py:1090} INFO - Dependencies all met for dep_context=requeueable deps ti=<TaskInstance: weather_dag_api.cities.process_data_Zhmerynka manual__2023-04-26T16:30:08.866056+00:00 [queued]>
[2023-04-26T16:30:33.341+0000] {taskinstance.py:1288} INFO - 
--------------------------------------------------------------------------------
[2023-04-26T16:30:33.388+0000] {taskinstance.py:1289} INFO - Starting attempt 1 of 1
[2023-04-26T16:30:33.395+0000] {taskinstance.py:1290} INFO - 
--------------------------------------------------------------------------------
[2023-04-26T16:30:34.158+0000] {taskinstance.py:1309} INFO - Executing <Task(PythonOperator): cities.process_data_Zhmerynka> on 2023-04-26 16:30:08.866056+00:00
[2023-04-26T16:30:34.232+0000] {standard_task_runner.py:55} INFO - Started process 4307 to run task
[2023-04-26T16:30:34.309+0000] {standard_task_runner.py:82} INFO - Running: ['***', 'tasks', 'run', 'weather_dag_api', 'cities.process_data_Zhmerynka', 'manual__2023-04-26T16:30:08.866056+00:00', '--job-id', '360', '--raw', '--subdir', 'DAGS_FOLDER/weather_dag_final.py', '--cfg-path', '/tmp/tmpu0ac3jym']
[2023-04-26T16:30:34.319+0000] {standard_task_runner.py:83} INFO - Job 360: Subtask cities.process_data_Zhmerynka
[2023-04-26T16:30:35.328+0000] {task_command.py:389} INFO - Running <TaskInstance: weather_dag_api.cities.process_data_Zhmerynka manual__2023-04-26T16:30:08.866056+00:00 [running]> on host d48b88797b3b
[2023-04-26T16:30:36.338+0000] {taskinstance.py:1518} INFO - Exporting the following env vars:
AIRFLOW_CTX_DAG_OWNER=***
AIRFLOW_CTX_DAG_ID=weather_dag_api
AIRFLOW_CTX_TASK_ID=cities.process_data_Zhmerynka
AIRFLOW_CTX_EXECUTION_DATE=2023-04-26T16:30:08.866056+00:00
AIRFLOW_CTX_TRY_NUMBER=1
AIRFLOW_CTX_DAG_RUN_ID=manual__2023-04-26T16:30:08.866056+00:00
[2023-04-26T16:30:36.441+0000] {logging_mixin.py:137} INFO - 15.5
[2023-04-26T16:30:36.442+0000] {python.py:177} INFO - Done. Returned value was: ('2023-04-25T10:20:00Z', 15.5, 0.0, 5.7, 'Zhmerynka')
[2023-04-26T16:30:36.671+0000] {taskinstance.py:1332} INFO - Marking task as SUCCESS. dag_id=weather_dag_api, task_id=cities.process_data_Zhmerynka, execution_date=20230426T163008, start_date=20230426T163032, end_date=20230426T163036
[2023-04-26T16:30:36.905+0000] {local_task_job.py:212} INFO - Task exited with return code 0
[2023-04-26T16:30:38.267+0000] {taskinstance.py:2596} INFO - 1 downstream tasks scheduled from follow-on schedule check
