[2023-04-26T13:38:25.865+0000] {taskinstance.py:1090} INFO - Dependencies all met for dep_context=non-requeueable deps ti=<TaskInstance: weather_dag_api.process_data manual__2023-04-26T13:38:11.220127+00:00 [queued]>
[2023-04-26T13:38:26.071+0000] {taskinstance.py:1090} INFO - Dependencies all met for dep_context=requeueable deps ti=<TaskInstance: weather_dag_api.process_data manual__2023-04-26T13:38:11.220127+00:00 [queued]>
[2023-04-26T13:38:26.072+0000] {taskinstance.py:1288} INFO - 
--------------------------------------------------------------------------------
[2023-04-26T13:38:26.073+0000] {taskinstance.py:1289} INFO - Starting attempt 1 of 1
[2023-04-26T13:38:26.074+0000] {taskinstance.py:1290} INFO - 
--------------------------------------------------------------------------------
[2023-04-26T13:38:26.181+0000] {taskinstance.py:1309} INFO - Executing <Task(PythonOperator): process_data> on 2023-04-26 13:38:11.220127+00:00
[2023-04-26T13:38:26.196+0000] {standard_task_runner.py:55} INFO - Started process 471 to run task
[2023-04-26T13:38:26.237+0000] {standard_task_runner.py:82} INFO - Running: ['***', 'tasks', 'run', 'weather_dag_api', 'process_data', 'manual__2023-04-26T13:38:11.220127+00:00', '--job-id', '23', '--raw', '--subdir', 'DAGS_FOLDER/weather_dag_api.py', '--cfg-path', '/tmp/tmpr6d5kae3']
[2023-04-26T13:38:26.243+0000] {standard_task_runner.py:83} INFO - Job 23: Subtask process_data
[2023-04-26T13:38:26.558+0000] {task_command.py:389} INFO - Running <TaskInstance: weather_dag_api.process_data manual__2023-04-26T13:38:11.220127+00:00 [running]> on host d48b88797b3b
[2023-04-26T13:38:26.831+0000] {taskinstance.py:1518} INFO - Exporting the following env vars:
AIRFLOW_CTX_DAG_OWNER=***
AIRFLOW_CTX_DAG_ID=weather_dag_api
AIRFLOW_CTX_TASK_ID=process_data
AIRFLOW_CTX_EXECUTION_DATE=2023-04-26T13:38:11.220127+00:00
AIRFLOW_CTX_TRY_NUMBER=1
AIRFLOW_CTX_DAG_RUN_ID=manual__2023-04-26T13:38:11.220127+00:00
[2023-04-26T13:38:26.866+0000] {logging_mixin.py:137} INFO - 15.1
[2023-04-26T13:38:26.868+0000] {python.py:177} INFO - Done. Returned value was: ('2023-04-25T10:20:00Z', 15.1, 0.0, 2.0)
[2023-04-26T13:38:26.960+0000] {taskinstance.py:1332} INFO - Marking task as SUCCESS. dag_id=weather_dag_api, task_id=process_data, execution_date=20230426T133811, start_date=20230426T133825, end_date=20230426T133826
[2023-04-26T13:38:27.145+0000] {local_task_job.py:212} INFO - Task exited with return code 0
[2023-04-26T13:38:27.499+0000] {taskinstance.py:2596} INFO - 0 downstream tasks scheduled from follow-on schedule check
