[2023-04-26T18:34:09.031+0000] {taskinstance.py:1090} INFO - Dependencies all met for dep_context=non-requeueable deps ti=<TaskInstance: weather_dag_api.cities.view_data_Kyiv manual__2023-04-26T18:33:30.885282+00:00 [queued]>
[2023-04-26T18:34:09.263+0000] {taskinstance.py:1090} INFO - Dependencies all met for dep_context=requeueable deps ti=<TaskInstance: weather_dag_api.cities.view_data_Kyiv manual__2023-04-26T18:33:30.885282+00:00 [queued]>
[2023-04-26T18:34:09.287+0000] {taskinstance.py:1288} INFO - 
--------------------------------------------------------------------------------
[2023-04-26T18:34:09.291+0000] {taskinstance.py:1289} INFO - Starting attempt 1 of 1
[2023-04-26T18:34:09.299+0000] {taskinstance.py:1290} INFO - 
--------------------------------------------------------------------------------
[2023-04-26T18:34:09.509+0000] {taskinstance.py:1309} INFO - Executing <Task(PythonOperator): cities.view_data_Kyiv> on 2023-04-26 18:33:30.885282+00:00
[2023-04-26T18:34:09.537+0000] {standard_task_runner.py:55} INFO - Started process 1687 to run task
[2023-04-26T18:34:09.583+0000] {standard_task_runner.py:82} INFO - Running: ['***', 'tasks', 'run', 'weather_dag_api', 'cities.view_data_Kyiv', 'manual__2023-04-26T18:33:30.885282+00:00', '--job-id', '297', '--raw', '--subdir', 'DAGS_FOLDER/weather_dag_api.py', '--cfg-path', '/tmp/tmpnf4zkcxg']
[2023-04-26T18:34:09.591+0000] {standard_task_runner.py:83} INFO - Job 297: Subtask cities.view_data_Kyiv
[2023-04-26T18:34:10.146+0000] {task_command.py:389} INFO - Running <TaskInstance: weather_dag_api.cities.view_data_Kyiv manual__2023-04-26T18:33:30.885282+00:00 [running]> on host b46a99c748bd
[2023-04-26T18:34:11.936+0000] {taskinstance.py:1518} INFO - Exporting the following env vars:
AIRFLOW_CTX_DAG_OWNER=***
AIRFLOW_CTX_DAG_ID=weather_dag_api
AIRFLOW_CTX_TASK_ID=cities.view_data_Kyiv
AIRFLOW_CTX_EXECUTION_DATE=2023-04-26T18:33:30.885282+00:00
AIRFLOW_CTX_TRY_NUMBER=1
AIRFLOW_CTX_DAG_RUN_ID=manual__2023-04-26T18:33:30.885282+00:00
[2023-04-26T18:34:12.180+0000] {logging_mixin.py:137} INFO - data is  ['2023-04-25T10:20:00Z', 17.0, 0.0, 4.0, 'Kyiv']
[2023-04-26T18:34:12.215+0000] {logging_mixin.py:137} INFO - 2023-04-25T10:20:00Z
[2023-04-26T18:34:12.269+0000] {logging_mixin.py:137} INFO - 17.0
[2023-04-26T18:34:12.278+0000] {python.py:177} INFO - Done. Returned value was: None
[2023-04-26T18:34:12.691+0000] {taskinstance.py:1332} INFO - Marking task as SUCCESS. dag_id=weather_dag_api, task_id=cities.view_data_Kyiv, execution_date=20230426T183330, start_date=20230426T183409, end_date=20230426T183412
[2023-04-26T18:34:13.779+0000] {local_task_job.py:212} INFO - Task exited with return code 0
[2023-04-26T18:34:15.333+0000] {taskinstance.py:2596} INFO - 1 downstream tasks scheduled from follow-on schedule check
