[2023-04-26T17:17:39.175+0000] {taskinstance.py:1090} INFO - Dependencies all met for dep_context=non-requeueable deps ti=<TaskInstance: weather_dag_api.python_task1 manual__2023-04-26T17:17:34.181925+00:00 [queued]>
[2023-04-26T17:17:39.244+0000] {taskinstance.py:1090} INFO - Dependencies all met for dep_context=requeueable deps ti=<TaskInstance: weather_dag_api.python_task1 manual__2023-04-26T17:17:34.181925+00:00 [queued]>
[2023-04-26T17:17:39.248+0000] {taskinstance.py:1288} INFO - 
--------------------------------------------------------------------------------
[2023-04-26T17:17:39.249+0000] {taskinstance.py:1289} INFO - Starting attempt 1 of 1
[2023-04-26T17:17:39.253+0000] {taskinstance.py:1290} INFO - 
--------------------------------------------------------------------------------
[2023-04-26T17:17:39.414+0000] {taskinstance.py:1309} INFO - Executing <Task(PythonOperator): python_task1> on 2023-04-26 17:17:34.181925+00:00
[2023-04-26T17:17:39.479+0000] {standard_task_runner.py:55} INFO - Started process 5476 to run task
[2023-04-26T17:17:39.525+0000] {standard_task_runner.py:82} INFO - Running: ['***', 'tasks', 'run', 'weather_dag_api', 'python_task1', 'manual__2023-04-26T17:17:34.181925+00:00', '--job-id', '519', '--raw', '--subdir', 'DAGS_FOLDER/weather_dag_final.py', '--cfg-path', '/tmp/tmpl3xs5v94']
[2023-04-26T17:17:39.527+0000] {standard_task_runner.py:83} INFO - Job 519: Subtask python_task1
[2023-04-26T17:17:39.850+0000] {task_command.py:389} INFO - Running <TaskInstance: weather_dag_api.python_task1 manual__2023-04-26T17:17:34.181925+00:00 [running]> on host d48b88797b3b
[2023-04-26T17:17:40.314+0000] {taskinstance.py:1518} INFO - Exporting the following env vars:
AIRFLOW_CTX_DAG_OWNER=***
AIRFLOW_CTX_DAG_ID=weather_dag_api
AIRFLOW_CTX_TASK_ID=python_task1
AIRFLOW_CTX_EXECUTION_DATE=2023-04-26T17:17:34.181925+00:00
AIRFLOW_CTX_TRY_NUMBER=1
AIRFLOW_CTX_DAG_RUN_ID=manual__2023-04-26T17:17:34.181925+00:00
[2023-04-26T17:17:40.322+0000] {weather_dag_final.py:24} INFO - Starting db creation
[2023-04-26T17:17:40.341+0000] {python.py:177} INFO - Done. Returned value was: None
[2023-04-26T17:17:40.380+0000] {taskinstance.py:1332} INFO - Marking task as SUCCESS. dag_id=weather_dag_api, task_id=python_task1, execution_date=20230426T171734, start_date=20230426T171739, end_date=20230426T171740
[2023-04-26T17:17:40.504+0000] {local_task_job.py:212} INFO - Task exited with return code 0
[2023-04-26T17:17:40.967+0000] {dagrun.py:697} ERROR - Failed to get task for ti <TaskInstance: weather_dag_api.cities.view_data_Lviv manual__2023-04-26T17:17:34.181925+00:00 [None]>. Marking it as removed.
[2023-04-26T17:17:41.007+0000] {dagrun.py:697} ERROR - Failed to get task for ti <TaskInstance: weather_dag_api.cities.view_data_Kyiv manual__2023-04-26T17:17:34.181925+00:00 [None]>. Marking it as removed.
[2023-04-26T17:17:41.021+0000] {dagrun.py:697} ERROR - Failed to get task for ti <TaskInstance: weather_dag_api.cities.view_data_Kharkiv manual__2023-04-26T17:17:34.181925+00:00 [None]>. Marking it as removed.
[2023-04-26T17:17:41.034+0000] {dagrun.py:697} ERROR - Failed to get task for ti <TaskInstance: weather_dag_api.cities.view_data_Odesa manual__2023-04-26T17:17:34.181925+00:00 [None]>. Marking it as removed.
[2023-04-26T17:17:41.268+0000] {dagrun.py:697} ERROR - Failed to get task for ti <TaskInstance: weather_dag_api.cities.view_data_Zhmerynka manual__2023-04-26T17:17:34.181925+00:00 [None]>. Marking it as removed.
[2023-04-26T17:17:41.417+0000] {taskinstance.py:2596} INFO - 1 downstream tasks scheduled from follow-on schedule check
