[2023-04-26T19:02:58.510+0000] {taskinstance.py:1090} INFO - Dependencies all met for dep_context=non-requeueable deps ti=<TaskInstance: weather_dag_api.cities.process_data_Kharkiv manual__2023-04-26T19:02:39.931997+00:00 [queued]>
[2023-04-26T19:02:58.584+0000] {taskinstance.py:1090} INFO - Dependencies all met for dep_context=requeueable deps ti=<TaskInstance: weather_dag_api.cities.process_data_Kharkiv manual__2023-04-26T19:02:39.931997+00:00 [queued]>
[2023-04-26T19:02:58.586+0000] {taskinstance.py:1288} INFO - 
--------------------------------------------------------------------------------
[2023-04-26T19:02:58.587+0000] {taskinstance.py:1289} INFO - Starting attempt 1 of 1
[2023-04-26T19:02:58.588+0000] {taskinstance.py:1290} INFO - 
--------------------------------------------------------------------------------
[2023-04-26T19:02:58.762+0000] {taskinstance.py:1309} INFO - Executing <Task(PythonOperator): cities.process_data_Kharkiv> on 2023-04-26 19:02:39.931997+00:00
[2023-04-26T19:02:58.798+0000] {standard_task_runner.py:55} INFO - Started process 2677 to run task
[2023-04-26T19:02:58.834+0000] {standard_task_runner.py:82} INFO - Running: ['***', 'tasks', 'run', 'weather_dag_api', 'cities.process_data_Kharkiv', 'manual__2023-04-26T19:02:39.931997+00:00', '--job-id', '534', '--raw', '--subdir', 'DAGS_FOLDER/weather_dag_api.py', '--cfg-path', '/tmp/tmp2zwkotoz']
[2023-04-26T19:02:58.848+0000] {standard_task_runner.py:83} INFO - Job 534: Subtask cities.process_data_Kharkiv
[2023-04-26T19:02:59.528+0000] {task_command.py:389} INFO - Running <TaskInstance: weather_dag_api.cities.process_data_Kharkiv manual__2023-04-26T19:02:39.931997+00:00 [running]> on host b46a99c748bd
[2023-04-26T19:03:00.225+0000] {taskinstance.py:1518} INFO - Exporting the following env vars:
AIRFLOW_CTX_DAG_OWNER=***
AIRFLOW_CTX_DAG_ID=weather_dag_api
AIRFLOW_CTX_TASK_ID=cities.process_data_Kharkiv
AIRFLOW_CTX_EXECUTION_DATE=2023-04-26T19:02:39.931997+00:00
AIRFLOW_CTX_TRY_NUMBER=1
AIRFLOW_CTX_DAG_RUN_ID=manual__2023-04-26T19:02:39.931997+00:00
[2023-04-26T19:03:00.304+0000] {logging_mixin.py:137} INFO - 13.4
[2023-04-26T19:03:00.306+0000] {python.py:177} INFO - Done. Returned value was: ('2023-04-25T10:20:00Z', 13.4, 0.42, 2.7, 'Kharkiv')
[2023-04-26T19:03:00.555+0000] {taskinstance.py:1332} INFO - Marking task as SUCCESS. dag_id=weather_dag_api, task_id=cities.process_data_Kharkiv, execution_date=20230426T190239, start_date=20230426T190258, end_date=20230426T190300
[2023-04-26T19:03:00.889+0000] {local_task_job.py:212} INFO - Task exited with return code 0
[2023-04-26T19:03:01.262+0000] {taskinstance.py:2596} INFO - 0 downstream tasks scheduled from follow-on schedule check
