[2023-04-27T06:52:39.076+0000] {taskinstance.py:1090} INFO - Dependencies all met for dep_context=non-requeueable deps ti=<TaskInstance: weather_dag_api.cities.view_data_Kharkiv manual__2023-04-27T06:51:39.617091+00:00 [queued]>
[2023-04-27T06:52:39.198+0000] {taskinstance.py:1090} INFO - Dependencies all met for dep_context=requeueable deps ti=<TaskInstance: weather_dag_api.cities.view_data_Kharkiv manual__2023-04-27T06:51:39.617091+00:00 [queued]>
[2023-04-27T06:52:39.199+0000] {taskinstance.py:1288} INFO - 
--------------------------------------------------------------------------------
[2023-04-27T06:52:39.202+0000] {taskinstance.py:1289} INFO - Starting attempt 1 of 1
[2023-04-27T06:52:39.204+0000] {taskinstance.py:1290} INFO - 
--------------------------------------------------------------------------------
[2023-04-27T06:52:39.527+0000] {taskinstance.py:1309} INFO - Executing <Task(PythonOperator): cities.view_data_Kharkiv> on 2023-04-27 06:51:39.617091+00:00
[2023-04-27T06:52:39.655+0000] {standard_task_runner.py:82} INFO - Running: ['***', 'tasks', 'run', 'weather_dag_api', 'cities.view_data_Kharkiv', 'manual__2023-04-27T06:51:39.617091+00:00', '--job-id', '52', '--raw', '--subdir', 'DAGS_FOLDER/weather_dag_api copy.py', '--cfg-path', '/tmp/tmpjhnwkv2c']
[2023-04-27T06:52:39.667+0000] {standard_task_runner.py:83} INFO - Job 52: Subtask cities.view_data_Kharkiv
[2023-04-27T06:52:39.674+0000] {standard_task_runner.py:55} INFO - Started process 345 to run task
[2023-04-27T06:52:40.337+0000] {task_command.py:389} INFO - Running <TaskInstance: weather_dag_api.cities.view_data_Kharkiv manual__2023-04-27T06:51:39.617091+00:00 [running]> on host 80d943d8f5b4
[2023-04-27T06:52:40.678+0000] {taskinstance.py:1518} INFO - Exporting the following env vars:
AIRFLOW_CTX_DAG_OWNER=***
AIRFLOW_CTX_DAG_ID=weather_dag_api
AIRFLOW_CTX_TASK_ID=cities.view_data_Kharkiv
AIRFLOW_CTX_EXECUTION_DATE=2023-04-27T06:51:39.617091+00:00
AIRFLOW_CTX_TRY_NUMBER=1
AIRFLOW_CTX_DAG_RUN_ID=manual__2023-04-27T06:51:39.617091+00:00
[2023-04-27T06:52:40.751+0000] {logging_mixin.py:137} INFO - data is  ['2023-04-26T10:20:00Z', 18.4, 0.0, 4.3, 'Kharkiv']
[2023-04-27T06:52:40.753+0000] {logging_mixin.py:137} INFO - 2023-04-26T10:20:00Z
[2023-04-27T06:52:40.756+0000] {logging_mixin.py:137} INFO - 18.4
[2023-04-27T06:52:40.757+0000] {python.py:177} INFO - Done. Returned value was: None
[2023-04-27T06:52:40.809+0000] {taskinstance.py:1332} INFO - Marking task as SUCCESS. dag_id=weather_dag_api, task_id=cities.view_data_Kharkiv, execution_date=20230427T065139, start_date=20230427T065239, end_date=20230427T065240
[2023-04-27T06:52:40.875+0000] {local_task_job.py:212} INFO - Task exited with return code 0
[2023-04-27T06:52:40.920+0000] {taskinstance.py:2596} INFO - 0 downstream tasks scheduled from follow-on schedule check
