[2023-04-25T08:40:55.665+0000] {taskinstance.py:1090} INFO - Dependencies all met for dep_context=non-requeueable deps ti=<TaskInstance: weather_dag.python_task scheduled__2023-04-24T00:00:00+00:00 [queued]>
[2023-04-25T08:40:55.772+0000] {taskinstance.py:1090} INFO - Dependencies all met for dep_context=requeueable deps ti=<TaskInstance: weather_dag.python_task scheduled__2023-04-24T00:00:00+00:00 [queued]>
[2023-04-25T08:40:55.781+0000] {taskinstance.py:1288} INFO - 
--------------------------------------------------------------------------------
[2023-04-25T08:40:55.786+0000] {taskinstance.py:1289} INFO - Starting attempt 1 of 1
[2023-04-25T08:40:55.790+0000] {taskinstance.py:1290} INFO - 
--------------------------------------------------------------------------------
[2023-04-25T08:40:56.008+0000] {taskinstance.py:1309} INFO - Executing <Task(PythonOperator): python_task> on 2023-04-24 00:00:00+00:00
[2023-04-25T08:40:56.059+0000] {standard_task_runner.py:55} INFO - Started process 747 to run task
[2023-04-25T08:40:56.086+0000] {standard_task_runner.py:82} INFO - Running: ['***', 'tasks', 'run', 'weather_dag', 'python_task', 'scheduled__2023-04-24T00:00:00+00:00', '--job-id', '12', '--raw', '--subdir', 'DAGS_FOLDER/weather_dag.py', '--cfg-path', '/tmp/tmpj5ujq1o8']
[2023-04-25T08:40:56.089+0000] {standard_task_runner.py:83} INFO - Job 12: Subtask python_task
[2023-04-25T08:40:56.672+0000] {task_command.py:389} INFO - Running <TaskInstance: weather_dag.python_task scheduled__2023-04-24T00:00:00+00:00 [running]> on host d5e7c089f50a
[2023-04-25T08:40:57.236+0000] {taskinstance.py:1518} INFO - Exporting the following env vars:
AIRFLOW_CTX_DAG_OWNER=***
AIRFLOW_CTX_DAG_ID=weather_dag
AIRFLOW_CTX_TASK_ID=python_task
AIRFLOW_CTX_EXECUTION_DATE=2023-04-24T00:00:00+00:00
AIRFLOW_CTX_TRY_NUMBER=1
AIRFLOW_CTX_DAG_RUN_ID=scheduled__2023-04-24T00:00:00+00:00
[2023-04-25T08:40:57.239+0000] {weather_dag.py:6} INFO - Hello, World!
[2023-04-25T08:40:57.241+0000] {python.py:177} INFO - Done. Returned value was: None
[2023-04-25T08:40:57.278+0000] {taskinstance.py:1332} INFO - Marking task as SUCCESS. dag_id=weather_dag, task_id=python_task, execution_date=20230424T000000, start_date=20230425T084055, end_date=20230425T084057
[2023-04-25T08:40:57.366+0000] {local_task_job.py:212} INFO - Task exited with return code 0
[2023-04-25T08:40:57.410+0000] {taskinstance.py:2596} INFO - 0 downstream tasks scheduled from follow-on schedule check
