[2023-04-27T07:05:54.297+0000] {taskinstance.py:1090} INFO - Dependencies all met for dep_context=non-requeueable deps ti=<TaskInstance: weather_dag_api.cities.process_data_Lviv scheduled__2023-04-26T00:00:00+00:00 [queued]>
[2023-04-27T07:05:56.635+0000] {taskinstance.py:1090} INFO - Dependencies all met for dep_context=requeueable deps ti=<TaskInstance: weather_dag_api.cities.process_data_Lviv scheduled__2023-04-26T00:00:00+00:00 [queued]>
[2023-04-27T07:05:56.674+0000] {taskinstance.py:1288} INFO - 
--------------------------------------------------------------------------------
[2023-04-27T07:05:56.677+0000] {taskinstance.py:1289} INFO - Starting attempt 1 of 1
[2023-04-27T07:05:56.682+0000] {taskinstance.py:1290} INFO - 
--------------------------------------------------------------------------------
[2023-04-27T07:05:57.707+0000] {taskinstance.py:1309} INFO - Executing <Task(PythonOperator): cities.process_data_Lviv> on 2023-04-26 00:00:00+00:00
[2023-04-27T07:05:57.891+0000] {standard_task_runner.py:55} INFO - Started process 725 to run task
[2023-04-27T07:05:58.162+0000] {standard_task_runner.py:82} INFO - Running: ['***', 'tasks', 'run', 'weather_dag_api', 'cities.process_data_Lviv', 'scheduled__2023-04-26T00:00:00+00:00', '--job-id', '114', '--raw', '--subdir', 'DAGS_FOLDER/weather_dag_api.py', '--cfg-path', '/tmp/tmpos8zxteu']
[2023-04-27T07:05:58.187+0000] {standard_task_runner.py:83} INFO - Job 114: Subtask cities.process_data_Lviv
[2023-04-27T07:06:03.300+0000] {task_command.py:389} INFO - Running <TaskInstance: weather_dag_api.cities.process_data_Lviv scheduled__2023-04-26T00:00:00+00:00 [running]> on host 80d943d8f5b4
[2023-04-27T07:06:06.503+0000] {taskinstance.py:1518} INFO - Exporting the following env vars:
AIRFLOW_CTX_DAG_OWNER=***
AIRFLOW_CTX_DAG_ID=weather_dag_api
AIRFLOW_CTX_TASK_ID=cities.process_data_Lviv
AIRFLOW_CTX_EXECUTION_DATE=2023-04-26T00:00:00+00:00
AIRFLOW_CTX_TRY_NUMBER=1
AIRFLOW_CTX_DAG_RUN_ID=scheduled__2023-04-26T00:00:00+00:00
[2023-04-27T07:06:06.633+0000] {logging_mixin.py:137} INFO - 5.7
[2023-04-27T07:06:06.635+0000] {python.py:177} INFO - Done. Returned value was: ('2023-04-26T05:20:00Z', 5.7, 0.4, 5.8, 'Lviv')
[2023-04-27T07:06:07.389+0000] {taskinstance.py:1332} INFO - Marking task as SUCCESS. dag_id=weather_dag_api, task_id=cities.process_data_Lviv, execution_date=20230426T000000, start_date=20230427T070554, end_date=20230427T070607
[2023-04-27T07:06:07.972+0000] {local_task_job.py:212} INFO - Task exited with return code 0
[2023-04-27T07:06:08.994+0000] {taskinstance.py:2596} INFO - 1 downstream tasks scheduled from follow-on schedule check
