[2023-04-26T18:05:10.260+0000] {taskinstance.py:1090} INFO - Dependencies all met for dep_context=non-requeueable deps ti=<TaskInstance: weather_dag_api.cities.view_data_Lviv manual__2023-04-26T18:04:38.316670+00:00 [queued]>
[2023-04-26T18:05:10.379+0000] {taskinstance.py:1090} INFO - Dependencies all met for dep_context=requeueable deps ti=<TaskInstance: weather_dag_api.cities.view_data_Lviv manual__2023-04-26T18:04:38.316670+00:00 [queued]>
[2023-04-26T18:05:10.381+0000] {taskinstance.py:1288} INFO - 
--------------------------------------------------------------------------------
[2023-04-26T18:05:10.382+0000] {taskinstance.py:1289} INFO - Starting attempt 1 of 1
[2023-04-26T18:05:10.383+0000] {taskinstance.py:1290} INFO - 
--------------------------------------------------------------------------------
[2023-04-26T18:05:10.544+0000] {taskinstance.py:1309} INFO - Executing <Task(PythonOperator): cities.view_data_Lviv> on 2023-04-26 18:04:38.316670+00:00
[2023-04-26T18:05:10.575+0000] {standard_task_runner.py:55} INFO - Started process 903 to run task
[2023-04-26T18:05:10.606+0000] {standard_task_runner.py:82} INFO - Running: ['***', 'tasks', 'run', 'weather_dag_api', 'cities.view_data_Lviv', 'manual__2023-04-26T18:04:38.316670+00:00', '--job-id', '164', '--raw', '--subdir', 'DAGS_FOLDER/weather_dag_api.py', '--cfg-path', '/tmp/tmphstb65bg']
[2023-04-26T18:05:10.613+0000] {standard_task_runner.py:83} INFO - Job 164: Subtask cities.view_data_Lviv
[2023-04-26T18:05:11.042+0000] {task_command.py:389} INFO - Running <TaskInstance: weather_dag_api.cities.view_data_Lviv manual__2023-04-26T18:04:38.316670+00:00 [running]> on host b46a99c748bd
[2023-04-26T18:05:11.693+0000] {taskinstance.py:1518} INFO - Exporting the following env vars:
AIRFLOW_CTX_DAG_OWNER=***
AIRFLOW_CTX_DAG_ID=weather_dag_api
AIRFLOW_CTX_TASK_ID=cities.view_data_Lviv
AIRFLOW_CTX_EXECUTION_DATE=2023-04-26T18:04:38.316670+00:00
AIRFLOW_CTX_TRY_NUMBER=1
AIRFLOW_CTX_DAG_RUN_ID=manual__2023-04-26T18:04:38.316670+00:00
[2023-04-26T18:05:11.784+0000] {logging_mixin.py:137} INFO - data is  ['2023-04-25T10:20:00Z', 15.1, 0.0, 2.0, 'Lviv']
[2023-04-26T18:05:11.785+0000] {logging_mixin.py:137} INFO - 2023-04-25T10:20:00Z
[2023-04-26T18:05:11.786+0000] {logging_mixin.py:137} INFO - 15.1
[2023-04-26T18:05:11.787+0000] {python.py:177} INFO - Done. Returned value was: None
[2023-04-26T18:05:11.877+0000] {taskinstance.py:1332} INFO - Marking task as SUCCESS. dag_id=weather_dag_api, task_id=cities.view_data_Lviv, execution_date=20230426T180438, start_date=20230426T180510, end_date=20230426T180511
[2023-04-26T18:05:11.995+0000] {local_task_job.py:212} INFO - Task exited with return code 0
[2023-04-26T18:05:12.218+0000] {taskinstance.py:2596} INFO - 1 downstream tasks scheduled from follow-on schedule check
