[2023-04-27T07:05:14.833+0000] {taskinstance.py:1090} INFO - Dependencies all met for dep_context=non-requeueable deps ti=<TaskInstance: weather_dag_api.cities.extract_data_Kyiv manual__2023-04-27T07:04:55.413748+00:00 [queued]>
[2023-04-27T07:05:14.934+0000] {taskinstance.py:1090} INFO - Dependencies all met for dep_context=requeueable deps ti=<TaskInstance: weather_dag_api.cities.extract_data_Kyiv manual__2023-04-27T07:04:55.413748+00:00 [queued]>
[2023-04-27T07:05:14.937+0000] {taskinstance.py:1288} INFO - 
--------------------------------------------------------------------------------
[2023-04-27T07:05:14.939+0000] {taskinstance.py:1289} INFO - Starting attempt 1 of 1
[2023-04-27T07:05:14.940+0000] {taskinstance.py:1290} INFO - 
--------------------------------------------------------------------------------
[2023-04-27T07:05:15.279+0000] {taskinstance.py:1309} INFO - Executing <Task(SimpleHttpOperator): cities.extract_data_Kyiv> on 2023-04-27 07:04:55.413748+00:00
[2023-04-27T07:05:15.382+0000] {standard_task_runner.py:55} INFO - Started process 687 to run task
[2023-04-27T07:05:15.469+0000] {standard_task_runner.py:82} INFO - Running: ['***', 'tasks', 'run', 'weather_dag_api', 'cities.extract_data_Kyiv', 'manual__2023-04-27T07:04:55.413748+00:00', '--job-id', '97', '--raw', '--subdir', 'DAGS_FOLDER/weather_dag_api.py', '--cfg-path', '/tmp/tmp8qvw4u6e']
[2023-04-27T07:05:15.537+0000] {standard_task_runner.py:83} INFO - Job 97: Subtask cities.extract_data_Kyiv
[2023-04-27T07:05:16.696+0000] {task_command.py:389} INFO - Running <TaskInstance: weather_dag_api.cities.extract_data_Kyiv manual__2023-04-27T07:04:55.413748+00:00 [running]> on host 80d943d8f5b4
[2023-04-27T07:05:19.375+0000] {taskinstance.py:1518} INFO - Exporting the following env vars:
AIRFLOW_CTX_DAG_OWNER=***
AIRFLOW_CTX_DAG_ID=weather_dag_api
AIRFLOW_CTX_TASK_ID=cities.extract_data_Kyiv
AIRFLOW_CTX_EXECUTION_DATE=2023-04-27T07:04:55.413748+00:00
AIRFLOW_CTX_TRY_NUMBER=1
AIRFLOW_CTX_DAG_RUN_ID=manual__2023-04-27T07:04:55.413748+00:00
[2023-04-27T07:05:19.442+0000] {http.py:123} INFO - Calling HTTP method
[2023-04-27T07:05:20.035+0000] {base.py:73} INFO - Using connection ID 'weather_conn' for task execution.
[2023-04-27T07:05:23.761+0000] {http.py:127} INFO - {"version":"3.0","user":"__-_stuff","dateGenerated":"2023-04-27T07:05:23Z","status":"OK","data":[{"parameter":"t_2m:C","coordinates":[{"lat":50.450034,"lon":30.524136,"dates":[{"date":"2023-04-26T05:20:00Z","value":10.2}]}]},{"parameter":"precip_1h:mm","coordinates":[{"lat":50.450034,"lon":30.524136,"dates":[{"date":"2023-04-26T05:20:00Z","value":0.00}]}]},{"parameter":"wind_speed_10m:ms","coordinates":[{"lat":50.450034,"lon":30.524136,"dates":[{"date":"2023-04-26T05:20:00Z","value":3.6}]}]}]}

[2023-04-27T07:05:25.086+0000] {taskinstance.py:1332} INFO - Marking task as SUCCESS. dag_id=weather_dag_api, task_id=cities.extract_data_Kyiv, execution_date=20230427T070455, start_date=20230427T070514, end_date=20230427T070525
[2023-04-27T07:05:27.073+0000] {local_task_job.py:212} INFO - Task exited with return code 0
[2023-04-27T07:05:29.749+0000] {taskinstance.py:2596} INFO - 0 downstream tasks scheduled from follow-on schedule check
