[2023-04-25T20:41:25.806+0000] {taskinstance.py:1090} INFO - Dependencies all met for dep_context=non-requeueable deps ti=<TaskInstance: weather_dag_api.process_data manual__2023-04-25T20:41:01.065222+00:00 [queued]>
[2023-04-25T20:41:25.850+0000] {taskinstance.py:1090} INFO - Dependencies all met for dep_context=requeueable deps ti=<TaskInstance: weather_dag_api.process_data manual__2023-04-25T20:41:01.065222+00:00 [queued]>
[2023-04-25T20:41:25.853+0000] {taskinstance.py:1288} INFO - 
--------------------------------------------------------------------------------
[2023-04-25T20:41:25.855+0000] {taskinstance.py:1289} INFO - Starting attempt 1 of 1
[2023-04-25T20:41:25.858+0000] {taskinstance.py:1290} INFO - 
--------------------------------------------------------------------------------
[2023-04-25T20:41:25.925+0000] {taskinstance.py:1309} INFO - Executing <Task(PythonOperator): process_data> on 2023-04-25 20:41:01.065222+00:00
[2023-04-25T20:41:25.940+0000] {standard_task_runner.py:55} INFO - Started process 2414 to run task
[2023-04-25T20:41:25.947+0000] {standard_task_runner.py:82} INFO - Running: ['***', 'tasks', 'run', 'weather_dag_api', 'process_data', 'manual__2023-04-25T20:41:01.065222+00:00', '--job-id', '52', '--raw', '--subdir', 'DAGS_FOLDER/weather_dag_api.py', '--cfg-path', '/tmp/tmpeh1jvr1c']
[2023-04-25T20:41:25.950+0000] {standard_task_runner.py:83} INFO - Job 52: Subtask process_data
[2023-04-25T20:41:26.139+0000] {task_command.py:389} INFO - Running <TaskInstance: weather_dag_api.process_data manual__2023-04-25T20:41:01.065222+00:00 [running]> on host 9dd0afd831d3
[2023-04-25T20:41:26.459+0000] {taskinstance.py:1518} INFO - Exporting the following env vars:
AIRFLOW_CTX_DAG_OWNER=***
AIRFLOW_CTX_DAG_ID=weather_dag_api
AIRFLOW_CTX_TASK_ID=process_data
AIRFLOW_CTX_EXECUTION_DATE=2023-04-25T20:41:01.065222+00:00
AIRFLOW_CTX_TRY_NUMBER=1
AIRFLOW_CTX_DAG_RUN_ID=manual__2023-04-25T20:41:01.065222+00:00
[2023-04-25T20:41:26.502+0000] {logging_mixin.py:137} INFO - [{'lat': 49.841952, 'lon': 24.031592, 'dates': [{'date': '2023-04-25T10:20:00Z', 'value': 15.1}]}]
[2023-04-25T20:41:26.508+0000] {python.py:177} INFO - Done. Returned value was: None
[2023-04-25T20:41:26.540+0000] {taskinstance.py:1332} INFO - Marking task as SUCCESS. dag_id=weather_dag_api, task_id=process_data, execution_date=20230425T204101, start_date=20230425T204125, end_date=20230425T204126
[2023-04-25T20:41:26.625+0000] {local_task_job.py:212} INFO - Task exited with return code 0
[2023-04-25T20:41:26.696+0000] {taskinstance.py:2596} INFO - 0 downstream tasks scheduled from follow-on schedule check
