[2023-04-26T15:07:44.563+0000] {taskinstance.py:1090} INFO - Dependencies all met for dep_context=non-requeueable deps ti=<TaskInstance: weather_dag_api.cities.process_data_Kyiv manual__2023-04-26T15:07:12.913266+00:00 [queued]>
[2023-04-26T15:07:44.810+0000] {taskinstance.py:1090} INFO - Dependencies all met for dep_context=requeueable deps ti=<TaskInstance: weather_dag_api.cities.process_data_Kyiv manual__2023-04-26T15:07:12.913266+00:00 [queued]>
[2023-04-26T15:07:44.817+0000] {taskinstance.py:1288} INFO - 
--------------------------------------------------------------------------------
[2023-04-26T15:07:44.820+0000] {taskinstance.py:1289} INFO - Starting attempt 1 of 1
[2023-04-26T15:07:44.830+0000] {taskinstance.py:1290} INFO - 
--------------------------------------------------------------------------------
[2023-04-26T15:07:44.986+0000] {taskinstance.py:1309} INFO - Executing <Task(PythonOperator): cities.process_data_Kyiv> on 2023-04-26 15:07:12.913266+00:00
[2023-04-26T15:07:45.011+0000] {standard_task_runner.py:55} INFO - Started process 2288 to run task
[2023-04-26T15:07:45.066+0000] {standard_task_runner.py:82} INFO - Running: ['***', 'tasks', 'run', 'weather_dag_api', 'cities.process_data_Kyiv', 'manual__2023-04-26T15:07:12.913266+00:00', '--job-id', '104', '--raw', '--subdir', 'DAGS_FOLDER/weather_dag_api.py', '--cfg-path', '/tmp/tmp93baeo95']
[2023-04-26T15:07:45.071+0000] {standard_task_runner.py:83} INFO - Job 104: Subtask cities.process_data_Kyiv
[2023-04-26T15:07:45.550+0000] {task_command.py:389} INFO - Running <TaskInstance: weather_dag_api.cities.process_data_Kyiv manual__2023-04-26T15:07:12.913266+00:00 [running]> on host d48b88797b3b
[2023-04-26T15:07:46.401+0000] {taskinstance.py:1518} INFO - Exporting the following env vars:
AIRFLOW_CTX_DAG_OWNER=***
AIRFLOW_CTX_DAG_ID=weather_dag_api
AIRFLOW_CTX_TASK_ID=cities.process_data_Kyiv
AIRFLOW_CTX_EXECUTION_DATE=2023-04-26T15:07:12.913266+00:00
AIRFLOW_CTX_TRY_NUMBER=1
AIRFLOW_CTX_DAG_RUN_ID=manual__2023-04-26T15:07:12.913266+00:00
[2023-04-26T15:07:46.582+0000] {logging_mixin.py:137} INFO - 17.0
[2023-04-26T15:07:46.585+0000] {python.py:177} INFO - Done. Returned value was: ('2023-04-25T10:20:00Z', 17.0, 0.0, 4.0, 'Kyiv')
[2023-04-26T15:07:46.954+0000] {taskinstance.py:1332} INFO - Marking task as SUCCESS. dag_id=weather_dag_api, task_id=cities.process_data_Kyiv, execution_date=20230426T150712, start_date=20230426T150744, end_date=20230426T150746
[2023-04-26T15:07:47.077+0000] {local_task_job.py:212} INFO - Task exited with return code 0
[2023-04-26T15:07:47.662+0000] {taskinstance.py:2596} INFO - 1 downstream tasks scheduled from follow-on schedule check
