[2023-04-26T17:13:18.903+0000] {taskinstance.py:1090} INFO - Dependencies all met for dep_context=non-requeueable deps ti=<TaskInstance: weather_dag_api.cities.process_data_Odesa manual__2023-04-26T17:12:49.794539+00:00 [queued]>
[2023-04-26T17:13:19.196+0000] {taskinstance.py:1090} INFO - Dependencies all met for dep_context=requeueable deps ti=<TaskInstance: weather_dag_api.cities.process_data_Odesa manual__2023-04-26T17:12:49.794539+00:00 [queued]>
[2023-04-26T17:13:19.213+0000] {taskinstance.py:1288} INFO - 
--------------------------------------------------------------------------------
[2023-04-26T17:13:19.228+0000] {taskinstance.py:1289} INFO - Starting attempt 1 of 1
[2023-04-26T17:13:19.238+0000] {taskinstance.py:1290} INFO - 
--------------------------------------------------------------------------------
[2023-04-26T17:13:19.540+0000] {taskinstance.py:1309} INFO - Executing <Task(PythonOperator): cities.process_data_Odesa> on 2023-04-26 17:12:49.794539+00:00
[2023-04-26T17:13:19.556+0000] {standard_task_runner.py:55} INFO - Started process 5388 to run task
[2023-04-26T17:13:19.574+0000] {standard_task_runner.py:82} INFO - Running: ['***', 'tasks', 'run', 'weather_dag_api', 'cities.process_data_Odesa', 'manual__2023-04-26T17:12:49.794539+00:00', '--job-id', '510', '--raw', '--subdir', 'DAGS_FOLDER/weather_dag_api.py', '--cfg-path', '/tmp/tmp47cyryxz']
[2023-04-26T17:13:19.575+0000] {standard_task_runner.py:83} INFO - Job 510: Subtask cities.process_data_Odesa
[2023-04-26T17:13:20.367+0000] {task_command.py:389} INFO - Running <TaskInstance: weather_dag_api.cities.process_data_Odesa manual__2023-04-26T17:12:49.794539+00:00 [running]> on host d48b88797b3b
[2023-04-26T17:13:21.433+0000] {taskinstance.py:1518} INFO - Exporting the following env vars:
AIRFLOW_CTX_DAG_OWNER=***
AIRFLOW_CTX_DAG_ID=weather_dag_api
AIRFLOW_CTX_TASK_ID=cities.process_data_Odesa
AIRFLOW_CTX_EXECUTION_DATE=2023-04-26T17:12:49.794539+00:00
AIRFLOW_CTX_TRY_NUMBER=1
AIRFLOW_CTX_DAG_RUN_ID=manual__2023-04-26T17:12:49.794539+00:00
[2023-04-26T17:13:21.647+0000] {logging_mixin.py:137} INFO - 16.2
[2023-04-26T17:13:21.687+0000] {python.py:177} INFO - Done. Returned value was: ('2023-04-25T10:20:00Z', 16.2, 0.06, 5.7, 'Odesa')
[2023-04-26T17:13:22.210+0000] {taskinstance.py:1332} INFO - Marking task as SUCCESS. dag_id=weather_dag_api, task_id=cities.process_data_Odesa, execution_date=20230426T171249, start_date=20230426T171318, end_date=20230426T171322
[2023-04-26T17:13:22.492+0000] {local_task_job.py:212} INFO - Task exited with return code 0
[2023-04-26T17:13:23.194+0000] {taskinstance.py:2596} INFO - 0 downstream tasks scheduled from follow-on schedule check
