[2023-04-26T18:24:03.480+0000] {taskinstance.py:1090} INFO - Dependencies all met for dep_context=non-requeueable deps ti=<TaskInstance: weather_dag_api.cities.view_data_Lviv manual__2023-04-26T18:23:33.960255+00:00 [queued]>
[2023-04-26T18:24:03.573+0000] {taskinstance.py:1090} INFO - Dependencies all met for dep_context=requeueable deps ti=<TaskInstance: weather_dag_api.cities.view_data_Lviv manual__2023-04-26T18:23:33.960255+00:00 [queued]>
[2023-04-26T18:24:03.577+0000] {taskinstance.py:1288} INFO - 
--------------------------------------------------------------------------------
[2023-04-26T18:24:03.578+0000] {taskinstance.py:1289} INFO - Starting attempt 1 of 1
[2023-04-26T18:24:03.579+0000] {taskinstance.py:1290} INFO - 
--------------------------------------------------------------------------------
[2023-04-26T18:24:03.862+0000] {taskinstance.py:1309} INFO - Executing <Task(PythonOperator): cities.view_data_Lviv> on 2023-04-26 18:23:33.960255+00:00
[2023-04-26T18:24:03.910+0000] {standard_task_runner.py:55} INFO - Started process 1426 to run task
[2023-04-26T18:24:03.930+0000] {standard_task_runner.py:82} INFO - Running: ['***', 'tasks', 'run', 'weather_dag_api', 'cities.view_data_Lviv', 'manual__2023-04-26T18:23:33.960255+00:00', '--job-id', '252', '--raw', '--subdir', 'DAGS_FOLDER/weather_dag_api.py', '--cfg-path', '/tmp/tmp_rwlru6m']
[2023-04-26T18:24:03.934+0000] {standard_task_runner.py:83} INFO - Job 252: Subtask cities.view_data_Lviv
[2023-04-26T18:24:04.749+0000] {task_command.py:389} INFO - Running <TaskInstance: weather_dag_api.cities.view_data_Lviv manual__2023-04-26T18:23:33.960255+00:00 [running]> on host b46a99c748bd
[2023-04-26T18:24:05.878+0000] {taskinstance.py:1518} INFO - Exporting the following env vars:
AIRFLOW_CTX_DAG_OWNER=***
AIRFLOW_CTX_DAG_ID=weather_dag_api
AIRFLOW_CTX_TASK_ID=cities.view_data_Lviv
AIRFLOW_CTX_EXECUTION_DATE=2023-04-26T18:23:33.960255+00:00
AIRFLOW_CTX_TRY_NUMBER=1
AIRFLOW_CTX_DAG_RUN_ID=manual__2023-04-26T18:23:33.960255+00:00
[2023-04-26T18:24:05.998+0000] {logging_mixin.py:137} INFO - data is  ['2023-04-25T10:20:00Z', 15.1, 0.0, 2.0, 'Lviv']
[2023-04-26T18:24:06.006+0000] {logging_mixin.py:137} INFO - 2023-04-25T10:20:00Z
[2023-04-26T18:24:06.007+0000] {logging_mixin.py:137} INFO - 15.1
[2023-04-26T18:24:06.010+0000] {python.py:177} INFO - Done. Returned value was: None
[2023-04-26T18:24:06.145+0000] {taskinstance.py:1332} INFO - Marking task as SUCCESS. dag_id=weather_dag_api, task_id=cities.view_data_Lviv, execution_date=20230426T182333, start_date=20230426T182403, end_date=20230426T182406
[2023-04-26T18:24:06.446+0000] {local_task_job.py:212} INFO - Task exited with return code 0
[2023-04-26T18:24:07.028+0000] {taskinstance.py:2596} INFO - 0 downstream tasks scheduled from follow-on schedule check
