[2023-04-26T16:55:21.123+0000] {taskinstance.py:1090} INFO - Dependencies all met for dep_context=non-requeueable deps ti=<TaskInstance: weather_dag_api.python_task1 manual__2023-04-26T16:55:18.231815+00:00 [queued]>
[2023-04-26T16:55:21.171+0000] {taskinstance.py:1090} INFO - Dependencies all met for dep_context=requeueable deps ti=<TaskInstance: weather_dag_api.python_task1 manual__2023-04-26T16:55:18.231815+00:00 [queued]>
[2023-04-26T16:55:21.173+0000] {taskinstance.py:1288} INFO - 
--------------------------------------------------------------------------------
[2023-04-26T16:55:21.175+0000] {taskinstance.py:1289} INFO - Starting attempt 1 of 1
[2023-04-26T16:55:21.177+0000] {taskinstance.py:1290} INFO - 
--------------------------------------------------------------------------------
[2023-04-26T16:55:21.212+0000] {taskinstance.py:1309} INFO - Executing <Task(PythonOperator): python_task1> on 2023-04-26 16:55:18.231815+00:00
[2023-04-26T16:55:21.220+0000] {standard_task_runner.py:55} INFO - Started process 4977 to run task
[2023-04-26T16:55:21.229+0000] {standard_task_runner.py:82} INFO - Running: ['***', 'tasks', 'run', 'weather_dag_api', 'python_task1', 'manual__2023-04-26T16:55:18.231815+00:00', '--job-id', '468', '--raw', '--subdir', 'DAGS_FOLDER/weather_dag_api.py', '--cfg-path', '/tmp/tmpu79rej2o']
[2023-04-26T16:55:21.231+0000] {standard_task_runner.py:83} INFO - Job 468: Subtask python_task1
[2023-04-26T16:55:21.411+0000] {task_command.py:389} INFO - Running <TaskInstance: weather_dag_api.python_task1 manual__2023-04-26T16:55:18.231815+00:00 [running]> on host d48b88797b3b
[2023-04-26T16:55:21.566+0000] {taskinstance.py:1518} INFO - Exporting the following env vars:
AIRFLOW_CTX_DAG_OWNER=***
AIRFLOW_CTX_DAG_ID=weather_dag_api
AIRFLOW_CTX_TASK_ID=python_task1
AIRFLOW_CTX_EXECUTION_DATE=2023-04-26T16:55:18.231815+00:00
AIRFLOW_CTX_TRY_NUMBER=1
AIRFLOW_CTX_DAG_RUN_ID=manual__2023-04-26T16:55:18.231815+00:00
[2023-04-26T16:55:21.569+0000] {weather_dag_api.py:24} INFO - Starting db creation
[2023-04-26T16:55:21.577+0000] {python.py:177} INFO - Done. Returned value was: None
[2023-04-26T16:55:21.633+0000] {taskinstance.py:1332} INFO - Marking task as SUCCESS. dag_id=weather_dag_api, task_id=python_task1, execution_date=20230426T165518, start_date=20230426T165521, end_date=20230426T165521
[2023-04-26T16:55:21.752+0000] {local_task_job.py:212} INFO - Task exited with return code 0
[2023-04-26T16:55:21.956+0000] {taskinstance.py:2596} INFO - 1 downstream tasks scheduled from follow-on schedule check
