[2023-04-26T18:47:09.545+0000] {taskinstance.py:1090} INFO - Dependencies all met for dep_context=non-requeueable deps ti=<TaskInstance: weather_dag_api.cities.insert_data_Kharkiv manual__2023-04-26T18:46:27.421244+00:00 [queued]>
[2023-04-26T18:47:09.765+0000] {taskinstance.py:1090} INFO - Dependencies all met for dep_context=requeueable deps ti=<TaskInstance: weather_dag_api.cities.insert_data_Kharkiv manual__2023-04-26T18:46:27.421244+00:00 [queued]>
[2023-04-26T18:47:09.810+0000] {taskinstance.py:1288} INFO - 
--------------------------------------------------------------------------------
[2023-04-26T18:47:09.834+0000] {taskinstance.py:1289} INFO - Starting attempt 1 of 1
[2023-04-26T18:47:09.842+0000] {taskinstance.py:1290} INFO - 
--------------------------------------------------------------------------------
[2023-04-26T18:47:10.041+0000] {taskinstance.py:1309} INFO - Executing <Task(PostgresOperator): cities.insert_data_Kharkiv> on 2023-04-26 18:46:27.421244+00:00
[2023-04-26T18:47:10.115+0000] {standard_task_runner.py:55} INFO - Started process 2064 to run task
[2023-04-26T18:47:10.131+0000] {standard_task_runner.py:82} INFO - Running: ['***', 'tasks', 'run', 'weather_dag_api', 'cities.insert_data_Kharkiv', 'manual__2023-04-26T18:46:27.421244+00:00', '--job-id', '369', '--raw', '--subdir', 'DAGS_FOLDER/weather_dag_api.py', '--cfg-path', '/tmp/tmpwce9ere7']
[2023-04-26T18:47:10.138+0000] {standard_task_runner.py:83} INFO - Job 369: Subtask cities.insert_data_Kharkiv
[2023-04-26T18:47:10.686+0000] {task_command.py:389} INFO - Running <TaskInstance: weather_dag_api.cities.insert_data_Kharkiv manual__2023-04-26T18:46:27.421244+00:00 [running]> on host b46a99c748bd
[2023-04-26T18:47:11.666+0000] {taskinstance.py:1518} INFO - Exporting the following env vars:
AIRFLOW_CTX_DAG_OWNER=***
AIRFLOW_CTX_DAG_ID=weather_dag_api
AIRFLOW_CTX_TASK_ID=cities.insert_data_Kharkiv
AIRFLOW_CTX_EXECUTION_DATE=2023-04-26T18:46:27.421244+00:00
AIRFLOW_CTX_TRY_NUMBER=1
AIRFLOW_CTX_DAG_RUN_ID=manual__2023-04-26T18:46:27.421244+00:00
[2023-04-26T18:47:11.669+0000] {sql.py:254} INFO - Executing: INSERT INTO measurements (temp) VALUES ("{'cities.process_data_Kharkiv'}")
[2023-04-26T18:47:11.725+0000] {base.py:73} INFO - Using connection ID 'postgres_conn' for task execution.
[2023-04-26T18:47:14.302+0000] {base.py:73} INFO - Using connection ID 'postgres_conn' for task execution.
[2023-04-26T18:47:14.326+0000] {sql.py:375} INFO - Running statement: INSERT INTO measurements (temp) VALUES ("{'cities.process_data_Kharkiv'}"), parameters: None
[2023-04-26T18:47:14.333+0000] {taskinstance.py:1776} ERROR - Task failed with exception
Traceback (most recent call last):
  File "/home/airflow/.local/lib/python3.7/site-packages/airflow/providers/common/sql/operators/sql.py", line 266, in execute
    **extra_kwargs,
  File "/home/airflow/.local/lib/python3.7/site-packages/airflow/providers/common/sql/hooks/sql.py", line 349, in run
    self._run_command(cur, sql_statement, parameters)
  File "/home/airflow/.local/lib/python3.7/site-packages/airflow/providers/common/sql/hooks/sql.py", line 380, in _run_command
    cur.execute(sql_statement)
psycopg2.errors.UndefinedColumn: column "{'cities.process_data_Kharkiv'}" does not exist
LINE 1: INSERT INTO measurements (temp) VALUES ("{'cities.process_da...
                                                ^

[2023-04-26T18:47:14.397+0000] {taskinstance.py:1332} INFO - Marking task as FAILED. dag_id=weather_dag_api, task_id=cities.insert_data_Kharkiv, execution_date=20230426T184627, start_date=20230426T184709, end_date=20230426T184714
[2023-04-26T18:47:14.494+0000] {standard_task_runner.py:105} ERROR - Failed to execute job 369 for task cities.insert_data_Kharkiv (column "{'cities.process_data_Kharkiv'}" does not exist
LINE 1: INSERT INTO measurements (temp) VALUES ("{'cities.process_da...
                                                ^
; 2064)
[2023-04-26T18:47:14.566+0000] {local_task_job.py:212} INFO - Task exited with return code 1
[2023-04-26T18:47:15.079+0000] {taskinstance.py:2596} INFO - 0 downstream tasks scheduled from follow-on schedule check
