[2023-04-27T07:05:47.694+0000] {taskinstance.py:1090} INFO - Dependencies all met for dep_context=non-requeueable deps ti=<TaskInstance: weather_dag_api.cities.process_data_Odesa manual__2023-04-27T07:04:55.413748+00:00 [queued]>
[2023-04-27T07:05:48.039+0000] {taskinstance.py:1090} INFO - Dependencies all met for dep_context=requeueable deps ti=<TaskInstance: weather_dag_api.cities.process_data_Odesa manual__2023-04-27T07:04:55.413748+00:00 [queued]>
[2023-04-27T07:05:48.051+0000] {taskinstance.py:1288} INFO - 
--------------------------------------------------------------------------------
[2023-04-27T07:05:48.111+0000] {taskinstance.py:1289} INFO - Starting attempt 1 of 1
[2023-04-27T07:05:48.116+0000] {taskinstance.py:1290} INFO - 
--------------------------------------------------------------------------------
[2023-04-27T07:05:48.959+0000] {taskinstance.py:1309} INFO - Executing <Task(PythonOperator): cities.process_data_Odesa> on 2023-04-27 07:04:55.413748+00:00
[2023-04-27T07:05:49.060+0000] {standard_task_runner.py:55} INFO - Started process 712 to run task
[2023-04-27T07:05:49.699+0000] {standard_task_runner.py:82} INFO - Running: ['***', 'tasks', 'run', 'weather_dag_api', 'cities.process_data_Odesa', 'manual__2023-04-27T07:04:55.413748+00:00', '--job-id', '110', '--raw', '--subdir', 'DAGS_FOLDER/weather_dag_api.py', '--cfg-path', '/tmp/tmp8bxe1sgi']
[2023-04-27T07:05:49.741+0000] {standard_task_runner.py:83} INFO - Job 110: Subtask cities.process_data_Odesa
[2023-04-27T07:05:56.530+0000] {task_command.py:389} INFO - Running <TaskInstance: weather_dag_api.cities.process_data_Odesa manual__2023-04-27T07:04:55.413748+00:00 [running]> on host 80d943d8f5b4
[2023-04-27T07:06:00.444+0000] {taskinstance.py:1518} INFO - Exporting the following env vars:
AIRFLOW_CTX_DAG_OWNER=***
AIRFLOW_CTX_DAG_ID=weather_dag_api
AIRFLOW_CTX_TASK_ID=cities.process_data_Odesa
AIRFLOW_CTX_EXECUTION_DATE=2023-04-27T07:04:55.413748+00:00
AIRFLOW_CTX_TRY_NUMBER=1
AIRFLOW_CTX_DAG_RUN_ID=manual__2023-04-27T07:04:55.413748+00:00
[2023-04-27T07:06:01.974+0000] {logging_mixin.py:137} INFO - 12.7
[2023-04-27T07:06:01.985+0000] {python.py:177} INFO - Done. Returned value was: ('2023-04-26T05:20:00Z', 12.7, 0.0, 6.4, 'Odesa')
[2023-04-27T07:06:02.816+0000] {taskinstance.py:1332} INFO - Marking task as SUCCESS. dag_id=weather_dag_api, task_id=cities.process_data_Odesa, execution_date=20230427T070455, start_date=20230427T070547, end_date=20230427T070602
[2023-04-27T07:06:03.778+0000] {local_task_job.py:212} INFO - Task exited with return code 0
[2023-04-27T07:06:05.041+0000] {taskinstance.py:2596} INFO - 0 downstream tasks scheduled from follow-on schedule check
