[2023-04-26T18:48:35.784+0000] {taskinstance.py:1090} INFO - Dependencies all met for dep_context=non-requeueable deps ti=<TaskInstance: weather_dag_api.cities.process_data_Lviv manual__2023-04-26T18:48:12.620536+00:00 [queued]>
[2023-04-26T18:48:35.950+0000] {taskinstance.py:1090} INFO - Dependencies all met for dep_context=requeueable deps ti=<TaskInstance: weather_dag_api.cities.process_data_Lviv manual__2023-04-26T18:48:12.620536+00:00 [queued]>
[2023-04-26T18:48:35.952+0000] {taskinstance.py:1288} INFO - 
--------------------------------------------------------------------------------
[2023-04-26T18:48:35.953+0000] {taskinstance.py:1289} INFO - Starting attempt 1 of 1
[2023-04-26T18:48:35.955+0000] {taskinstance.py:1290} INFO - 
--------------------------------------------------------------------------------
[2023-04-26T18:48:36.229+0000] {taskinstance.py:1309} INFO - Executing <Task(PythonOperator): cities.process_data_Lviv> on 2023-04-26 18:48:12.620536+00:00
[2023-04-26T18:48:36.383+0000] {standard_task_runner.py:55} INFO - Started process 2109 to run task
[2023-04-26T18:48:36.398+0000] {standard_task_runner.py:82} INFO - Running: ['***', 'tasks', 'run', 'weather_dag_api', 'cities.process_data_Lviv', 'manual__2023-04-26T18:48:12.620536+00:00', '--job-id', '380', '--raw', '--subdir', 'DAGS_FOLDER/weather_dag_api.py', '--cfg-path', '/tmp/tmp7c4q7t5_']
[2023-04-26T18:48:36.410+0000] {standard_task_runner.py:83} INFO - Job 380: Subtask cities.process_data_Lviv
[2023-04-26T18:48:37.285+0000] {task_command.py:389} INFO - Running <TaskInstance: weather_dag_api.cities.process_data_Lviv manual__2023-04-26T18:48:12.620536+00:00 [running]> on host b46a99c748bd
[2023-04-26T18:48:37.914+0000] {taskinstance.py:1518} INFO - Exporting the following env vars:
AIRFLOW_CTX_DAG_OWNER=***
AIRFLOW_CTX_DAG_ID=weather_dag_api
AIRFLOW_CTX_TASK_ID=cities.process_data_Lviv
AIRFLOW_CTX_EXECUTION_DATE=2023-04-26T18:48:12.620536+00:00
AIRFLOW_CTX_TRY_NUMBER=1
AIRFLOW_CTX_DAG_RUN_ID=manual__2023-04-26T18:48:12.620536+00:00
[2023-04-26T18:48:38.089+0000] {logging_mixin.py:137} INFO - 15.1
[2023-04-26T18:48:38.097+0000] {python.py:177} INFO - Done. Returned value was: ('2023-04-25T10:20:00Z', 15.1, 0.0, 2.0, 'Lviv')
[2023-04-26T18:48:38.673+0000] {taskinstance.py:1332} INFO - Marking task as SUCCESS. dag_id=weather_dag_api, task_id=cities.process_data_Lviv, execution_date=20230426T184812, start_date=20230426T184835, end_date=20230426T184838
[2023-04-26T18:48:39.511+0000] {local_task_job.py:212} INFO - Task exited with return code 0
[2023-04-26T18:48:40.466+0000] {taskinstance.py:2596} INFO - 0 downstream tasks scheduled from follow-on schedule check
