[2023-04-27T07:08:31.947+0000] {taskinstance.py:1090} INFO - Dependencies all met for dep_context=non-requeueable deps ti=<TaskInstance: weather_dag_api.cities.process_data_Kharkiv manual__2023-04-27T07:08:06.429483+00:00 [queued]>
[2023-04-27T07:08:32.224+0000] {taskinstance.py:1090} INFO - Dependencies all met for dep_context=requeueable deps ti=<TaskInstance: weather_dag_api.cities.process_data_Kharkiv manual__2023-04-27T07:08:06.429483+00:00 [queued]>
[2023-04-27T07:08:32.225+0000] {taskinstance.py:1288} INFO - 
--------------------------------------------------------------------------------
[2023-04-27T07:08:32.227+0000] {taskinstance.py:1289} INFO - Starting attempt 1 of 1
[2023-04-27T07:08:32.229+0000] {taskinstance.py:1290} INFO - 
--------------------------------------------------------------------------------
[2023-04-27T07:08:32.518+0000] {taskinstance.py:1309} INFO - Executing <Task(PythonOperator): cities.process_data_Kharkiv> on 2023-04-27 07:08:06.429483+00:00
[2023-04-27T07:08:32.587+0000] {standard_task_runner.py:55} INFO - Started process 802 to run task
[2023-04-27T07:08:32.671+0000] {standard_task_runner.py:82} INFO - Running: ['***', 'tasks', 'run', 'weather_dag_api', 'cities.process_data_Kharkiv', 'manual__2023-04-27T07:08:06.429483+00:00', '--job-id', '137', '--raw', '--subdir', 'DAGS_FOLDER/weather_dag_api.py', '--cfg-path', '/tmp/tmpyt6nvcyl']
[2023-04-27T07:08:32.691+0000] {standard_task_runner.py:83} INFO - Job 137: Subtask cities.process_data_Kharkiv
[2023-04-27T07:08:33.490+0000] {task_command.py:389} INFO - Running <TaskInstance: weather_dag_api.cities.process_data_Kharkiv manual__2023-04-27T07:08:06.429483+00:00 [running]> on host 80d943d8f5b4
[2023-04-27T07:08:33.983+0000] {taskinstance.py:1518} INFO - Exporting the following env vars:
AIRFLOW_CTX_DAG_OWNER=***
AIRFLOW_CTX_DAG_ID=weather_dag_api
AIRFLOW_CTX_TASK_ID=cities.process_data_Kharkiv
AIRFLOW_CTX_EXECUTION_DATE=2023-04-27T07:08:06.429483+00:00
AIRFLOW_CTX_TRY_NUMBER=1
AIRFLOW_CTX_DAG_RUN_ID=manual__2023-04-27T07:08:06.429483+00:00
[2023-04-27T07:08:34.154+0000] {logging_mixin.py:137} INFO - 12.1
[2023-04-27T07:08:34.158+0000] {python.py:177} INFO - Done. Returned value was: ('2023-04-26T05:20:00Z', 12.1, 0.0, 2.9, 'Kharkiv')
[2023-04-27T07:08:34.466+0000] {taskinstance.py:1332} INFO - Marking task as SUCCESS. dag_id=weather_dag_api, task_id=cities.process_data_Kharkiv, execution_date=20230427T070806, start_date=20230427T070832, end_date=20230427T070834
[2023-04-27T07:08:34.788+0000] {local_task_job.py:212} INFO - Task exited with return code 0
[2023-04-27T07:08:35.460+0000] {taskinstance.py:2596} INFO - 1 downstream tasks scheduled from follow-on schedule check
