[2023-04-26T18:46:31.195+0000] {taskinstance.py:1090} INFO - Dependencies all met for dep_context=non-requeueable deps ti=<TaskInstance: weather_dag_api.python_task1 manual__2023-04-26T18:46:27.421244+00:00 [queued]>
[2023-04-26T18:46:31.270+0000] {taskinstance.py:1090} INFO - Dependencies all met for dep_context=requeueable deps ti=<TaskInstance: weather_dag_api.python_task1 manual__2023-04-26T18:46:27.421244+00:00 [queued]>
[2023-04-26T18:46:31.279+0000] {taskinstance.py:1288} INFO - 
--------------------------------------------------------------------------------
[2023-04-26T18:46:31.282+0000] {taskinstance.py:1289} INFO - Starting attempt 1 of 1
[2023-04-26T18:46:31.285+0000] {taskinstance.py:1290} INFO - 
--------------------------------------------------------------------------------
[2023-04-26T18:46:31.381+0000] {taskinstance.py:1309} INFO - Executing <Task(PythonOperator): python_task1> on 2023-04-26 18:46:27.421244+00:00
[2023-04-26T18:46:31.391+0000] {standard_task_runner.py:55} INFO - Started process 2014 to run task
[2023-04-26T18:46:31.402+0000] {standard_task_runner.py:82} INFO - Running: ['***', 'tasks', 'run', 'weather_dag_api', 'python_task1', 'manual__2023-04-26T18:46:27.421244+00:00', '--job-id', '350', '--raw', '--subdir', 'DAGS_FOLDER/weather_dag_api.py', '--cfg-path', '/tmp/tmp9r7j7_x6']
[2023-04-26T18:46:31.403+0000] {standard_task_runner.py:83} INFO - Job 350: Subtask python_task1
[2023-04-26T18:46:31.559+0000] {task_command.py:389} INFO - Running <TaskInstance: weather_dag_api.python_task1 manual__2023-04-26T18:46:27.421244+00:00 [running]> on host b46a99c748bd
[2023-04-26T18:46:31.804+0000] {taskinstance.py:1518} INFO - Exporting the following env vars:
AIRFLOW_CTX_DAG_OWNER=***
AIRFLOW_CTX_DAG_ID=weather_dag_api
AIRFLOW_CTX_TASK_ID=python_task1
AIRFLOW_CTX_EXECUTION_DATE=2023-04-26T18:46:27.421244+00:00
AIRFLOW_CTX_TRY_NUMBER=1
AIRFLOW_CTX_DAG_RUN_ID=manual__2023-04-26T18:46:27.421244+00:00
[2023-04-26T18:46:31.808+0000] {weather_dag_api.py:24} INFO - Starting db creation
[2023-04-26T18:46:31.813+0000] {python.py:177} INFO - Done. Returned value was: None
[2023-04-26T18:46:31.857+0000] {taskinstance.py:1332} INFO - Marking task as SUCCESS. dag_id=weather_dag_api, task_id=python_task1, execution_date=20230426T184627, start_date=20230426T184631, end_date=20230426T184631
[2023-04-26T18:46:31.946+0000] {local_task_job.py:212} INFO - Task exited with return code 0
[2023-04-26T18:46:32.040+0000] {taskinstance.py:2596} INFO - 1 downstream tasks scheduled from follow-on schedule check
