[2023-04-27T06:54:32.535+0000] {taskinstance.py:1090} INFO - Dependencies all met for dep_context=non-requeueable deps ti=<TaskInstance: weather_dag_api.cities.extract_data_Lviv manual__2023-04-27T06:54:20.716713+00:00 [queued]>
[2023-04-27T06:54:32.684+0000] {taskinstance.py:1090} INFO - Dependencies all met for dep_context=requeueable deps ti=<TaskInstance: weather_dag_api.cities.extract_data_Lviv manual__2023-04-27T06:54:20.716713+00:00 [queued]>
[2023-04-27T06:54:32.686+0000] {taskinstance.py:1288} INFO - 
--------------------------------------------------------------------------------
[2023-04-27T06:54:32.688+0000] {taskinstance.py:1289} INFO - Starting attempt 1 of 1
[2023-04-27T06:54:32.690+0000] {taskinstance.py:1290} INFO - 
--------------------------------------------------------------------------------
[2023-04-27T06:54:32.930+0000] {taskinstance.py:1309} INFO - Executing <Task(SimpleHttpOperator): cities.extract_data_Lviv> on 2023-04-27 06:54:20.716713+00:00
[2023-04-27T06:54:32.993+0000] {standard_task_runner.py:55} INFO - Started process 404 to run task
[2023-04-27T06:54:33.060+0000] {standard_task_runner.py:82} INFO - Running: ['***', 'tasks', 'run', 'weather_dag_api', 'cities.extract_data_Lviv', 'manual__2023-04-27T06:54:20.716713+00:00', '--job-id', '64', '--raw', '--subdir', 'DAGS_FOLDER/weather_dag_api.py', '--cfg-path', '/tmp/tmpw92mroqi']
[2023-04-27T06:54:33.065+0000] {standard_task_runner.py:83} INFO - Job 64: Subtask cities.extract_data_Lviv
[2023-04-27T06:54:33.627+0000] {task_command.py:389} INFO - Running <TaskInstance: weather_dag_api.cities.extract_data_Lviv manual__2023-04-27T06:54:20.716713+00:00 [running]> on host 80d943d8f5b4
[2023-04-27T06:54:34.329+0000] {taskinstance.py:1518} INFO - Exporting the following env vars:
AIRFLOW_CTX_DAG_OWNER=***
AIRFLOW_CTX_DAG_ID=weather_dag_api
AIRFLOW_CTX_TASK_ID=cities.extract_data_Lviv
AIRFLOW_CTX_EXECUTION_DATE=2023-04-27T06:54:20.716713+00:00
AIRFLOW_CTX_TRY_NUMBER=1
AIRFLOW_CTX_DAG_RUN_ID=manual__2023-04-27T06:54:20.716713+00:00
[2023-04-27T06:54:34.332+0000] {http.py:123} INFO - Calling HTTP method
[2023-04-27T06:54:34.388+0000] {base.py:73} INFO - Using connection ID 'weather_conn' for task execution.
[2023-04-27T06:54:35.004+0000] {http.py:127} INFO - {"version":"3.0","user":"__-_stuff","dateGenerated":"2023-04-27T06:54:34Z","status":"OK","data":[{"parameter":"t_2m:C","coordinates":[{"lat":49.841952,"lon":24.031592,"dates":[{"date":"2023-04-26T10:20:00Z","value":6.2}]}]},{"parameter":"precip_1h:mm","coordinates":[{"lat":49.841952,"lon":24.031592,"dates":[{"date":"2023-04-26T10:20:00Z","value":0.00}]}]},{"parameter":"wind_speed_10m:ms","coordinates":[{"lat":49.841952,"lon":24.031592,"dates":[{"date":"2023-04-26T10:20:00Z","value":6.6}]}]}]}

[2023-04-27T06:54:35.627+0000] {taskinstance.py:1332} INFO - Marking task as SUCCESS. dag_id=weather_dag_api, task_id=cities.extract_data_Lviv, execution_date=20230427T065420, start_date=20230427T065432, end_date=20230427T065435
[2023-04-27T06:54:36.467+0000] {local_task_job.py:212} INFO - Task exited with return code 0
[2023-04-27T06:54:38.657+0000] {taskinstance.py:2596} INFO - 0 downstream tasks scheduled from follow-on schedule check
