[2023-04-26T16:46:47.474+0000] {taskinstance.py:1090} INFO - Dependencies all met for dep_context=non-requeueable deps ti=<TaskInstance: weather_dag_api.cities.process_data_Kharkiv manual__2023-04-26T16:46:17.435621+00:00 [queued]>
[2023-04-26T16:46:47.723+0000] {taskinstance.py:1090} INFO - Dependencies all met for dep_context=requeueable deps ti=<TaskInstance: weather_dag_api.cities.process_data_Kharkiv manual__2023-04-26T16:46:17.435621+00:00 [queued]>
[2023-04-26T16:46:47.725+0000] {taskinstance.py:1288} INFO - 
--------------------------------------------------------------------------------
[2023-04-26T16:46:47.726+0000] {taskinstance.py:1289} INFO - Starting attempt 1 of 1
[2023-04-26T16:46:47.728+0000] {taskinstance.py:1290} INFO - 
--------------------------------------------------------------------------------
[2023-04-26T16:46:48.051+0000] {taskinstance.py:1309} INFO - Executing <Task(PythonOperator): cities.process_data_Kharkiv> on 2023-04-26 16:46:17.435621+00:00
[2023-04-26T16:46:48.167+0000] {standard_task_runner.py:55} INFO - Started process 4710 to run task
[2023-04-26T16:46:48.304+0000] {standard_task_runner.py:82} INFO - Running: ['***', 'tasks', 'run', 'weather_dag_api', 'cities.process_data_Kharkiv', 'manual__2023-04-26T16:46:17.435621+00:00', '--job-id', '410', '--raw', '--subdir', 'DAGS_FOLDER/weather_dag_final.py', '--cfg-path', '/tmp/tmpngpoixbc']
[2023-04-26T16:46:48.391+0000] {standard_task_runner.py:83} INFO - Job 410: Subtask cities.process_data_Kharkiv
[2023-04-26T16:46:49.793+0000] {task_command.py:389} INFO - Running <TaskInstance: weather_dag_api.cities.process_data_Kharkiv manual__2023-04-26T16:46:17.435621+00:00 [running]> on host d48b88797b3b
[2023-04-26T16:46:51.437+0000] {taskinstance.py:1518} INFO - Exporting the following env vars:
AIRFLOW_CTX_DAG_OWNER=***
AIRFLOW_CTX_DAG_ID=weather_dag_api
AIRFLOW_CTX_TASK_ID=cities.process_data_Kharkiv
AIRFLOW_CTX_EXECUTION_DATE=2023-04-26T16:46:17.435621+00:00
AIRFLOW_CTX_TRY_NUMBER=1
AIRFLOW_CTX_DAG_RUN_ID=manual__2023-04-26T16:46:17.435621+00:00
[2023-04-26T16:46:51.571+0000] {logging_mixin.py:137} INFO - 13.4
[2023-04-26T16:46:51.580+0000] {python.py:177} INFO - Done. Returned value was: ('2023-04-25T10:20:00Z', 13.4, 0.42, 2.7, 'Kharkiv')
[2023-04-26T16:46:51.891+0000] {taskinstance.py:1332} INFO - Marking task as SUCCESS. dag_id=weather_dag_api, task_id=cities.process_data_Kharkiv, execution_date=20230426T164617, start_date=20230426T164647, end_date=20230426T164651
[2023-04-26T16:46:52.073+0000] {local_task_job.py:212} INFO - Task exited with return code 0
[2023-04-26T16:46:52.905+0000] {taskinstance.py:2596} INFO - 1 downstream tasks scheduled from follow-on schedule check
