[2023-04-25T08:40:54.207+0000] {taskinstance.py:1090} INFO - Dependencies all met for dep_context=non-requeueable deps ti=<TaskInstance: weather_dag.python_task scheduled__2023-04-23T00:00:00+00:00 [queued]>
[2023-04-25T08:40:54.566+0000] {taskinstance.py:1090} INFO - Dependencies all met for dep_context=requeueable deps ti=<TaskInstance: weather_dag.python_task scheduled__2023-04-23T00:00:00+00:00 [queued]>
[2023-04-25T08:40:54.599+0000] {taskinstance.py:1288} INFO - 
--------------------------------------------------------------------------------
[2023-04-25T08:40:54.610+0000] {taskinstance.py:1289} INFO - Starting attempt 1 of 1
[2023-04-25T08:40:54.626+0000] {taskinstance.py:1290} INFO - 
--------------------------------------------------------------------------------
[2023-04-25T08:40:55.265+0000] {taskinstance.py:1309} INFO - Executing <Task(PythonOperator): python_task> on 2023-04-23 00:00:00+00:00
[2023-04-25T08:40:55.478+0000] {standard_task_runner.py:55} INFO - Started process 746 to run task
[2023-04-25T08:40:55.493+0000] {standard_task_runner.py:82} INFO - Running: ['***', 'tasks', 'run', 'weather_dag', 'python_task', 'scheduled__2023-04-23T00:00:00+00:00', '--job-id', '11', '--raw', '--subdir', 'DAGS_FOLDER/weather_dag.py', '--cfg-path', '/tmp/tmpt7d43wnz']
[2023-04-25T08:40:55.510+0000] {standard_task_runner.py:83} INFO - Job 11: Subtask python_task
[2023-04-25T08:40:56.159+0000] {task_command.py:389} INFO - Running <TaskInstance: weather_dag.python_task scheduled__2023-04-23T00:00:00+00:00 [running]> on host d5e7c089f50a
[2023-04-25T08:40:56.635+0000] {taskinstance.py:1518} INFO - Exporting the following env vars:
AIRFLOW_CTX_DAG_OWNER=***
AIRFLOW_CTX_DAG_ID=weather_dag
AIRFLOW_CTX_TASK_ID=python_task
AIRFLOW_CTX_EXECUTION_DATE=2023-04-23T00:00:00+00:00
AIRFLOW_CTX_TRY_NUMBER=1
AIRFLOW_CTX_DAG_RUN_ID=scheduled__2023-04-23T00:00:00+00:00
[2023-04-25T08:40:56.641+0000] {weather_dag.py:6} INFO - Hello, World!
[2023-04-25T08:40:56.647+0000] {python.py:177} INFO - Done. Returned value was: None
[2023-04-25T08:40:56.691+0000] {taskinstance.py:1332} INFO - Marking task as SUCCESS. dag_id=weather_dag, task_id=python_task, execution_date=20230423T000000, start_date=20230425T084054, end_date=20230425T084056
[2023-04-25T08:40:56.834+0000] {local_task_job.py:212} INFO - Task exited with return code 0
[2023-04-25T08:40:56.936+0000] {taskinstance.py:2596} INFO - 0 downstream tasks scheduled from follow-on schedule check
