[2023-04-26T18:47:01.116+0000] {taskinstance.py:1090} INFO - Dependencies all met for dep_context=non-requeueable deps ti=<TaskInstance: weather_dag_api.cities.view_data_Odesa manual__2023-04-26T18:46:27.421244+00:00 [queued]>
[2023-04-26T18:47:01.539+0000] {taskinstance.py:1090} INFO - Dependencies all met for dep_context=requeueable deps ti=<TaskInstance: weather_dag_api.cities.view_data_Odesa manual__2023-04-26T18:46:27.421244+00:00 [queued]>
[2023-04-26T18:47:01.640+0000] {taskinstance.py:1288} INFO - 
--------------------------------------------------------------------------------
[2023-04-26T18:47:01.662+0000] {taskinstance.py:1289} INFO - Starting attempt 1 of 1
[2023-04-26T18:47:01.667+0000] {taskinstance.py:1290} INFO - 
--------------------------------------------------------------------------------
[2023-04-26T18:47:01.904+0000] {taskinstance.py:1309} INFO - Executing <Task(PythonOperator): cities.view_data_Odesa> on 2023-04-26 18:46:27.421244+00:00
[2023-04-26T18:47:01.959+0000] {standard_task_runner.py:55} INFO - Started process 2052 to run task
[2023-04-26T18:47:02.056+0000] {standard_task_runner.py:82} INFO - Running: ['***', 'tasks', 'run', 'weather_dag_api', 'cities.view_data_Odesa', 'manual__2023-04-26T18:46:27.421244+00:00', '--job-id', '364', '--raw', '--subdir', 'DAGS_FOLDER/weather_dag_api.py', '--cfg-path', '/tmp/tmpmcaegxtz']
[2023-04-26T18:47:02.063+0000] {standard_task_runner.py:83} INFO - Job 364: Subtask cities.view_data_Odesa
[2023-04-26T18:47:02.820+0000] {task_command.py:389} INFO - Running <TaskInstance: weather_dag_api.cities.view_data_Odesa manual__2023-04-26T18:46:27.421244+00:00 [running]> on host b46a99c748bd
[2023-04-26T18:47:03.416+0000] {taskinstance.py:1518} INFO - Exporting the following env vars:
AIRFLOW_CTX_DAG_OWNER=***
AIRFLOW_CTX_DAG_ID=weather_dag_api
AIRFLOW_CTX_TASK_ID=cities.view_data_Odesa
AIRFLOW_CTX_EXECUTION_DATE=2023-04-26T18:46:27.421244+00:00
AIRFLOW_CTX_TRY_NUMBER=1
AIRFLOW_CTX_DAG_RUN_ID=manual__2023-04-26T18:46:27.421244+00:00
[2023-04-26T18:47:03.578+0000] {logging_mixin.py:137} INFO - data is  ['2023-04-25T10:20:00Z', 16.2, 0.06, 5.7, 'Odesa']
[2023-04-26T18:47:03.582+0000] {logging_mixin.py:137} INFO - 2023-04-25T10:20:00Z
[2023-04-26T18:47:03.591+0000] {logging_mixin.py:137} INFO - 16.2
[2023-04-26T18:47:03.605+0000] {python.py:177} INFO - Done. Returned value was: None
[2023-04-26T18:47:03.713+0000] {taskinstance.py:1332} INFO - Marking task as SUCCESS. dag_id=weather_dag_api, task_id=cities.view_data_Odesa, execution_date=20230426T184627, start_date=20230426T184701, end_date=20230426T184703
[2023-04-26T18:47:04.099+0000] {local_task_job.py:212} INFO - Task exited with return code 0
[2023-04-26T18:47:04.995+0000] {taskinstance.py:2596} INFO - 1 downstream tasks scheduled from follow-on schedule check
