[2023-04-26T17:26:56.865+0000] {taskinstance.py:1090} INFO - Dependencies all met for dep_context=non-requeueable deps ti=<TaskInstance: weather_dag_api.cities.view_data_Odesa manual__2023-04-26T17:26:21.753185+00:00 [queued]>
[2023-04-26T17:26:57.096+0000] {taskinstance.py:1090} INFO - Dependencies all met for dep_context=requeueable deps ti=<TaskInstance: weather_dag_api.cities.view_data_Odesa manual__2023-04-26T17:26:21.753185+00:00 [queued]>
[2023-04-26T17:26:57.102+0000] {taskinstance.py:1288} INFO - 
--------------------------------------------------------------------------------
[2023-04-26T17:26:57.216+0000] {taskinstance.py:1289} INFO - Starting attempt 1 of 1
[2023-04-26T17:26:57.234+0000] {taskinstance.py:1290} INFO - 
--------------------------------------------------------------------------------
[2023-04-26T17:26:57.413+0000] {taskinstance.py:1309} INFO - Executing <Task(PythonOperator): cities.view_data_Odesa> on 2023-04-26 17:26:21.753185+00:00
[2023-04-26T17:26:57.460+0000] {standard_task_runner.py:55} INFO - Started process 5729 to run task
[2023-04-26T17:26:57.523+0000] {standard_task_runner.py:82} INFO - Running: ['***', 'tasks', 'run', 'weather_dag_api', 'cities.view_data_Odesa', 'manual__2023-04-26T17:26:21.753185+00:00', '--job-id', '565', '--raw', '--subdir', 'DAGS_FOLDER/weather_dag_api.py', '--cfg-path', '/tmp/tmpkf9c98fj']
[2023-04-26T17:26:57.545+0000] {standard_task_runner.py:83} INFO - Job 565: Subtask cities.view_data_Odesa
[2023-04-26T17:26:58.294+0000] {task_command.py:389} INFO - Running <TaskInstance: weather_dag_api.cities.view_data_Odesa manual__2023-04-26T17:26:21.753185+00:00 [running]> on host d48b88797b3b
[2023-04-26T17:26:59.407+0000] {taskinstance.py:1518} INFO - Exporting the following env vars:
AIRFLOW_CTX_DAG_OWNER=***
AIRFLOW_CTX_DAG_ID=weather_dag_api
AIRFLOW_CTX_TASK_ID=cities.view_data_Odesa
AIRFLOW_CTX_EXECUTION_DATE=2023-04-26T17:26:21.753185+00:00
AIRFLOW_CTX_TRY_NUMBER=1
AIRFLOW_CTX_DAG_RUN_ID=manual__2023-04-26T17:26:21.753185+00:00
[2023-04-26T17:26:59.459+0000] {logging_mixin.py:137} INFO - ['2023-04-25T10:20:00Z', 15.5, 0.0, 5.7, 'Zhmerynka']
[2023-04-26T17:26:59.460+0000] {python.py:177} INFO - Done. Returned value was: None
[2023-04-26T17:26:59.519+0000] {taskinstance.py:1332} INFO - Marking task as SUCCESS. dag_id=weather_dag_api, task_id=cities.view_data_Odesa, execution_date=20230426T172621, start_date=20230426T172656, end_date=20230426T172659
[2023-04-26T17:26:59.664+0000] {local_task_job.py:212} INFO - Task exited with return code 0
[2023-04-26T17:27:00.060+0000] {taskinstance.py:2596} INFO - 0 downstream tasks scheduled from follow-on schedule check
