[2023-04-26T17:13:18.747+0000] {taskinstance.py:1090} INFO - Dependencies all met for dep_context=non-requeueable deps ti=<TaskInstance: weather_dag_api.cities.process_data_Zhmerynka manual__2023-04-26T17:12:49.794539+00:00 [queued]>
[2023-04-26T17:13:19.041+0000] {taskinstance.py:1090} INFO - Dependencies all met for dep_context=requeueable deps ti=<TaskInstance: weather_dag_api.cities.process_data_Zhmerynka manual__2023-04-26T17:12:49.794539+00:00 [queued]>
[2023-04-26T17:13:19.045+0000] {taskinstance.py:1288} INFO - 
--------------------------------------------------------------------------------
[2023-04-26T17:13:19.051+0000] {taskinstance.py:1289} INFO - Starting attempt 1 of 1
[2023-04-26T17:13:19.088+0000] {taskinstance.py:1290} INFO - 
--------------------------------------------------------------------------------
[2023-04-26T17:13:19.306+0000] {taskinstance.py:1309} INFO - Executing <Task(PythonOperator): cities.process_data_Zhmerynka> on 2023-04-26 17:12:49.794539+00:00
[2023-04-26T17:13:19.356+0000] {standard_task_runner.py:55} INFO - Started process 5387 to run task
[2023-04-26T17:13:19.402+0000] {standard_task_runner.py:82} INFO - Running: ['***', 'tasks', 'run', 'weather_dag_api', 'cities.process_data_Zhmerynka', 'manual__2023-04-26T17:12:49.794539+00:00', '--job-id', '509', '--raw', '--subdir', 'DAGS_FOLDER/weather_dag_api.py', '--cfg-path', '/tmp/tmpqdqbjjc7']
[2023-04-26T17:13:19.410+0000] {standard_task_runner.py:83} INFO - Job 509: Subtask cities.process_data_Zhmerynka
[2023-04-26T17:13:20.115+0000] {task_command.py:389} INFO - Running <TaskInstance: weather_dag_api.cities.process_data_Zhmerynka manual__2023-04-26T17:12:49.794539+00:00 [running]> on host d48b88797b3b
[2023-04-26T17:13:21.103+0000] {taskinstance.py:1518} INFO - Exporting the following env vars:
AIRFLOW_CTX_DAG_OWNER=***
AIRFLOW_CTX_DAG_ID=weather_dag_api
AIRFLOW_CTX_TASK_ID=cities.process_data_Zhmerynka
AIRFLOW_CTX_EXECUTION_DATE=2023-04-26T17:12:49.794539+00:00
AIRFLOW_CTX_TRY_NUMBER=1
AIRFLOW_CTX_DAG_RUN_ID=manual__2023-04-26T17:12:49.794539+00:00
[2023-04-26T17:13:21.239+0000] {logging_mixin.py:137} INFO - 15.5
[2023-04-26T17:13:21.242+0000] {python.py:177} INFO - Done. Returned value was: ('2023-04-25T10:20:00Z', 15.5, 0.0, 5.7, 'Zhmerynka')
[2023-04-26T17:13:21.658+0000] {taskinstance.py:1332} INFO - Marking task as SUCCESS. dag_id=weather_dag_api, task_id=cities.process_data_Zhmerynka, execution_date=20230426T171249, start_date=20230426T171318, end_date=20230426T171321
[2023-04-26T17:13:22.075+0000] {local_task_job.py:212} INFO - Task exited with return code 0
[2023-04-26T17:13:22.643+0000] {taskinstance.py:2596} INFO - 0 downstream tasks scheduled from follow-on schedule check
