[2023-04-27T06:52:02.113+0000] {taskinstance.py:1090} INFO - Dependencies all met for dep_context=non-requeueable deps ti=<TaskInstance: weather_dag_api.cities.process_data_Kharkiv manual__2023-04-27T06:51:39.617091+00:00 [queued]>
[2023-04-27T06:52:02.264+0000] {taskinstance.py:1090} INFO - Dependencies all met for dep_context=requeueable deps ti=<TaskInstance: weather_dag_api.cities.process_data_Kharkiv manual__2023-04-27T06:51:39.617091+00:00 [queued]>
[2023-04-27T06:52:02.270+0000] {taskinstance.py:1288} INFO - 
--------------------------------------------------------------------------------
[2023-04-27T06:52:02.271+0000] {taskinstance.py:1289} INFO - Starting attempt 1 of 1
[2023-04-27T06:52:02.273+0000] {taskinstance.py:1290} INFO - 
--------------------------------------------------------------------------------
[2023-04-27T06:52:02.899+0000] {taskinstance.py:1309} INFO - Executing <Task(PythonOperator): cities.process_data_Kharkiv> on 2023-04-27 06:51:39.617091+00:00
[2023-04-27T06:52:03.076+0000] {standard_task_runner.py:55} INFO - Started process 311 to run task
[2023-04-27T06:52:03.217+0000] {standard_task_runner.py:82} INFO - Running: ['***', 'tasks', 'run', 'weather_dag_api', 'cities.process_data_Kharkiv', 'manual__2023-04-27T06:51:39.617091+00:00', '--job-id', '40', '--raw', '--subdir', 'DAGS_FOLDER/weather_dag_api copy.py', '--cfg-path', '/tmp/tmp54sboptp']
[2023-04-27T06:52:03.238+0000] {standard_task_runner.py:83} INFO - Job 40: Subtask cities.process_data_Kharkiv
[2023-04-27T06:52:04.678+0000] {task_command.py:389} INFO - Running <TaskInstance: weather_dag_api.cities.process_data_Kharkiv manual__2023-04-27T06:51:39.617091+00:00 [running]> on host 80d943d8f5b4
[2023-04-27T06:52:05.470+0000] {taskinstance.py:1518} INFO - Exporting the following env vars:
AIRFLOW_CTX_DAG_OWNER=***
AIRFLOW_CTX_DAG_ID=weather_dag_api
AIRFLOW_CTX_TASK_ID=cities.process_data_Kharkiv
AIRFLOW_CTX_EXECUTION_DATE=2023-04-27T06:51:39.617091+00:00
AIRFLOW_CTX_TRY_NUMBER=1
AIRFLOW_CTX_DAG_RUN_ID=manual__2023-04-27T06:51:39.617091+00:00
[2023-04-27T06:52:05.564+0000] {logging_mixin.py:137} INFO - 18.4
[2023-04-27T06:52:05.573+0000] {python.py:177} INFO - Done. Returned value was: ('2023-04-26T10:20:00Z', 18.4, 0.0, 4.3, 'Kharkiv')
[2023-04-27T06:52:05.715+0000] {taskinstance.py:1332} INFO - Marking task as SUCCESS. dag_id=weather_dag_api, task_id=cities.process_data_Kharkiv, execution_date=20230427T065139, start_date=20230427T065202, end_date=20230427T065205
[2023-04-27T06:52:05.854+0000] {local_task_job.py:212} INFO - Task exited with return code 0
[2023-04-27T06:52:06.078+0000] {taskinstance.py:2596} INFO - 0 downstream tasks scheduled from follow-on schedule check
