[2023-04-26T18:23:54.229+0000] {taskinstance.py:1090} INFO - Dependencies all met for dep_context=non-requeueable deps ti=<TaskInstance: weather_dag_api.cities.process_data_Zhmerynka manual__2023-04-26T18:23:33.960255+00:00 [queued]>
[2023-04-26T18:23:54.344+0000] {taskinstance.py:1090} INFO - Dependencies all met for dep_context=requeueable deps ti=<TaskInstance: weather_dag_api.cities.process_data_Zhmerynka manual__2023-04-26T18:23:33.960255+00:00 [queued]>
[2023-04-26T18:23:54.347+0000] {taskinstance.py:1288} INFO - 
--------------------------------------------------------------------------------
[2023-04-26T18:23:54.349+0000] {taskinstance.py:1289} INFO - Starting attempt 1 of 1
[2023-04-26T18:23:54.350+0000] {taskinstance.py:1290} INFO - 
--------------------------------------------------------------------------------
[2023-04-26T18:23:54.606+0000] {taskinstance.py:1309} INFO - Executing <Task(PythonOperator): cities.process_data_Zhmerynka> on 2023-04-26 18:23:33.960255+00:00
[2023-04-26T18:23:54.641+0000] {standard_task_runner.py:55} INFO - Started process 1412 to run task
[2023-04-26T18:23:54.669+0000] {standard_task_runner.py:82} INFO - Running: ['***', 'tasks', 'run', 'weather_dag_api', 'cities.process_data_Zhmerynka', 'manual__2023-04-26T18:23:33.960255+00:00', '--job-id', '250', '--raw', '--subdir', 'DAGS_FOLDER/weather_dag_api.py', '--cfg-path', '/tmp/tmpsbr5gvj9']
[2023-04-26T18:23:54.671+0000] {standard_task_runner.py:83} INFO - Job 250: Subtask cities.process_data_Zhmerynka
[2023-04-26T18:23:55.618+0000] {task_command.py:389} INFO - Running <TaskInstance: weather_dag_api.cities.process_data_Zhmerynka manual__2023-04-26T18:23:33.960255+00:00 [running]> on host b46a99c748bd
[2023-04-26T18:23:57.046+0000] {taskinstance.py:1518} INFO - Exporting the following env vars:
AIRFLOW_CTX_DAG_OWNER=***
AIRFLOW_CTX_DAG_ID=weather_dag_api
AIRFLOW_CTX_TASK_ID=cities.process_data_Zhmerynka
AIRFLOW_CTX_EXECUTION_DATE=2023-04-26T18:23:33.960255+00:00
AIRFLOW_CTX_TRY_NUMBER=1
AIRFLOW_CTX_DAG_RUN_ID=manual__2023-04-26T18:23:33.960255+00:00
[2023-04-26T18:23:57.622+0000] {logging_mixin.py:137} INFO - 15.5
[2023-04-26T18:23:57.624+0000] {python.py:177} INFO - Done. Returned value was: ('2023-04-25T10:20:00Z', 15.5, 0.0, 5.7, 'Zhmerynka')
[2023-04-26T18:23:58.006+0000] {taskinstance.py:1332} INFO - Marking task as SUCCESS. dag_id=weather_dag_api, task_id=cities.process_data_Zhmerynka, execution_date=20230426T182333, start_date=20230426T182354, end_date=20230426T182357
[2023-04-26T18:23:58.419+0000] {local_task_job.py:212} INFO - Task exited with return code 0
[2023-04-26T18:23:59.446+0000] {taskinstance.py:2596} INFO - 1 downstream tasks scheduled from follow-on schedule check
