[2023-04-26T13:27:19.270+0000] {taskinstance.py:1090} INFO - Dependencies all met for dep_context=non-requeueable deps ti=<TaskInstance: weather_dag_api.extract_data manual__2023-04-26T13:27:03.589348+00:00 [queued]>
[2023-04-26T13:27:19.294+0000] {taskinstance.py:1090} INFO - Dependencies all met for dep_context=requeueable deps ti=<TaskInstance: weather_dag_api.extract_data manual__2023-04-26T13:27:03.589348+00:00 [queued]>
[2023-04-26T13:27:19.296+0000] {taskinstance.py:1288} INFO - 
--------------------------------------------------------------------------------
[2023-04-26T13:27:19.297+0000] {taskinstance.py:1289} INFO - Starting attempt 1 of 1
[2023-04-26T13:27:19.298+0000] {taskinstance.py:1290} INFO - 
--------------------------------------------------------------------------------
[2023-04-26T13:27:19.372+0000] {taskinstance.py:1309} INFO - Executing <Task(SimpleHttpOperator): extract_data> on 2023-04-26 13:27:03.589348+00:00
[2023-04-26T13:27:19.387+0000] {standard_task_runner.py:55} INFO - Started process 235 to run task
[2023-04-26T13:27:19.405+0000] {standard_task_runner.py:82} INFO - Running: ['***', 'tasks', 'run', 'weather_dag_api', 'extract_data', 'manual__2023-04-26T13:27:03.589348+00:00', '--job-id', '12', '--raw', '--subdir', 'DAGS_FOLDER/weather_dag_api.py', '--cfg-path', '/tmp/tmp9tpxmt1c']
[2023-04-26T13:27:19.410+0000] {standard_task_runner.py:83} INFO - Job 12: Subtask extract_data
[2023-04-26T13:27:19.582+0000] {task_command.py:389} INFO - Running <TaskInstance: weather_dag_api.extract_data manual__2023-04-26T13:27:03.589348+00:00 [running]> on host d48b88797b3b
[2023-04-26T13:27:19.783+0000] {taskinstance.py:1518} INFO - Exporting the following env vars:
AIRFLOW_CTX_DAG_OWNER=***
AIRFLOW_CTX_DAG_ID=weather_dag_api
AIRFLOW_CTX_TASK_ID=extract_data
AIRFLOW_CTX_EXECUTION_DATE=2023-04-26T13:27:03.589348+00:00
AIRFLOW_CTX_TRY_NUMBER=1
AIRFLOW_CTX_DAG_RUN_ID=manual__2023-04-26T13:27:03.589348+00:00
[2023-04-26T13:27:19.787+0000] {http.py:123} INFO - Calling HTTP method
[2023-04-26T13:27:19.816+0000] {base.py:73} INFO - Using connection ID 'weather_conn' for task execution.
[2023-04-26T13:27:19.995+0000] {http.py:127} INFO - {"version":"3.0","user":"__-_stuff","dateGenerated":"2023-04-26T13:27:19Z","status":"OK","data":[{"parameter":"t_2m:C","coordinates":[{"lat":49.841952,"lon":24.031592,"dates":[{"date":"2023-04-25T10:20:00Z","value":15.1}]}]},{"parameter":"precip_1h:mm","coordinates":[{"lat":49.841952,"lon":24.031592,"dates":[{"date":"2023-04-25T10:20:00Z","value":0.00}]}]},{"parameter":"wind_speed_10m:ms","coordinates":[{"lat":49.841952,"lon":24.031592,"dates":[{"date":"2023-04-25T10:20:00Z","value":2.0}]}]}]}

[2023-04-26T13:27:20.133+0000] {taskinstance.py:1332} INFO - Marking task as SUCCESS. dag_id=weather_dag_api, task_id=extract_data, execution_date=20230426T132703, start_date=20230426T132719, end_date=20230426T132720
[2023-04-26T13:27:20.347+0000] {local_task_job.py:212} INFO - Task exited with return code 0
[2023-04-26T13:27:20.717+0000] {taskinstance.py:2596} INFO - 0 downstream tasks scheduled from follow-on schedule check
