[2023-04-26T18:56:55.132+0000] {taskinstance.py:1090} INFO - Dependencies all met for dep_context=non-requeueable deps ti=<TaskInstance: weather_dag_api.cities.view_data_Odesa manual__2023-04-26T18:56:16.668073+00:00 [queued]>
[2023-04-26T18:56:55.159+0000] {taskinstance.py:1090} INFO - Dependencies all met for dep_context=requeueable deps ti=<TaskInstance: weather_dag_api.cities.view_data_Odesa manual__2023-04-26T18:56:16.668073+00:00 [queued]>
[2023-04-26T18:56:55.161+0000] {taskinstance.py:1288} INFO - 
--------------------------------------------------------------------------------
[2023-04-26T18:56:55.162+0000] {taskinstance.py:1289} INFO - Starting attempt 1 of 1
[2023-04-26T18:56:55.164+0000] {taskinstance.py:1290} INFO - 
--------------------------------------------------------------------------------
[2023-04-26T18:56:55.252+0000] {taskinstance.py:1309} INFO - Executing <Task(PythonOperator): cities.view_data_Odesa> on 2023-04-26 18:56:16.668073+00:00
[2023-04-26T18:56:55.290+0000] {standard_task_runner.py:55} INFO - Started process 2443 to run task
[2023-04-26T18:56:55.305+0000] {standard_task_runner.py:82} INFO - Running: ['***', 'tasks', 'run', 'weather_dag_api', 'cities.view_data_Odesa', 'manual__2023-04-26T18:56:16.668073+00:00', '--job-id', '474', '--raw', '--subdir', 'DAGS_FOLDER/weather_dag_api.py', '--cfg-path', '/tmp/tmp0mtzu9ob']
[2023-04-26T18:56:55.308+0000] {standard_task_runner.py:83} INFO - Job 474: Subtask cities.view_data_Odesa
[2023-04-26T18:56:55.973+0000] {task_command.py:389} INFO - Running <TaskInstance: weather_dag_api.cities.view_data_Odesa manual__2023-04-26T18:56:16.668073+00:00 [running]> on host b46a99c748bd
[2023-04-26T18:56:56.801+0000] {taskinstance.py:1518} INFO - Exporting the following env vars:
AIRFLOW_CTX_DAG_OWNER=***
AIRFLOW_CTX_DAG_ID=weather_dag_api
AIRFLOW_CTX_TASK_ID=cities.view_data_Odesa
AIRFLOW_CTX_EXECUTION_DATE=2023-04-26T18:56:16.668073+00:00
AIRFLOW_CTX_TRY_NUMBER=1
AIRFLOW_CTX_DAG_RUN_ID=manual__2023-04-26T18:56:16.668073+00:00
[2023-04-26T18:56:56.894+0000] {logging_mixin.py:137} INFO - data is  ['2023-04-25T10:20:00Z', 16.2, 0.06, 5.7, 'Odesa']
[2023-04-26T18:56:56.954+0000] {logging_mixin.py:137} INFO - 2023-04-25T10:20:00Z
[2023-04-26T18:56:57.035+0000] {logging_mixin.py:137} INFO - 16.2
[2023-04-26T18:56:57.194+0000] {python.py:177} INFO - Done. Returned value was: None
[2023-04-26T18:56:57.317+0000] {taskinstance.py:1332} INFO - Marking task as SUCCESS. dag_id=weather_dag_api, task_id=cities.view_data_Odesa, execution_date=20230426T185616, start_date=20230426T185655, end_date=20230426T185657
[2023-04-26T18:56:57.853+0000] {local_task_job.py:212} INFO - Task exited with return code 0
[2023-04-26T18:56:58.435+0000] {taskinstance.py:2596} INFO - 1 downstream tasks scheduled from follow-on schedule check
