[2023-04-27T06:54:45.003+0000] {taskinstance.py:1090} INFO - Dependencies all met for dep_context=non-requeueable deps ti=<TaskInstance: weather_dag_api.cities.process_data_Kharkiv manual__2023-04-27T06:54:20.716713+00:00 [queued]>
[2023-04-27T06:54:45.112+0000] {taskinstance.py:1090} INFO - Dependencies all met for dep_context=requeueable deps ti=<TaskInstance: weather_dag_api.cities.process_data_Kharkiv manual__2023-04-27T06:54:20.716713+00:00 [queued]>
[2023-04-27T06:54:45.113+0000] {taskinstance.py:1288} INFO - 
--------------------------------------------------------------------------------
[2023-04-27T06:54:45.114+0000] {taskinstance.py:1289} INFO - Starting attempt 1 of 1
[2023-04-27T06:54:45.122+0000] {taskinstance.py:1290} INFO - 
--------------------------------------------------------------------------------
[2023-04-27T06:54:45.375+0000] {taskinstance.py:1309} INFO - Executing <Task(PythonOperator): cities.process_data_Kharkiv> on 2023-04-27 06:54:20.716713+00:00
[2023-04-27T06:54:45.450+0000] {standard_task_runner.py:55} INFO - Started process 415 to run task
[2023-04-27T06:54:45.517+0000] {standard_task_runner.py:82} INFO - Running: ['***', 'tasks', 'run', 'weather_dag_api', 'cities.process_data_Kharkiv', 'manual__2023-04-27T06:54:20.716713+00:00', '--job-id', '68', '--raw', '--subdir', 'DAGS_FOLDER/weather_dag_api copy.py', '--cfg-path', '/tmp/tmps3pemwnl']
[2023-04-27T06:54:45.558+0000] {standard_task_runner.py:83} INFO - Job 68: Subtask cities.process_data_Kharkiv
[2023-04-27T06:54:46.423+0000] {task_command.py:389} INFO - Running <TaskInstance: weather_dag_api.cities.process_data_Kharkiv manual__2023-04-27T06:54:20.716713+00:00 [running]> on host 80d943d8f5b4
[2023-04-27T06:54:47.860+0000] {taskinstance.py:1518} INFO - Exporting the following env vars:
AIRFLOW_CTX_DAG_OWNER=***
AIRFLOW_CTX_DAG_ID=weather_dag_api
AIRFLOW_CTX_TASK_ID=cities.process_data_Kharkiv
AIRFLOW_CTX_EXECUTION_DATE=2023-04-27T06:54:20.716713+00:00
AIRFLOW_CTX_TRY_NUMBER=1
AIRFLOW_CTX_DAG_RUN_ID=manual__2023-04-27T06:54:20.716713+00:00
[2023-04-27T06:54:47.980+0000] {logging_mixin.py:137} INFO - 18.4
[2023-04-27T06:54:47.982+0000] {python.py:177} INFO - Done. Returned value was: ('2023-04-26T10:20:00Z', 18.4, 0.0, 4.3, 'Kharkiv')
[2023-04-27T06:54:48.468+0000] {taskinstance.py:1332} INFO - Marking task as SUCCESS. dag_id=weather_dag_api, task_id=cities.process_data_Kharkiv, execution_date=20230427T065420, start_date=20230427T065445, end_date=20230427T065448
[2023-04-27T06:54:49.378+0000] {local_task_job.py:212} INFO - Task exited with return code 0
[2023-04-27T06:54:49.845+0000] {taskinstance.py:2596} INFO - 1 downstream tasks scheduled from follow-on schedule check
