[2023-04-26T18:46:52.959+0000] {taskinstance.py:1090} INFO - Dependencies all met for dep_context=non-requeueable deps ti=<TaskInstance: weather_dag_api.cities.process_data_Lviv manual__2023-04-26T18:46:27.421244+00:00 [queued]>
[2023-04-26T18:46:53.112+0000] {taskinstance.py:1090} INFO - Dependencies all met for dep_context=requeueable deps ti=<TaskInstance: weather_dag_api.cities.process_data_Lviv manual__2023-04-26T18:46:27.421244+00:00 [queued]>
[2023-04-26T18:46:53.113+0000] {taskinstance.py:1288} INFO - 
--------------------------------------------------------------------------------
[2023-04-26T18:46:53.116+0000] {taskinstance.py:1289} INFO - Starting attempt 1 of 1
[2023-04-26T18:46:53.118+0000] {taskinstance.py:1290} INFO - 
--------------------------------------------------------------------------------
[2023-04-26T18:46:53.255+0000] {taskinstance.py:1309} INFO - Executing <Task(PythonOperator): cities.process_data_Lviv> on 2023-04-26 18:46:27.421244+00:00
[2023-04-26T18:46:53.287+0000] {standard_task_runner.py:55} INFO - Started process 2034 to run task
[2023-04-26T18:46:53.355+0000] {standard_task_runner.py:82} INFO - Running: ['***', 'tasks', 'run', 'weather_dag_api', 'cities.process_data_Lviv', 'manual__2023-04-26T18:46:27.421244+00:00', '--job-id', '360', '--raw', '--subdir', 'DAGS_FOLDER/weather_dag_api.py', '--cfg-path', '/tmp/tmprlob0ipb']
[2023-04-26T18:46:53.360+0000] {standard_task_runner.py:83} INFO - Job 360: Subtask cities.process_data_Lviv
[2023-04-26T18:46:54.109+0000] {task_command.py:389} INFO - Running <TaskInstance: weather_dag_api.cities.process_data_Lviv manual__2023-04-26T18:46:27.421244+00:00 [running]> on host b46a99c748bd
[2023-04-26T18:46:54.878+0000] {taskinstance.py:1518} INFO - Exporting the following env vars:
AIRFLOW_CTX_DAG_OWNER=***
AIRFLOW_CTX_DAG_ID=weather_dag_api
AIRFLOW_CTX_TASK_ID=cities.process_data_Lviv
AIRFLOW_CTX_EXECUTION_DATE=2023-04-26T18:46:27.421244+00:00
AIRFLOW_CTX_TRY_NUMBER=1
AIRFLOW_CTX_DAG_RUN_ID=manual__2023-04-26T18:46:27.421244+00:00
[2023-04-26T18:46:54.983+0000] {logging_mixin.py:137} INFO - 15.1
[2023-04-26T18:46:54.988+0000] {python.py:177} INFO - Done. Returned value was: ('2023-04-25T10:20:00Z', 15.1, 0.0, 2.0, 'Lviv')
[2023-04-26T18:46:55.161+0000] {taskinstance.py:1332} INFO - Marking task as SUCCESS. dag_id=weather_dag_api, task_id=cities.process_data_Lviv, execution_date=20230426T184627, start_date=20230426T184652, end_date=20230426T184655
[2023-04-26T18:46:55.389+0000] {local_task_job.py:212} INFO - Task exited with return code 0
[2023-04-26T18:46:55.692+0000] {taskinstance.py:2596} INFO - 1 downstream tasks scheduled from follow-on schedule check
