[2023-04-27T07:05:44.603+0000] {taskinstance.py:1090} INFO - Dependencies all met for dep_context=non-requeueable deps ti=<TaskInstance: weather_dag_api.cities.process_data_Kyiv manual__2023-04-27T07:04:55.413748+00:00 [queued]>
[2023-04-27T07:05:45.153+0000] {taskinstance.py:1090} INFO - Dependencies all met for dep_context=requeueable deps ti=<TaskInstance: weather_dag_api.cities.process_data_Kyiv manual__2023-04-27T07:04:55.413748+00:00 [queued]>
[2023-04-27T07:05:45.693+0000] {taskinstance.py:1288} INFO - 
--------------------------------------------------------------------------------
[2023-04-27T07:05:45.695+0000] {taskinstance.py:1289} INFO - Starting attempt 1 of 1
[2023-04-27T07:05:45.723+0000] {taskinstance.py:1290} INFO - 
--------------------------------------------------------------------------------
[2023-04-27T07:05:46.285+0000] {taskinstance.py:1309} INFO - Executing <Task(PythonOperator): cities.process_data_Kyiv> on 2023-04-27 07:04:55.413748+00:00
[2023-04-27T07:05:46.604+0000] {standard_task_runner.py:55} INFO - Started process 710 to run task
[2023-04-27T07:05:46.688+0000] {standard_task_runner.py:82} INFO - Running: ['***', 'tasks', 'run', 'weather_dag_api', 'cities.process_data_Kyiv', 'manual__2023-04-27T07:04:55.413748+00:00', '--job-id', '108', '--raw', '--subdir', 'DAGS_FOLDER/weather_dag_api.py', '--cfg-path', '/tmp/tmpahms40ju']
[2023-04-27T07:05:46.712+0000] {standard_task_runner.py:83} INFO - Job 108: Subtask cities.process_data_Kyiv
[2023-04-27T07:05:48.581+0000] {task_command.py:389} INFO - Running <TaskInstance: weather_dag_api.cities.process_data_Kyiv manual__2023-04-27T07:04:55.413748+00:00 [running]> on host 80d943d8f5b4
[2023-04-27T07:05:53.435+0000] {taskinstance.py:1518} INFO - Exporting the following env vars:
AIRFLOW_CTX_DAG_OWNER=***
AIRFLOW_CTX_DAG_ID=weather_dag_api
AIRFLOW_CTX_TASK_ID=cities.process_data_Kyiv
AIRFLOW_CTX_EXECUTION_DATE=2023-04-27T07:04:55.413748+00:00
AIRFLOW_CTX_TRY_NUMBER=1
AIRFLOW_CTX_DAG_RUN_ID=manual__2023-04-27T07:04:55.413748+00:00
[2023-04-27T07:05:54.043+0000] {logging_mixin.py:137} INFO - 10.2
[2023-04-27T07:05:54.047+0000] {python.py:177} INFO - Done. Returned value was: ('2023-04-26T05:20:00Z', 10.2, 0.0, 3.6, 'Kyiv')
[2023-04-27T07:05:56.277+0000] {taskinstance.py:1332} INFO - Marking task as SUCCESS. dag_id=weather_dag_api, task_id=cities.process_data_Kyiv, execution_date=20230427T070455, start_date=20230427T070544, end_date=20230427T070556
[2023-04-27T07:05:57.639+0000] {local_task_job.py:212} INFO - Task exited with return code 0
[2023-04-27T07:05:59.341+0000] {taskinstance.py:2596} INFO - 1 downstream tasks scheduled from follow-on schedule check
