[2023-04-26T15:15:43.719+0000] {taskinstance.py:1090} INFO - Dependencies all met for dep_context=non-requeueable deps ti=<TaskInstance: weather_dag_api.cities.process_data_Lviv manual__2023-04-26T15:15:26.685204+00:00 [queued]>
[2023-04-26T15:15:43.878+0000] {taskinstance.py:1090} INFO - Dependencies all met for dep_context=requeueable deps ti=<TaskInstance: weather_dag_api.cities.process_data_Lviv manual__2023-04-26T15:15:26.685204+00:00 [queued]>
[2023-04-26T15:15:43.884+0000] {taskinstance.py:1288} INFO - 
--------------------------------------------------------------------------------
[2023-04-26T15:15:43.897+0000] {taskinstance.py:1289} INFO - Starting attempt 1 of 1
[2023-04-26T15:15:43.899+0000] {taskinstance.py:1290} INFO - 
--------------------------------------------------------------------------------
[2023-04-26T15:15:44.168+0000] {taskinstance.py:1309} INFO - Executing <Task(PythonOperator): cities.process_data_Lviv> on 2023-04-26 15:15:26.685204+00:00
[2023-04-26T15:15:44.195+0000] {standard_task_runner.py:55} INFO - Started process 2504 to run task
[2023-04-26T15:15:44.240+0000] {standard_task_runner.py:82} INFO - Running: ['***', 'tasks', 'run', 'weather_dag_api', 'cities.process_data_Lviv', 'manual__2023-04-26T15:15:26.685204+00:00', '--job-id', '135', '--raw', '--subdir', 'DAGS_FOLDER/weather_dag_api.py', '--cfg-path', '/tmp/tmp78d0b7_r']
[2023-04-26T15:15:44.251+0000] {standard_task_runner.py:83} INFO - Job 135: Subtask cities.process_data_Lviv
[2023-04-26T15:15:45.186+0000] {task_command.py:389} INFO - Running <TaskInstance: weather_dag_api.cities.process_data_Lviv manual__2023-04-26T15:15:26.685204+00:00 [running]> on host d48b88797b3b
[2023-04-26T15:15:45.965+0000] {taskinstance.py:1518} INFO - Exporting the following env vars:
AIRFLOW_CTX_DAG_OWNER=***
AIRFLOW_CTX_DAG_ID=weather_dag_api
AIRFLOW_CTX_TASK_ID=cities.process_data_Lviv
AIRFLOW_CTX_EXECUTION_DATE=2023-04-26T15:15:26.685204+00:00
AIRFLOW_CTX_TRY_NUMBER=1
AIRFLOW_CTX_DAG_RUN_ID=manual__2023-04-26T15:15:26.685204+00:00
[2023-04-26T15:15:46.119+0000] {logging_mixin.py:137} INFO - 15.1
[2023-04-26T15:15:46.120+0000] {python.py:177} INFO - Done. Returned value was: ('2023-04-25T10:20:00Z', 15.1, 0.0, 2.0, 'Lviv')
[2023-04-26T15:15:46.428+0000] {taskinstance.py:1332} INFO - Marking task as SUCCESS. dag_id=weather_dag_api, task_id=cities.process_data_Lviv, execution_date=20230426T151526, start_date=20230426T151543, end_date=20230426T151546
[2023-04-26T15:15:46.547+0000] {local_task_job.py:212} INFO - Task exited with return code 0
[2023-04-26T15:15:47.079+0000] {taskinstance.py:2596} INFO - 1 downstream tasks scheduled from follow-on schedule check
