[2023-04-26T16:34:27.496+0000] {taskinstance.py:1090} INFO - Dependencies all met for dep_context=non-requeueable deps ti=<TaskInstance: weather_dag_api.cities.process_data_Kharkiv manual__2023-04-26T16:34:05.583527+00:00 [queued]>
[2023-04-26T16:34:27.602+0000] {taskinstance.py:1090} INFO - Dependencies all met for dep_context=requeueable deps ti=<TaskInstance: weather_dag_api.cities.process_data_Kharkiv manual__2023-04-26T16:34:05.583527+00:00 [queued]>
[2023-04-26T16:34:27.603+0000] {taskinstance.py:1288} INFO - 
--------------------------------------------------------------------------------
[2023-04-26T16:34:27.605+0000] {taskinstance.py:1289} INFO - Starting attempt 1 of 1
[2023-04-26T16:34:27.606+0000] {taskinstance.py:1290} INFO - 
--------------------------------------------------------------------------------
[2023-04-26T16:34:27.851+0000] {taskinstance.py:1309} INFO - Executing <Task(PythonOperator): cities.process_data_Kharkiv> on 2023-04-26 16:34:05.583527+00:00
[2023-04-26T16:34:27.959+0000] {standard_task_runner.py:55} INFO - Started process 4408 to run task
[2023-04-26T16:34:28.038+0000] {standard_task_runner.py:82} INFO - Running: ['***', 'tasks', 'run', 'weather_dag_api', 'cities.process_data_Kharkiv', 'manual__2023-04-26T16:34:05.583527+00:00', '--job-id', '374', '--raw', '--subdir', 'DAGS_FOLDER/weather_dag_final.py', '--cfg-path', '/tmp/tmp1pbagso6']
[2023-04-26T16:34:28.072+0000] {standard_task_runner.py:83} INFO - Job 374: Subtask cities.process_data_Kharkiv
[2023-04-26T16:34:28.926+0000] {task_command.py:389} INFO - Running <TaskInstance: weather_dag_api.cities.process_data_Kharkiv manual__2023-04-26T16:34:05.583527+00:00 [running]> on host d48b88797b3b
[2023-04-26T16:34:29.397+0000] {taskinstance.py:1518} INFO - Exporting the following env vars:
AIRFLOW_CTX_DAG_OWNER=***
AIRFLOW_CTX_DAG_ID=weather_dag_api
AIRFLOW_CTX_TASK_ID=cities.process_data_Kharkiv
AIRFLOW_CTX_EXECUTION_DATE=2023-04-26T16:34:05.583527+00:00
AIRFLOW_CTX_TRY_NUMBER=1
AIRFLOW_CTX_DAG_RUN_ID=manual__2023-04-26T16:34:05.583527+00:00
[2023-04-26T16:34:29.523+0000] {logging_mixin.py:137} INFO - 13.4
[2023-04-26T16:34:29.526+0000] {python.py:177} INFO - Done. Returned value was: ('2023-04-25T10:20:00Z', 13.4, 0.42, 2.7, 'Kharkiv')
[2023-04-26T16:34:29.681+0000] {taskinstance.py:1332} INFO - Marking task as SUCCESS. dag_id=weather_dag_api, task_id=cities.process_data_Kharkiv, execution_date=20230426T163405, start_date=20230426T163427, end_date=20230426T163429
[2023-04-26T16:34:30.003+0000] {local_task_job.py:212} INFO - Task exited with return code 0
[2023-04-26T16:34:30.677+0000] {taskinstance.py:2596} INFO - 1 downstream tasks scheduled from follow-on schedule check
