[2023-04-25T08:38:10.784+0000] {taskinstance.py:1090} INFO - Dependencies all met for dep_context=non-requeueable deps ti=<TaskInstance: simple_python_dag.python_task scheduled__2023-04-24T00:00:00+00:00 [queued]>
[2023-04-25T08:38:10.836+0000] {taskinstance.py:1090} INFO - Dependencies all met for dep_context=requeueable deps ti=<TaskInstance: simple_python_dag.python_task scheduled__2023-04-24T00:00:00+00:00 [queued]>
[2023-04-25T08:38:10.838+0000] {taskinstance.py:1288} INFO - 
--------------------------------------------------------------------------------
[2023-04-25T08:38:10.839+0000] {taskinstance.py:1289} INFO - Starting attempt 1 of 1
[2023-04-25T08:38:10.841+0000] {taskinstance.py:1290} INFO - 
--------------------------------------------------------------------------------
[2023-04-25T08:38:10.892+0000] {taskinstance.py:1309} INFO - Executing <Task(PythonOperator): python_task> on 2023-04-24 00:00:00+00:00
[2023-04-25T08:38:10.905+0000] {standard_task_runner.py:55} INFO - Started process 688 to run task
[2023-04-25T08:38:10.923+0000] {standard_task_runner.py:82} INFO - Running: ['***', 'tasks', 'run', 'simple_python_dag', 'python_task', 'scheduled__2023-04-24T00:00:00+00:00', '--job-id', '7', '--raw', '--subdir', 'DAGS_FOLDER/weather_dag.py', '--cfg-path', '/tmp/tmpfk30r5bz']
[2023-04-25T08:38:10.926+0000] {standard_task_runner.py:83} INFO - Job 7: Subtask python_task
[2023-04-25T08:38:11.198+0000] {task_command.py:389} INFO - Running <TaskInstance: simple_python_dag.python_task scheduled__2023-04-24T00:00:00+00:00 [running]> on host d5e7c089f50a
[2023-04-25T08:38:11.472+0000] {taskinstance.py:1518} INFO - Exporting the following env vars:
AIRFLOW_CTX_DAG_OWNER=***
AIRFLOW_CTX_DAG_ID=simple_python_dag
AIRFLOW_CTX_TASK_ID=python_task
AIRFLOW_CTX_EXECUTION_DATE=2023-04-24T00:00:00+00:00
AIRFLOW_CTX_TRY_NUMBER=1
AIRFLOW_CTX_DAG_RUN_ID=scheduled__2023-04-24T00:00:00+00:00
[2023-04-25T08:38:11.477+0000] {weather_dag.py:6} INFO - Hello, World!
[2023-04-25T08:38:11.480+0000] {python.py:177} INFO - Done. Returned value was: None
[2023-04-25T08:38:11.510+0000] {taskinstance.py:1332} INFO - Marking task as SUCCESS. dag_id=simple_python_dag, task_id=python_task, execution_date=20230424T000000, start_date=20230425T083810, end_date=20230425T083811
[2023-04-25T08:38:11.610+0000] {local_task_job.py:212} INFO - Task exited with return code 0
[2023-04-25T08:38:11.655+0000] {taskinstance.py:2596} INFO - 0 downstream tasks scheduled from follow-on schedule check
