[2023-04-26T18:01:49.779+0000] {taskinstance.py:1090} INFO - Dependencies all met for dep_context=non-requeueable deps ti=<TaskInstance: weather_dag_api.cities.view_data_Kharkiv manual__2023-04-26T18:01:23.791505+00:00 [queued]>
[2023-04-26T18:01:49.848+0000] {taskinstance.py:1090} INFO - Dependencies all met for dep_context=requeueable deps ti=<TaskInstance: weather_dag_api.cities.view_data_Kharkiv manual__2023-04-26T18:01:23.791505+00:00 [queued]>
[2023-04-26T18:01:49.855+0000] {taskinstance.py:1288} INFO - 
--------------------------------------------------------------------------------
[2023-04-26T18:01:49.864+0000] {taskinstance.py:1289} INFO - Starting attempt 1 of 1
[2023-04-26T18:01:49.873+0000] {taskinstance.py:1290} INFO - 
--------------------------------------------------------------------------------
[2023-04-26T18:01:49.953+0000] {taskinstance.py:1309} INFO - Executing <Task(PythonOperator): cities.view_data_Kharkiv> on 2023-04-26 18:01:23.791505+00:00
[2023-04-26T18:01:49.991+0000] {standard_task_runner.py:55} INFO - Started process 803 to run task
[2023-04-26T18:01:50.045+0000] {standard_task_runner.py:82} INFO - Running: ['***', 'tasks', 'run', 'weather_dag_api', 'cities.view_data_Kharkiv', 'manual__2023-04-26T18:01:23.791505+00:00', '--job-id', '142', '--raw', '--subdir', 'DAGS_FOLDER/weather_dag_api.py', '--cfg-path', '/tmp/tmpmc8ccm31']
[2023-04-26T18:01:50.066+0000] {standard_task_runner.py:83} INFO - Job 142: Subtask cities.view_data_Kharkiv
[2023-04-26T18:01:50.607+0000] {task_command.py:389} INFO - Running <TaskInstance: weather_dag_api.cities.view_data_Kharkiv manual__2023-04-26T18:01:23.791505+00:00 [running]> on host b46a99c748bd
[2023-04-26T18:01:51.792+0000] {taskinstance.py:1518} INFO - Exporting the following env vars:
AIRFLOW_CTX_DAG_OWNER=***
AIRFLOW_CTX_DAG_ID=weather_dag_api
AIRFLOW_CTX_TASK_ID=cities.view_data_Kharkiv
AIRFLOW_CTX_EXECUTION_DATE=2023-04-26T18:01:23.791505+00:00
AIRFLOW_CTX_TRY_NUMBER=1
AIRFLOW_CTX_DAG_RUN_ID=manual__2023-04-26T18:01:23.791505+00:00
[2023-04-26T18:01:51.999+0000] {logging_mixin.py:137} INFO - data is  ['2023-04-25T10:20:00Z', 13.4, 0.42, 2.7, 'Kharkiv']
[2023-04-26T18:01:52.014+0000] {python.py:177} INFO - Done. Returned value was: None
[2023-04-26T18:01:52.121+0000] {taskinstance.py:1332} INFO - Marking task as SUCCESS. dag_id=weather_dag_api, task_id=cities.view_data_Kharkiv, execution_date=20230426T180123, start_date=20230426T180149, end_date=20230426T180152
[2023-04-26T18:01:52.374+0000] {local_task_job.py:212} INFO - Task exited with return code 0
[2023-04-26T18:01:52.942+0000] {taskinstance.py:2596} INFO - 1 downstream tasks scheduled from follow-on schedule check
