[2023-04-27T06:52:00.156+0000] {taskinstance.py:1090} INFO - Dependencies all met for dep_context=non-requeueable deps ti=<TaskInstance: weather_dag_api.cities.process_data_Lviv manual__2023-04-27T06:51:39.617091+00:00 [queued]>
[2023-04-27T06:52:00.251+0000] {taskinstance.py:1090} INFO - Dependencies all met for dep_context=requeueable deps ti=<TaskInstance: weather_dag_api.cities.process_data_Lviv manual__2023-04-27T06:51:39.617091+00:00 [queued]>
[2023-04-27T06:52:00.254+0000] {taskinstance.py:1288} INFO - 
--------------------------------------------------------------------------------
[2023-04-27T06:52:00.260+0000] {taskinstance.py:1289} INFO - Starting attempt 1 of 1
[2023-04-27T06:52:00.262+0000] {taskinstance.py:1290} INFO - 
--------------------------------------------------------------------------------
[2023-04-27T06:52:00.354+0000] {taskinstance.py:1309} INFO - Executing <Task(PythonOperator): cities.process_data_Lviv> on 2023-04-27 06:51:39.617091+00:00
[2023-04-27T06:52:00.373+0000] {standard_task_runner.py:55} INFO - Started process 309 to run task
[2023-04-27T06:52:00.409+0000] {standard_task_runner.py:82} INFO - Running: ['***', 'tasks', 'run', 'weather_dag_api', 'cities.process_data_Lviv', 'manual__2023-04-27T06:51:39.617091+00:00', '--job-id', '39', '--raw', '--subdir', 'DAGS_FOLDER/weather_dag_api copy.py', '--cfg-path', '/tmp/tmpc1tazex5']
[2023-04-27T06:52:00.411+0000] {standard_task_runner.py:83} INFO - Job 39: Subtask cities.process_data_Lviv
[2023-04-27T06:52:01.221+0000] {task_command.py:389} INFO - Running <TaskInstance: weather_dag_api.cities.process_data_Lviv manual__2023-04-27T06:51:39.617091+00:00 [running]> on host 80d943d8f5b4
[2023-04-27T06:52:02.948+0000] {taskinstance.py:1518} INFO - Exporting the following env vars:
AIRFLOW_CTX_DAG_OWNER=***
AIRFLOW_CTX_DAG_ID=weather_dag_api
AIRFLOW_CTX_TASK_ID=cities.process_data_Lviv
AIRFLOW_CTX_EXECUTION_DATE=2023-04-27T06:51:39.617091+00:00
AIRFLOW_CTX_TRY_NUMBER=1
AIRFLOW_CTX_DAG_RUN_ID=manual__2023-04-27T06:51:39.617091+00:00
[2023-04-27T06:52:03.557+0000] {logging_mixin.py:137} INFO - 6.2
[2023-04-27T06:52:03.577+0000] {python.py:177} INFO - Done. Returned value was: ('2023-04-26T10:20:00Z', 6.2, 0.0, 6.6, 'Lviv')
[2023-04-27T06:52:04.093+0000] {taskinstance.py:1332} INFO - Marking task as SUCCESS. dag_id=weather_dag_api, task_id=cities.process_data_Lviv, execution_date=20230427T065139, start_date=20230427T065200, end_date=20230427T065204
[2023-04-27T06:52:04.348+0000] {local_task_job.py:212} INFO - Task exited with return code 0
[2023-04-27T06:52:04.545+0000] {taskinstance.py:2596} INFO - 0 downstream tasks scheduled from follow-on schedule check
