[2023-04-26T16:37:56.948+0000] {taskinstance.py:1090} INFO - Dependencies all met for dep_context=non-requeueable deps ti=<TaskInstance: weather_dag_api.cities.process_data_Zhmerynka manual__2023-04-26T16:37:34.862513+00:00 [queued]>
[2023-04-26T16:37:57.047+0000] {taskinstance.py:1090} INFO - Dependencies all met for dep_context=requeueable deps ti=<TaskInstance: weather_dag_api.cities.process_data_Zhmerynka manual__2023-04-26T16:37:34.862513+00:00 [queued]>
[2023-04-26T16:37:57.051+0000] {taskinstance.py:1288} INFO - 
--------------------------------------------------------------------------------
[2023-04-26T16:37:57.056+0000] {taskinstance.py:1289} INFO - Starting attempt 1 of 1
[2023-04-26T16:37:57.057+0000] {taskinstance.py:1290} INFO - 
--------------------------------------------------------------------------------
[2023-04-26T16:37:57.240+0000] {taskinstance.py:1309} INFO - Executing <Task(PythonOperator): cities.process_data_Zhmerynka> on 2023-04-26 16:37:34.862513+00:00
[2023-04-26T16:37:57.283+0000] {standard_task_runner.py:55} INFO - Started process 4510 to run task
[2023-04-26T16:37:57.342+0000] {standard_task_runner.py:82} INFO - Running: ['***', 'tasks', 'run', 'weather_dag_api', 'cities.process_data_Zhmerynka', 'manual__2023-04-26T16:37:34.862513+00:00', '--job-id', '393', '--raw', '--subdir', 'DAGS_FOLDER/weather_dag_api.py', '--cfg-path', '/tmp/tmpvrp358o6']
[2023-04-26T16:37:57.345+0000] {standard_task_runner.py:83} INFO - Job 393: Subtask cities.process_data_Zhmerynka
[2023-04-26T16:37:58.125+0000] {task_command.py:389} INFO - Running <TaskInstance: weather_dag_api.cities.process_data_Zhmerynka manual__2023-04-26T16:37:34.862513+00:00 [running]> on host d48b88797b3b
[2023-04-26T16:38:00.343+0000] {taskinstance.py:1518} INFO - Exporting the following env vars:
AIRFLOW_CTX_DAG_OWNER=***
AIRFLOW_CTX_DAG_ID=weather_dag_api
AIRFLOW_CTX_TASK_ID=cities.process_data_Zhmerynka
AIRFLOW_CTX_EXECUTION_DATE=2023-04-26T16:37:34.862513+00:00
AIRFLOW_CTX_TRY_NUMBER=1
AIRFLOW_CTX_DAG_RUN_ID=manual__2023-04-26T16:37:34.862513+00:00
[2023-04-26T16:38:00.924+0000] {logging_mixin.py:137} INFO - 15.5
[2023-04-26T16:38:00.925+0000] {python.py:177} INFO - Done. Returned value was: ('2023-04-25T10:20:00Z', 15.5, 0.0, 5.7, 'Zhmerynka')
[2023-04-26T16:38:01.368+0000] {taskinstance.py:1332} INFO - Marking task as SUCCESS. dag_id=weather_dag_api, task_id=cities.process_data_Zhmerynka, execution_date=20230426T163734, start_date=20230426T163756, end_date=20230426T163801
[2023-04-26T16:38:01.585+0000] {local_task_job.py:212} INFO - Task exited with return code 0
[2023-04-26T16:38:02.122+0000] {taskinstance.py:2596} INFO - 1 downstream tasks scheduled from follow-on schedule check
