[2023-04-26T18:17:24.105+0000] {taskinstance.py:1090} INFO - Dependencies all met for dep_context=non-requeueable deps ti=<TaskInstance: weather_dag_api.cities.view_data_Odesa manual__2023-04-26T18:16:46.607855+00:00 [queued]>
[2023-04-26T18:17:24.330+0000] {taskinstance.py:1090} INFO - Dependencies all met for dep_context=requeueable deps ti=<TaskInstance: weather_dag_api.cities.view_data_Odesa manual__2023-04-26T18:16:46.607855+00:00 [queued]>
[2023-04-26T18:17:24.331+0000] {taskinstance.py:1288} INFO - 
--------------------------------------------------------------------------------
[2023-04-26T18:17:24.332+0000] {taskinstance.py:1289} INFO - Starting attempt 1 of 1
[2023-04-26T18:17:24.334+0000] {taskinstance.py:1290} INFO - 
--------------------------------------------------------------------------------
[2023-04-26T18:17:24.492+0000] {taskinstance.py:1309} INFO - Executing <Task(PythonOperator): cities.view_data_Odesa> on 2023-04-26 18:16:46.607855+00:00
[2023-04-26T18:17:24.550+0000] {standard_task_runner.py:55} INFO - Started process 1266 to run task
[2023-04-26T18:17:24.591+0000] {standard_task_runner.py:82} INFO - Running: ['***', 'tasks', 'run', 'weather_dag_api', 'cities.view_data_Odesa', 'manual__2023-04-26T18:16:46.607855+00:00', '--job-id', '234', '--raw', '--subdir', 'DAGS_FOLDER/weather_dag_api.py', '--cfg-path', '/tmp/tmp1i7m7_yb']
[2023-04-26T18:17:24.600+0000] {standard_task_runner.py:83} INFO - Job 234: Subtask cities.view_data_Odesa
[2023-04-26T18:17:25.149+0000] {task_command.py:389} INFO - Running <TaskInstance: weather_dag_api.cities.view_data_Odesa manual__2023-04-26T18:16:46.607855+00:00 [running]> on host b46a99c748bd
[2023-04-26T18:17:25.694+0000] {taskinstance.py:1518} INFO - Exporting the following env vars:
AIRFLOW_CTX_DAG_OWNER=***
AIRFLOW_CTX_DAG_ID=weather_dag_api
AIRFLOW_CTX_TASK_ID=cities.view_data_Odesa
AIRFLOW_CTX_EXECUTION_DATE=2023-04-26T18:16:46.607855+00:00
AIRFLOW_CTX_TRY_NUMBER=1
AIRFLOW_CTX_DAG_RUN_ID=manual__2023-04-26T18:16:46.607855+00:00
[2023-04-26T18:17:25.732+0000] {logging_mixin.py:137} INFO - data is  ['2023-04-25T10:20:00Z', 16.2, 0.06, 5.7, 'Odesa']
[2023-04-26T18:17:25.743+0000] {logging_mixin.py:137} INFO - 2023-04-25T10:20:00Z
[2023-04-26T18:17:25.745+0000] {logging_mixin.py:137} INFO - 16.2
[2023-04-26T18:17:25.747+0000] {python.py:177} INFO - Done. Returned value was: None
[2023-04-26T18:17:25.777+0000] {taskinstance.py:1332} INFO - Marking task as SUCCESS. dag_id=weather_dag_api, task_id=cities.view_data_Odesa, execution_date=20230426T181646, start_date=20230426T181724, end_date=20230426T181725
[2023-04-26T18:17:25.932+0000] {local_task_job.py:212} INFO - Task exited with return code 0
[2023-04-26T18:17:26.944+0000] {taskinstance.py:2596} INFO - 0 downstream tasks scheduled from follow-on schedule check
