[2023-04-27T06:51:52.933+0000] {taskinstance.py:1090} INFO - Dependencies all met for dep_context=non-requeueable deps ti=<TaskInstance: weather_dag_api.cities.extract_data_Zhmerynka manual__2023-04-27T06:51:39.617091+00:00 [queued]>
[2023-04-27T06:51:53.137+0000] {taskinstance.py:1090} INFO - Dependencies all met for dep_context=requeueable deps ti=<TaskInstance: weather_dag_api.cities.extract_data_Zhmerynka manual__2023-04-27T06:51:39.617091+00:00 [queued]>
[2023-04-27T06:51:53.190+0000] {taskinstance.py:1288} INFO - 
--------------------------------------------------------------------------------
[2023-04-27T06:51:53.195+0000] {taskinstance.py:1289} INFO - Starting attempt 1 of 1
[2023-04-27T06:51:53.196+0000] {taskinstance.py:1290} INFO - 
--------------------------------------------------------------------------------
[2023-04-27T06:51:53.351+0000] {taskinstance.py:1309} INFO - Executing <Task(SimpleHttpOperator): cities.extract_data_Zhmerynka> on 2023-04-27 06:51:39.617091+00:00
[2023-04-27T06:51:53.379+0000] {standard_task_runner.py:55} INFO - Started process 294 to run task
[2023-04-27T06:51:53.438+0000] {standard_task_runner.py:82} INFO - Running: ['***', 'tasks', 'run', 'weather_dag_api', 'cities.extract_data_Zhmerynka', 'manual__2023-04-27T06:51:39.617091+00:00', '--job-id', '37', '--raw', '--subdir', 'DAGS_FOLDER/weather_dag_api.py', '--cfg-path', '/tmp/tmp13l3l02e']
[2023-04-27T06:51:53.447+0000] {standard_task_runner.py:83} INFO - Job 37: Subtask cities.extract_data_Zhmerynka
[2023-04-27T06:51:54.014+0000] {task_command.py:389} INFO - Running <TaskInstance: weather_dag_api.cities.extract_data_Zhmerynka manual__2023-04-27T06:51:39.617091+00:00 [running]> on host 80d943d8f5b4
[2023-04-27T06:51:54.736+0000] {taskinstance.py:1518} INFO - Exporting the following env vars:
AIRFLOW_CTX_DAG_OWNER=***
AIRFLOW_CTX_DAG_ID=weather_dag_api
AIRFLOW_CTX_TASK_ID=cities.extract_data_Zhmerynka
AIRFLOW_CTX_EXECUTION_DATE=2023-04-27T06:51:39.617091+00:00
AIRFLOW_CTX_TRY_NUMBER=1
AIRFLOW_CTX_DAG_RUN_ID=manual__2023-04-27T06:51:39.617091+00:00
[2023-04-27T06:51:54.739+0000] {http.py:123} INFO - Calling HTTP method
[2023-04-27T06:51:54.784+0000] {base.py:73} INFO - Using connection ID 'weather_conn' for task execution.
[2023-04-27T06:51:55.056+0000] {http.py:127} INFO - {"version":"3.0","user":"__-_stuff","dateGenerated":"2023-04-27T06:51:55Z","status":"OK","data":[{"parameter":"t_2m:C","coordinates":[{"lat":49.035459,"lon":28.114732,"dates":[{"date":"2023-04-26T10:20:00Z","value":12.4}]}]},{"parameter":"precip_1h:mm","coordinates":[{"lat":49.035459,"lon":28.114732,"dates":[{"date":"2023-04-26T10:20:00Z","value":0.00}]}]},{"parameter":"wind_speed_10m:ms","coordinates":[{"lat":49.035459,"lon":28.114732,"dates":[{"date":"2023-04-26T10:20:00Z","value":3.5}]}]}]}

[2023-04-27T06:51:55.185+0000] {taskinstance.py:1332} INFO - Marking task as SUCCESS. dag_id=weather_dag_api, task_id=cities.extract_data_Zhmerynka, execution_date=20230427T065139, start_date=20230427T065152, end_date=20230427T065155
[2023-04-27T06:51:55.297+0000] {local_task_job.py:212} INFO - Task exited with return code 0
[2023-04-27T06:51:56.244+0000] {taskinstance.py:2596} INFO - 1 downstream tasks scheduled from follow-on schedule check
