[2023-04-26T18:53:11.388+0000] {taskinstance.py:1090} INFO - Dependencies all met for dep_context=non-requeueable deps ti=<TaskInstance: weather_dag_api.cities.process_data_Zhmerynka manual__2023-04-26T18:52:36.695783+00:00 [queued]>
[2023-04-26T18:53:11.512+0000] {taskinstance.py:1090} INFO - Dependencies all met for dep_context=requeueable deps ti=<TaskInstance: weather_dag_api.cities.process_data_Zhmerynka manual__2023-04-26T18:52:36.695783+00:00 [queued]>
[2023-04-26T18:53:11.515+0000] {taskinstance.py:1288} INFO - 
--------------------------------------------------------------------------------
[2023-04-26T18:53:11.517+0000] {taskinstance.py:1289} INFO - Starting attempt 1 of 1
[2023-04-26T18:53:11.519+0000] {taskinstance.py:1290} INFO - 
--------------------------------------------------------------------------------
[2023-04-26T18:53:11.705+0000] {taskinstance.py:1309} INFO - Executing <Task(PythonOperator): cities.process_data_Zhmerynka> on 2023-04-26 18:52:36.695783+00:00
[2023-04-26T18:53:11.732+0000] {standard_task_runner.py:55} INFO - Started process 2318 to run task
[2023-04-26T18:53:11.746+0000] {standard_task_runner.py:82} INFO - Running: ['***', 'tasks', 'run', 'weather_dag_api', 'cities.process_data_Zhmerynka', 'manual__2023-04-26T18:52:36.695783+00:00', '--job-id', '445', '--raw', '--subdir', 'DAGS_FOLDER/weather_dag_api.py', '--cfg-path', '/tmp/tmpl69wsj_d']
[2023-04-26T18:53:11.750+0000] {standard_task_runner.py:83} INFO - Job 445: Subtask cities.process_data_Zhmerynka
[2023-04-26T18:53:12.278+0000] {task_command.py:389} INFO - Running <TaskInstance: weather_dag_api.cities.process_data_Zhmerynka manual__2023-04-26T18:52:36.695783+00:00 [running]> on host b46a99c748bd
[2023-04-26T18:53:12.895+0000] {taskinstance.py:1518} INFO - Exporting the following env vars:
AIRFLOW_CTX_DAG_OWNER=***
AIRFLOW_CTX_DAG_ID=weather_dag_api
AIRFLOW_CTX_TASK_ID=cities.process_data_Zhmerynka
AIRFLOW_CTX_EXECUTION_DATE=2023-04-26T18:52:36.695783+00:00
AIRFLOW_CTX_TRY_NUMBER=1
AIRFLOW_CTX_DAG_RUN_ID=manual__2023-04-26T18:52:36.695783+00:00
[2023-04-26T18:53:12.985+0000] {logging_mixin.py:137} INFO - 15.5
[2023-04-26T18:53:12.987+0000] {python.py:177} INFO - Done. Returned value was: ('2023-04-25T10:20:00Z', 15.5, 0.0, 5.7, 'Zhmerynka')
[2023-04-26T18:53:13.276+0000] {taskinstance.py:1332} INFO - Marking task as SUCCESS. dag_id=weather_dag_api, task_id=cities.process_data_Zhmerynka, execution_date=20230426T185236, start_date=20230426T185311, end_date=20230426T185313
[2023-04-26T18:53:13.471+0000] {local_task_job.py:212} INFO - Task exited with return code 0
[2023-04-26T18:53:13.841+0000] {taskinstance.py:2596} INFO - 1 downstream tasks scheduled from follow-on schedule check
