[2023-04-25T20:42:13.233+0000] {taskinstance.py:1090} INFO - Dependencies all met for dep_context=non-requeueable deps ti=<TaskInstance: weather_dag_api.process_data manual__2023-04-25T20:42:00.480751+00:00 [queued]>
[2023-04-25T20:42:13.266+0000] {taskinstance.py:1090} INFO - Dependencies all met for dep_context=requeueable deps ti=<TaskInstance: weather_dag_api.process_data manual__2023-04-25T20:42:00.480751+00:00 [queued]>
[2023-04-25T20:42:13.268+0000] {taskinstance.py:1288} INFO - 
--------------------------------------------------------------------------------
[2023-04-25T20:42:13.273+0000] {taskinstance.py:1289} INFO - Starting attempt 1 of 1
[2023-04-25T20:42:13.274+0000] {taskinstance.py:1290} INFO - 
--------------------------------------------------------------------------------
[2023-04-25T20:42:13.310+0000] {taskinstance.py:1309} INFO - Executing <Task(PythonOperator): process_data> on 2023-04-25 20:42:00.480751+00:00
[2023-04-25T20:42:13.329+0000] {standard_task_runner.py:55} INFO - Started process 2432 to run task
[2023-04-25T20:42:13.338+0000] {standard_task_runner.py:82} INFO - Running: ['***', 'tasks', 'run', 'weather_dag_api', 'process_data', 'manual__2023-04-25T20:42:00.480751+00:00', '--job-id', '56', '--raw', '--subdir', 'DAGS_FOLDER/weather_dag_api.py', '--cfg-path', '/tmp/tmp2n4tk42a']
[2023-04-25T20:42:13.340+0000] {standard_task_runner.py:83} INFO - Job 56: Subtask process_data
[2023-04-25T20:42:13.682+0000] {task_command.py:389} INFO - Running <TaskInstance: weather_dag_api.process_data manual__2023-04-25T20:42:00.480751+00:00 [running]> on host 9dd0afd831d3
[2023-04-25T20:42:13.902+0000] {taskinstance.py:1518} INFO - Exporting the following env vars:
AIRFLOW_CTX_DAG_OWNER=***
AIRFLOW_CTX_DAG_ID=weather_dag_api
AIRFLOW_CTX_TASK_ID=process_data
AIRFLOW_CTX_EXECUTION_DATE=2023-04-25T20:42:00.480751+00:00
AIRFLOW_CTX_TRY_NUMBER=1
AIRFLOW_CTX_DAG_RUN_ID=manual__2023-04-25T20:42:00.480751+00:00
[2023-04-25T20:42:13.946+0000] {logging_mixin.py:137} INFO - 15.1
[2023-04-25T20:42:13.953+0000] {python.py:177} INFO - Done. Returned value was: None
[2023-04-25T20:42:13.986+0000] {taskinstance.py:1332} INFO - Marking task as SUCCESS. dag_id=weather_dag_api, task_id=process_data, execution_date=20230425T204200, start_date=20230425T204213, end_date=20230425T204213
[2023-04-25T20:42:14.074+0000] {local_task_job.py:212} INFO - Task exited with return code 0
[2023-04-25T20:42:14.117+0000] {taskinstance.py:2596} INFO - 0 downstream tasks scheduled from follow-on schedule check
