[2023-04-26T16:19:39.973+0000] {taskinstance.py:1090} INFO - Dependencies all met for dep_context=non-requeueable deps ti=<TaskInstance: weather_dag_api.cities.process_data_Odesa manual__2023-04-26T16:19:19.211993+00:00 [queued]>
[2023-04-26T16:19:40.032+0000] {taskinstance.py:1090} INFO - Dependencies all met for dep_context=requeueable deps ti=<TaskInstance: weather_dag_api.cities.process_data_Odesa manual__2023-04-26T16:19:19.211993+00:00 [queued]>
[2023-04-26T16:19:40.033+0000] {taskinstance.py:1288} INFO - 
--------------------------------------------------------------------------------
[2023-04-26T16:19:40.035+0000] {taskinstance.py:1289} INFO - Starting attempt 1 of 1
[2023-04-26T16:19:40.037+0000] {taskinstance.py:1290} INFO - 
--------------------------------------------------------------------------------
[2023-04-26T16:19:40.169+0000] {taskinstance.py:1309} INFO - Executing <Task(PythonOperator): cities.process_data_Odesa> on 2023-04-26 16:19:19.211993+00:00
[2023-04-26T16:19:40.210+0000] {standard_task_runner.py:55} INFO - Started process 4037 to run task
[2023-04-26T16:19:40.255+0000] {standard_task_runner.py:82} INFO - Running: ['***', 'tasks', 'run', 'weather_dag_api', 'cities.process_data_Odesa', 'manual__2023-04-26T16:19:19.211993+00:00', '--job-id', '324', '--raw', '--subdir', 'DAGS_FOLDER/weather_dag_api.py', '--cfg-path', '/tmp/tmp453k432x']
[2023-04-26T16:19:40.267+0000] {standard_task_runner.py:83} INFO - Job 324: Subtask cities.process_data_Odesa
[2023-04-26T16:19:40.750+0000] {task_command.py:389} INFO - Running <TaskInstance: weather_dag_api.cities.process_data_Odesa manual__2023-04-26T16:19:19.211993+00:00 [running]> on host d48b88797b3b
[2023-04-26T16:19:41.243+0000] {taskinstance.py:1518} INFO - Exporting the following env vars:
AIRFLOW_CTX_DAG_OWNER=***
AIRFLOW_CTX_DAG_ID=weather_dag_api
AIRFLOW_CTX_TASK_ID=cities.process_data_Odesa
AIRFLOW_CTX_EXECUTION_DATE=2023-04-26T16:19:19.211993+00:00
AIRFLOW_CTX_TRY_NUMBER=1
AIRFLOW_CTX_DAG_RUN_ID=manual__2023-04-26T16:19:19.211993+00:00
[2023-04-26T16:19:41.287+0000] {logging_mixin.py:137} INFO - 16.2
[2023-04-26T16:19:41.288+0000] {python.py:177} INFO - Done. Returned value was: ('2023-04-25T10:20:00Z', 16.2, 0.06, 5.7, 'Odesa')
[2023-04-26T16:19:41.429+0000] {taskinstance.py:1332} INFO - Marking task as SUCCESS. dag_id=weather_dag_api, task_id=cities.process_data_Odesa, execution_date=20230426T161919, start_date=20230426T161939, end_date=20230426T161941
[2023-04-26T16:19:41.952+0000] {local_task_job.py:212} INFO - Task exited with return code 0
[2023-04-26T16:19:42.274+0000] {taskinstance.py:2596} INFO - 1 downstream tasks scheduled from follow-on schedule check
