[2023-04-26T17:10:45.453+0000] {taskinstance.py:1090} INFO - Dependencies all met for dep_context=non-requeueable deps ti=<TaskInstance: weather_dag_api.cities.process_data_Odesa manual__2023-04-26T17:10:04.799486+00:00 [queued]>
[2023-04-26T17:10:45.649+0000] {taskinstance.py:1090} INFO - Dependencies all met for dep_context=requeueable deps ti=<TaskInstance: weather_dag_api.cities.process_data_Odesa manual__2023-04-26T17:10:04.799486+00:00 [queued]>
[2023-04-26T17:10:45.655+0000] {taskinstance.py:1288} INFO - 
--------------------------------------------------------------------------------
[2023-04-26T17:10:45.659+0000] {taskinstance.py:1289} INFO - Starting attempt 1 of 1
[2023-04-26T17:10:45.678+0000] {taskinstance.py:1290} INFO - 
--------------------------------------------------------------------------------
[2023-04-26T17:10:45.885+0000] {taskinstance.py:1309} INFO - Executing <Task(PythonOperator): cities.process_data_Odesa> on 2023-04-26 17:10:04.799486+00:00
[2023-04-26T17:10:45.977+0000] {standard_task_runner.py:55} INFO - Started process 5306 to run task
[2023-04-26T17:10:46.091+0000] {standard_task_runner.py:82} INFO - Running: ['***', 'tasks', 'run', 'weather_dag_api', 'cities.process_data_Odesa', 'manual__2023-04-26T17:10:04.799486+00:00', '--job-id', '494', '--raw', '--subdir', 'DAGS_FOLDER/weather_dag_final.py', '--cfg-path', '/tmp/tmpv603jwyz']
[2023-04-26T17:10:46.098+0000] {standard_task_runner.py:83} INFO - Job 494: Subtask cities.process_data_Odesa
[2023-04-26T17:10:46.769+0000] {task_command.py:389} INFO - Running <TaskInstance: weather_dag_api.cities.process_data_Odesa manual__2023-04-26T17:10:04.799486+00:00 [running]> on host d48b88797b3b
[2023-04-26T17:10:47.798+0000] {taskinstance.py:1518} INFO - Exporting the following env vars:
AIRFLOW_CTX_DAG_OWNER=***
AIRFLOW_CTX_DAG_ID=weather_dag_api
AIRFLOW_CTX_TASK_ID=cities.process_data_Odesa
AIRFLOW_CTX_EXECUTION_DATE=2023-04-26T17:10:04.799486+00:00
AIRFLOW_CTX_TRY_NUMBER=1
AIRFLOW_CTX_DAG_RUN_ID=manual__2023-04-26T17:10:04.799486+00:00
[2023-04-26T17:10:47.941+0000] {logging_mixin.py:137} INFO - 16.2
[2023-04-26T17:10:47.946+0000] {python.py:177} INFO - Done. Returned value was: ('2023-04-25T10:20:00Z', 16.2, 0.06, 5.7, 'Odesa')
[2023-04-26T17:10:48.092+0000] {taskinstance.py:1332} INFO - Marking task as SUCCESS. dag_id=weather_dag_api, task_id=cities.process_data_Odesa, execution_date=20230426T171004, start_date=20230426T171045, end_date=20230426T171048
[2023-04-26T17:10:48.756+0000] {local_task_job.py:212} INFO - Task exited with return code 0
[2023-04-26T17:10:50.432+0000] {taskinstance.py:2596} INFO - 1 downstream tasks scheduled from follow-on schedule check
