[2023-04-27T06:53:23.483+0000] {taskinstance.py:1090} INFO - Dependencies all met for dep_context=non-requeueable deps ti=<TaskInstance: weather_dag_api.python_task1 manual__2023-04-27T06:53:20.714814+00:00 [queued]>
[2023-04-27T06:53:23.531+0000] {taskinstance.py:1090} INFO - Dependencies all met for dep_context=requeueable deps ti=<TaskInstance: weather_dag_api.python_task1 manual__2023-04-27T06:53:20.714814+00:00 [queued]>
[2023-04-27T06:53:23.535+0000] {taskinstance.py:1288} INFO - 
--------------------------------------------------------------------------------
[2023-04-27T06:53:23.537+0000] {taskinstance.py:1289} INFO - Starting attempt 1 of 1
[2023-04-27T06:53:23.539+0000] {taskinstance.py:1290} INFO - 
--------------------------------------------------------------------------------
[2023-04-27T06:53:23.600+0000] {taskinstance.py:1309} INFO - Executing <Task(PythonOperator): python_task1> on 2023-04-27 06:53:20.714814+00:00
[2023-04-27T06:53:23.620+0000] {standard_task_runner.py:55} INFO - Started process 360 to run task
[2023-04-27T06:53:23.637+0000] {standard_task_runner.py:82} INFO - Running: ['***', 'tasks', 'run', 'weather_dag_api', 'python_task1', 'manual__2023-04-27T06:53:20.714814+00:00', '--job-id', '53', '--raw', '--subdir', 'DAGS_FOLDER/weather_dag_api.py', '--cfg-path', '/tmp/tmp74zr47mg']
[2023-04-27T06:53:23.645+0000] {standard_task_runner.py:83} INFO - Job 53: Subtask python_task1
[2023-04-27T06:53:23.848+0000] {task_command.py:389} INFO - Running <TaskInstance: weather_dag_api.python_task1 manual__2023-04-27T06:53:20.714814+00:00 [running]> on host 80d943d8f5b4
[2023-04-27T06:53:24.123+0000] {taskinstance.py:1518} INFO - Exporting the following env vars:
AIRFLOW_CTX_DAG_OWNER=***
AIRFLOW_CTX_DAG_ID=weather_dag_api
AIRFLOW_CTX_TASK_ID=python_task1
AIRFLOW_CTX_EXECUTION_DATE=2023-04-27T06:53:20.714814+00:00
AIRFLOW_CTX_TRY_NUMBER=1
AIRFLOW_CTX_DAG_RUN_ID=manual__2023-04-27T06:53:20.714814+00:00
[2023-04-27T06:53:24.126+0000] {weather_dag_api.py:24} INFO - Starting db creation
[2023-04-27T06:53:24.131+0000] {python.py:177} INFO - Done. Returned value was: None
[2023-04-27T06:53:24.171+0000] {taskinstance.py:1332} INFO - Marking task as SUCCESS. dag_id=weather_dag_api, task_id=python_task1, execution_date=20230427T065320, start_date=20230427T065323, end_date=20230427T065324
[2023-04-27T06:53:24.262+0000] {local_task_job.py:212} INFO - Task exited with return code 0
[2023-04-27T06:53:24.518+0000] {taskinstance.py:2596} INFO - 0 downstream tasks scheduled from follow-on schedule check
