[2023-04-25T20:41:22.394+0000] {taskinstance.py:1090} INFO - Dependencies all met for dep_context=non-requeueable deps ti=<TaskInstance: weather_dag_api.extract_data manual__2023-04-25T20:41:01.065222+00:00 [queued]>
[2023-04-25T20:41:22.441+0000] {taskinstance.py:1090} INFO - Dependencies all met for dep_context=requeueable deps ti=<TaskInstance: weather_dag_api.extract_data manual__2023-04-25T20:41:01.065222+00:00 [queued]>
[2023-04-25T20:41:22.443+0000] {taskinstance.py:1288} INFO - 
--------------------------------------------------------------------------------
[2023-04-25T20:41:22.451+0000] {taskinstance.py:1289} INFO - Starting attempt 1 of 1
[2023-04-25T20:41:22.456+0000] {taskinstance.py:1290} INFO - 
--------------------------------------------------------------------------------
[2023-04-25T20:41:22.508+0000] {taskinstance.py:1309} INFO - Executing <Task(SimpleHttpOperator): extract_data> on 2023-04-25 20:41:01.065222+00:00
[2023-04-25T20:41:22.534+0000] {standard_task_runner.py:55} INFO - Started process 2412 to run task
[2023-04-25T20:41:22.572+0000] {standard_task_runner.py:82} INFO - Running: ['***', 'tasks', 'run', 'weather_dag_api', 'extract_data', 'manual__2023-04-25T20:41:01.065222+00:00', '--job-id', '51', '--raw', '--subdir', 'DAGS_FOLDER/weather_dag_api.py', '--cfg-path', '/tmp/tmpdi5nh7hz']
[2023-04-25T20:41:22.578+0000] {standard_task_runner.py:83} INFO - Job 51: Subtask extract_data
[2023-04-25T20:41:22.972+0000] {task_command.py:389} INFO - Running <TaskInstance: weather_dag_api.extract_data manual__2023-04-25T20:41:01.065222+00:00 [running]> on host 9dd0afd831d3
[2023-04-25T20:41:23.464+0000] {taskinstance.py:1518} INFO - Exporting the following env vars:
AIRFLOW_CTX_DAG_OWNER=***
AIRFLOW_CTX_DAG_ID=weather_dag_api
AIRFLOW_CTX_TASK_ID=extract_data
AIRFLOW_CTX_EXECUTION_DATE=2023-04-25T20:41:01.065222+00:00
AIRFLOW_CTX_TRY_NUMBER=1
AIRFLOW_CTX_DAG_RUN_ID=manual__2023-04-25T20:41:01.065222+00:00
[2023-04-25T20:41:23.469+0000] {http.py:123} INFO - Calling HTTP method
[2023-04-25T20:41:23.506+0000] {base.py:73} INFO - Using connection ID 'weather_conn' for task execution.
[2023-04-25T20:41:23.683+0000] {http.py:127} INFO - {"version":"3.0","user":"__-_stuff","dateGenerated":"2023-04-25T20:41:23Z","status":"OK","data":[{"parameter":"t_2m:C","coordinates":[{"lat":49.841952,"lon":24.031592,"dates":[{"date":"2023-04-25T10:20:00Z","value":15.1}]}]}]}

[2023-04-25T20:41:23.774+0000] {taskinstance.py:1332} INFO - Marking task as SUCCESS. dag_id=weather_dag_api, task_id=extract_data, execution_date=20230425T204101, start_date=20230425T204122, end_date=20230425T204123
[2023-04-25T20:41:23.954+0000] {local_task_job.py:212} INFO - Task exited with return code 0
[2023-04-25T20:41:24.022+0000] {taskinstance.py:2596} INFO - 1 downstream tasks scheduled from follow-on schedule check
