[2023-04-26T13:25:53.630+0000] {taskinstance.py:1090} INFO - Dependencies all met for dep_context=non-requeueable deps ti=<TaskInstance: weather_dag_api.process_data manual__2023-04-26T13:25:31.305782+00:00 [queued]>
[2023-04-26T13:25:53.650+0000] {taskinstance.py:1090} INFO - Dependencies all met for dep_context=requeueable deps ti=<TaskInstance: weather_dag_api.process_data manual__2023-04-26T13:25:31.305782+00:00 [queued]>
[2023-04-26T13:25:53.651+0000] {taskinstance.py:1288} INFO - 
--------------------------------------------------------------------------------
[2023-04-26T13:25:53.653+0000] {taskinstance.py:1289} INFO - Starting attempt 1 of 1
[2023-04-26T13:25:53.654+0000] {taskinstance.py:1290} INFO - 
--------------------------------------------------------------------------------
[2023-04-26T13:25:53.686+0000] {taskinstance.py:1309} INFO - Executing <Task(PythonOperator): process_data> on 2023-04-26 13:25:31.305782+00:00
[2023-04-26T13:25:53.696+0000] {standard_task_runner.py:55} INFO - Started process 196 to run task
[2023-04-26T13:25:53.706+0000] {standard_task_runner.py:82} INFO - Running: ['***', 'tasks', 'run', 'weather_dag_api', 'process_data', 'manual__2023-04-26T13:25:31.305782+00:00', '--job-id', '8', '--raw', '--subdir', 'DAGS_FOLDER/weather_dag_api.py', '--cfg-path', '/tmp/tmp6trool95']
[2023-04-26T13:25:53.709+0000] {standard_task_runner.py:83} INFO - Job 8: Subtask process_data
[2023-04-26T13:25:53.847+0000] {task_command.py:389} INFO - Running <TaskInstance: weather_dag_api.process_data manual__2023-04-26T13:25:31.305782+00:00 [running]> on host d48b88797b3b
[2023-04-26T13:25:54.013+0000] {taskinstance.py:1518} INFO - Exporting the following env vars:
AIRFLOW_CTX_DAG_OWNER=***
AIRFLOW_CTX_DAG_ID=weather_dag_api
AIRFLOW_CTX_TASK_ID=process_data
AIRFLOW_CTX_EXECUTION_DATE=2023-04-26T13:25:31.305782+00:00
AIRFLOW_CTX_TRY_NUMBER=1
AIRFLOW_CTX_DAG_RUN_ID=manual__2023-04-26T13:25:31.305782+00:00
[2023-04-26T13:25:54.047+0000] {logging_mixin.py:137} INFO - 15.1
[2023-04-26T13:25:54.048+0000] {python.py:177} INFO - Done. Returned value was: ('2023-04-25T10:20:00Z', 15.1, 0.0, 2.0)
[2023-04-26T13:25:54.099+0000] {taskinstance.py:1332} INFO - Marking task as SUCCESS. dag_id=weather_dag_api, task_id=process_data, execution_date=20230426T132531, start_date=20230426T132553, end_date=20230426T132554
[2023-04-26T13:25:54.159+0000] {local_task_job.py:212} INFO - Task exited with return code 0
[2023-04-26T13:25:54.241+0000] {taskinstance.py:2596} INFO - 1 downstream tasks scheduled from follow-on schedule check
