[2023-04-27T06:54:32.303+0000] {taskinstance.py:1090} INFO - Dependencies all met for dep_context=non-requeueable deps ti=<TaskInstance: weather_dag_api.cities.extract_data_Kyiv manual__2023-04-27T06:54:20.716713+00:00 [queued]>
[2023-04-27T06:54:32.420+0000] {taskinstance.py:1090} INFO - Dependencies all met for dep_context=requeueable deps ti=<TaskInstance: weather_dag_api.cities.extract_data_Kyiv manual__2023-04-27T06:54:20.716713+00:00 [queued]>
[2023-04-27T06:54:32.423+0000] {taskinstance.py:1288} INFO - 
--------------------------------------------------------------------------------
[2023-04-27T06:54:32.426+0000] {taskinstance.py:1289} INFO - Starting attempt 1 of 1
[2023-04-27T06:54:32.428+0000] {taskinstance.py:1290} INFO - 
--------------------------------------------------------------------------------
[2023-04-27T06:54:32.725+0000] {taskinstance.py:1309} INFO - Executing <Task(SimpleHttpOperator): cities.extract_data_Kyiv> on 2023-04-27 06:54:20.716713+00:00
[2023-04-27T06:54:33.063+0000] {standard_task_runner.py:55} INFO - Started process 406 to run task
[2023-04-27T06:54:33.087+0000] {standard_task_runner.py:82} INFO - Running: ['***', 'tasks', 'run', 'weather_dag_api', 'cities.extract_data_Kyiv', 'manual__2023-04-27T06:54:20.716713+00:00', '--job-id', '63', '--raw', '--subdir', 'DAGS_FOLDER/weather_dag_api.py', '--cfg-path', '/tmp/tmp54pj0bc4']
[2023-04-27T06:54:33.089+0000] {standard_task_runner.py:83} INFO - Job 63: Subtask cities.extract_data_Kyiv
[2023-04-27T06:54:33.670+0000] {task_command.py:389} INFO - Running <TaskInstance: weather_dag_api.cities.extract_data_Kyiv manual__2023-04-27T06:54:20.716713+00:00 [running]> on host 80d943d8f5b4
[2023-04-27T06:54:34.179+0000] {taskinstance.py:1518} INFO - Exporting the following env vars:
AIRFLOW_CTX_DAG_OWNER=***
AIRFLOW_CTX_DAG_ID=weather_dag_api
AIRFLOW_CTX_TASK_ID=cities.extract_data_Kyiv
AIRFLOW_CTX_EXECUTION_DATE=2023-04-27T06:54:20.716713+00:00
AIRFLOW_CTX_TRY_NUMBER=1
AIRFLOW_CTX_DAG_RUN_ID=manual__2023-04-27T06:54:20.716713+00:00
[2023-04-27T06:54:34.183+0000] {http.py:123} INFO - Calling HTTP method
[2023-04-27T06:54:34.219+0000] {base.py:73} INFO - Using connection ID 'weather_conn' for task execution.
[2023-04-27T06:54:34.469+0000] {http.py:127} INFO - {"version":"3.0","user":"__-_stuff","dateGenerated":"2023-04-27T06:54:34Z","status":"OK","data":[{"parameter":"t_2m:C","coordinates":[{"lat":50.450034,"lon":30.524136,"dates":[{"date":"2023-04-26T10:20:00Z","value":13.9}]}]},{"parameter":"precip_1h:mm","coordinates":[{"lat":50.450034,"lon":30.524136,"dates":[{"date":"2023-04-26T10:20:00Z","value":0.00}]}]},{"parameter":"wind_speed_10m:ms","coordinates":[{"lat":50.450034,"lon":30.524136,"dates":[{"date":"2023-04-26T10:20:00Z","value":4.9}]}]}]}

[2023-04-27T06:54:35.293+0000] {taskinstance.py:1332} INFO - Marking task as SUCCESS. dag_id=weather_dag_api, task_id=cities.extract_data_Kyiv, execution_date=20230427T065420, start_date=20230427T065432, end_date=20230427T065435
[2023-04-27T06:54:36.109+0000] {local_task_job.py:212} INFO - Task exited with return code 0
[2023-04-27T06:54:37.076+0000] {taskinstance.py:2596} INFO - 0 downstream tasks scheduled from follow-on schedule check
