[2023-04-26T18:56:55.071+0000] {taskinstance.py:1090} INFO - Dependencies all met for dep_context=non-requeueable deps ti=<TaskInstance: weather_dag_api.cities.view_data_Kharkiv manual__2023-04-26T18:56:16.668073+00:00 [queued]>
[2023-04-26T18:56:55.198+0000] {taskinstance.py:1090} INFO - Dependencies all met for dep_context=requeueable deps ti=<TaskInstance: weather_dag_api.cities.view_data_Kharkiv manual__2023-04-26T18:56:16.668073+00:00 [queued]>
[2023-04-26T18:56:55.203+0000] {taskinstance.py:1288} INFO - 
--------------------------------------------------------------------------------
[2023-04-26T18:56:55.204+0000] {taskinstance.py:1289} INFO - Starting attempt 1 of 1
[2023-04-26T18:56:55.205+0000] {taskinstance.py:1290} INFO - 
--------------------------------------------------------------------------------
[2023-04-26T18:56:55.330+0000] {taskinstance.py:1309} INFO - Executing <Task(PythonOperator): cities.view_data_Kharkiv> on 2023-04-26 18:56:16.668073+00:00
[2023-04-26T18:56:55.347+0000] {standard_task_runner.py:55} INFO - Started process 2444 to run task
[2023-04-26T18:56:55.406+0000] {standard_task_runner.py:82} INFO - Running: ['***', 'tasks', 'run', 'weather_dag_api', 'cities.view_data_Kharkiv', 'manual__2023-04-26T18:56:16.668073+00:00', '--job-id', '473', '--raw', '--subdir', 'DAGS_FOLDER/weather_dag_api.py', '--cfg-path', '/tmp/tmpo9_niti6']
[2023-04-26T18:56:55.411+0000] {standard_task_runner.py:83} INFO - Job 473: Subtask cities.view_data_Kharkiv
[2023-04-26T18:56:56.068+0000] {task_command.py:389} INFO - Running <TaskInstance: weather_dag_api.cities.view_data_Kharkiv manual__2023-04-26T18:56:16.668073+00:00 [running]> on host b46a99c748bd
[2023-04-26T18:56:57.324+0000] {taskinstance.py:1518} INFO - Exporting the following env vars:
AIRFLOW_CTX_DAG_OWNER=***
AIRFLOW_CTX_DAG_ID=weather_dag_api
AIRFLOW_CTX_TASK_ID=cities.view_data_Kharkiv
AIRFLOW_CTX_EXECUTION_DATE=2023-04-26T18:56:16.668073+00:00
AIRFLOW_CTX_TRY_NUMBER=1
AIRFLOW_CTX_DAG_RUN_ID=manual__2023-04-26T18:56:16.668073+00:00
[2023-04-26T18:56:57.614+0000] {logging_mixin.py:137} INFO - data is  ['2023-04-25T10:20:00Z', 13.4, 0.42, 2.7, 'Kharkiv']
[2023-04-26T18:56:57.624+0000] {logging_mixin.py:137} INFO - 2023-04-25T10:20:00Z
[2023-04-26T18:56:57.626+0000] {logging_mixin.py:137} INFO - 13.4
[2023-04-26T18:56:57.630+0000] {python.py:177} INFO - Done. Returned value was: None
[2023-04-26T18:56:57.880+0000] {taskinstance.py:1332} INFO - Marking task as SUCCESS. dag_id=weather_dag_api, task_id=cities.view_data_Kharkiv, execution_date=20230426T185616, start_date=20230426T185655, end_date=20230426T185657
[2023-04-26T18:56:58.015+0000] {local_task_job.py:212} INFO - Task exited with return code 0
[2023-04-26T18:56:58.570+0000] {taskinstance.py:2596} INFO - 1 downstream tasks scheduled from follow-on schedule check
