[2023-04-25T08:40:53.586+0000] {taskinstance.py:1090} INFO - Dependencies all met for dep_context=non-requeueable deps ti=<TaskInstance: weather_dag.python_task scheduled__2023-04-22T00:00:00+00:00 [queued]>
[2023-04-25T08:40:53.673+0000] {taskinstance.py:1090} INFO - Dependencies all met for dep_context=requeueable deps ti=<TaskInstance: weather_dag.python_task scheduled__2023-04-22T00:00:00+00:00 [queued]>
[2023-04-25T08:40:53.675+0000] {taskinstance.py:1288} INFO - 
--------------------------------------------------------------------------------
[2023-04-25T08:40:53.677+0000] {taskinstance.py:1289} INFO - Starting attempt 1 of 1
[2023-04-25T08:40:53.682+0000] {taskinstance.py:1290} INFO - 
--------------------------------------------------------------------------------
[2023-04-25T08:40:53.829+0000] {taskinstance.py:1309} INFO - Executing <Task(PythonOperator): python_task> on 2023-04-22 00:00:00+00:00
[2023-04-25T08:40:53.897+0000] {standard_task_runner.py:55} INFO - Started process 745 to run task
[2023-04-25T08:40:54.059+0000] {standard_task_runner.py:82} INFO - Running: ['***', 'tasks', 'run', 'weather_dag', 'python_task', 'scheduled__2023-04-22T00:00:00+00:00', '--job-id', '10', '--raw', '--subdir', 'DAGS_FOLDER/weather_dag.py', '--cfg-path', '/tmp/tmp_9ydrqvf']
[2023-04-25T08:40:54.078+0000] {standard_task_runner.py:83} INFO - Job 10: Subtask python_task
[2023-04-25T08:40:55.841+0000] {task_command.py:389} INFO - Running <TaskInstance: weather_dag.python_task scheduled__2023-04-22T00:00:00+00:00 [running]> on host d5e7c089f50a
[2023-04-25T08:40:56.503+0000] {taskinstance.py:1518} INFO - Exporting the following env vars:
AIRFLOW_CTX_DAG_OWNER=***
AIRFLOW_CTX_DAG_ID=weather_dag
AIRFLOW_CTX_TASK_ID=python_task
AIRFLOW_CTX_EXECUTION_DATE=2023-04-22T00:00:00+00:00
AIRFLOW_CTX_TRY_NUMBER=1
AIRFLOW_CTX_DAG_RUN_ID=scheduled__2023-04-22T00:00:00+00:00
[2023-04-25T08:40:56.511+0000] {weather_dag.py:6} INFO - Hello, World!
[2023-04-25T08:40:56.515+0000] {python.py:177} INFO - Done. Returned value was: None
[2023-04-25T08:40:56.613+0000] {taskinstance.py:1332} INFO - Marking task as SUCCESS. dag_id=weather_dag, task_id=python_task, execution_date=20230422T000000, start_date=20230425T084053, end_date=20230425T084056
[2023-04-25T08:40:56.826+0000] {local_task_job.py:212} INFO - Task exited with return code 0
[2023-04-25T08:40:56.933+0000] {taskinstance.py:2596} INFO - 0 downstream tasks scheduled from follow-on schedule check
