[2023-04-27T06:42:20.697+0000] {processor.py:153} INFO - Started process (PID=41) to work on /opt/airflow/dags/weather_dag_api copy.py
[2023-04-27T06:42:20.700+0000] {processor.py:743} INFO - Processing file /opt/airflow/dags/weather_dag_api copy.py for tasks to queue
[2023-04-27T06:42:20.702+0000] {logging_mixin.py:137} INFO - [2023-04-27T06:42:20.702+0000] {dagbag.py:532} INFO - Filling up the DagBag from /opt/airflow/dags/weather_dag_api copy.py
[2023-04-27T06:42:22.013+0000] {processor.py:753} INFO - DAG(s) dict_keys(['weather_dag_api']) retrieved from /opt/airflow/dags/weather_dag_api copy.py
[2023-04-27T06:42:23.913+0000] {logging_mixin.py:137} INFO - [2023-04-27T06:42:23.911+0000] {manager.py:414} ERROR - Add View Menu Error: (psycopg2.errors.UniqueViolation) duplicate key value violates unique constraint "serialized_dag_pkey"
DETAIL:  Key (dag_id)=(weather_dag_api) already exists.

[SQL: INSERT INTO serialized_dag (dag_id, fileloc, fileloc_hash, data, data_compressed, last_updated, dag_hash, processor_subdir) VALUES (%(dag_id)s, %(fileloc)s, %(fileloc_hash)s, %(data)s, %(data_compressed)s, %(last_updated)s, %(dag_hash)s, %(processor_subdir)s)]
[parameters: {'dag_id': 'weather_dag_api', 'fileloc': '/opt/airflow/dags/weather_dag_api copy.py', 'fileloc_hash': 24790741581825864, 'data': '{"__version": 1, "dag": {"schedule_interval": "@daily", "dataset_triggers": [], "start_date": 1682380800.0, "fileloc": "/opt/airflow/dags/weather_dag ... (13738 characters truncated) ... onOperator", "_task_module": "airflow.operators.python", "_is_empty": false, "op_args": [], "op_kwargs": {}}], "dag_dependencies": [], "params": {}}}', 'data_compressed': None, 'last_updated': datetime.datetime(2023, 4, 27, 6, 42, 22, 183167, tzinfo=Timezone('UTC')), 'dag_hash': 'cb9077b6dfd1c8453bd5e07e287cc198', 'processor_subdir': None}]
(Background on this error at: https://sqlalche.me/e/14/gkpj)
[2023-04-27T06:42:24.015+0000] {logging_mixin.py:137} INFO - [2023-04-27T06:42:24.015+0000] {manager.py:504} INFO - Created Permission View: can read on None
[2023-04-27T06:42:24.104+0000] {logging_mixin.py:137} INFO - [2023-04-27T06:42:24.104+0000] {manager.py:507} ERROR - Creation of Permission View Error: (psycopg2.errors.UniqueViolation) duplicate key value violates unique constraint "ab_permission_view_permission_id_view_menu_id_uq"
DETAIL:  Key (permission_id, view_menu_id)=(4, 51) already exists.

[SQL: INSERT INTO ab_permission_view (permission_id, view_menu_id) VALUES (%(permission_id)s, %(view_menu_id)s) RETURNING ab_permission_view.id]
[parameters: {'permission_id': 4, 'view_menu_id': 51}]
(Background on this error at: https://sqlalche.me/e/14/gkpj)
[2023-04-27T06:42:24.317+0000] {logging_mixin.py:137} INFO - [2023-04-27T06:42:24.317+0000] {manager.py:507} ERROR - Creation of Permission View Error: (psycopg2.errors.UniqueViolation) duplicate key value violates unique constraint "ab_permission_view_permission_id_view_menu_id_uq"
DETAIL:  Key (permission_id, view_menu_id)=(1, 51) already exists.

[SQL: INSERT INTO ab_permission_view (permission_id, view_menu_id) VALUES (%(permission_id)s, %(view_menu_id)s) RETURNING ab_permission_view.id]
[parameters: {'permission_id': 1, 'view_menu_id': 51}]
(Background on this error at: https://sqlalche.me/e/14/gkpj)
[2023-04-27T06:42:24.319+0000] {logging_mixin.py:137} INFO - [2023-04-27T06:42:24.319+0000] {dag.py:2705} INFO - Sync 1 DAGs
[2023-04-27T06:42:24.542+0000] {logging_mixin.py:137} INFO - [2023-04-27T06:42:24.542+0000] {dag.py:2726} INFO - Creating ORM DAG for weather_dag_api
[2023-04-27T06:42:24.903+0000] {logging_mixin.py:137} INFO - [2023-04-27T06:42:24.903+0000] {dag.py:3456} INFO - Setting next_dagrun for weather_dag_api to 2023-04-25T00:00:00+00:00, run_after=2023-04-26T00:00:00+00:00
[2023-04-27T06:42:25.227+0000] {processor.py:175} INFO - Processing /opt/airflow/dags/weather_dag_api copy.py took 4.570 seconds
[2023-04-27T06:42:55.548+0000] {processor.py:153} INFO - Started process (PID=50) to work on /opt/airflow/dags/weather_dag_api copy.py
[2023-04-27T06:42:55.574+0000] {processor.py:743} INFO - Processing file /opt/airflow/dags/weather_dag_api copy.py for tasks to queue
[2023-04-27T06:42:55.593+0000] {logging_mixin.py:137} INFO - [2023-04-27T06:42:55.593+0000] {dagbag.py:532} INFO - Filling up the DagBag from /opt/airflow/dags/weather_dag_api copy.py
[2023-04-27T06:42:56.028+0000] {processor.py:753} INFO - DAG(s) dict_keys(['weather_dag_api']) retrieved from /opt/airflow/dags/weather_dag_api copy.py
[2023-04-27T06:42:56.552+0000] {logging_mixin.py:137} INFO - [2023-04-27T06:42:56.551+0000] {dag.py:2705} INFO - Sync 1 DAGs
[2023-04-27T06:42:56.881+0000] {logging_mixin.py:137} INFO - [2023-04-27T06:42:56.881+0000] {dag.py:3456} INFO - Setting next_dagrun for weather_dag_api to 2023-04-25T00:00:00+00:00, run_after=2023-04-26T00:00:00+00:00
[2023-04-27T06:42:57.232+0000] {processor.py:175} INFO - Processing /opt/airflow/dags/weather_dag_api copy.py took 1.727 seconds
[2023-04-27T06:43:27.389+0000] {processor.py:153} INFO - Started process (PID=67) to work on /opt/airflow/dags/weather_dag_api copy.py
[2023-04-27T06:43:27.392+0000] {processor.py:743} INFO - Processing file /opt/airflow/dags/weather_dag_api copy.py for tasks to queue
[2023-04-27T06:43:27.393+0000] {logging_mixin.py:137} INFO - [2023-04-27T06:43:27.393+0000] {dagbag.py:532} INFO - Filling up the DagBag from /opt/airflow/dags/weather_dag_api copy.py
[2023-04-27T06:43:27.496+0000] {processor.py:753} INFO - DAG(s) dict_keys(['weather_dag_api']) retrieved from /opt/airflow/dags/weather_dag_api copy.py
[2023-04-27T06:43:27.561+0000] {logging_mixin.py:137} INFO - [2023-04-27T06:43:27.561+0000] {dag.py:2705} INFO - Sync 1 DAGs
[2023-04-27T06:43:27.613+0000] {logging_mixin.py:137} INFO - [2023-04-27T06:43:27.612+0000] {dag.py:3456} INFO - Setting next_dagrun for weather_dag_api to 2023-04-25T00:00:00+00:00, run_after=2023-04-26T00:00:00+00:00
[2023-04-27T06:43:27.646+0000] {processor.py:175} INFO - Processing /opt/airflow/dags/weather_dag_api copy.py took 0.264 seconds
[2023-04-27T06:43:58.992+0000] {processor.py:153} INFO - Started process (PID=77) to work on /opt/airflow/dags/weather_dag_api copy.py
[2023-04-27T06:43:59.027+0000] {processor.py:743} INFO - Processing file /opt/airflow/dags/weather_dag_api copy.py for tasks to queue
[2023-04-27T06:43:59.044+0000] {logging_mixin.py:137} INFO - [2023-04-27T06:43:59.044+0000] {dagbag.py:532} INFO - Filling up the DagBag from /opt/airflow/dags/weather_dag_api copy.py
[2023-04-27T06:44:00.833+0000] {processor.py:753} INFO - DAG(s) dict_keys(['weather_dag_api']) retrieved from /opt/airflow/dags/weather_dag_api copy.py
[2023-04-27T06:44:01.961+0000] {logging_mixin.py:137} INFO - [2023-04-27T06:44:01.961+0000] {dag.py:2705} INFO - Sync 1 DAGs
[2023-04-27T06:44:02.623+0000] {logging_mixin.py:137} INFO - [2023-04-27T06:44:02.605+0000] {dag.py:3456} INFO - Setting next_dagrun for weather_dag_api to 2023-04-25T00:00:00+00:00, run_after=2023-04-26T00:00:00+00:00
[2023-04-27T06:44:02.968+0000] {processor.py:175} INFO - Processing /opt/airflow/dags/weather_dag_api copy.py took 4.579 seconds
[2023-04-27T06:44:34.088+0000] {processor.py:153} INFO - Started process (PID=89) to work on /opt/airflow/dags/weather_dag_api copy.py
[2023-04-27T06:44:34.109+0000] {processor.py:743} INFO - Processing file /opt/airflow/dags/weather_dag_api copy.py for tasks to queue
[2023-04-27T06:44:34.123+0000] {logging_mixin.py:137} INFO - [2023-04-27T06:44:34.118+0000] {dagbag.py:532} INFO - Filling up the DagBag from /opt/airflow/dags/weather_dag_api copy.py
[2023-04-27T06:44:35.243+0000] {processor.py:753} INFO - DAG(s) dict_keys(['weather_dag_api']) retrieved from /opt/airflow/dags/weather_dag_api copy.py
[2023-04-27T06:44:35.566+0000] {logging_mixin.py:137} INFO - [2023-04-27T06:44:35.566+0000] {dag.py:2705} INFO - Sync 1 DAGs
[2023-04-27T06:44:35.810+0000] {logging_mixin.py:137} INFO - [2023-04-27T06:44:35.810+0000] {dag.py:3456} INFO - Setting next_dagrun for weather_dag_api to 2023-04-25T00:00:00+00:00, run_after=2023-04-26T00:00:00+00:00
[2023-04-27T06:44:36.043+0000] {processor.py:175} INFO - Processing /opt/airflow/dags/weather_dag_api copy.py took 1.986 seconds
[2023-04-27T06:45:06.218+0000] {processor.py:153} INFO - Started process (PID=100) to work on /opt/airflow/dags/weather_dag_api copy.py
[2023-04-27T06:45:06.224+0000] {processor.py:743} INFO - Processing file /opt/airflow/dags/weather_dag_api copy.py for tasks to queue
[2023-04-27T06:45:06.226+0000] {logging_mixin.py:137} INFO - [2023-04-27T06:45:06.226+0000] {dagbag.py:532} INFO - Filling up the DagBag from /opt/airflow/dags/weather_dag_api copy.py
[2023-04-27T06:45:06.460+0000] {processor.py:753} INFO - DAG(s) dict_keys(['weather_dag_api']) retrieved from /opt/airflow/dags/weather_dag_api copy.py
[2023-04-27T06:45:06.660+0000] {logging_mixin.py:137} INFO - [2023-04-27T06:45:06.658+0000] {dag.py:2705} INFO - Sync 1 DAGs
[2023-04-27T06:45:06.738+0000] {logging_mixin.py:137} INFO - [2023-04-27T06:45:06.738+0000] {dag.py:3456} INFO - Setting next_dagrun for weather_dag_api to 2023-04-25T00:00:00+00:00, run_after=2023-04-26T00:00:00+00:00
[2023-04-27T06:45:06.844+0000] {processor.py:175} INFO - Processing /opt/airflow/dags/weather_dag_api copy.py took 0.635 seconds
[2023-04-27T06:45:37.631+0000] {processor.py:153} INFO - Started process (PID=110) to work on /opt/airflow/dags/weather_dag_api copy.py
[2023-04-27T06:45:37.634+0000] {processor.py:743} INFO - Processing file /opt/airflow/dags/weather_dag_api copy.py for tasks to queue
[2023-04-27T06:45:37.636+0000] {logging_mixin.py:137} INFO - [2023-04-27T06:45:37.636+0000] {dagbag.py:532} INFO - Filling up the DagBag from /opt/airflow/dags/weather_dag_api copy.py
[2023-04-27T06:45:37.765+0000] {processor.py:753} INFO - DAG(s) dict_keys(['weather_dag_api']) retrieved from /opt/airflow/dags/weather_dag_api copy.py
[2023-04-27T06:45:37.846+0000] {logging_mixin.py:137} INFO - [2023-04-27T06:45:37.845+0000] {dag.py:2705} INFO - Sync 1 DAGs
[2023-04-27T06:45:37.917+0000] {logging_mixin.py:137} INFO - [2023-04-27T06:45:37.916+0000] {dag.py:3456} INFO - Setting next_dagrun for weather_dag_api to 2023-04-25T00:00:00+00:00, run_after=2023-04-26T00:00:00+00:00
[2023-04-27T06:45:37.995+0000] {processor.py:175} INFO - Processing /opt/airflow/dags/weather_dag_api copy.py took 0.370 seconds
[2023-04-27T06:46:08.582+0000] {processor.py:153} INFO - Started process (PID=122) to work on /opt/airflow/dags/weather_dag_api copy.py
[2023-04-27T06:46:08.600+0000] {processor.py:743} INFO - Processing file /opt/airflow/dags/weather_dag_api copy.py for tasks to queue
[2023-04-27T06:46:08.603+0000] {logging_mixin.py:137} INFO - [2023-04-27T06:46:08.603+0000] {dagbag.py:532} INFO - Filling up the DagBag from /opt/airflow/dags/weather_dag_api copy.py
[2023-04-27T06:46:08.720+0000] {processor.py:753} INFO - DAG(s) dict_keys(['weather_dag_api']) retrieved from /opt/airflow/dags/weather_dag_api copy.py
[2023-04-27T06:46:08.924+0000] {logging_mixin.py:137} INFO - [2023-04-27T06:46:08.923+0000] {dag.py:2705} INFO - Sync 1 DAGs
[2023-04-27T06:46:09.006+0000] {logging_mixin.py:137} INFO - [2023-04-27T06:46:09.006+0000] {dag.py:3456} INFO - Setting next_dagrun for weather_dag_api to 2023-04-25T00:00:00+00:00, run_after=2023-04-26T00:00:00+00:00
[2023-04-27T06:46:09.052+0000] {processor.py:175} INFO - Processing /opt/airflow/dags/weather_dag_api copy.py took 0.486 seconds
[2023-04-27T06:46:39.401+0000] {processor.py:153} INFO - Started process (PID=132) to work on /opt/airflow/dags/weather_dag_api copy.py
[2023-04-27T06:46:39.415+0000] {processor.py:743} INFO - Processing file /opt/airflow/dags/weather_dag_api copy.py for tasks to queue
[2023-04-27T06:46:39.420+0000] {logging_mixin.py:137} INFO - [2023-04-27T06:46:39.420+0000] {dagbag.py:532} INFO - Filling up the DagBag from /opt/airflow/dags/weather_dag_api copy.py
[2023-04-27T06:46:39.537+0000] {processor.py:753} INFO - DAG(s) dict_keys(['weather_dag_api']) retrieved from /opt/airflow/dags/weather_dag_api copy.py
[2023-04-27T06:46:39.635+0000] {logging_mixin.py:137} INFO - [2023-04-27T06:46:39.635+0000] {dag.py:2705} INFO - Sync 1 DAGs
[2023-04-27T06:46:39.718+0000] {logging_mixin.py:137} INFO - [2023-04-27T06:46:39.717+0000] {dag.py:3456} INFO - Setting next_dagrun for weather_dag_api to 2023-04-25T00:00:00+00:00, run_after=2023-04-26T00:00:00+00:00
[2023-04-27T06:46:39.759+0000] {processor.py:175} INFO - Processing /opt/airflow/dags/weather_dag_api copy.py took 0.366 seconds
[2023-04-27T06:47:10.136+0000] {processor.py:153} INFO - Started process (PID=144) to work on /opt/airflow/dags/weather_dag_api copy.py
[2023-04-27T06:47:10.146+0000] {processor.py:743} INFO - Processing file /opt/airflow/dags/weather_dag_api copy.py for tasks to queue
[2023-04-27T06:47:10.160+0000] {logging_mixin.py:137} INFO - [2023-04-27T06:47:10.156+0000] {dagbag.py:532} INFO - Filling up the DagBag from /opt/airflow/dags/weather_dag_api copy.py
[2023-04-27T06:47:10.912+0000] {processor.py:753} INFO - DAG(s) dict_keys(['weather_dag_api']) retrieved from /opt/airflow/dags/weather_dag_api copy.py
[2023-04-27T06:47:11.024+0000] {logging_mixin.py:137} INFO - [2023-04-27T06:47:11.024+0000] {dag.py:2705} INFO - Sync 1 DAGs
[2023-04-27T06:47:11.762+0000] {logging_mixin.py:137} INFO - [2023-04-27T06:47:11.761+0000] {dag.py:3456} INFO - Setting next_dagrun for weather_dag_api to 2023-04-26T00:00:00+00:00, run_after=2023-04-27T00:00:00+00:00
[2023-04-27T06:47:12.042+0000] {processor.py:175} INFO - Processing /opt/airflow/dags/weather_dag_api copy.py took 1.931 seconds
[2023-04-27T06:47:42.938+0000] {processor.py:153} INFO - Started process (PID=155) to work on /opt/airflow/dags/weather_dag_api copy.py
[2023-04-27T06:47:42.946+0000] {processor.py:743} INFO - Processing file /opt/airflow/dags/weather_dag_api copy.py for tasks to queue
[2023-04-27T06:47:42.950+0000] {logging_mixin.py:137} INFO - [2023-04-27T06:47:42.949+0000] {dagbag.py:532} INFO - Filling up the DagBag from /opt/airflow/dags/weather_dag_api copy.py
[2023-04-27T06:47:43.163+0000] {processor.py:753} INFO - DAG(s) dict_keys(['weather_dag_api']) retrieved from /opt/airflow/dags/weather_dag_api copy.py
[2023-04-27T06:47:43.400+0000] {logging_mixin.py:137} INFO - [2023-04-27T06:47:43.400+0000] {dag.py:2705} INFO - Sync 1 DAGs
[2023-04-27T06:47:43.489+0000] {logging_mixin.py:137} INFO - [2023-04-27T06:47:43.489+0000] {dag.py:3456} INFO - Setting next_dagrun for weather_dag_api to 2023-04-27T00:00:00+00:00, run_after=2023-04-28T00:00:00+00:00
[2023-04-27T06:47:43.579+0000] {processor.py:175} INFO - Processing /opt/airflow/dags/weather_dag_api copy.py took 0.673 seconds
[2023-04-27T06:48:14.063+0000] {processor.py:153} INFO - Started process (PID=165) to work on /opt/airflow/dags/weather_dag_api copy.py
[2023-04-27T06:48:14.082+0000] {processor.py:743} INFO - Processing file /opt/airflow/dags/weather_dag_api copy.py for tasks to queue
[2023-04-27T06:48:14.090+0000] {logging_mixin.py:137} INFO - [2023-04-27T06:48:14.088+0000] {dagbag.py:532} INFO - Filling up the DagBag from /opt/airflow/dags/weather_dag_api copy.py
[2023-04-27T06:48:14.955+0000] {processor.py:753} INFO - DAG(s) dict_keys(['weather_dag_api']) retrieved from /opt/airflow/dags/weather_dag_api copy.py
[2023-04-27T06:48:15.322+0000] {logging_mixin.py:137} INFO - [2023-04-27T06:48:15.322+0000] {dag.py:2705} INFO - Sync 1 DAGs
[2023-04-27T06:48:15.456+0000] {logging_mixin.py:137} INFO - [2023-04-27T06:48:15.455+0000] {dag.py:3456} INFO - Setting next_dagrun for weather_dag_api to 2023-04-27T00:00:00+00:00, run_after=2023-04-28T00:00:00+00:00
[2023-04-27T06:48:15.582+0000] {processor.py:175} INFO - Processing /opt/airflow/dags/weather_dag_api copy.py took 1.539 seconds
[2023-04-27T06:48:45.980+0000] {processor.py:153} INFO - Started process (PID=177) to work on /opt/airflow/dags/weather_dag_api copy.py
[2023-04-27T06:48:45.982+0000] {processor.py:743} INFO - Processing file /opt/airflow/dags/weather_dag_api copy.py for tasks to queue
[2023-04-27T06:48:45.984+0000] {logging_mixin.py:137} INFO - [2023-04-27T06:48:45.984+0000] {dagbag.py:532} INFO - Filling up the DagBag from /opt/airflow/dags/weather_dag_api copy.py
[2023-04-27T06:48:46.074+0000] {processor.py:753} INFO - DAG(s) dict_keys(['weather_dag_api']) retrieved from /opt/airflow/dags/weather_dag_api copy.py
[2023-04-27T06:48:46.097+0000] {logging_mixin.py:137} INFO - [2023-04-27T06:48:46.097+0000] {dag.py:2705} INFO - Sync 1 DAGs
[2023-04-27T06:48:46.153+0000] {logging_mixin.py:137} INFO - [2023-04-27T06:48:46.152+0000] {dag.py:3456} INFO - Setting next_dagrun for weather_dag_api to 2023-04-27T00:00:00+00:00, run_after=2023-04-28T00:00:00+00:00
[2023-04-27T06:48:46.187+0000] {processor.py:175} INFO - Processing /opt/airflow/dags/weather_dag_api copy.py took 0.214 seconds
[2023-04-27T06:49:16.386+0000] {processor.py:153} INFO - Started process (PID=188) to work on /opt/airflow/dags/weather_dag_api copy.py
[2023-04-27T06:49:16.389+0000] {processor.py:743} INFO - Processing file /opt/airflow/dags/weather_dag_api copy.py for tasks to queue
[2023-04-27T06:49:16.391+0000] {logging_mixin.py:137} INFO - [2023-04-27T06:49:16.391+0000] {dagbag.py:532} INFO - Filling up the DagBag from /opt/airflow/dags/weather_dag_api copy.py
[2023-04-27T06:49:16.475+0000] {processor.py:753} INFO - DAG(s) dict_keys(['weather_dag_api']) retrieved from /opt/airflow/dags/weather_dag_api copy.py
[2023-04-27T06:49:16.616+0000] {logging_mixin.py:137} INFO - [2023-04-27T06:49:16.616+0000] {dag.py:2705} INFO - Sync 1 DAGs
[2023-04-27T06:49:16.709+0000] {logging_mixin.py:137} INFO - [2023-04-27T06:49:16.709+0000] {dag.py:3456} INFO - Setting next_dagrun for weather_dag_api to 2023-04-27T00:00:00+00:00, run_after=2023-04-28T00:00:00+00:00
[2023-04-27T06:49:16.795+0000] {processor.py:175} INFO - Processing /opt/airflow/dags/weather_dag_api copy.py took 0.415 seconds
[2023-04-27T06:49:47.287+0000] {processor.py:153} INFO - Started process (PID=198) to work on /opt/airflow/dags/weather_dag_api copy.py
[2023-04-27T06:49:47.290+0000] {processor.py:743} INFO - Processing file /opt/airflow/dags/weather_dag_api copy.py for tasks to queue
[2023-04-27T06:49:47.292+0000] {logging_mixin.py:137} INFO - [2023-04-27T06:49:47.292+0000] {dagbag.py:532} INFO - Filling up the DagBag from /opt/airflow/dags/weather_dag_api copy.py
[2023-04-27T06:49:47.442+0000] {processor.py:753} INFO - DAG(s) dict_keys(['weather_dag_api']) retrieved from /opt/airflow/dags/weather_dag_api copy.py
[2023-04-27T06:49:47.554+0000] {logging_mixin.py:137} INFO - [2023-04-27T06:49:47.554+0000] {dag.py:2705} INFO - Sync 1 DAGs
[2023-04-27T06:49:47.609+0000] {logging_mixin.py:137} INFO - [2023-04-27T06:49:47.609+0000] {dag.py:3456} INFO - Setting next_dagrun for weather_dag_api to 2023-04-27T00:00:00+00:00, run_after=2023-04-28T00:00:00+00:00
[2023-04-27T06:49:47.648+0000] {processor.py:175} INFO - Processing /opt/airflow/dags/weather_dag_api copy.py took 0.385 seconds
[2023-04-27T06:50:18.029+0000] {processor.py:153} INFO - Started process (PID=211) to work on /opt/airflow/dags/weather_dag_api copy.py
[2023-04-27T06:50:18.032+0000] {processor.py:743} INFO - Processing file /opt/airflow/dags/weather_dag_api copy.py for tasks to queue
[2023-04-27T06:50:18.036+0000] {logging_mixin.py:137} INFO - [2023-04-27T06:50:18.035+0000] {dagbag.py:532} INFO - Filling up the DagBag from /opt/airflow/dags/weather_dag_api copy.py
[2023-04-27T06:50:18.382+0000] {processor.py:753} INFO - DAG(s) dict_keys(['weather_dag_api']) retrieved from /opt/airflow/dags/weather_dag_api copy.py
[2023-04-27T06:50:18.414+0000] {logging_mixin.py:137} INFO - [2023-04-27T06:50:18.414+0000] {dag.py:2705} INFO - Sync 1 DAGs
[2023-04-27T06:50:18.480+0000] {logging_mixin.py:137} INFO - [2023-04-27T06:50:18.479+0000] {dag.py:3456} INFO - Setting next_dagrun for weather_dag_api to 2023-04-27T00:00:00+00:00, run_after=2023-04-28T00:00:00+00:00
[2023-04-27T06:50:18.532+0000] {processor.py:175} INFO - Processing /opt/airflow/dags/weather_dag_api copy.py took 0.521 seconds
[2023-04-27T06:50:49.367+0000] {processor.py:153} INFO - Started process (PID=223) to work on /opt/airflow/dags/weather_dag_api copy.py
[2023-04-27T06:50:49.414+0000] {processor.py:743} INFO - Processing file /opt/airflow/dags/weather_dag_api copy.py for tasks to queue
[2023-04-27T06:50:49.432+0000] {logging_mixin.py:137} INFO - [2023-04-27T06:50:49.432+0000] {dagbag.py:532} INFO - Filling up the DagBag from /opt/airflow/dags/weather_dag_api copy.py
[2023-04-27T06:50:49.959+0000] {processor.py:753} INFO - DAG(s) dict_keys(['weather_dag_api']) retrieved from /opt/airflow/dags/weather_dag_api copy.py
[2023-04-27T06:50:50.446+0000] {logging_mixin.py:137} INFO - [2023-04-27T06:50:50.446+0000] {dag.py:2705} INFO - Sync 1 DAGs
[2023-04-27T06:50:50.639+0000] {logging_mixin.py:137} INFO - [2023-04-27T06:50:50.639+0000] {dag.py:3456} INFO - Setting next_dagrun for weather_dag_api to 2023-04-27T00:00:00+00:00, run_after=2023-04-28T00:00:00+00:00
[2023-04-27T06:50:50.806+0000] {processor.py:175} INFO - Processing /opt/airflow/dags/weather_dag_api copy.py took 1.457 seconds
[2023-04-27T06:51:21.198+0000] {processor.py:153} INFO - Started process (PID=233) to work on /opt/airflow/dags/weather_dag_api copy.py
[2023-04-27T06:51:21.202+0000] {processor.py:743} INFO - Processing file /opt/airflow/dags/weather_dag_api copy.py for tasks to queue
[2023-04-27T06:51:21.204+0000] {logging_mixin.py:137} INFO - [2023-04-27T06:51:21.204+0000] {dagbag.py:532} INFO - Filling up the DagBag from /opt/airflow/dags/weather_dag_api copy.py
[2023-04-27T06:51:21.309+0000] {processor.py:753} INFO - DAG(s) dict_keys(['weather_dag_api']) retrieved from /opt/airflow/dags/weather_dag_api copy.py
[2023-04-27T06:51:21.393+0000] {logging_mixin.py:137} INFO - [2023-04-27T06:51:21.392+0000] {dag.py:2705} INFO - Sync 1 DAGs
[2023-04-27T06:51:21.470+0000] {logging_mixin.py:137} INFO - [2023-04-27T06:51:21.469+0000] {dag.py:3456} INFO - Setting next_dagrun for weather_dag_api to 2023-04-27T00:00:00+00:00, run_after=2023-04-28T00:00:00+00:00
[2023-04-27T06:51:21.529+0000] {processor.py:175} INFO - Processing /opt/airflow/dags/weather_dag_api copy.py took 0.353 seconds
[2023-04-27T06:51:51.796+0000] {processor.py:153} INFO - Started process (PID=243) to work on /opt/airflow/dags/weather_dag_api copy.py
[2023-04-27T06:51:51.802+0000] {processor.py:743} INFO - Processing file /opt/airflow/dags/weather_dag_api copy.py for tasks to queue
[2023-04-27T06:51:51.804+0000] {logging_mixin.py:137} INFO - [2023-04-27T06:51:51.804+0000] {dagbag.py:532} INFO - Filling up the DagBag from /opt/airflow/dags/weather_dag_api copy.py
[2023-04-27T06:51:52.154+0000] {processor.py:753} INFO - DAG(s) dict_keys(['weather_dag_api']) retrieved from /opt/airflow/dags/weather_dag_api copy.py
[2023-04-27T06:51:52.405+0000] {logging_mixin.py:137} INFO - [2023-04-27T06:51:52.405+0000] {dag.py:2705} INFO - Sync 1 DAGs
[2023-04-27T06:51:52.837+0000] {logging_mixin.py:137} INFO - [2023-04-27T06:51:52.836+0000] {dag.py:3456} INFO - Setting next_dagrun for weather_dag_api to 2023-04-27T00:00:00+00:00, run_after=2023-04-28T00:00:00+00:00
[2023-04-27T06:51:53.009+0000] {processor.py:175} INFO - Processing /opt/airflow/dags/weather_dag_api copy.py took 1.225 seconds
[2023-04-27T06:52:23.636+0000] {processor.py:153} INFO - Started process (PID=255) to work on /opt/airflow/dags/weather_dag_api copy.py
[2023-04-27T06:52:23.640+0000] {processor.py:743} INFO - Processing file /opt/airflow/dags/weather_dag_api copy.py for tasks to queue
[2023-04-27T06:52:23.649+0000] {logging_mixin.py:137} INFO - [2023-04-27T06:52:23.647+0000] {dagbag.py:532} INFO - Filling up the DagBag from /opt/airflow/dags/weather_dag_api copy.py
[2023-04-27T06:52:23.907+0000] {processor.py:753} INFO - DAG(s) dict_keys(['weather_dag_api']) retrieved from /opt/airflow/dags/weather_dag_api copy.py
[2023-04-27T06:52:26.234+0000] {logging_mixin.py:137} INFO - [2023-04-27T06:52:26.233+0000] {dag.py:2705} INFO - Sync 1 DAGs
[2023-04-27T06:52:26.615+0000] {logging_mixin.py:137} INFO - [2023-04-27T06:52:26.614+0000] {dag.py:3456} INFO - Setting next_dagrun for weather_dag_api to 2023-04-27T00:00:00+00:00, run_after=2023-04-28T00:00:00+00:00
[2023-04-27T06:52:26.838+0000] {processor.py:175} INFO - Processing /opt/airflow/dags/weather_dag_api copy.py took 3.236 seconds
[2023-04-27T06:52:57.027+0000] {processor.py:153} INFO - Started process (PID=264) to work on /opt/airflow/dags/weather_dag_api copy.py
[2023-04-27T06:52:57.034+0000] {processor.py:743} INFO - Processing file /opt/airflow/dags/weather_dag_api copy.py for tasks to queue
[2023-04-27T06:52:57.037+0000] {logging_mixin.py:137} INFO - [2023-04-27T06:52:57.037+0000] {dagbag.py:532} INFO - Filling up the DagBag from /opt/airflow/dags/weather_dag_api copy.py
[2023-04-27T06:52:57.188+0000] {processor.py:753} INFO - DAG(s) dict_keys(['weather_dag_api']) retrieved from /opt/airflow/dags/weather_dag_api copy.py
[2023-04-27T06:52:57.318+0000] {logging_mixin.py:137} INFO - [2023-04-27T06:52:57.318+0000] {dag.py:2705} INFO - Sync 1 DAGs
[2023-04-27T06:52:57.394+0000] {logging_mixin.py:137} INFO - [2023-04-27T06:52:57.394+0000] {dag.py:3456} INFO - Setting next_dagrun for weather_dag_api to 2023-04-27T00:00:00+00:00, run_after=2023-04-28T00:00:00+00:00
[2023-04-27T06:52:57.441+0000] {processor.py:175} INFO - Processing /opt/airflow/dags/weather_dag_api copy.py took 0.425 seconds
[2023-04-27T06:53:27.787+0000] {processor.py:153} INFO - Started process (PID=275) to work on /opt/airflow/dags/weather_dag_api copy.py
[2023-04-27T06:53:27.790+0000] {processor.py:743} INFO - Processing file /opt/airflow/dags/weather_dag_api copy.py for tasks to queue
[2023-04-27T06:53:27.795+0000] {logging_mixin.py:137} INFO - [2023-04-27T06:53:27.795+0000] {dagbag.py:532} INFO - Filling up the DagBag from /opt/airflow/dags/weather_dag_api copy.py
[2023-04-27T06:53:28.062+0000] {processor.py:753} INFO - DAG(s) dict_keys(['weather_dag_api']) retrieved from /opt/airflow/dags/weather_dag_api copy.py
[2023-04-27T06:53:28.099+0000] {logging_mixin.py:137} INFO - [2023-04-27T06:53:28.099+0000] {dag.py:2705} INFO - Sync 1 DAGs
[2023-04-27T06:53:28.283+0000] {logging_mixin.py:137} INFO - [2023-04-27T06:53:28.283+0000] {dag.py:3456} INFO - Setting next_dagrun for weather_dag_api to 2023-04-27T00:00:00+00:00, run_after=2023-04-28T00:00:00+00:00
[2023-04-27T06:53:28.427+0000] {processor.py:175} INFO - Processing /opt/airflow/dags/weather_dag_api copy.py took 0.652 seconds
[2023-04-27T06:53:58.863+0000] {processor.py:153} INFO - Started process (PID=286) to work on /opt/airflow/dags/weather_dag_api copy.py
[2023-04-27T06:53:58.876+0000] {processor.py:743} INFO - Processing file /opt/airflow/dags/weather_dag_api copy.py for tasks to queue
[2023-04-27T06:53:58.879+0000] {logging_mixin.py:137} INFO - [2023-04-27T06:53:58.878+0000] {dagbag.py:532} INFO - Filling up the DagBag from /opt/airflow/dags/weather_dag_api copy.py
[2023-04-27T06:53:59.206+0000] {processor.py:753} INFO - DAG(s) dict_keys(['weather_dag_api']) retrieved from /opt/airflow/dags/weather_dag_api copy.py
[2023-04-27T06:53:59.242+0000] {logging_mixin.py:137} INFO - [2023-04-27T06:53:59.242+0000] {dag.py:2705} INFO - Sync 1 DAGs
[2023-04-27T06:53:59.335+0000] {logging_mixin.py:137} INFO - [2023-04-27T06:53:59.335+0000] {dag.py:3456} INFO - Setting next_dagrun for weather_dag_api to 2023-04-27T00:00:00+00:00, run_after=2023-04-28T00:00:00+00:00
[2023-04-27T06:53:59.378+0000] {processor.py:175} INFO - Processing /opt/airflow/dags/weather_dag_api copy.py took 0.523 seconds
[2023-04-27T06:54:29.944+0000] {processor.py:153} INFO - Started process (PID=296) to work on /opt/airflow/dags/weather_dag_api copy.py
[2023-04-27T06:54:29.947+0000] {processor.py:743} INFO - Processing file /opt/airflow/dags/weather_dag_api copy.py for tasks to queue
[2023-04-27T06:54:29.949+0000] {logging_mixin.py:137} INFO - [2023-04-27T06:54:29.949+0000] {dagbag.py:532} INFO - Filling up the DagBag from /opt/airflow/dags/weather_dag_api copy.py
[2023-04-27T06:54:30.126+0000] {processor.py:753} INFO - DAG(s) dict_keys(['weather_dag_api']) retrieved from /opt/airflow/dags/weather_dag_api copy.py
[2023-04-27T06:54:30.370+0000] {logging_mixin.py:137} INFO - [2023-04-27T06:54:30.370+0000] {dag.py:2705} INFO - Sync 1 DAGs
[2023-04-27T06:54:30.452+0000] {logging_mixin.py:137} INFO - [2023-04-27T06:54:30.452+0000] {dag.py:3456} INFO - Setting next_dagrun for weather_dag_api to 2023-04-27T00:00:00+00:00, run_after=2023-04-28T00:00:00+00:00
[2023-04-27T06:54:30.536+0000] {processor.py:175} INFO - Processing /opt/airflow/dags/weather_dag_api copy.py took 0.608 seconds
[2023-04-27T06:55:00.842+0000] {processor.py:153} INFO - Started process (PID=306) to work on /opt/airflow/dags/weather_dag_api copy.py
[2023-04-27T06:55:00.845+0000] {processor.py:743} INFO - Processing file /opt/airflow/dags/weather_dag_api copy.py for tasks to queue
[2023-04-27T06:55:00.847+0000] {logging_mixin.py:137} INFO - [2023-04-27T06:55:00.847+0000] {dagbag.py:532} INFO - Filling up the DagBag from /opt/airflow/dags/weather_dag_api copy.py
[2023-04-27T06:55:01.005+0000] {processor.py:753} INFO - DAG(s) dict_keys(['weather_dag_api']) retrieved from /opt/airflow/dags/weather_dag_api copy.py
[2023-04-27T06:55:01.073+0000] {logging_mixin.py:137} INFO - [2023-04-27T06:55:01.072+0000] {dag.py:2705} INFO - Sync 1 DAGs
[2023-04-27T06:55:01.160+0000] {logging_mixin.py:137} INFO - [2023-04-27T06:55:01.160+0000] {dag.py:3456} INFO - Setting next_dagrun for weather_dag_api to 2023-04-27T00:00:00+00:00, run_after=2023-04-28T00:00:00+00:00
[2023-04-27T06:55:01.205+0000] {processor.py:175} INFO - Processing /opt/airflow/dags/weather_dag_api copy.py took 0.373 seconds
[2023-04-27T06:55:31.429+0000] {processor.py:153} INFO - Started process (PID=316) to work on /opt/airflow/dags/weather_dag_api copy.py
[2023-04-27T06:55:31.432+0000] {processor.py:743} INFO - Processing file /opt/airflow/dags/weather_dag_api copy.py for tasks to queue
[2023-04-27T06:55:31.435+0000] {logging_mixin.py:137} INFO - [2023-04-27T06:55:31.435+0000] {dagbag.py:532} INFO - Filling up the DagBag from /opt/airflow/dags/weather_dag_api copy.py
[2023-04-27T06:55:31.524+0000] {processor.py:753} INFO - DAG(s) dict_keys(['weather_dag_api']) retrieved from /opt/airflow/dags/weather_dag_api copy.py
[2023-04-27T06:55:31.555+0000] {logging_mixin.py:137} INFO - [2023-04-27T06:55:31.554+0000] {dag.py:2705} INFO - Sync 1 DAGs
[2023-04-27T06:55:31.612+0000] {logging_mixin.py:137} INFO - [2023-04-27T06:55:31.611+0000] {dag.py:3456} INFO - Setting next_dagrun for weather_dag_api to 2023-04-27T00:00:00+00:00, run_after=2023-04-28T00:00:00+00:00
[2023-04-27T06:55:31.654+0000] {processor.py:175} INFO - Processing /opt/airflow/dags/weather_dag_api copy.py took 0.235 seconds
[2023-04-27T06:56:02.017+0000] {processor.py:153} INFO - Started process (PID=328) to work on /opt/airflow/dags/weather_dag_api copy.py
[2023-04-27T06:56:02.021+0000] {processor.py:743} INFO - Processing file /opt/airflow/dags/weather_dag_api copy.py for tasks to queue
[2023-04-27T06:56:02.023+0000] {logging_mixin.py:137} INFO - [2023-04-27T06:56:02.023+0000] {dagbag.py:532} INFO - Filling up the DagBag from /opt/airflow/dags/weather_dag_api copy.py
[2023-04-27T06:56:02.280+0000] {processor.py:753} INFO - DAG(s) dict_keys(['weather_dag_api']) retrieved from /opt/airflow/dags/weather_dag_api copy.py
[2023-04-27T06:56:02.567+0000] {logging_mixin.py:137} INFO - [2023-04-27T06:56:02.567+0000] {dag.py:2705} INFO - Sync 1 DAGs
[2023-04-27T06:56:02.665+0000] {logging_mixin.py:137} INFO - [2023-04-27T06:56:02.665+0000] {dag.py:3456} INFO - Setting next_dagrun for weather_dag_api to 2023-04-27T00:00:00+00:00, run_after=2023-04-28T00:00:00+00:00
[2023-04-27T06:56:02.734+0000] {processor.py:175} INFO - Processing /opt/airflow/dags/weather_dag_api copy.py took 0.725 seconds
[2023-04-27T06:56:32.808+0000] {processor.py:153} INFO - Started process (PID=338) to work on /opt/airflow/dags/weather_dag_api copy.py
[2023-04-27T06:56:32.811+0000] {processor.py:743} INFO - Processing file /opt/airflow/dags/weather_dag_api copy.py for tasks to queue
[2023-04-27T06:56:32.813+0000] {logging_mixin.py:137} INFO - [2023-04-27T06:56:32.813+0000] {dagbag.py:532} INFO - Filling up the DagBag from /opt/airflow/dags/weather_dag_api copy.py
[2023-04-27T06:56:32.902+0000] {processor.py:753} INFO - DAG(s) dict_keys(['weather_dag_api']) retrieved from /opt/airflow/dags/weather_dag_api copy.py
[2023-04-27T06:56:32.976+0000] {logging_mixin.py:137} INFO - [2023-04-27T06:56:32.976+0000] {dag.py:2705} INFO - Sync 1 DAGs
[2023-04-27T06:56:33.031+0000] {logging_mixin.py:137} INFO - [2023-04-27T06:56:33.031+0000] {dag.py:3456} INFO - Setting next_dagrun for weather_dag_api to 2023-04-27T00:00:00+00:00, run_after=2023-04-28T00:00:00+00:00
[2023-04-27T06:56:33.074+0000] {processor.py:175} INFO - Processing /opt/airflow/dags/weather_dag_api copy.py took 0.272 seconds
[2023-04-27T06:57:03.576+0000] {processor.py:153} INFO - Started process (PID=350) to work on /opt/airflow/dags/weather_dag_api copy.py
[2023-04-27T06:57:03.579+0000] {processor.py:743} INFO - Processing file /opt/airflow/dags/weather_dag_api copy.py for tasks to queue
[2023-04-27T06:57:03.582+0000] {logging_mixin.py:137} INFO - [2023-04-27T06:57:03.581+0000] {dagbag.py:532} INFO - Filling up the DagBag from /opt/airflow/dags/weather_dag_api copy.py
[2023-04-27T06:57:03.694+0000] {processor.py:753} INFO - DAG(s) dict_keys(['weather_dag_api']) retrieved from /opt/airflow/dags/weather_dag_api copy.py
[2023-04-27T06:57:03.773+0000] {logging_mixin.py:137} INFO - [2023-04-27T06:57:03.773+0000] {dag.py:2705} INFO - Sync 1 DAGs
[2023-04-27T06:57:03.835+0000] {logging_mixin.py:137} INFO - [2023-04-27T06:57:03.835+0000] {dag.py:3456} INFO - Setting next_dagrun for weather_dag_api to 2023-04-27T00:00:00+00:00, run_after=2023-04-28T00:00:00+00:00
[2023-04-27T06:57:03.877+0000] {processor.py:175} INFO - Processing /opt/airflow/dags/weather_dag_api copy.py took 0.309 seconds
[2023-04-27T06:57:33.998+0000] {processor.py:153} INFO - Started process (PID=360) to work on /opt/airflow/dags/weather_dag_api copy.py
[2023-04-27T06:57:34.001+0000] {processor.py:743} INFO - Processing file /opt/airflow/dags/weather_dag_api copy.py for tasks to queue
[2023-04-27T06:57:34.004+0000] {logging_mixin.py:137} INFO - [2023-04-27T06:57:34.003+0000] {dagbag.py:532} INFO - Filling up the DagBag from /opt/airflow/dags/weather_dag_api copy.py
[2023-04-27T06:57:34.112+0000] {processor.py:753} INFO - DAG(s) dict_keys(['weather_dag_api']) retrieved from /opt/airflow/dags/weather_dag_api copy.py
[2023-04-27T06:57:34.822+0000] {logging_mixin.py:137} INFO - [2023-04-27T06:57:34.822+0000] {dag.py:2705} INFO - Sync 1 DAGs
[2023-04-27T06:57:34.961+0000] {logging_mixin.py:137} INFO - [2023-04-27T06:57:34.960+0000] {dag.py:3456} INFO - Setting next_dagrun for weather_dag_api to 2023-04-27T00:00:00+00:00, run_after=2023-04-28T00:00:00+00:00
[2023-04-27T06:57:35.007+0000] {processor.py:175} INFO - Processing /opt/airflow/dags/weather_dag_api copy.py took 1.018 seconds
[2023-04-27T06:58:05.766+0000] {processor.py:153} INFO - Started process (PID=382) to work on /opt/airflow/dags/weather_dag_api copy.py
[2023-04-27T06:58:05.772+0000] {processor.py:743} INFO - Processing file /opt/airflow/dags/weather_dag_api copy.py for tasks to queue
[2023-04-27T06:58:05.779+0000] {logging_mixin.py:137} INFO - [2023-04-27T06:58:05.777+0000] {dagbag.py:532} INFO - Filling up the DagBag from /opt/airflow/dags/weather_dag_api copy.py
[2023-04-27T06:58:06.014+0000] {processor.py:753} INFO - DAG(s) dict_keys(['weather_dag_api']) retrieved from /opt/airflow/dags/weather_dag_api copy.py
[2023-04-27T06:58:06.219+0000] {logging_mixin.py:137} INFO - [2023-04-27T06:58:06.219+0000] {dag.py:2705} INFO - Sync 1 DAGs
[2023-04-27T06:58:06.326+0000] {logging_mixin.py:137} INFO - [2023-04-27T06:58:06.326+0000] {dag.py:3456} INFO - Setting next_dagrun for weather_dag_api to 2023-04-27T00:00:00+00:00, run_after=2023-04-28T00:00:00+00:00
[2023-04-27T06:58:06.422+0000] {processor.py:175} INFO - Processing /opt/airflow/dags/weather_dag_api copy.py took 0.672 seconds
[2023-04-27T06:58:36.578+0000] {processor.py:153} INFO - Started process (PID=393) to work on /opt/airflow/dags/weather_dag_api copy.py
[2023-04-27T06:58:36.581+0000] {processor.py:743} INFO - Processing file /opt/airflow/dags/weather_dag_api copy.py for tasks to queue
[2023-04-27T06:58:36.583+0000] {logging_mixin.py:137} INFO - [2023-04-27T06:58:36.583+0000] {dagbag.py:532} INFO - Filling up the DagBag from /opt/airflow/dags/weather_dag_api copy.py
[2023-04-27T06:58:36.661+0000] {processor.py:753} INFO - DAG(s) dict_keys(['weather_dag_api']) retrieved from /opt/airflow/dags/weather_dag_api copy.py
[2023-04-27T06:58:36.701+0000] {logging_mixin.py:137} INFO - [2023-04-27T06:58:36.701+0000] {dag.py:2705} INFO - Sync 1 DAGs
[2023-04-27T06:58:36.757+0000] {logging_mixin.py:137} INFO - [2023-04-27T06:58:36.756+0000] {dag.py:3456} INFO - Setting next_dagrun for weather_dag_api to 2023-04-27T00:00:00+00:00, run_after=2023-04-28T00:00:00+00:00
[2023-04-27T06:58:36.795+0000] {processor.py:175} INFO - Processing /opt/airflow/dags/weather_dag_api copy.py took 0.227 seconds
[2023-04-27T06:59:07.289+0000] {processor.py:153} INFO - Started process (PID=403) to work on /opt/airflow/dags/weather_dag_api copy.py
[2023-04-27T06:59:07.292+0000] {processor.py:743} INFO - Processing file /opt/airflow/dags/weather_dag_api copy.py for tasks to queue
[2023-04-27T06:59:07.295+0000] {logging_mixin.py:137} INFO - [2023-04-27T06:59:07.295+0000] {dagbag.py:532} INFO - Filling up the DagBag from /opt/airflow/dags/weather_dag_api copy.py
[2023-04-27T06:59:07.385+0000] {processor.py:753} INFO - DAG(s) dict_keys(['weather_dag_api']) retrieved from /opt/airflow/dags/weather_dag_api copy.py
[2023-04-27T06:59:07.528+0000] {logging_mixin.py:137} INFO - [2023-04-27T06:59:07.528+0000] {dag.py:2705} INFO - Sync 1 DAGs
[2023-04-27T06:59:07.575+0000] {logging_mixin.py:137} INFO - [2023-04-27T06:59:07.574+0000] {dag.py:3456} INFO - Setting next_dagrun for weather_dag_api to 2023-04-27T00:00:00+00:00, run_after=2023-04-28T00:00:00+00:00
[2023-04-27T06:59:07.626+0000] {processor.py:175} INFO - Processing /opt/airflow/dags/weather_dag_api copy.py took 0.344 seconds
[2023-04-27T06:59:37.935+0000] {processor.py:153} INFO - Started process (PID=413) to work on /opt/airflow/dags/weather_dag_api copy.py
[2023-04-27T06:59:37.937+0000] {processor.py:743} INFO - Processing file /opt/airflow/dags/weather_dag_api copy.py for tasks to queue
[2023-04-27T06:59:37.939+0000] {logging_mixin.py:137} INFO - [2023-04-27T06:59:37.939+0000] {dagbag.py:532} INFO - Filling up the DagBag from /opt/airflow/dags/weather_dag_api copy.py
[2023-04-27T06:59:38.046+0000] {processor.py:753} INFO - DAG(s) dict_keys(['weather_dag_api']) retrieved from /opt/airflow/dags/weather_dag_api copy.py
[2023-04-27T06:59:38.143+0000] {logging_mixin.py:137} INFO - [2023-04-27T06:59:38.143+0000] {dag.py:2705} INFO - Sync 1 DAGs
[2023-04-27T06:59:38.210+0000] {logging_mixin.py:137} INFO - [2023-04-27T06:59:38.210+0000] {dag.py:3456} INFO - Setting next_dagrun for weather_dag_api to 2023-04-27T00:00:00+00:00, run_after=2023-04-28T00:00:00+00:00
[2023-04-27T06:59:38.242+0000] {processor.py:175} INFO - Processing /opt/airflow/dags/weather_dag_api copy.py took 0.313 seconds
[2023-04-27T07:00:08.472+0000] {processor.py:153} INFO - Started process (PID=423) to work on /opt/airflow/dags/weather_dag_api copy.py
[2023-04-27T07:00:08.479+0000] {processor.py:743} INFO - Processing file /opt/airflow/dags/weather_dag_api copy.py for tasks to queue
[2023-04-27T07:00:08.481+0000] {logging_mixin.py:137} INFO - [2023-04-27T07:00:08.481+0000] {dagbag.py:532} INFO - Filling up the DagBag from /opt/airflow/dags/weather_dag_api copy.py
[2023-04-27T07:00:08.664+0000] {processor.py:753} INFO - DAG(s) dict_keys(['weather_dag_api']) retrieved from /opt/airflow/dags/weather_dag_api copy.py
[2023-04-27T07:00:08.702+0000] {logging_mixin.py:137} INFO - [2023-04-27T07:00:08.701+0000] {dag.py:2705} INFO - Sync 1 DAGs
[2023-04-27T07:00:08.788+0000] {logging_mixin.py:137} INFO - [2023-04-27T07:00:08.787+0000] {dag.py:3456} INFO - Setting next_dagrun for weather_dag_api to 2023-04-27T00:00:00+00:00, run_after=2023-04-28T00:00:00+00:00
[2023-04-27T07:00:08.825+0000] {processor.py:175} INFO - Processing /opt/airflow/dags/weather_dag_api copy.py took 0.365 seconds
[2023-04-27T07:00:39.590+0000] {processor.py:153} INFO - Started process (PID=435) to work on /opt/airflow/dags/weather_dag_api copy.py
[2023-04-27T07:00:39.593+0000] {processor.py:743} INFO - Processing file /opt/airflow/dags/weather_dag_api copy.py for tasks to queue
[2023-04-27T07:00:39.595+0000] {logging_mixin.py:137} INFO - [2023-04-27T07:00:39.595+0000] {dagbag.py:532} INFO - Filling up the DagBag from /opt/airflow/dags/weather_dag_api copy.py
[2023-04-27T07:00:39.751+0000] {processor.py:753} INFO - DAG(s) dict_keys(['weather_dag_api']) retrieved from /opt/airflow/dags/weather_dag_api copy.py
[2023-04-27T07:00:39.927+0000] {logging_mixin.py:137} INFO - [2023-04-27T07:00:39.927+0000] {dag.py:2705} INFO - Sync 1 DAGs
[2023-04-27T07:00:39.988+0000] {logging_mixin.py:137} INFO - [2023-04-27T07:00:39.988+0000] {dag.py:3456} INFO - Setting next_dagrun for weather_dag_api to 2023-04-27T00:00:00+00:00, run_after=2023-04-28T00:00:00+00:00
[2023-04-27T07:00:40.030+0000] {processor.py:175} INFO - Processing /opt/airflow/dags/weather_dag_api copy.py took 0.446 seconds
[2023-04-27T07:01:10.157+0000] {processor.py:153} INFO - Started process (PID=445) to work on /opt/airflow/dags/weather_dag_api copy.py
[2023-04-27T07:01:10.170+0000] {processor.py:743} INFO - Processing file /opt/airflow/dags/weather_dag_api copy.py for tasks to queue
[2023-04-27T07:01:10.214+0000] {logging_mixin.py:137} INFO - [2023-04-27T07:01:10.214+0000] {dagbag.py:532} INFO - Filling up the DagBag from /opt/airflow/dags/weather_dag_api copy.py
[2023-04-27T07:01:10.702+0000] {processor.py:753} INFO - DAG(s) dict_keys(['weather_dag_api']) retrieved from /opt/airflow/dags/weather_dag_api copy.py
[2023-04-27T07:01:10.943+0000] {logging_mixin.py:137} INFO - [2023-04-27T07:01:10.942+0000] {dag.py:2705} INFO - Sync 1 DAGs
[2023-04-27T07:01:11.136+0000] {logging_mixin.py:137} INFO - [2023-04-27T07:01:11.136+0000] {dag.py:3456} INFO - Setting next_dagrun for weather_dag_api to 2023-04-27T00:00:00+00:00, run_after=2023-04-28T00:00:00+00:00
[2023-04-27T07:01:11.313+0000] {processor.py:175} INFO - Processing /opt/airflow/dags/weather_dag_api copy.py took 1.179 seconds
[2023-04-27T07:01:41.679+0000] {processor.py:153} INFO - Started process (PID=455) to work on /opt/airflow/dags/weather_dag_api copy.py
[2023-04-27T07:01:41.683+0000] {processor.py:743} INFO - Processing file /opt/airflow/dags/weather_dag_api copy.py for tasks to queue
[2023-04-27T07:01:41.690+0000] {logging_mixin.py:137} INFO - [2023-04-27T07:01:41.690+0000] {dagbag.py:532} INFO - Filling up the DagBag from /opt/airflow/dags/weather_dag_api copy.py
[2023-04-27T07:01:41.807+0000] {processor.py:753} INFO - DAG(s) dict_keys(['weather_dag_api']) retrieved from /opt/airflow/dags/weather_dag_api copy.py
[2023-04-27T07:01:41.888+0000] {logging_mixin.py:137} INFO - [2023-04-27T07:01:41.888+0000] {dag.py:2705} INFO - Sync 1 DAGs
[2023-04-27T07:01:41.979+0000] {logging_mixin.py:137} INFO - [2023-04-27T07:01:41.978+0000] {dag.py:3456} INFO - Setting next_dagrun for weather_dag_api to 2023-04-27T00:00:00+00:00, run_after=2023-04-28T00:00:00+00:00
[2023-04-27T07:01:42.020+0000] {processor.py:175} INFO - Processing /opt/airflow/dags/weather_dag_api copy.py took 0.348 seconds
[2023-04-27T07:02:12.515+0000] {processor.py:153} INFO - Started process (PID=467) to work on /opt/airflow/dags/weather_dag_api copy.py
[2023-04-27T07:02:12.518+0000] {processor.py:743} INFO - Processing file /opt/airflow/dags/weather_dag_api copy.py for tasks to queue
[2023-04-27T07:02:12.520+0000] {logging_mixin.py:137} INFO - [2023-04-27T07:02:12.520+0000] {dagbag.py:532} INFO - Filling up the DagBag from /opt/airflow/dags/weather_dag_api copy.py
[2023-04-27T07:02:12.616+0000] {processor.py:753} INFO - DAG(s) dict_keys(['weather_dag_api']) retrieved from /opt/airflow/dags/weather_dag_api copy.py
[2023-04-27T07:02:12.749+0000] {logging_mixin.py:137} INFO - [2023-04-27T07:02:12.748+0000] {dag.py:2705} INFO - Sync 1 DAGs
[2023-04-27T07:02:12.790+0000] {logging_mixin.py:137} INFO - [2023-04-27T07:02:12.790+0000] {dag.py:3456} INFO - Setting next_dagrun for weather_dag_api to 2023-04-27T00:00:00+00:00, run_after=2023-04-28T00:00:00+00:00
[2023-04-27T07:02:12.823+0000] {processor.py:175} INFO - Processing /opt/airflow/dags/weather_dag_api copy.py took 0.314 seconds
[2023-04-27T07:02:43.168+0000] {processor.py:153} INFO - Started process (PID=478) to work on /opt/airflow/dags/weather_dag_api copy.py
[2023-04-27T07:02:43.171+0000] {processor.py:743} INFO - Processing file /opt/airflow/dags/weather_dag_api copy.py for tasks to queue
[2023-04-27T07:02:43.173+0000] {logging_mixin.py:137} INFO - [2023-04-27T07:02:43.173+0000] {dagbag.py:532} INFO - Filling up the DagBag from /opt/airflow/dags/weather_dag_api copy.py
[2023-04-27T07:02:43.252+0000] {processor.py:753} INFO - DAG(s) dict_keys(['weather_dag_api']) retrieved from /opt/airflow/dags/weather_dag_api copy.py
[2023-04-27T07:02:43.309+0000] {logging_mixin.py:137} INFO - [2023-04-27T07:02:43.309+0000] {dag.py:2705} INFO - Sync 1 DAGs
[2023-04-27T07:02:43.361+0000] {logging_mixin.py:137} INFO - [2023-04-27T07:02:43.360+0000] {dag.py:3456} INFO - Setting next_dagrun for weather_dag_api to 2023-04-27T00:00:00+00:00, run_after=2023-04-28T00:00:00+00:00
[2023-04-27T07:02:43.394+0000] {processor.py:175} INFO - Processing /opt/airflow/dags/weather_dag_api copy.py took 0.232 seconds
[2023-04-27T07:03:14.060+0000] {processor.py:153} INFO - Started process (PID=490) to work on /opt/airflow/dags/weather_dag_api copy.py
[2023-04-27T07:03:14.067+0000] {processor.py:743} INFO - Processing file /opt/airflow/dags/weather_dag_api copy.py for tasks to queue
[2023-04-27T07:03:14.071+0000] {logging_mixin.py:137} INFO - [2023-04-27T07:03:14.071+0000] {dagbag.py:532} INFO - Filling up the DagBag from /opt/airflow/dags/weather_dag_api copy.py
[2023-04-27T07:03:14.199+0000] {processor.py:753} INFO - DAG(s) dict_keys(['weather_dag_api']) retrieved from /opt/airflow/dags/weather_dag_api copy.py
[2023-04-27T07:03:14.234+0000] {logging_mixin.py:137} INFO - [2023-04-27T07:03:14.234+0000] {dag.py:2705} INFO - Sync 1 DAGs
[2023-04-27T07:03:14.313+0000] {logging_mixin.py:137} INFO - [2023-04-27T07:03:14.312+0000] {dag.py:3456} INFO - Setting next_dagrun for weather_dag_api to 2023-04-27T00:00:00+00:00, run_after=2023-04-28T00:00:00+00:00
[2023-04-27T07:03:14.448+0000] {processor.py:175} INFO - Processing /opt/airflow/dags/weather_dag_api copy.py took 0.402 seconds
[2023-04-27T07:03:44.584+0000] {processor.py:153} INFO - Started process (PID=500) to work on /opt/airflow/dags/weather_dag_api copy.py
[2023-04-27T07:03:44.589+0000] {processor.py:743} INFO - Processing file /opt/airflow/dags/weather_dag_api copy.py for tasks to queue
[2023-04-27T07:03:44.592+0000] {logging_mixin.py:137} INFO - [2023-04-27T07:03:44.591+0000] {dagbag.py:532} INFO - Filling up the DagBag from /opt/airflow/dags/weather_dag_api copy.py
[2023-04-27T07:03:44.711+0000] {processor.py:753} INFO - DAG(s) dict_keys(['weather_dag_api']) retrieved from /opt/airflow/dags/weather_dag_api copy.py
[2023-04-27T07:03:44.892+0000] {logging_mixin.py:137} INFO - [2023-04-27T07:03:44.891+0000] {dag.py:2705} INFO - Sync 1 DAGs
[2023-04-27T07:03:44.953+0000] {logging_mixin.py:137} INFO - [2023-04-27T07:03:44.953+0000] {dag.py:3456} INFO - Setting next_dagrun for weather_dag_api to 2023-04-27T00:00:00+00:00, run_after=2023-04-28T00:00:00+00:00
[2023-04-27T07:03:44.994+0000] {processor.py:175} INFO - Processing /opt/airflow/dags/weather_dag_api copy.py took 0.417 seconds
[2023-04-27T07:04:15.686+0000] {processor.py:153} INFO - Started process (PID=510) to work on /opt/airflow/dags/weather_dag_api copy.py
[2023-04-27T07:04:15.692+0000] {processor.py:743} INFO - Processing file /opt/airflow/dags/weather_dag_api copy.py for tasks to queue
[2023-04-27T07:04:15.698+0000] {logging_mixin.py:137} INFO - [2023-04-27T07:04:15.698+0000] {dagbag.py:532} INFO - Filling up the DagBag from /opt/airflow/dags/weather_dag_api copy.py
[2023-04-27T07:04:15.844+0000] {processor.py:753} INFO - DAG(s) dict_keys(['weather_dag_api']) retrieved from /opt/airflow/dags/weather_dag_api copy.py
[2023-04-27T07:04:15.873+0000] {logging_mixin.py:137} INFO - [2023-04-27T07:04:15.873+0000] {dag.py:2705} INFO - Sync 1 DAGs
[2023-04-27T07:04:15.940+0000] {logging_mixin.py:137} INFO - [2023-04-27T07:04:15.940+0000] {dag.py:3456} INFO - Setting next_dagrun for weather_dag_api to 2023-04-25T00:00:00+00:00, run_after=2023-04-26T00:00:00+00:00
[2023-04-27T07:04:15.987+0000] {processor.py:175} INFO - Processing /opt/airflow/dags/weather_dag_api copy.py took 0.309 seconds
