[2023-04-27T06:42:25.681+0000] {processor.py:153} INFO - Started process (PID=49) to work on /opt/airflow/dags/weather_dag.py
[2023-04-27T06:42:25.684+0000] {processor.py:743} INFO - Processing file /opt/airflow/dags/weather_dag.py for tasks to queue
[2023-04-27T06:42:25.687+0000] {logging_mixin.py:137} INFO - [2023-04-27T06:42:25.687+0000] {dagbag.py:532} INFO - Filling up the DagBag from /opt/airflow/dags/weather_dag.py
[2023-04-27T06:42:25.749+0000] {processor.py:753} INFO - DAG(s) dict_keys(['weather_dag']) retrieved from /opt/airflow/dags/weather_dag.py
[2023-04-27T06:42:26.337+0000] {logging_mixin.py:137} INFO - [2023-04-27T06:42:26.337+0000] {manager.py:504} INFO - Created Permission View: can read on DAG:weather_dag
[2023-04-27T06:42:26.378+0000] {logging_mixin.py:137} INFO - [2023-04-27T06:42:26.378+0000] {manager.py:504} INFO - Created Permission View: can delete on DAG:weather_dag
[2023-04-27T06:42:26.496+0000] {logging_mixin.py:137} INFO - [2023-04-27T06:42:26.494+0000] {manager.py:504} INFO - Created Permission View: can edit on DAG:weather_dag
[2023-04-27T06:42:26.522+0000] {logging_mixin.py:137} INFO - [2023-04-27T06:42:26.521+0000] {dag.py:2705} INFO - Sync 1 DAGs
[2023-04-27T06:42:26.637+0000] {logging_mixin.py:137} INFO - [2023-04-27T06:42:26.623+0000] {dag.py:2726} INFO - Creating ORM DAG for weather_dag
[2023-04-27T06:42:26.697+0000] {logging_mixin.py:137} INFO - [2023-04-27T06:42:26.696+0000] {dag.py:3456} INFO - Setting next_dagrun for weather_dag to 2023-04-22T00:00:00+00:00, run_after=2023-04-23T00:00:00+00:00
[2023-04-27T06:42:26.763+0000] {processor.py:175} INFO - Processing /opt/airflow/dags/weather_dag.py took 1.125 seconds
[2023-04-27T06:42:57.395+0000] {processor.py:153} INFO - Started process (PID=59) to work on /opt/airflow/dags/weather_dag.py
[2023-04-27T06:42:57.410+0000] {processor.py:743} INFO - Processing file /opt/airflow/dags/weather_dag.py for tasks to queue
[2023-04-27T06:42:57.431+0000] {logging_mixin.py:137} INFO - [2023-04-27T06:42:57.431+0000] {dagbag.py:532} INFO - Filling up the DagBag from /opt/airflow/dags/weather_dag.py
[2023-04-27T06:42:57.641+0000] {processor.py:753} INFO - DAG(s) dict_keys(['weather_dag']) retrieved from /opt/airflow/dags/weather_dag.py
[2023-04-27T06:42:57.727+0000] {logging_mixin.py:137} INFO - [2023-04-27T06:42:57.727+0000] {dag.py:2705} INFO - Sync 1 DAGs
[2023-04-27T06:42:57.863+0000] {logging_mixin.py:137} INFO - [2023-04-27T06:42:57.863+0000] {dag.py:3456} INFO - Setting next_dagrun for weather_dag to 2023-04-22T00:00:00+00:00, run_after=2023-04-23T00:00:00+00:00
[2023-04-27T06:42:57.909+0000] {processor.py:175} INFO - Processing /opt/airflow/dags/weather_dag.py took 0.524 seconds
[2023-04-27T06:43:28.412+0000] {processor.py:153} INFO - Started process (PID=69) to work on /opt/airflow/dags/weather_dag.py
[2023-04-27T06:43:28.415+0000] {processor.py:743} INFO - Processing file /opt/airflow/dags/weather_dag.py for tasks to queue
[2023-04-27T06:43:28.417+0000] {logging_mixin.py:137} INFO - [2023-04-27T06:43:28.417+0000] {dagbag.py:532} INFO - Filling up the DagBag from /opt/airflow/dags/weather_dag.py
[2023-04-27T06:43:28.462+0000] {processor.py:753} INFO - DAG(s) dict_keys(['weather_dag']) retrieved from /opt/airflow/dags/weather_dag.py
[2023-04-27T06:43:28.508+0000] {logging_mixin.py:137} INFO - [2023-04-27T06:43:28.507+0000] {dag.py:2705} INFO - Sync 1 DAGs
[2023-04-27T06:43:28.587+0000] {logging_mixin.py:137} INFO - [2023-04-27T06:43:28.586+0000] {dag.py:3456} INFO - Setting next_dagrun for weather_dag to 2023-04-22T00:00:00+00:00, run_after=2023-04-23T00:00:00+00:00
[2023-04-27T06:43:28.624+0000] {processor.py:175} INFO - Processing /opt/airflow/dags/weather_dag.py took 0.220 seconds
[2023-04-27T06:44:02.206+0000] {processor.py:153} INFO - Started process (PID=79) to work on /opt/airflow/dags/weather_dag.py
[2023-04-27T06:44:02.225+0000] {processor.py:743} INFO - Processing file /opt/airflow/dags/weather_dag.py for tasks to queue
[2023-04-27T06:44:02.231+0000] {logging_mixin.py:137} INFO - [2023-04-27T06:44:02.231+0000] {dagbag.py:532} INFO - Filling up the DagBag from /opt/airflow/dags/weather_dag.py
[2023-04-27T06:44:02.702+0000] {processor.py:753} INFO - DAG(s) dict_keys(['weather_dag']) retrieved from /opt/airflow/dags/weather_dag.py
[2023-04-27T06:44:02.996+0000] {logging_mixin.py:137} INFO - [2023-04-27T06:44:02.995+0000] {dag.py:2705} INFO - Sync 1 DAGs
[2023-04-27T06:44:03.232+0000] {logging_mixin.py:137} INFO - [2023-04-27T06:44:03.232+0000] {dag.py:3456} INFO - Setting next_dagrun for weather_dag to 2023-04-22T00:00:00+00:00, run_after=2023-04-23T00:00:00+00:00
[2023-04-27T06:44:03.393+0000] {processor.py:175} INFO - Processing /opt/airflow/dags/weather_dag.py took 1.221 seconds
[2023-04-27T06:44:36.012+0000] {processor.py:153} INFO - Started process (PID=90) to work on /opt/airflow/dags/weather_dag.py
[2023-04-27T06:44:36.017+0000] {processor.py:743} INFO - Processing file /opt/airflow/dags/weather_dag.py for tasks to queue
[2023-04-27T06:44:36.037+0000] {logging_mixin.py:137} INFO - [2023-04-27T06:44:36.035+0000] {dagbag.py:532} INFO - Filling up the DagBag from /opt/airflow/dags/weather_dag.py
[2023-04-27T06:44:36.304+0000] {processor.py:753} INFO - DAG(s) dict_keys(['weather_dag']) retrieved from /opt/airflow/dags/weather_dag.py
[2023-04-27T06:44:36.506+0000] {logging_mixin.py:137} INFO - [2023-04-27T06:44:36.506+0000] {dag.py:2705} INFO - Sync 1 DAGs
[2023-04-27T06:44:36.669+0000] {logging_mixin.py:137} INFO - [2023-04-27T06:44:36.668+0000] {dag.py:3456} INFO - Setting next_dagrun for weather_dag to 2023-04-22T00:00:00+00:00, run_after=2023-04-23T00:00:00+00:00
[2023-04-27T06:44:36.731+0000] {processor.py:175} INFO - Processing /opt/airflow/dags/weather_dag.py took 0.758 seconds
[2023-04-27T06:45:06.904+0000] {processor.py:153} INFO - Started process (PID=101) to work on /opt/airflow/dags/weather_dag.py
[2023-04-27T06:45:06.907+0000] {processor.py:743} INFO - Processing file /opt/airflow/dags/weather_dag.py for tasks to queue
[2023-04-27T06:45:06.909+0000] {logging_mixin.py:137} INFO - [2023-04-27T06:45:06.909+0000] {dagbag.py:532} INFO - Filling up the DagBag from /opt/airflow/dags/weather_dag.py
[2023-04-27T06:45:06.941+0000] {processor.py:753} INFO - DAG(s) dict_keys(['weather_dag']) retrieved from /opt/airflow/dags/weather_dag.py
[2023-04-27T06:45:06.987+0000] {logging_mixin.py:137} INFO - [2023-04-27T06:45:06.987+0000] {dag.py:2705} INFO - Sync 1 DAGs
[2023-04-27T06:45:07.032+0000] {logging_mixin.py:137} INFO - [2023-04-27T06:45:07.032+0000] {dag.py:3456} INFO - Setting next_dagrun for weather_dag to 2023-04-22T00:00:00+00:00, run_after=2023-04-23T00:00:00+00:00
[2023-04-27T06:45:07.070+0000] {processor.py:175} INFO - Processing /opt/airflow/dags/weather_dag.py took 0.172 seconds
[2023-04-27T06:45:38.105+0000] {processor.py:153} INFO - Started process (PID=111) to work on /opt/airflow/dags/weather_dag.py
[2023-04-27T06:45:38.121+0000] {processor.py:743} INFO - Processing file /opt/airflow/dags/weather_dag.py for tasks to queue
[2023-04-27T06:45:38.132+0000] {logging_mixin.py:137} INFO - [2023-04-27T06:45:38.131+0000] {dagbag.py:532} INFO - Filling up the DagBag from /opt/airflow/dags/weather_dag.py
[2023-04-27T06:45:38.160+0000] {processor.py:753} INFO - DAG(s) dict_keys(['weather_dag']) retrieved from /opt/airflow/dags/weather_dag.py
[2023-04-27T06:45:38.221+0000] {logging_mixin.py:137} INFO - [2023-04-27T06:45:38.221+0000] {dag.py:2705} INFO - Sync 1 DAGs
[2023-04-27T06:45:38.296+0000] {logging_mixin.py:137} INFO - [2023-04-27T06:45:38.295+0000] {dag.py:3456} INFO - Setting next_dagrun for weather_dag to 2023-04-22T00:00:00+00:00, run_after=2023-04-23T00:00:00+00:00
[2023-04-27T06:45:38.340+0000] {processor.py:175} INFO - Processing /opt/airflow/dags/weather_dag.py took 0.275 seconds
[2023-04-27T06:46:08.962+0000] {processor.py:153} INFO - Started process (PID=123) to work on /opt/airflow/dags/weather_dag.py
[2023-04-27T06:46:08.965+0000] {processor.py:743} INFO - Processing file /opt/airflow/dags/weather_dag.py for tasks to queue
[2023-04-27T06:46:08.968+0000] {logging_mixin.py:137} INFO - [2023-04-27T06:46:08.967+0000] {dagbag.py:532} INFO - Filling up the DagBag from /opt/airflow/dags/weather_dag.py
[2023-04-27T06:46:09.006+0000] {processor.py:753} INFO - DAG(s) dict_keys(['weather_dag']) retrieved from /opt/airflow/dags/weather_dag.py
[2023-04-27T06:46:09.059+0000] {logging_mixin.py:137} INFO - [2023-04-27T06:46:09.059+0000] {dag.py:2705} INFO - Sync 1 DAGs
[2023-04-27T06:46:09.125+0000] {logging_mixin.py:137} INFO - [2023-04-27T06:46:09.125+0000] {dag.py:3456} INFO - Setting next_dagrun for weather_dag to 2023-04-22T00:00:00+00:00, run_after=2023-04-23T00:00:00+00:00
[2023-04-27T06:46:09.160+0000] {processor.py:175} INFO - Processing /opt/airflow/dags/weather_dag.py took 0.207 seconds
[2023-04-27T06:46:39.424+0000] {processor.py:153} INFO - Started process (PID=133) to work on /opt/airflow/dags/weather_dag.py
[2023-04-27T06:46:39.427+0000] {processor.py:743} INFO - Processing file /opt/airflow/dags/weather_dag.py for tasks to queue
[2023-04-27T06:46:39.434+0000] {logging_mixin.py:137} INFO - [2023-04-27T06:46:39.434+0000] {dagbag.py:532} INFO - Filling up the DagBag from /opt/airflow/dags/weather_dag.py
[2023-04-27T06:46:39.470+0000] {processor.py:753} INFO - DAG(s) dict_keys(['weather_dag']) retrieved from /opt/airflow/dags/weather_dag.py
[2023-04-27T06:46:39.531+0000] {logging_mixin.py:137} INFO - [2023-04-27T06:46:39.531+0000] {dag.py:2705} INFO - Sync 1 DAGs
[2023-04-27T06:46:39.602+0000] {logging_mixin.py:137} INFO - [2023-04-27T06:46:39.601+0000] {dag.py:3456} INFO - Setting next_dagrun for weather_dag to 2023-04-22T00:00:00+00:00, run_after=2023-04-23T00:00:00+00:00
[2023-04-27T06:46:39.658+0000] {processor.py:175} INFO - Processing /opt/airflow/dags/weather_dag.py took 0.246 seconds
[2023-04-27T06:47:10.243+0000] {processor.py:153} INFO - Started process (PID=145) to work on /opt/airflow/dags/weather_dag.py
[2023-04-27T06:47:10.270+0000] {processor.py:743} INFO - Processing file /opt/airflow/dags/weather_dag.py for tasks to queue
[2023-04-27T06:47:10.281+0000] {logging_mixin.py:137} INFO - [2023-04-27T06:47:10.273+0000] {dagbag.py:532} INFO - Filling up the DagBag from /opt/airflow/dags/weather_dag.py
[2023-04-27T06:47:10.601+0000] {processor.py:753} INFO - DAG(s) dict_keys(['weather_dag']) retrieved from /opt/airflow/dags/weather_dag.py
[2023-04-27T06:47:10.862+0000] {logging_mixin.py:137} INFO - [2023-04-27T06:47:10.862+0000] {dag.py:2705} INFO - Sync 1 DAGs
[2023-04-27T06:47:11.304+0000] {logging_mixin.py:137} INFO - [2023-04-27T06:47:11.304+0000] {dag.py:3456} INFO - Setting next_dagrun for weather_dag to 2023-04-22T00:00:00+00:00, run_after=2023-04-23T00:00:00+00:00
[2023-04-27T06:47:11.536+0000] {processor.py:175} INFO - Processing /opt/airflow/dags/weather_dag.py took 1.332 seconds
[2023-04-27T06:47:41.834+0000] {processor.py:153} INFO - Started process (PID=154) to work on /opt/airflow/dags/weather_dag.py
[2023-04-27T06:47:41.841+0000] {processor.py:743} INFO - Processing file /opt/airflow/dags/weather_dag.py for tasks to queue
[2023-04-27T06:47:41.847+0000] {logging_mixin.py:137} INFO - [2023-04-27T06:47:41.847+0000] {dagbag.py:532} INFO - Filling up the DagBag from /opt/airflow/dags/weather_dag.py
[2023-04-27T06:47:42.034+0000] {processor.py:753} INFO - DAG(s) dict_keys(['weather_dag']) retrieved from /opt/airflow/dags/weather_dag.py
[2023-04-27T06:47:42.244+0000] {logging_mixin.py:137} INFO - [2023-04-27T06:47:42.243+0000] {dag.py:2705} INFO - Sync 1 DAGs
[2023-04-27T06:47:42.614+0000] {logging_mixin.py:137} INFO - [2023-04-27T06:47:42.614+0000] {dag.py:3456} INFO - Setting next_dagrun for weather_dag to 2023-04-22T00:00:00+00:00, run_after=2023-04-23T00:00:00+00:00
[2023-04-27T06:47:42.815+0000] {processor.py:175} INFO - Processing /opt/airflow/dags/weather_dag.py took 1.002 seconds
[2023-04-27T06:48:12.991+0000] {processor.py:153} INFO - Started process (PID=164) to work on /opt/airflow/dags/weather_dag.py
[2023-04-27T06:48:13.002+0000] {processor.py:743} INFO - Processing file /opt/airflow/dags/weather_dag.py for tasks to queue
[2023-04-27T06:48:13.011+0000] {logging_mixin.py:137} INFO - [2023-04-27T06:48:13.010+0000] {dagbag.py:532} INFO - Filling up the DagBag from /opt/airflow/dags/weather_dag.py
[2023-04-27T06:48:13.118+0000] {processor.py:753} INFO - DAG(s) dict_keys(['weather_dag']) retrieved from /opt/airflow/dags/weather_dag.py
[2023-04-27T06:48:13.512+0000] {logging_mixin.py:137} INFO - [2023-04-27T06:48:13.511+0000] {dag.py:2705} INFO - Sync 1 DAGs
[2023-04-27T06:48:13.897+0000] {logging_mixin.py:137} INFO - [2023-04-27T06:48:13.897+0000] {dag.py:3456} INFO - Setting next_dagrun for weather_dag to 2023-04-22T00:00:00+00:00, run_after=2023-04-23T00:00:00+00:00
[2023-04-27T06:48:14.101+0000] {processor.py:175} INFO - Processing /opt/airflow/dags/weather_dag.py took 1.126 seconds
[2023-04-27T06:48:44.884+0000] {processor.py:153} INFO - Started process (PID=176) to work on /opt/airflow/dags/weather_dag.py
[2023-04-27T06:48:44.887+0000] {processor.py:743} INFO - Processing file /opt/airflow/dags/weather_dag.py for tasks to queue
[2023-04-27T06:48:44.889+0000] {logging_mixin.py:137} INFO - [2023-04-27T06:48:44.888+0000] {dagbag.py:532} INFO - Filling up the DagBag from /opt/airflow/dags/weather_dag.py
[2023-04-27T06:48:44.925+0000] {processor.py:753} INFO - DAG(s) dict_keys(['weather_dag']) retrieved from /opt/airflow/dags/weather_dag.py
[2023-04-27T06:48:44.973+0000] {logging_mixin.py:137} INFO - [2023-04-27T06:48:44.973+0000] {dag.py:2705} INFO - Sync 1 DAGs
[2023-04-27T06:48:45.021+0000] {logging_mixin.py:137} INFO - [2023-04-27T06:48:45.020+0000] {dag.py:3456} INFO - Setting next_dagrun for weather_dag to 2023-04-22T00:00:00+00:00, run_after=2023-04-23T00:00:00+00:00
[2023-04-27T06:48:45.054+0000] {processor.py:175} INFO - Processing /opt/airflow/dags/weather_dag.py took 0.178 seconds
[2023-04-27T06:49:15.375+0000] {processor.py:153} INFO - Started process (PID=187) to work on /opt/airflow/dags/weather_dag.py
[2023-04-27T06:49:15.378+0000] {processor.py:743} INFO - Processing file /opt/airflow/dags/weather_dag.py for tasks to queue
[2023-04-27T06:49:15.380+0000] {logging_mixin.py:137} INFO - [2023-04-27T06:49:15.380+0000] {dagbag.py:532} INFO - Filling up the DagBag from /opt/airflow/dags/weather_dag.py
[2023-04-27T06:49:15.415+0000] {processor.py:753} INFO - DAG(s) dict_keys(['weather_dag']) retrieved from /opt/airflow/dags/weather_dag.py
[2023-04-27T06:49:15.459+0000] {logging_mixin.py:137} INFO - [2023-04-27T06:49:15.459+0000] {dag.py:2705} INFO - Sync 1 DAGs
[2023-04-27T06:49:15.514+0000] {logging_mixin.py:137} INFO - [2023-04-27T06:49:15.514+0000] {dag.py:3456} INFO - Setting next_dagrun for weather_dag to 2023-04-22T00:00:00+00:00, run_after=2023-04-23T00:00:00+00:00
[2023-04-27T06:49:15.551+0000] {processor.py:175} INFO - Processing /opt/airflow/dags/weather_dag.py took 0.182 seconds
[2023-04-27T06:49:46.002+0000] {processor.py:153} INFO - Started process (PID=197) to work on /opt/airflow/dags/weather_dag.py
[2023-04-27T06:49:46.007+0000] {processor.py:743} INFO - Processing file /opt/airflow/dags/weather_dag.py for tasks to queue
[2023-04-27T06:49:46.009+0000] {logging_mixin.py:137} INFO - [2023-04-27T06:49:46.009+0000] {dagbag.py:532} INFO - Filling up the DagBag from /opt/airflow/dags/weather_dag.py
[2023-04-27T06:49:46.045+0000] {processor.py:753} INFO - DAG(s) dict_keys(['weather_dag']) retrieved from /opt/airflow/dags/weather_dag.py
[2023-04-27T06:49:46.098+0000] {logging_mixin.py:137} INFO - [2023-04-27T06:49:46.097+0000] {dag.py:2705} INFO - Sync 1 DAGs
[2023-04-27T06:49:46.174+0000] {logging_mixin.py:137} INFO - [2023-04-27T06:49:46.174+0000] {dag.py:3456} INFO - Setting next_dagrun for weather_dag to 2023-04-22T00:00:00+00:00, run_after=2023-04-23T00:00:00+00:00
[2023-04-27T06:49:46.218+0000] {processor.py:175} INFO - Processing /opt/airflow/dags/weather_dag.py took 0.224 seconds
[2023-04-27T06:50:16.494+0000] {processor.py:153} INFO - Started process (PID=210) to work on /opt/airflow/dags/weather_dag.py
[2023-04-27T06:50:16.498+0000] {processor.py:743} INFO - Processing file /opt/airflow/dags/weather_dag.py for tasks to queue
[2023-04-27T06:50:16.504+0000] {logging_mixin.py:137} INFO - [2023-04-27T06:50:16.504+0000] {dagbag.py:532} INFO - Filling up the DagBag from /opt/airflow/dags/weather_dag.py
[2023-04-27T06:50:16.546+0000] {processor.py:753} INFO - DAG(s) dict_keys(['weather_dag']) retrieved from /opt/airflow/dags/weather_dag.py
[2023-04-27T06:50:16.600+0000] {logging_mixin.py:137} INFO - [2023-04-27T06:50:16.600+0000] {dag.py:2705} INFO - Sync 1 DAGs
[2023-04-27T06:50:16.667+0000] {logging_mixin.py:137} INFO - [2023-04-27T06:50:16.666+0000] {dag.py:3456} INFO - Setting next_dagrun for weather_dag to 2023-04-22T00:00:00+00:00, run_after=2023-04-23T00:00:00+00:00
[2023-04-27T06:50:16.702+0000] {processor.py:175} INFO - Processing /opt/airflow/dags/weather_dag.py took 0.217 seconds
[2023-04-27T06:50:47.048+0000] {processor.py:153} INFO - Started process (PID=222) to work on /opt/airflow/dags/weather_dag.py
[2023-04-27T06:50:47.055+0000] {processor.py:743} INFO - Processing file /opt/airflow/dags/weather_dag.py for tasks to queue
[2023-04-27T06:50:47.065+0000] {logging_mixin.py:137} INFO - [2023-04-27T06:50:47.065+0000] {dagbag.py:532} INFO - Filling up the DagBag from /opt/airflow/dags/weather_dag.py
[2023-04-27T06:50:47.162+0000] {processor.py:753} INFO - DAG(s) dict_keys(['weather_dag']) retrieved from /opt/airflow/dags/weather_dag.py
[2023-04-27T06:50:47.330+0000] {logging_mixin.py:137} INFO - [2023-04-27T06:50:47.330+0000] {dag.py:2705} INFO - Sync 1 DAGs
[2023-04-27T06:50:47.552+0000] {logging_mixin.py:137} INFO - [2023-04-27T06:50:47.552+0000] {dag.py:3456} INFO - Setting next_dagrun for weather_dag to 2023-04-22T00:00:00+00:00, run_after=2023-04-23T00:00:00+00:00
[2023-04-27T06:50:47.623+0000] {processor.py:175} INFO - Processing /opt/airflow/dags/weather_dag.py took 0.605 seconds
[2023-04-27T06:51:18.157+0000] {processor.py:153} INFO - Started process (PID=232) to work on /opt/airflow/dags/weather_dag.py
[2023-04-27T06:51:18.160+0000] {processor.py:743} INFO - Processing file /opt/airflow/dags/weather_dag.py for tasks to queue
[2023-04-27T06:51:18.163+0000] {logging_mixin.py:137} INFO - [2023-04-27T06:51:18.163+0000] {dagbag.py:532} INFO - Filling up the DagBag from /opt/airflow/dags/weather_dag.py
[2023-04-27T06:51:18.201+0000] {processor.py:753} INFO - DAG(s) dict_keys(['weather_dag']) retrieved from /opt/airflow/dags/weather_dag.py
[2023-04-27T06:51:18.264+0000] {logging_mixin.py:137} INFO - [2023-04-27T06:51:18.264+0000] {dag.py:2705} INFO - Sync 1 DAGs
[2023-04-27T06:51:18.310+0000] {logging_mixin.py:137} INFO - [2023-04-27T06:51:18.310+0000] {dag.py:3456} INFO - Setting next_dagrun for weather_dag to 2023-04-22T00:00:00+00:00, run_after=2023-04-23T00:00:00+00:00
[2023-04-27T06:51:18.343+0000] {processor.py:175} INFO - Processing /opt/airflow/dags/weather_dag.py took 0.195 seconds
[2023-04-27T06:51:49.112+0000] {processor.py:153} INFO - Started process (PID=242) to work on /opt/airflow/dags/weather_dag.py
[2023-04-27T06:51:49.120+0000] {processor.py:743} INFO - Processing file /opt/airflow/dags/weather_dag.py for tasks to queue
[2023-04-27T06:51:49.126+0000] {logging_mixin.py:137} INFO - [2023-04-27T06:51:49.125+0000] {dagbag.py:532} INFO - Filling up the DagBag from /opt/airflow/dags/weather_dag.py
[2023-04-27T06:51:49.347+0000] {processor.py:753} INFO - DAG(s) dict_keys(['weather_dag']) retrieved from /opt/airflow/dags/weather_dag.py
[2023-04-27T06:51:49.522+0000] {logging_mixin.py:137} INFO - [2023-04-27T06:51:49.522+0000] {dag.py:2705} INFO - Sync 1 DAGs
[2023-04-27T06:51:49.644+0000] {logging_mixin.py:137} INFO - [2023-04-27T06:51:49.644+0000] {dag.py:3456} INFO - Setting next_dagrun for weather_dag to 2023-04-22T00:00:00+00:00, run_after=2023-04-23T00:00:00+00:00
[2023-04-27T06:51:49.688+0000] {processor.py:175} INFO - Processing /opt/airflow/dags/weather_dag.py took 0.683 seconds
[2023-04-27T06:52:19.862+0000] {processor.py:153} INFO - Started process (PID=254) to work on /opt/airflow/dags/weather_dag.py
[2023-04-27T06:52:19.867+0000] {processor.py:743} INFO - Processing file /opt/airflow/dags/weather_dag.py for tasks to queue
[2023-04-27T06:52:19.870+0000] {logging_mixin.py:137} INFO - [2023-04-27T06:52:19.870+0000] {dagbag.py:532} INFO - Filling up the DagBag from /opt/airflow/dags/weather_dag.py
[2023-04-27T06:52:19.977+0000] {processor.py:753} INFO - DAG(s) dict_keys(['weather_dag']) retrieved from /opt/airflow/dags/weather_dag.py
[2023-04-27T06:52:20.077+0000] {logging_mixin.py:137} INFO - [2023-04-27T06:52:20.076+0000] {dag.py:2705} INFO - Sync 1 DAGs
[2023-04-27T06:52:20.245+0000] {logging_mixin.py:137} INFO - [2023-04-27T06:52:20.244+0000] {dag.py:3456} INFO - Setting next_dagrun for weather_dag to 2023-04-22T00:00:00+00:00, run_after=2023-04-23T00:00:00+00:00
[2023-04-27T06:52:20.299+0000] {processor.py:175} INFO - Processing /opt/airflow/dags/weather_dag.py took 0.456 seconds
[2023-04-27T06:52:50.523+0000] {processor.py:153} INFO - Started process (PID=263) to work on /opt/airflow/dags/weather_dag.py
[2023-04-27T06:52:50.528+0000] {processor.py:743} INFO - Processing file /opt/airflow/dags/weather_dag.py for tasks to queue
[2023-04-27T06:52:50.535+0000] {logging_mixin.py:137} INFO - [2023-04-27T06:52:50.534+0000] {dagbag.py:532} INFO - Filling up the DagBag from /opt/airflow/dags/weather_dag.py
[2023-04-27T06:52:50.603+0000] {processor.py:753} INFO - DAG(s) dict_keys(['weather_dag']) retrieved from /opt/airflow/dags/weather_dag.py
[2023-04-27T06:52:50.692+0000] {logging_mixin.py:137} INFO - [2023-04-27T06:52:50.692+0000] {dag.py:2705} INFO - Sync 1 DAGs
[2023-04-27T06:52:50.837+0000] {logging_mixin.py:137} INFO - [2023-04-27T06:52:50.836+0000] {dag.py:3456} INFO - Setting next_dagrun for weather_dag to 2023-04-22T00:00:00+00:00, run_after=2023-04-23T00:00:00+00:00
[2023-04-27T06:52:50.897+0000] {processor.py:175} INFO - Processing /opt/airflow/dags/weather_dag.py took 0.388 seconds
[2023-04-27T06:53:22.004+0000] {processor.py:153} INFO - Started process (PID=274) to work on /opt/airflow/dags/weather_dag.py
[2023-04-27T06:53:22.011+0000] {processor.py:743} INFO - Processing file /opt/airflow/dags/weather_dag.py for tasks to queue
[2023-04-27T06:53:22.014+0000] {logging_mixin.py:137} INFO - [2023-04-27T06:53:22.014+0000] {dagbag.py:532} INFO - Filling up the DagBag from /opt/airflow/dags/weather_dag.py
[2023-04-27T06:53:22.152+0000] {processor.py:753} INFO - DAG(s) dict_keys(['weather_dag']) retrieved from /opt/airflow/dags/weather_dag.py
[2023-04-27T06:53:22.279+0000] {logging_mixin.py:137} INFO - [2023-04-27T06:53:22.278+0000] {dag.py:2705} INFO - Sync 1 DAGs
[2023-04-27T06:53:22.421+0000] {logging_mixin.py:137} INFO - [2023-04-27T06:53:22.421+0000] {dag.py:3456} INFO - Setting next_dagrun for weather_dag to 2023-04-22T00:00:00+00:00, run_after=2023-04-23T00:00:00+00:00
[2023-04-27T06:53:22.561+0000] {processor.py:175} INFO - Processing /opt/airflow/dags/weather_dag.py took 0.591 seconds
[2023-04-27T06:53:52.783+0000] {processor.py:153} INFO - Started process (PID=285) to work on /opt/airflow/dags/weather_dag.py
[2023-04-27T06:53:52.786+0000] {processor.py:743} INFO - Processing file /opt/airflow/dags/weather_dag.py for tasks to queue
[2023-04-27T06:53:52.788+0000] {logging_mixin.py:137} INFO - [2023-04-27T06:53:52.787+0000] {dagbag.py:532} INFO - Filling up the DagBag from /opt/airflow/dags/weather_dag.py
[2023-04-27T06:53:52.834+0000] {processor.py:753} INFO - DAG(s) dict_keys(['weather_dag']) retrieved from /opt/airflow/dags/weather_dag.py
[2023-04-27T06:53:52.889+0000] {logging_mixin.py:137} INFO - [2023-04-27T06:53:52.888+0000] {dag.py:2705} INFO - Sync 1 DAGs
[2023-04-27T06:53:52.956+0000] {logging_mixin.py:137} INFO - [2023-04-27T06:53:52.956+0000] {dag.py:3456} INFO - Setting next_dagrun for weather_dag to 2023-04-22T00:00:00+00:00, run_after=2023-04-23T00:00:00+00:00
[2023-04-27T06:53:52.994+0000] {processor.py:175} INFO - Processing /opt/airflow/dags/weather_dag.py took 0.216 seconds
[2023-04-27T06:54:23.665+0000] {processor.py:153} INFO - Started process (PID=295) to work on /opt/airflow/dags/weather_dag.py
[2023-04-27T06:54:23.669+0000] {processor.py:743} INFO - Processing file /opt/airflow/dags/weather_dag.py for tasks to queue
[2023-04-27T06:54:23.671+0000] {logging_mixin.py:137} INFO - [2023-04-27T06:54:23.671+0000] {dagbag.py:532} INFO - Filling up the DagBag from /opt/airflow/dags/weather_dag.py
[2023-04-27T06:54:23.723+0000] {processor.py:753} INFO - DAG(s) dict_keys(['weather_dag']) retrieved from /opt/airflow/dags/weather_dag.py
[2023-04-27T06:54:23.816+0000] {logging_mixin.py:137} INFO - [2023-04-27T06:54:23.816+0000] {dag.py:2705} INFO - Sync 1 DAGs
[2023-04-27T06:54:23.929+0000] {logging_mixin.py:137} INFO - [2023-04-27T06:54:23.927+0000] {dag.py:3456} INFO - Setting next_dagrun for weather_dag to 2023-04-22T00:00:00+00:00, run_after=2023-04-23T00:00:00+00:00
[2023-04-27T06:54:23.997+0000] {processor.py:175} INFO - Processing /opt/airflow/dags/weather_dag.py took 0.343 seconds
[2023-04-27T06:54:54.236+0000] {processor.py:153} INFO - Started process (PID=305) to work on /opt/airflow/dags/weather_dag.py
[2023-04-27T06:54:54.239+0000] {processor.py:743} INFO - Processing file /opt/airflow/dags/weather_dag.py for tasks to queue
[2023-04-27T06:54:54.243+0000] {logging_mixin.py:137} INFO - [2023-04-27T06:54:54.243+0000] {dagbag.py:532} INFO - Filling up the DagBag from /opt/airflow/dags/weather_dag.py
[2023-04-27T06:54:54.350+0000] {processor.py:753} INFO - DAG(s) dict_keys(['weather_dag']) retrieved from /opt/airflow/dags/weather_dag.py
[2023-04-27T06:54:54.626+0000] {logging_mixin.py:137} INFO - [2023-04-27T06:54:54.626+0000] {dag.py:2705} INFO - Sync 1 DAGs
[2023-04-27T06:54:54.890+0000] {logging_mixin.py:137} INFO - [2023-04-27T06:54:54.889+0000] {dag.py:3456} INFO - Setting next_dagrun for weather_dag to 2023-04-22T00:00:00+00:00, run_after=2023-04-23T00:00:00+00:00
[2023-04-27T06:54:54.993+0000] {processor.py:175} INFO - Processing /opt/airflow/dags/weather_dag.py took 0.771 seconds
[2023-04-27T06:55:25.669+0000] {processor.py:153} INFO - Started process (PID=315) to work on /opt/airflow/dags/weather_dag.py
[2023-04-27T06:55:25.672+0000] {processor.py:743} INFO - Processing file /opt/airflow/dags/weather_dag.py for tasks to queue
[2023-04-27T06:55:25.675+0000] {logging_mixin.py:137} INFO - [2023-04-27T06:55:25.675+0000] {dagbag.py:532} INFO - Filling up the DagBag from /opt/airflow/dags/weather_dag.py
[2023-04-27T06:55:25.744+0000] {processor.py:753} INFO - DAG(s) dict_keys(['weather_dag']) retrieved from /opt/airflow/dags/weather_dag.py
[2023-04-27T06:55:25.940+0000] {logging_mixin.py:137} INFO - [2023-04-27T06:55:25.939+0000] {dag.py:2705} INFO - Sync 1 DAGs
[2023-04-27T06:55:26.244+0000] {logging_mixin.py:137} INFO - [2023-04-27T06:55:26.243+0000] {dag.py:3456} INFO - Setting next_dagrun for weather_dag to 2023-04-22T00:00:00+00:00, run_after=2023-04-23T00:00:00+00:00
[2023-04-27T06:55:26.327+0000] {processor.py:175} INFO - Processing /opt/airflow/dags/weather_dag.py took 0.667 seconds
[2023-04-27T06:55:56.868+0000] {processor.py:153} INFO - Started process (PID=327) to work on /opt/airflow/dags/weather_dag.py
[2023-04-27T06:55:56.870+0000] {processor.py:743} INFO - Processing file /opt/airflow/dags/weather_dag.py for tasks to queue
[2023-04-27T06:55:56.873+0000] {logging_mixin.py:137} INFO - [2023-04-27T06:55:56.873+0000] {dagbag.py:532} INFO - Filling up the DagBag from /opt/airflow/dags/weather_dag.py
[2023-04-27T06:55:56.912+0000] {processor.py:753} INFO - DAG(s) dict_keys(['weather_dag']) retrieved from /opt/airflow/dags/weather_dag.py
[2023-04-27T06:55:56.956+0000] {logging_mixin.py:137} INFO - [2023-04-27T06:55:56.956+0000] {dag.py:2705} INFO - Sync 1 DAGs
[2023-04-27T06:55:57.004+0000] {logging_mixin.py:137} INFO - [2023-04-27T06:55:57.004+0000] {dag.py:3456} INFO - Setting next_dagrun for weather_dag to 2023-04-22T00:00:00+00:00, run_after=2023-04-23T00:00:00+00:00
[2023-04-27T06:55:57.046+0000] {processor.py:175} INFO - Processing /opt/airflow/dags/weather_dag.py took 0.190 seconds
[2023-04-27T06:56:27.431+0000] {processor.py:153} INFO - Started process (PID=337) to work on /opt/airflow/dags/weather_dag.py
[2023-04-27T06:56:27.436+0000] {processor.py:743} INFO - Processing file /opt/airflow/dags/weather_dag.py for tasks to queue
[2023-04-27T06:56:27.443+0000] {logging_mixin.py:137} INFO - [2023-04-27T06:56:27.442+0000] {dagbag.py:532} INFO - Filling up the DagBag from /opt/airflow/dags/weather_dag.py
[2023-04-27T06:56:27.541+0000] {processor.py:753} INFO - DAG(s) dict_keys(['weather_dag']) retrieved from /opt/airflow/dags/weather_dag.py
[2023-04-27T06:56:27.605+0000] {logging_mixin.py:137} INFO - [2023-04-27T06:56:27.605+0000] {dag.py:2705} INFO - Sync 1 DAGs
[2023-04-27T06:56:27.665+0000] {logging_mixin.py:137} INFO - [2023-04-27T06:56:27.665+0000] {dag.py:3456} INFO - Setting next_dagrun for weather_dag to 2023-04-22T00:00:00+00:00, run_after=2023-04-23T00:00:00+00:00
[2023-04-27T06:56:27.708+0000] {processor.py:175} INFO - Processing /opt/airflow/dags/weather_dag.py took 0.285 seconds
[2023-04-27T06:56:58.162+0000] {processor.py:153} INFO - Started process (PID=348) to work on /opt/airflow/dags/weather_dag.py
[2023-04-27T06:56:58.171+0000] {processor.py:743} INFO - Processing file /opt/airflow/dags/weather_dag.py for tasks to queue
[2023-04-27T06:56:58.177+0000] {logging_mixin.py:137} INFO - [2023-04-27T06:56:58.177+0000] {dagbag.py:532} INFO - Filling up the DagBag from /opt/airflow/dags/weather_dag.py
[2023-04-27T06:56:58.235+0000] {processor.py:753} INFO - DAG(s) dict_keys(['weather_dag']) retrieved from /opt/airflow/dags/weather_dag.py
[2023-04-27T06:56:58.305+0000] {logging_mixin.py:137} INFO - [2023-04-27T06:56:58.304+0000] {dag.py:2705} INFO - Sync 1 DAGs
[2023-04-27T06:56:58.379+0000] {logging_mixin.py:137} INFO - [2023-04-27T06:56:58.378+0000] {dag.py:3456} INFO - Setting next_dagrun for weather_dag to 2023-04-22T00:00:00+00:00, run_after=2023-04-23T00:00:00+00:00
[2023-04-27T06:56:58.463+0000] {processor.py:175} INFO - Processing /opt/airflow/dags/weather_dag.py took 0.317 seconds
[2023-04-27T06:57:29.165+0000] {processor.py:153} INFO - Started process (PID=358) to work on /opt/airflow/dags/weather_dag.py
[2023-04-27T06:57:29.167+0000] {processor.py:743} INFO - Processing file /opt/airflow/dags/weather_dag.py for tasks to queue
[2023-04-27T06:57:29.169+0000] {logging_mixin.py:137} INFO - [2023-04-27T06:57:29.169+0000] {dagbag.py:532} INFO - Filling up the DagBag from /opt/airflow/dags/weather_dag.py
[2023-04-27T06:57:29.251+0000] {processor.py:753} INFO - DAG(s) dict_keys(['weather_dag']) retrieved from /opt/airflow/dags/weather_dag.py
[2023-04-27T06:57:29.327+0000] {logging_mixin.py:137} INFO - [2023-04-27T06:57:29.327+0000] {dag.py:2705} INFO - Sync 1 DAGs
[2023-04-27T06:57:29.484+0000] {logging_mixin.py:137} INFO - [2023-04-27T06:57:29.484+0000] {dag.py:3456} INFO - Setting next_dagrun for weather_dag to 2023-04-22T00:00:00+00:00, run_after=2023-04-23T00:00:00+00:00
[2023-04-27T06:57:29.611+0000] {processor.py:175} INFO - Processing /opt/airflow/dags/weather_dag.py took 0.452 seconds
[2023-04-27T06:58:00.350+0000] {processor.py:153} INFO - Started process (PID=370) to work on /opt/airflow/dags/weather_dag.py
[2023-04-27T06:58:00.354+0000] {processor.py:743} INFO - Processing file /opt/airflow/dags/weather_dag.py for tasks to queue
[2023-04-27T06:58:00.357+0000] {logging_mixin.py:137} INFO - [2023-04-27T06:58:00.357+0000] {dagbag.py:532} INFO - Filling up the DagBag from /opt/airflow/dags/weather_dag.py
[2023-04-27T06:58:00.401+0000] {processor.py:753} INFO - DAG(s) dict_keys(['weather_dag']) retrieved from /opt/airflow/dags/weather_dag.py
[2023-04-27T06:58:00.449+0000] {logging_mixin.py:137} INFO - [2023-04-27T06:58:00.448+0000] {dag.py:2705} INFO - Sync 1 DAGs
[2023-04-27T06:58:00.537+0000] {logging_mixin.py:137} INFO - [2023-04-27T06:58:00.537+0000] {dag.py:3456} INFO - Setting next_dagrun for weather_dag to 2023-04-22T00:00:00+00:00, run_after=2023-04-23T00:00:00+00:00
[2023-04-27T06:58:00.608+0000] {processor.py:175} INFO - Processing /opt/airflow/dags/weather_dag.py took 0.268 seconds
[2023-04-27T06:58:30.815+0000] {processor.py:153} INFO - Started process (PID=383) to work on /opt/airflow/dags/weather_dag.py
[2023-04-27T06:58:30.819+0000] {processor.py:743} INFO - Processing file /opt/airflow/dags/weather_dag.py for tasks to queue
[2023-04-27T06:58:30.821+0000] {logging_mixin.py:137} INFO - [2023-04-27T06:58:30.821+0000] {dagbag.py:532} INFO - Filling up the DagBag from /opt/airflow/dags/weather_dag.py
[2023-04-27T06:58:30.869+0000] {processor.py:753} INFO - DAG(s) dict_keys(['weather_dag']) retrieved from /opt/airflow/dags/weather_dag.py
[2023-04-27T06:58:30.935+0000] {logging_mixin.py:137} INFO - [2023-04-27T06:58:30.934+0000] {dag.py:2705} INFO - Sync 1 DAGs
[2023-04-27T06:58:31.016+0000] {logging_mixin.py:137} INFO - [2023-04-27T06:58:31.016+0000] {dag.py:3456} INFO - Setting next_dagrun for weather_dag to 2023-04-22T00:00:00+00:00, run_after=2023-04-23T00:00:00+00:00
[2023-04-27T06:58:31.067+0000] {processor.py:175} INFO - Processing /opt/airflow/dags/weather_dag.py took 0.261 seconds
[2023-04-27T06:59:01.886+0000] {processor.py:153} INFO - Started process (PID=394) to work on /opt/airflow/dags/weather_dag.py
[2023-04-27T06:59:01.894+0000] {processor.py:743} INFO - Processing file /opt/airflow/dags/weather_dag.py for tasks to queue
[2023-04-27T06:59:01.897+0000] {logging_mixin.py:137} INFO - [2023-04-27T06:59:01.896+0000] {dagbag.py:532} INFO - Filling up the DagBag from /opt/airflow/dags/weather_dag.py
[2023-04-27T06:59:01.944+0000] {processor.py:753} INFO - DAG(s) dict_keys(['weather_dag']) retrieved from /opt/airflow/dags/weather_dag.py
[2023-04-27T06:59:02.007+0000] {logging_mixin.py:137} INFO - [2023-04-27T06:59:02.007+0000] {dag.py:2705} INFO - Sync 1 DAGs
[2023-04-27T06:59:02.075+0000] {logging_mixin.py:137} INFO - [2023-04-27T06:59:02.074+0000] {dag.py:3456} INFO - Setting next_dagrun for weather_dag to 2023-04-22T00:00:00+00:00, run_after=2023-04-23T00:00:00+00:00
[2023-04-27T06:59:02.127+0000] {processor.py:175} INFO - Processing /opt/airflow/dags/weather_dag.py took 0.291 seconds
[2023-04-27T06:59:32.680+0000] {processor.py:153} INFO - Started process (PID=404) to work on /opt/airflow/dags/weather_dag.py
[2023-04-27T06:59:32.683+0000] {processor.py:743} INFO - Processing file /opt/airflow/dags/weather_dag.py for tasks to queue
[2023-04-27T06:59:32.685+0000] {logging_mixin.py:137} INFO - [2023-04-27T06:59:32.684+0000] {dagbag.py:532} INFO - Filling up the DagBag from /opt/airflow/dags/weather_dag.py
[2023-04-27T06:59:32.717+0000] {processor.py:753} INFO - DAG(s) dict_keys(['weather_dag']) retrieved from /opt/airflow/dags/weather_dag.py
[2023-04-27T06:59:32.761+0000] {logging_mixin.py:137} INFO - [2023-04-27T06:59:32.761+0000] {dag.py:2705} INFO - Sync 1 DAGs
[2023-04-27T06:59:32.816+0000] {logging_mixin.py:137} INFO - [2023-04-27T06:59:32.816+0000] {dag.py:3456} INFO - Setting next_dagrun for weather_dag to 2023-04-22T00:00:00+00:00, run_after=2023-04-23T00:00:00+00:00
[2023-04-27T06:59:32.845+0000] {processor.py:175} INFO - Processing /opt/airflow/dags/weather_dag.py took 0.171 seconds
[2023-04-27T07:00:03.230+0000] {processor.py:153} INFO - Started process (PID=414) to work on /opt/airflow/dags/weather_dag.py
[2023-04-27T07:00:03.233+0000] {processor.py:743} INFO - Processing file /opt/airflow/dags/weather_dag.py for tasks to queue
[2023-04-27T07:00:03.235+0000] {logging_mixin.py:137} INFO - [2023-04-27T07:00:03.235+0000] {dagbag.py:532} INFO - Filling up the DagBag from /opt/airflow/dags/weather_dag.py
[2023-04-27T07:00:03.269+0000] {processor.py:753} INFO - DAG(s) dict_keys(['weather_dag']) retrieved from /opt/airflow/dags/weather_dag.py
[2023-04-27T07:00:03.316+0000] {logging_mixin.py:137} INFO - [2023-04-27T07:00:03.316+0000] {dag.py:2705} INFO - Sync 1 DAGs
[2023-04-27T07:00:03.365+0000] {logging_mixin.py:137} INFO - [2023-04-27T07:00:03.364+0000] {dag.py:3456} INFO - Setting next_dagrun for weather_dag to 2023-04-22T00:00:00+00:00, run_after=2023-04-23T00:00:00+00:00
[2023-04-27T07:00:03.401+0000] {processor.py:175} INFO - Processing /opt/airflow/dags/weather_dag.py took 0.177 seconds
[2023-04-27T07:00:33.984+0000] {processor.py:153} INFO - Started process (PID=426) to work on /opt/airflow/dags/weather_dag.py
[2023-04-27T07:00:33.993+0000] {processor.py:743} INFO - Processing file /opt/airflow/dags/weather_dag.py for tasks to queue
[2023-04-27T07:00:33.997+0000] {logging_mixin.py:137} INFO - [2023-04-27T07:00:33.997+0000] {dagbag.py:532} INFO - Filling up the DagBag from /opt/airflow/dags/weather_dag.py
[2023-04-27T07:00:34.032+0000] {processor.py:753} INFO - DAG(s) dict_keys(['weather_dag']) retrieved from /opt/airflow/dags/weather_dag.py
[2023-04-27T07:00:34.077+0000] {logging_mixin.py:137} INFO - [2023-04-27T07:00:34.076+0000] {dag.py:2705} INFO - Sync 1 DAGs
[2023-04-27T07:00:34.124+0000] {logging_mixin.py:137} INFO - [2023-04-27T07:00:34.124+0000] {dag.py:3456} INFO - Setting next_dagrun for weather_dag to 2023-04-22T00:00:00+00:00, run_after=2023-04-23T00:00:00+00:00
[2023-04-27T07:00:34.156+0000] {processor.py:175} INFO - Processing /opt/airflow/dags/weather_dag.py took 0.179 seconds
[2023-04-27T07:01:04.550+0000] {processor.py:153} INFO - Started process (PID=436) to work on /opt/airflow/dags/weather_dag.py
[2023-04-27T07:01:04.553+0000] {processor.py:743} INFO - Processing file /opt/airflow/dags/weather_dag.py for tasks to queue
[2023-04-27T07:01:04.556+0000] {logging_mixin.py:137} INFO - [2023-04-27T07:01:04.556+0000] {dagbag.py:532} INFO - Filling up the DagBag from /opt/airflow/dags/weather_dag.py
[2023-04-27T07:01:04.607+0000] {processor.py:753} INFO - DAG(s) dict_keys(['weather_dag']) retrieved from /opt/airflow/dags/weather_dag.py
[2023-04-27T07:01:04.671+0000] {logging_mixin.py:137} INFO - [2023-04-27T07:01:04.671+0000] {dag.py:2705} INFO - Sync 1 DAGs
[2023-04-27T07:01:04.782+0000] {logging_mixin.py:137} INFO - [2023-04-27T07:01:04.781+0000] {dag.py:3456} INFO - Setting next_dagrun for weather_dag to 2023-04-22T00:00:00+00:00, run_after=2023-04-23T00:00:00+00:00
[2023-04-27T07:01:04.830+0000] {processor.py:175} INFO - Processing /opt/airflow/dags/weather_dag.py took 0.288 seconds
[2023-04-27T07:01:35.395+0000] {processor.py:153} INFO - Started process (PID=446) to work on /opt/airflow/dags/weather_dag.py
[2023-04-27T07:01:35.398+0000] {processor.py:743} INFO - Processing file /opt/airflow/dags/weather_dag.py for tasks to queue
[2023-04-27T07:01:35.401+0000] {logging_mixin.py:137} INFO - [2023-04-27T07:01:35.401+0000] {dagbag.py:532} INFO - Filling up the DagBag from /opt/airflow/dags/weather_dag.py
[2023-04-27T07:01:35.439+0000] {processor.py:753} INFO - DAG(s) dict_keys(['weather_dag']) retrieved from /opt/airflow/dags/weather_dag.py
[2023-04-27T07:01:35.488+0000] {logging_mixin.py:137} INFO - [2023-04-27T07:01:35.488+0000] {dag.py:2705} INFO - Sync 1 DAGs
[2023-04-27T07:01:35.553+0000] {logging_mixin.py:137} INFO - [2023-04-27T07:01:35.553+0000] {dag.py:3456} INFO - Setting next_dagrun for weather_dag to 2023-04-22T00:00:00+00:00, run_after=2023-04-23T00:00:00+00:00
[2023-04-27T07:01:35.595+0000] {processor.py:175} INFO - Processing /opt/airflow/dags/weather_dag.py took 0.207 seconds
[2023-04-27T07:02:06.262+0000] {processor.py:153} INFO - Started process (PID=456) to work on /opt/airflow/dags/weather_dag.py
[2023-04-27T07:02:06.265+0000] {processor.py:743} INFO - Processing file /opt/airflow/dags/weather_dag.py for tasks to queue
[2023-04-27T07:02:06.268+0000] {logging_mixin.py:137} INFO - [2023-04-27T07:02:06.268+0000] {dagbag.py:532} INFO - Filling up the DagBag from /opt/airflow/dags/weather_dag.py
[2023-04-27T07:02:06.306+0000] {processor.py:753} INFO - DAG(s) dict_keys(['weather_dag']) retrieved from /opt/airflow/dags/weather_dag.py
[2023-04-27T07:02:06.347+0000] {logging_mixin.py:137} INFO - [2023-04-27T07:02:06.347+0000] {dag.py:2705} INFO - Sync 1 DAGs
[2023-04-27T07:02:06.398+0000] {logging_mixin.py:137} INFO - [2023-04-27T07:02:06.398+0000] {dag.py:3456} INFO - Setting next_dagrun for weather_dag to 2023-04-22T00:00:00+00:00, run_after=2023-04-23T00:00:00+00:00
[2023-04-27T07:02:06.438+0000] {processor.py:175} INFO - Processing /opt/airflow/dags/weather_dag.py took 0.181 seconds
[2023-04-27T07:02:36.505+0000] {processor.py:153} INFO - Started process (PID=469) to work on /opt/airflow/dags/weather_dag.py
[2023-04-27T07:02:36.522+0000] {processor.py:743} INFO - Processing file /opt/airflow/dags/weather_dag.py for tasks to queue
[2023-04-27T07:02:36.527+0000] {logging_mixin.py:137} INFO - [2023-04-27T07:02:36.524+0000] {dagbag.py:532} INFO - Filling up the DagBag from /opt/airflow/dags/weather_dag.py
[2023-04-27T07:02:36.606+0000] {processor.py:753} INFO - DAG(s) dict_keys(['weather_dag']) retrieved from /opt/airflow/dags/weather_dag.py
[2023-04-27T07:02:36.847+0000] {logging_mixin.py:137} INFO - [2023-04-27T07:02:36.846+0000] {dag.py:2705} INFO - Sync 1 DAGs
[2023-04-27T07:02:36.968+0000] {logging_mixin.py:137} INFO - [2023-04-27T07:02:36.965+0000] {dag.py:3456} INFO - Setting next_dagrun for weather_dag to 2023-04-22T00:00:00+00:00, run_after=2023-04-23T00:00:00+00:00
[2023-04-27T07:02:37.040+0000] {processor.py:175} INFO - Processing /opt/airflow/dags/weather_dag.py took 0.548 seconds
[2023-04-27T07:03:07.289+0000] {processor.py:153} INFO - Started process (PID=480) to work on /opt/airflow/dags/weather_dag.py
[2023-04-27T07:03:07.295+0000] {processor.py:743} INFO - Processing file /opt/airflow/dags/weather_dag.py for tasks to queue
[2023-04-27T07:03:07.303+0000] {logging_mixin.py:137} INFO - [2023-04-27T07:03:07.302+0000] {dagbag.py:532} INFO - Filling up the DagBag from /opt/airflow/dags/weather_dag.py
[2023-04-27T07:03:07.395+0000] {processor.py:753} INFO - DAG(s) dict_keys(['weather_dag']) retrieved from /opt/airflow/dags/weather_dag.py
[2023-04-27T07:03:07.551+0000] {logging_mixin.py:137} INFO - [2023-04-27T07:03:07.551+0000] {dag.py:2705} INFO - Sync 1 DAGs
[2023-04-27T07:03:07.801+0000] {logging_mixin.py:137} INFO - [2023-04-27T07:03:07.788+0000] {dag.py:3456} INFO - Setting next_dagrun for weather_dag to 2023-04-22T00:00:00+00:00, run_after=2023-04-23T00:00:00+00:00
[2023-04-27T07:03:08.103+0000] {processor.py:175} INFO - Processing /opt/airflow/dags/weather_dag.py took 0.844 seconds
[2023-04-27T07:03:38.521+0000] {processor.py:153} INFO - Started process (PID=492) to work on /opt/airflow/dags/weather_dag.py
[2023-04-27T07:03:38.524+0000] {processor.py:743} INFO - Processing file /opt/airflow/dags/weather_dag.py for tasks to queue
[2023-04-27T07:03:38.525+0000] {logging_mixin.py:137} INFO - [2023-04-27T07:03:38.525+0000] {dagbag.py:532} INFO - Filling up the DagBag from /opt/airflow/dags/weather_dag.py
[2023-04-27T07:03:38.562+0000] {processor.py:753} INFO - DAG(s) dict_keys(['weather_dag']) retrieved from /opt/airflow/dags/weather_dag.py
[2023-04-27T07:03:38.607+0000] {logging_mixin.py:137} INFO - [2023-04-27T07:03:38.607+0000] {dag.py:2705} INFO - Sync 1 DAGs
[2023-04-27T07:03:38.655+0000] {logging_mixin.py:137} INFO - [2023-04-27T07:03:38.655+0000] {dag.py:3456} INFO - Setting next_dagrun for weather_dag to 2023-04-22T00:00:00+00:00, run_after=2023-04-23T00:00:00+00:00
[2023-04-27T07:03:38.697+0000] {processor.py:175} INFO - Processing /opt/airflow/dags/weather_dag.py took 0.182 seconds
[2023-04-27T07:04:09.342+0000] {processor.py:153} INFO - Started process (PID=502) to work on /opt/airflow/dags/weather_dag.py
[2023-04-27T07:04:09.347+0000] {processor.py:743} INFO - Processing file /opt/airflow/dags/weather_dag.py for tasks to queue
[2023-04-27T07:04:09.349+0000] {logging_mixin.py:137} INFO - [2023-04-27T07:04:09.348+0000] {dagbag.py:532} INFO - Filling up the DagBag from /opt/airflow/dags/weather_dag.py
[2023-04-27T07:04:09.394+0000] {processor.py:753} INFO - DAG(s) dict_keys(['weather_dag']) retrieved from /opt/airflow/dags/weather_dag.py
[2023-04-27T07:04:09.446+0000] {logging_mixin.py:137} INFO - [2023-04-27T07:04:09.445+0000] {dag.py:2705} INFO - Sync 1 DAGs
[2023-04-27T07:04:09.591+0000] {logging_mixin.py:137} INFO - [2023-04-27T07:04:09.590+0000] {dag.py:3456} INFO - Setting next_dagrun for weather_dag to 2023-04-22T00:00:00+00:00, run_after=2023-04-23T00:00:00+00:00
[2023-04-27T07:04:09.738+0000] {processor.py:175} INFO - Processing /opt/airflow/dags/weather_dag.py took 0.402 seconds
[2023-04-27T07:04:40.427+0000] {processor.py:153} INFO - Started process (PID=522) to work on /opt/airflow/dags/weather_dag.py
[2023-04-27T07:04:40.430+0000] {processor.py:743} INFO - Processing file /opt/airflow/dags/weather_dag.py for tasks to queue
[2023-04-27T07:04:40.433+0000] {logging_mixin.py:137} INFO - [2023-04-27T07:04:40.433+0000] {dagbag.py:532} INFO - Filling up the DagBag from /opt/airflow/dags/weather_dag.py
[2023-04-27T07:04:40.489+0000] {processor.py:753} INFO - DAG(s) dict_keys(['weather_dag']) retrieved from /opt/airflow/dags/weather_dag.py
[2023-04-27T07:04:40.547+0000] {logging_mixin.py:137} INFO - [2023-04-27T07:04:40.546+0000] {dag.py:2705} INFO - Sync 1 DAGs
[2023-04-27T07:04:40.596+0000] {logging_mixin.py:137} INFO - [2023-04-27T07:04:40.596+0000] {dag.py:3456} INFO - Setting next_dagrun for weather_dag to 2023-04-22T00:00:00+00:00, run_after=2023-04-23T00:00:00+00:00
[2023-04-27T07:04:40.631+0000] {processor.py:175} INFO - Processing /opt/airflow/dags/weather_dag.py took 0.215 seconds
[2023-04-27T07:05:11.118+0000] {processor.py:153} INFO - Started process (PID=531) to work on /opt/airflow/dags/weather_dag.py
[2023-04-27T07:05:11.129+0000] {processor.py:743} INFO - Processing file /opt/airflow/dags/weather_dag.py for tasks to queue
[2023-04-27T07:05:11.132+0000] {logging_mixin.py:137} INFO - [2023-04-27T07:05:11.132+0000] {dagbag.py:532} INFO - Filling up the DagBag from /opt/airflow/dags/weather_dag.py
[2023-04-27T07:05:11.186+0000] {processor.py:753} INFO - DAG(s) dict_keys(['weather_dag']) retrieved from /opt/airflow/dags/weather_dag.py
[2023-04-27T07:05:11.253+0000] {logging_mixin.py:137} INFO - [2023-04-27T07:05:11.252+0000] {dag.py:2705} INFO - Sync 1 DAGs
[2023-04-27T07:05:11.398+0000] {logging_mixin.py:137} INFO - [2023-04-27T07:05:11.397+0000] {dag.py:3456} INFO - Setting next_dagrun for weather_dag to 2023-04-22T00:00:00+00:00, run_after=2023-04-23T00:00:00+00:00
[2023-04-27T07:05:11.502+0000] {processor.py:175} INFO - Processing /opt/airflow/dags/weather_dag.py took 0.396 seconds
[2023-04-27T07:05:43.307+0000] {processor.py:153} INFO - Started process (PID=541) to work on /opt/airflow/dags/weather_dag.py
[2023-04-27T07:05:43.310+0000] {processor.py:743} INFO - Processing file /opt/airflow/dags/weather_dag.py for tasks to queue
[2023-04-27T07:05:43.314+0000] {logging_mixin.py:137} INFO - [2023-04-27T07:05:43.313+0000] {dagbag.py:532} INFO - Filling up the DagBag from /opt/airflow/dags/weather_dag.py
[2023-04-27T07:05:44.032+0000] {processor.py:753} INFO - DAG(s) dict_keys(['weather_dag']) retrieved from /opt/airflow/dags/weather_dag.py
[2023-04-27T07:05:44.465+0000] {logging_mixin.py:137} INFO - [2023-04-27T07:05:44.465+0000] {dag.py:2705} INFO - Sync 1 DAGs
[2023-04-27T07:05:44.811+0000] {logging_mixin.py:137} INFO - [2023-04-27T07:05:44.811+0000] {dag.py:3456} INFO - Setting next_dagrun for weather_dag to 2023-04-22T00:00:00+00:00, run_after=2023-04-23T00:00:00+00:00
[2023-04-27T07:05:45.123+0000] {processor.py:175} INFO - Processing /opt/airflow/dags/weather_dag.py took 2.019 seconds
[2023-04-27T07:06:15.743+0000] {processor.py:153} INFO - Started process (PID=550) to work on /opt/airflow/dags/weather_dag.py
[2023-04-27T07:06:15.751+0000] {processor.py:743} INFO - Processing file /opt/airflow/dags/weather_dag.py for tasks to queue
[2023-04-27T07:06:15.758+0000] {logging_mixin.py:137} INFO - [2023-04-27T07:06:15.757+0000] {dagbag.py:532} INFO - Filling up the DagBag from /opt/airflow/dags/weather_dag.py
[2023-04-27T07:06:15.891+0000] {processor.py:753} INFO - DAG(s) dict_keys(['weather_dag']) retrieved from /opt/airflow/dags/weather_dag.py
[2023-04-27T07:06:16.099+0000] {logging_mixin.py:137} INFO - [2023-04-27T07:06:16.097+0000] {dag.py:2705} INFO - Sync 1 DAGs
[2023-04-27T07:06:16.384+0000] {logging_mixin.py:137} INFO - [2023-04-27T07:06:16.384+0000] {dag.py:3456} INFO - Setting next_dagrun for weather_dag to 2023-04-22T00:00:00+00:00, run_after=2023-04-23T00:00:00+00:00
[2023-04-27T07:06:16.464+0000] {processor.py:175} INFO - Processing /opt/airflow/dags/weather_dag.py took 0.736 seconds
[2023-04-27T07:07:06.348+0000] {processor.py:153} INFO - Started process (PID=552) to work on /opt/airflow/dags/weather_dag.py
[2023-04-27T07:07:06.356+0000] {processor.py:743} INFO - Processing file /opt/airflow/dags/weather_dag.py for tasks to queue
[2023-04-27T07:07:06.358+0000] {logging_mixin.py:137} INFO - [2023-04-27T07:07:06.358+0000] {dagbag.py:532} INFO - Filling up the DagBag from /opt/airflow/dags/weather_dag.py
[2023-04-27T07:07:07.396+0000] {processor.py:753} INFO - DAG(s) dict_keys(['weather_dag']) retrieved from /opt/airflow/dags/weather_dag.py
[2023-04-27T07:07:08.523+0000] {logging_mixin.py:137} INFO - [2023-04-27T07:07:08.522+0000] {dag.py:2705} INFO - Sync 1 DAGs
[2023-04-27T07:07:09.586+0000] {logging_mixin.py:137} INFO - [2023-04-27T07:07:09.586+0000] {dag.py:3456} INFO - Setting next_dagrun for weather_dag to 2023-04-22T00:00:00+00:00, run_after=2023-04-23T00:00:00+00:00
[2023-04-27T07:07:10.046+0000] {processor.py:175} INFO - Processing /opt/airflow/dags/weather_dag.py took 3.731 seconds
[2023-04-27T07:07:41.202+0000] {processor.py:153} INFO - Started process (PID=565) to work on /opt/airflow/dags/weather_dag.py
[2023-04-27T07:07:41.211+0000] {processor.py:743} INFO - Processing file /opt/airflow/dags/weather_dag.py for tasks to queue
[2023-04-27T07:07:41.227+0000] {logging_mixin.py:137} INFO - [2023-04-27T07:07:41.227+0000] {dagbag.py:532} INFO - Filling up the DagBag from /opt/airflow/dags/weather_dag.py
[2023-04-27T07:07:41.362+0000] {processor.py:753} INFO - DAG(s) dict_keys(['weather_dag']) retrieved from /opt/airflow/dags/weather_dag.py
[2023-04-27T07:07:41.751+0000] {logging_mixin.py:137} INFO - [2023-04-27T07:07:41.732+0000] {dag.py:2705} INFO - Sync 1 DAGs
[2023-04-27T07:07:42.062+0000] {logging_mixin.py:137} INFO - [2023-04-27T07:07:42.062+0000] {dag.py:3456} INFO - Setting next_dagrun for weather_dag to 2023-04-22T00:00:00+00:00, run_after=2023-04-23T00:00:00+00:00
[2023-04-27T07:07:42.141+0000] {processor.py:175} INFO - Processing /opt/airflow/dags/weather_dag.py took 0.987 seconds
[2023-04-27T07:08:12.382+0000] {processor.py:153} INFO - Started process (PID=576) to work on /opt/airflow/dags/weather_dag.py
[2023-04-27T07:08:12.467+0000] {processor.py:743} INFO - Processing file /opt/airflow/dags/weather_dag.py for tasks to queue
[2023-04-27T07:08:12.481+0000] {logging_mixin.py:137} INFO - [2023-04-27T07:08:12.478+0000] {dagbag.py:532} INFO - Filling up the DagBag from /opt/airflow/dags/weather_dag.py
[2023-04-27T07:08:12.693+0000] {processor.py:753} INFO - DAG(s) dict_keys(['weather_dag']) retrieved from /opt/airflow/dags/weather_dag.py
[2023-04-27T07:08:12.902+0000] {logging_mixin.py:137} INFO - [2023-04-27T07:08:12.902+0000] {dag.py:2705} INFO - Sync 1 DAGs
[2023-04-27T07:08:12.992+0000] {logging_mixin.py:137} INFO - [2023-04-27T07:08:12.990+0000] {dag.py:3456} INFO - Setting next_dagrun for weather_dag to 2023-04-22T00:00:00+00:00, run_after=2023-04-23T00:00:00+00:00
[2023-04-27T07:08:13.038+0000] {processor.py:175} INFO - Processing /opt/airflow/dags/weather_dag.py took 0.685 seconds
[2023-04-27T07:08:43.408+0000] {processor.py:153} INFO - Started process (PID=587) to work on /opt/airflow/dags/weather_dag.py
[2023-04-27T07:08:43.413+0000] {processor.py:743} INFO - Processing file /opt/airflow/dags/weather_dag.py for tasks to queue
[2023-04-27T07:08:43.415+0000] {logging_mixin.py:137} INFO - [2023-04-27T07:08:43.415+0000] {dagbag.py:532} INFO - Filling up the DagBag from /opt/airflow/dags/weather_dag.py
[2023-04-27T07:08:43.460+0000] {processor.py:753} INFO - DAG(s) dict_keys(['weather_dag']) retrieved from /opt/airflow/dags/weather_dag.py
[2023-04-27T07:08:43.508+0000] {logging_mixin.py:137} INFO - [2023-04-27T07:08:43.508+0000] {dag.py:2705} INFO - Sync 1 DAGs
[2023-04-27T07:08:43.559+0000] {logging_mixin.py:137} INFO - [2023-04-27T07:08:43.559+0000] {dag.py:3456} INFO - Setting next_dagrun for weather_dag to 2023-04-22T00:00:00+00:00, run_after=2023-04-23T00:00:00+00:00
[2023-04-27T07:08:43.594+0000] {processor.py:175} INFO - Processing /opt/airflow/dags/weather_dag.py took 0.195 seconds
[2023-04-27T07:09:14.592+0000] {processor.py:153} INFO - Started process (PID=599) to work on /opt/airflow/dags/weather_dag.py
[2023-04-27T07:09:14.595+0000] {processor.py:743} INFO - Processing file /opt/airflow/dags/weather_dag.py for tasks to queue
[2023-04-27T07:09:14.597+0000] {logging_mixin.py:137} INFO - [2023-04-27T07:09:14.597+0000] {dagbag.py:532} INFO - Filling up the DagBag from /opt/airflow/dags/weather_dag.py
[2023-04-27T07:09:14.655+0000] {processor.py:753} INFO - DAG(s) dict_keys(['weather_dag']) retrieved from /opt/airflow/dags/weather_dag.py
[2023-04-27T07:09:14.703+0000] {logging_mixin.py:137} INFO - [2023-04-27T07:09:14.703+0000] {dag.py:2705} INFO - Sync 1 DAGs
[2023-04-27T07:09:14.755+0000] {logging_mixin.py:137} INFO - [2023-04-27T07:09:14.755+0000] {dag.py:3456} INFO - Setting next_dagrun for weather_dag to 2023-04-22T00:00:00+00:00, run_after=2023-04-23T00:00:00+00:00
[2023-04-27T07:09:14.792+0000] {processor.py:175} INFO - Processing /opt/airflow/dags/weather_dag.py took 0.215 seconds
[2023-04-27T07:09:45.494+0000] {processor.py:153} INFO - Started process (PID=612) to work on /opt/airflow/dags/weather_dag.py
[2023-04-27T07:09:45.498+0000] {processor.py:743} INFO - Processing file /opt/airflow/dags/weather_dag.py for tasks to queue
[2023-04-27T07:09:45.501+0000] {logging_mixin.py:137} INFO - [2023-04-27T07:09:45.500+0000] {dagbag.py:532} INFO - Filling up the DagBag from /opt/airflow/dags/weather_dag.py
[2023-04-27T07:09:45.557+0000] {processor.py:753} INFO - DAG(s) dict_keys(['weather_dag']) retrieved from /opt/airflow/dags/weather_dag.py
[2023-04-27T07:09:45.603+0000] {logging_mixin.py:137} INFO - [2023-04-27T07:09:45.603+0000] {dag.py:2705} INFO - Sync 1 DAGs
[2023-04-27T07:09:45.671+0000] {logging_mixin.py:137} INFO - [2023-04-27T07:09:45.671+0000] {dag.py:3456} INFO - Setting next_dagrun for weather_dag to 2023-04-22T00:00:00+00:00, run_after=2023-04-23T00:00:00+00:00
[2023-04-27T07:09:45.734+0000] {processor.py:175} INFO - Processing /opt/airflow/dags/weather_dag.py took 0.246 seconds
[2023-04-27T07:10:16.155+0000] {processor.py:153} INFO - Started process (PID=624) to work on /opt/airflow/dags/weather_dag.py
[2023-04-27T07:10:16.160+0000] {processor.py:743} INFO - Processing file /opt/airflow/dags/weather_dag.py for tasks to queue
[2023-04-27T07:10:16.167+0000] {logging_mixin.py:137} INFO - [2023-04-27T07:10:16.166+0000] {dagbag.py:532} INFO - Filling up the DagBag from /opt/airflow/dags/weather_dag.py
[2023-04-27T07:10:16.260+0000] {processor.py:753} INFO - DAG(s) dict_keys(['weather_dag']) retrieved from /opt/airflow/dags/weather_dag.py
[2023-04-27T07:10:16.317+0000] {logging_mixin.py:137} INFO - [2023-04-27T07:10:16.316+0000] {dag.py:2705} INFO - Sync 1 DAGs
[2023-04-27T07:10:16.381+0000] {logging_mixin.py:137} INFO - [2023-04-27T07:10:16.380+0000] {dag.py:3456} INFO - Setting next_dagrun for weather_dag to 2023-04-22T00:00:00+00:00, run_after=2023-04-23T00:00:00+00:00
[2023-04-27T07:10:16.421+0000] {processor.py:175} INFO - Processing /opt/airflow/dags/weather_dag.py took 0.281 seconds
