[2023-04-27T06:42:20.668+0000] {processor.py:153} INFO - Started process (PID=40) to work on /opt/airflow/dags/weather_dag_api.py
[2023-04-27T06:42:20.697+0000] {processor.py:743} INFO - Processing file /opt/airflow/dags/weather_dag_api.py for tasks to queue
[2023-04-27T06:42:20.734+0000] {logging_mixin.py:137} INFO - [2023-04-27T06:42:20.733+0000] {dagbag.py:532} INFO - Filling up the DagBag from /opt/airflow/dags/weather_dag_api.py
[2023-04-27T06:42:22.021+0000] {processor.py:753} INFO - DAG(s) dict_keys(['weather_dag_api']) retrieved from /opt/airflow/dags/weather_dag_api.py
[2023-04-27T06:42:23.943+0000] {logging_mixin.py:137} INFO - [2023-04-27T06:42:23.942+0000] {manager.py:504} INFO - Created Permission View: can read on DAG:weather_dag_api
[2023-04-27T06:42:24.050+0000] {logging_mixin.py:137} INFO - [2023-04-27T06:42:24.050+0000] {manager.py:504} INFO - Created Permission View: can delete on DAG:weather_dag_api
[2023-04-27T06:42:24.174+0000] {logging_mixin.py:137} INFO - [2023-04-27T06:42:24.174+0000] {manager.py:504} INFO - Created Permission View: can edit on DAG:weather_dag_api
[2023-04-27T06:42:24.177+0000] {logging_mixin.py:137} INFO - [2023-04-27T06:42:24.176+0000] {dag.py:2705} INFO - Sync 1 DAGs
[2023-04-27T06:42:24.528+0000] {logging_mixin.py:137} INFO - [2023-04-27T06:42:24.528+0000] {dag.py:2726} INFO - Creating ORM DAG for weather_dag_api
[2023-04-27T06:42:24.908+0000] {logging_mixin.py:137} INFO - [2023-04-27T06:42:24.796+0000] {dag.py:3456} INFO - Setting next_dagrun for weather_dag_api to 2023-04-25T00:00:00+00:00, run_after=2023-04-26T00:00:00+00:00
[2023-04-27T06:42:25.327+0000] {logging_mixin.py:137} WARNING - /home/airflow/.local/lib/python3.7/site-packages/airflow/models/dagbag.py:633 RemovedInAirflow3Warning: DAG.full_filepath is deprecated in favour of fileloc
[2023-04-27T06:42:25.366+0000] {logging_mixin.py:137} INFO - [2023-04-27T06:42:25.338+0000] {dagbag.py:633} ERROR - Failed to write serialized DAG: /opt/airflow/dags/weather_dag_api.py
Traceback (most recent call last):
  File "/home/airflow/.local/lib/python3.7/site-packages/airflow/models/dagbag.py", line 625, in _serialize_dag_capturing_errors
    session=session,
  File "/home/airflow/.local/lib/python3.7/site-packages/airflow/utils/session.py", line 72, in wrapper
    return func(*args, **kwargs)
  File "/home/airflow/.local/lib/python3.7/site-packages/airflow/models/serialized_dag.py", line 149, in write_dag
    (timezone.utcnow() - timedelta(seconds=min_update_interval)) < cls.last_updated,
  File "/home/airflow/.local/lib/python3.7/site-packages/sqlalchemy/orm/query.py", line 2893, in scalar
    ret = self.one()
  File "/home/airflow/.local/lib/python3.7/site-packages/sqlalchemy/orm/query.py", line 2870, in one
    return self._iter().one()
  File "/home/airflow/.local/lib/python3.7/site-packages/sqlalchemy/orm/query.py", line 2919, in _iter
    execution_options={"_sa_orm_load_options": self.load_options},
  File "/home/airflow/.local/lib/python3.7/site-packages/sqlalchemy/orm/session.py", line 1713, in execute
    conn = self._connection_for_bind(bind)
  File "/home/airflow/.local/lib/python3.7/site-packages/sqlalchemy/orm/session.py", line 1553, in _connection_for_bind
    engine, execution_options
  File "/home/airflow/.local/lib/python3.7/site-packages/sqlalchemy/orm/session.py", line 721, in _connection_for_bind
    self._assert_active()
  File "/home/airflow/.local/lib/python3.7/site-packages/sqlalchemy/orm/session.py", line 608, in _assert_active
    code="7s2a",
sqlalchemy.exc.PendingRollbackError: This Session's transaction has been rolled back due to a previous exception during flush. To begin a new transaction with this Session, first issue Session.rollback(). Original exception was: (psycopg2.errors.UniqueViolation) duplicate key value violates unique constraint "dag_pkey"
DETAIL:  Key (dag_id)=(weather_dag_api) already exists.

[SQL: INSERT INTO dag (dag_id, root_dag_id, is_paused, is_subdag, is_active, last_parsed_time, last_pickled, last_expired, scheduler_lock, pickle_id, fileloc, processor_subdir, owners, description, default_view, schedule_interval, timetable_description, max_active_tasks, max_active_runs, has_task_concurrency_limits, has_import_errors, next_dagrun, next_dagrun_data_interval_start, next_dagrun_data_interval_end, next_dagrun_create_after) VALUES (%(dag_id)s, %(root_dag_id)s, %(is_paused)s, %(is_subdag)s, %(is_active)s, %(last_parsed_time)s, %(last_pickled)s, %(last_expired)s, %(scheduler_lock)s, %(pickle_id)s, %(fileloc)s, %(processor_subdir)s, %(owners)s, %(description)s, %(default_view)s, %(schedule_interval)s, %(timetable_description)s, %(max_active_tasks)s, %(max_active_runs)s, %(has_task_concurrency_limits)s, %(has_import_errors)s, %(next_dagrun)s, %(next_dagrun_data_interval_start)s, %(next_dagrun_data_interval_end)s, %(next_dagrun_create_after)s)]
[parameters: {'dag_id': 'weather_dag_api', 'root_dag_id': None, 'is_paused': True, 'is_subdag': False, 'is_active': True, 'last_parsed_time': datetime.datetime(2023, 4, 27, 6, 42, 24, 748506, tzinfo=Timezone('UTC')), 'last_pickled': None, 'last_expired': None, 'scheduler_lock': None, 'pickle_id': None, 'fileloc': '/opt/airflow/dags/weather_dag_api.py', 'processor_subdir': '/opt/airflow/dags', 'owners': 'airflow', 'description': None, 'default_view': 'grid', 'schedule_interval': '"@daily"', 'timetable_description': 'At 00:00', 'max_active_tasks': 16, 'max_active_runs': 16, 'has_task_concurrency_limits': False, 'has_import_errors': False, 'next_dagrun': DateTime(2023, 4, 25, 0, 0, 0, tzinfo=Timezone('UTC')), 'next_dagrun_data_interval_start': DateTime(2023, 4, 25, 0, 0, 0, tzinfo=Timezone('UTC')), 'next_dagrun_data_interval_end': DateTime(2023, 4, 26, 0, 0, 0, tzinfo=Timezone('UTC')), 'next_dagrun_create_after': DateTime(2023, 4, 26, 0, 0, 0, tzinfo=Timezone('UTC'))}]
(Background on this error at: https://sqlalche.me/e/14/gkpj) (Background on this error at: https://sqlalche.me/e/14/7s2a)
[2023-04-27T06:42:25.432+0000] {logging_mixin.py:137} INFO - [2023-04-27T06:42:25.431+0000] {dag.py:2705} INFO - Sync 1 DAGs
[2023-04-27T06:42:25.543+0000] {processor.py:178} ERROR - Got an exception! Propagating...
Traceback (most recent call last):
  File "/home/airflow/.local/lib/python3.7/site-packages/airflow/dag_processing/processor.py", line 174, in _run_file_processor
    _handle_dag_file_processing()
  File "/home/airflow/.local/lib/python3.7/site-packages/airflow/dag_processing/processor.py", line 158, in _handle_dag_file_processing
    callback_requests=callback_requests,
  File "/home/airflow/.local/lib/python3.7/site-packages/airflow/utils/session.py", line 75, in wrapper
    return func(*args, session=session, **kwargs)
  File "/home/airflow/.local/lib/python3.7/site-packages/airflow/dag_processing/processor.py", line 768, in process_file
    dagbag.sync_to_db(processor_subdir=self._dag_directory, session=session)
  File "/home/airflow/.local/lib/python3.7/site-packages/airflow/utils/session.py", line 72, in wrapper
    return func(*args, **kwargs)
  File "/home/airflow/.local/lib/python3.7/site-packages/airflow/models/dagbag.py", line 639, in sync_to_db
    for attempt in run_with_db_retries(logger=self.log):
  File "/home/airflow/.local/lib/python3.7/site-packages/tenacity/__init__.py", line 347, in __iter__
    do = self.iter(retry_state=retry_state)
  File "/home/airflow/.local/lib/python3.7/site-packages/tenacity/__init__.py", line 314, in iter
    return fut.result()
  File "/usr/local/lib/python3.7/concurrent/futures/_base.py", line 428, in result
    return self.__get_result()
  File "/usr/local/lib/python3.7/concurrent/futures/_base.py", line 384, in __get_result
    raise self._exception
  File "/home/airflow/.local/lib/python3.7/site-packages/airflow/models/dagbag.py", line 654, in sync_to_db
    self.dags.values(), processor_subdir=processor_subdir, session=session
  File "/home/airflow/.local/lib/python3.7/site-packages/airflow/utils/session.py", line 72, in wrapper
    return func(*args, **kwargs)
  File "/home/airflow/.local/lib/python3.7/site-packages/airflow/models/dag.py", line 2716, in bulk_write_to_db
    orm_dags: list[DagModel] = with_row_locks(query, of=DagModel, session=session).all()
  File "/home/airflow/.local/lib/python3.7/site-packages/sqlalchemy/orm/query.py", line 2773, in all
    return self._iter().all()
  File "/home/airflow/.local/lib/python3.7/site-packages/sqlalchemy/orm/query.py", line 2919, in _iter
    execution_options={"_sa_orm_load_options": self.load_options},
  File "/home/airflow/.local/lib/python3.7/site-packages/sqlalchemy/orm/session.py", line 1713, in execute
    conn = self._connection_for_bind(bind)
  File "/home/airflow/.local/lib/python3.7/site-packages/sqlalchemy/orm/session.py", line 1553, in _connection_for_bind
    engine, execution_options
  File "/home/airflow/.local/lib/python3.7/site-packages/sqlalchemy/orm/session.py", line 721, in _connection_for_bind
    self._assert_active()
  File "/home/airflow/.local/lib/python3.7/site-packages/sqlalchemy/orm/session.py", line 608, in _assert_active
    code="7s2a",
sqlalchemy.exc.PendingRollbackError: This Session's transaction has been rolled back due to a previous exception during flush. To begin a new transaction with this Session, first issue Session.rollback(). Original exception was: (psycopg2.errors.UniqueViolation) duplicate key value violates unique constraint "dag_pkey"
DETAIL:  Key (dag_id)=(weather_dag_api) already exists.

[SQL: INSERT INTO dag (dag_id, root_dag_id, is_paused, is_subdag, is_active, last_parsed_time, last_pickled, last_expired, scheduler_lock, pickle_id, fileloc, processor_subdir, owners, description, default_view, schedule_interval, timetable_description, max_active_tasks, max_active_runs, has_task_concurrency_limits, has_import_errors, next_dagrun, next_dagrun_data_interval_start, next_dagrun_data_interval_end, next_dagrun_create_after) VALUES (%(dag_id)s, %(root_dag_id)s, %(is_paused)s, %(is_subdag)s, %(is_active)s, %(last_parsed_time)s, %(last_pickled)s, %(last_expired)s, %(scheduler_lock)s, %(pickle_id)s, %(fileloc)s, %(processor_subdir)s, %(owners)s, %(description)s, %(default_view)s, %(schedule_interval)s, %(timetable_description)s, %(max_active_tasks)s, %(max_active_runs)s, %(has_task_concurrency_limits)s, %(has_import_errors)s, %(next_dagrun)s, %(next_dagrun_data_interval_start)s, %(next_dagrun_data_interval_end)s, %(next_dagrun_create_after)s)]
[parameters: {'dag_id': 'weather_dag_api', 'root_dag_id': None, 'is_paused': True, 'is_subdag': False, 'is_active': True, 'last_parsed_time': datetime.datetime(2023, 4, 27, 6, 42, 24, 748506, tzinfo=Timezone('UTC')), 'last_pickled': None, 'last_expired': None, 'scheduler_lock': None, 'pickle_id': None, 'fileloc': '/opt/airflow/dags/weather_dag_api.py', 'processor_subdir': '/opt/airflow/dags', 'owners': 'airflow', 'description': None, 'default_view': 'grid', 'schedule_interval': '"@daily"', 'timetable_description': 'At 00:00', 'max_active_tasks': 16, 'max_active_runs': 16, 'has_task_concurrency_limits': False, 'has_import_errors': False, 'next_dagrun': DateTime(2023, 4, 25, 0, 0, 0, tzinfo=Timezone('UTC')), 'next_dagrun_data_interval_start': DateTime(2023, 4, 25, 0, 0, 0, tzinfo=Timezone('UTC')), 'next_dagrun_data_interval_end': DateTime(2023, 4, 26, 0, 0, 0, tzinfo=Timezone('UTC')), 'next_dagrun_create_after': DateTime(2023, 4, 26, 0, 0, 0, tzinfo=Timezone('UTC'))}]
(Background on this error at: https://sqlalche.me/e/14/gkpj) (Background on this error at: https://sqlalche.me/e/14/7s2a)
[2023-04-27T06:42:56.221+0000] {processor.py:153} INFO - Started process (PID=58) to work on /opt/airflow/dags/weather_dag_api.py
[2023-04-27T06:42:56.225+0000] {processor.py:743} INFO - Processing file /opt/airflow/dags/weather_dag_api.py for tasks to queue
[2023-04-27T06:42:56.231+0000] {logging_mixin.py:137} INFO - [2023-04-27T06:42:56.230+0000] {dagbag.py:532} INFO - Filling up the DagBag from /opt/airflow/dags/weather_dag_api.py
[2023-04-27T06:42:56.702+0000] {processor.py:753} INFO - DAG(s) dict_keys(['weather_dag_api']) retrieved from /opt/airflow/dags/weather_dag_api.py
[2023-04-27T06:42:56.989+0000] {logging_mixin.py:137} INFO - [2023-04-27T06:42:56.989+0000] {dag.py:2705} INFO - Sync 1 DAGs
[2023-04-27T06:42:57.357+0000] {logging_mixin.py:137} INFO - [2023-04-27T06:42:57.357+0000] {dag.py:3456} INFO - Setting next_dagrun for weather_dag_api to 2023-04-25T00:00:00+00:00, run_after=2023-04-26T00:00:00+00:00
[2023-04-27T06:42:57.584+0000] {processor.py:175} INFO - Processing /opt/airflow/dags/weather_dag_api.py took 1.377 seconds
[2023-04-27T06:43:28.398+0000] {processor.py:153} INFO - Started process (PID=68) to work on /opt/airflow/dags/weather_dag_api.py
[2023-04-27T06:43:28.401+0000] {processor.py:743} INFO - Processing file /opt/airflow/dags/weather_dag_api.py for tasks to queue
[2023-04-27T06:43:28.404+0000] {logging_mixin.py:137} INFO - [2023-04-27T06:43:28.403+0000] {dagbag.py:532} INFO - Filling up the DagBag from /opt/airflow/dags/weather_dag_api.py
[2023-04-27T06:43:28.506+0000] {processor.py:753} INFO - DAG(s) dict_keys(['weather_dag_api']) retrieved from /opt/airflow/dags/weather_dag_api.py
[2023-04-27T06:43:28.655+0000] {logging_mixin.py:137} INFO - [2023-04-27T06:43:28.654+0000] {dag.py:2705} INFO - Sync 1 DAGs
[2023-04-27T06:43:28.789+0000] {logging_mixin.py:137} INFO - [2023-04-27T06:43:28.789+0000] {dag.py:3456} INFO - Setting next_dagrun for weather_dag_api to 2023-04-25T00:00:00+00:00, run_after=2023-04-26T00:00:00+00:00
[2023-04-27T06:43:28.916+0000] {processor.py:175} INFO - Processing /opt/airflow/dags/weather_dag_api.py took 0.523 seconds
[2023-04-27T06:43:59.452+0000] {processor.py:153} INFO - Started process (PID=78) to work on /opt/airflow/dags/weather_dag_api.py
[2023-04-27T06:43:59.499+0000] {processor.py:743} INFO - Processing file /opt/airflow/dags/weather_dag_api.py for tasks to queue
[2023-04-27T06:43:59.559+0000] {logging_mixin.py:137} INFO - [2023-04-27T06:43:59.550+0000] {dagbag.py:532} INFO - Filling up the DagBag from /opt/airflow/dags/weather_dag_api.py
[2023-04-27T06:44:00.770+0000] {processor.py:753} INFO - DAG(s) dict_keys(['weather_dag_api']) retrieved from /opt/airflow/dags/weather_dag_api.py
[2023-04-27T06:44:01.159+0000] {logging_mixin.py:137} INFO - [2023-04-27T06:44:01.158+0000] {dag.py:2705} INFO - Sync 1 DAGs
[2023-04-27T06:44:01.588+0000] {logging_mixin.py:137} INFO - [2023-04-27T06:44:01.588+0000] {dag.py:3456} INFO - Setting next_dagrun for weather_dag_api to 2023-04-25T00:00:00+00:00, run_after=2023-04-26T00:00:00+00:00
[2023-04-27T06:44:01.936+0000] {processor.py:175} INFO - Processing /opt/airflow/dags/weather_dag_api.py took 2.569 seconds
[2023-04-27T06:44:32.744+0000] {processor.py:153} INFO - Started process (PID=88) to work on /opt/airflow/dags/weather_dag_api.py
[2023-04-27T06:44:32.749+0000] {processor.py:743} INFO - Processing file /opt/airflow/dags/weather_dag_api.py for tasks to queue
[2023-04-27T06:44:32.753+0000] {logging_mixin.py:137} INFO - [2023-04-27T06:44:32.752+0000] {dagbag.py:532} INFO - Filling up the DagBag from /opt/airflow/dags/weather_dag_api.py
[2023-04-27T06:44:33.140+0000] {processor.py:753} INFO - DAG(s) dict_keys(['weather_dag_api']) retrieved from /opt/airflow/dags/weather_dag_api.py
[2023-04-27T06:44:35.129+0000] {logging_mixin.py:137} INFO - [2023-04-27T06:44:35.109+0000] {dag.py:2705} INFO - Sync 1 DAGs
[2023-04-27T06:44:35.566+0000] {logging_mixin.py:137} INFO - [2023-04-27T06:44:35.565+0000] {dag.py:3456} INFO - Setting next_dagrun for weather_dag_api to 2023-04-25T00:00:00+00:00, run_after=2023-04-26T00:00:00+00:00
[2023-04-27T06:44:35.760+0000] {processor.py:175} INFO - Processing /opt/airflow/dags/weather_dag_api.py took 3.026 seconds
[2023-04-27T06:45:06.215+0000] {processor.py:153} INFO - Started process (PID=99) to work on /opt/airflow/dags/weather_dag_api.py
[2023-04-27T06:45:06.219+0000] {processor.py:743} INFO - Processing file /opt/airflow/dags/weather_dag_api.py for tasks to queue
[2023-04-27T06:45:06.225+0000] {logging_mixin.py:137} INFO - [2023-04-27T06:45:06.225+0000] {dagbag.py:532} INFO - Filling up the DagBag from /opt/airflow/dags/weather_dag_api.py
[2023-04-27T06:45:06.418+0000] {processor.py:753} INFO - DAG(s) dict_keys(['weather_dag_api']) retrieved from /opt/airflow/dags/weather_dag_api.py
[2023-04-27T06:45:06.526+0000] {logging_mixin.py:137} INFO - [2023-04-27T06:45:06.525+0000] {dag.py:2705} INFO - Sync 1 DAGs
[2023-04-27T06:45:06.599+0000] {logging_mixin.py:137} INFO - [2023-04-27T06:45:06.599+0000] {dag.py:3456} INFO - Setting next_dagrun for weather_dag_api to 2023-04-25T00:00:00+00:00, run_after=2023-04-26T00:00:00+00:00
[2023-04-27T06:45:06.634+0000] {processor.py:175} INFO - Processing /opt/airflow/dags/weather_dag_api.py took 0.429 seconds
[2023-04-27T06:45:37.626+0000] {processor.py:153} INFO - Started process (PID=109) to work on /opt/airflow/dags/weather_dag_api.py
[2023-04-27T06:45:37.630+0000] {processor.py:743} INFO - Processing file /opt/airflow/dags/weather_dag_api.py for tasks to queue
[2023-04-27T06:45:37.633+0000] {logging_mixin.py:137} INFO - [2023-04-27T06:45:37.632+0000] {dagbag.py:532} INFO - Filling up the DagBag from /opt/airflow/dags/weather_dag_api.py
[2023-04-27T06:45:37.762+0000] {processor.py:753} INFO - DAG(s) dict_keys(['weather_dag_api']) retrieved from /opt/airflow/dags/weather_dag_api.py
[2023-04-27T06:45:38.013+0000] {logging_mixin.py:137} INFO - [2023-04-27T06:45:38.013+0000] {dag.py:2705} INFO - Sync 1 DAGs
[2023-04-27T06:45:38.157+0000] {logging_mixin.py:137} INFO - [2023-04-27T06:45:38.156+0000] {dag.py:3456} INFO - Setting next_dagrun for weather_dag_api to 2023-04-25T00:00:00+00:00, run_after=2023-04-26T00:00:00+00:00
[2023-04-27T06:45:38.221+0000] {processor.py:175} INFO - Processing /opt/airflow/dags/weather_dag_api.py took 0.625 seconds
[2023-04-27T06:46:08.553+0000] {processor.py:153} INFO - Started process (PID=121) to work on /opt/airflow/dags/weather_dag_api.py
[2023-04-27T06:46:08.557+0000] {processor.py:743} INFO - Processing file /opt/airflow/dags/weather_dag_api.py for tasks to queue
[2023-04-27T06:46:08.563+0000] {logging_mixin.py:137} INFO - [2023-04-27T06:46:08.561+0000] {dagbag.py:532} INFO - Filling up the DagBag from /opt/airflow/dags/weather_dag_api.py
[2023-04-27T06:46:08.697+0000] {processor.py:753} INFO - DAG(s) dict_keys(['weather_dag_api']) retrieved from /opt/airflow/dags/weather_dag_api.py
[2023-04-27T06:46:08.770+0000] {logging_mixin.py:137} INFO - [2023-04-27T06:46:08.770+0000] {dag.py:2705} INFO - Sync 1 DAGs
[2023-04-27T06:46:08.840+0000] {logging_mixin.py:137} INFO - [2023-04-27T06:46:08.839+0000] {dag.py:3456} INFO - Setting next_dagrun for weather_dag_api to 2023-04-25T00:00:00+00:00, run_after=2023-04-26T00:00:00+00:00
[2023-04-27T06:46:08.894+0000] {processor.py:175} INFO - Processing /opt/airflow/dags/weather_dag_api.py took 0.348 seconds
[2023-04-27T06:46:20.580+0000] {processor.py:153} INFO - Started process (PID=124) to work on /opt/airflow/dags/weather_dag_api.py
[2023-04-27T06:46:20.588+0000] {processor.py:743} INFO - Processing file /opt/airflow/dags/weather_dag_api.py for tasks to queue
[2023-04-27T06:46:20.591+0000] {logging_mixin.py:137} INFO - [2023-04-27T06:46:20.591+0000] {dagbag.py:532} INFO - Filling up the DagBag from /opt/airflow/dags/weather_dag_api.py
[2023-04-27T06:46:20.758+0000] {processor.py:753} INFO - DAG(s) dict_keys(['weather_dag_api']) retrieved from /opt/airflow/dags/weather_dag_api.py
[2023-04-27T06:46:20.790+0000] {logging_mixin.py:137} INFO - [2023-04-27T06:46:20.789+0000] {dag.py:2705} INFO - Sync 1 DAGs
[2023-04-27T06:46:20.855+0000] {logging_mixin.py:137} INFO - [2023-04-27T06:46:20.854+0000] {dag.py:3456} INFO - Setting next_dagrun for weather_dag_api to 2023-04-25T00:00:00+00:00, run_after=2023-04-26T00:00:00+00:00
[2023-04-27T06:46:20.900+0000] {processor.py:175} INFO - Processing /opt/airflow/dags/weather_dag_api.py took 0.473 seconds
[2023-04-27T06:46:51.865+0000] {processor.py:153} INFO - Started process (PID=134) to work on /opt/airflow/dags/weather_dag_api.py
[2023-04-27T06:46:51.877+0000] {processor.py:743} INFO - Processing file /opt/airflow/dags/weather_dag_api.py for tasks to queue
[2023-04-27T06:46:51.886+0000] {logging_mixin.py:137} INFO - [2023-04-27T06:46:51.885+0000] {dagbag.py:532} INFO - Filling up the DagBag from /opt/airflow/dags/weather_dag_api.py
[2023-04-27T06:46:51.996+0000] {processor.py:753} INFO - DAG(s) dict_keys(['weather_dag_api']) retrieved from /opt/airflow/dags/weather_dag_api.py
[2023-04-27T06:46:52.124+0000] {logging_mixin.py:137} INFO - [2023-04-27T06:46:52.123+0000] {dag.py:2705} INFO - Sync 1 DAGs
[2023-04-27T06:46:52.171+0000] {logging_mixin.py:137} INFO - [2023-04-27T06:46:52.171+0000] {dag.py:3456} INFO - Setting next_dagrun for weather_dag_api to 2023-04-25T00:00:00+00:00, run_after=2023-04-26T00:00:00+00:00
[2023-04-27T06:46:52.232+0000] {processor.py:175} INFO - Processing /opt/airflow/dags/weather_dag_api.py took 0.380 seconds
[2023-04-27T06:47:22.759+0000] {processor.py:153} INFO - Started process (PID=146) to work on /opt/airflow/dags/weather_dag_api.py
[2023-04-27T06:47:22.766+0000] {processor.py:743} INFO - Processing file /opt/airflow/dags/weather_dag_api.py for tasks to queue
[2023-04-27T06:47:22.790+0000] {logging_mixin.py:137} INFO - [2023-04-27T06:47:22.790+0000] {dagbag.py:532} INFO - Filling up the DagBag from /opt/airflow/dags/weather_dag_api.py
[2023-04-27T06:47:22.985+0000] {processor.py:753} INFO - DAG(s) dict_keys(['weather_dag_api']) retrieved from /opt/airflow/dags/weather_dag_api.py
[2023-04-27T06:47:23.160+0000] {logging_mixin.py:137} INFO - [2023-04-27T06:47:23.159+0000] {dag.py:2705} INFO - Sync 1 DAGs
[2023-04-27T06:47:23.281+0000] {logging_mixin.py:137} INFO - [2023-04-27T06:47:23.281+0000] {dag.py:3456} INFO - Setting next_dagrun for weather_dag_api to 2023-04-27T00:00:00+00:00, run_after=2023-04-28T00:00:00+00:00
[2023-04-27T06:47:23.330+0000] {processor.py:175} INFO - Processing /opt/airflow/dags/weather_dag_api.py took 0.586 seconds
[2023-04-27T06:47:53.931+0000] {processor.py:153} INFO - Started process (PID=156) to work on /opt/airflow/dags/weather_dag_api.py
[2023-04-27T06:47:53.948+0000] {processor.py:743} INFO - Processing file /opt/airflow/dags/weather_dag_api.py for tasks to queue
[2023-04-27T06:47:53.968+0000] {logging_mixin.py:137} INFO - [2023-04-27T06:47:53.968+0000] {dagbag.py:532} INFO - Filling up the DagBag from /opt/airflow/dags/weather_dag_api.py
[2023-04-27T06:47:55.656+0000] {processor.py:753} INFO - DAG(s) dict_keys(['weather_dag_api']) retrieved from /opt/airflow/dags/weather_dag_api.py
[2023-04-27T06:47:55.831+0000] {logging_mixin.py:137} INFO - [2023-04-27T06:47:55.830+0000] {dag.py:2705} INFO - Sync 1 DAGs
[2023-04-27T06:47:56.049+0000] {logging_mixin.py:137} INFO - [2023-04-27T06:47:56.048+0000] {dag.py:3456} INFO - Setting next_dagrun for weather_dag_api to 2023-04-27T00:00:00+00:00, run_after=2023-04-28T00:00:00+00:00
[2023-04-27T06:47:56.589+0000] {processor.py:175} INFO - Processing /opt/airflow/dags/weather_dag_api.py took 2.694 seconds
[2023-04-27T06:48:27.684+0000] {processor.py:153} INFO - Started process (PID=166) to work on /opt/airflow/dags/weather_dag_api.py
[2023-04-27T06:48:27.686+0000] {processor.py:743} INFO - Processing file /opt/airflow/dags/weather_dag_api.py for tasks to queue
[2023-04-27T06:48:27.689+0000] {logging_mixin.py:137} INFO - [2023-04-27T06:48:27.689+0000] {dagbag.py:532} INFO - Filling up the DagBag from /opt/airflow/dags/weather_dag_api.py
[2023-04-27T06:48:28.136+0000] {processor.py:753} INFO - DAG(s) dict_keys(['weather_dag_api']) retrieved from /opt/airflow/dags/weather_dag_api.py
[2023-04-27T06:48:28.471+0000] {logging_mixin.py:137} INFO - [2023-04-27T06:48:28.471+0000] {dag.py:2705} INFO - Sync 1 DAGs
[2023-04-27T06:48:28.553+0000] {logging_mixin.py:137} INFO - [2023-04-27T06:48:28.553+0000] {dag.py:3456} INFO - Setting next_dagrun for weather_dag_api to 2023-04-27T00:00:00+00:00, run_after=2023-04-28T00:00:00+00:00
[2023-04-27T06:48:28.619+0000] {processor.py:175} INFO - Processing /opt/airflow/dags/weather_dag_api.py took 0.950 seconds
[2023-04-27T06:48:59.221+0000] {processor.py:153} INFO - Started process (PID=186) to work on /opt/airflow/dags/weather_dag_api.py
[2023-04-27T06:48:59.225+0000] {processor.py:743} INFO - Processing file /opt/airflow/dags/weather_dag_api.py for tasks to queue
[2023-04-27T06:48:59.229+0000] {logging_mixin.py:137} INFO - [2023-04-27T06:48:59.228+0000] {dagbag.py:532} INFO - Filling up the DagBag from /opt/airflow/dags/weather_dag_api.py
[2023-04-27T06:48:59.363+0000] {processor.py:753} INFO - DAG(s) dict_keys(['weather_dag_api']) retrieved from /opt/airflow/dags/weather_dag_api.py
[2023-04-27T06:48:59.455+0000] {logging_mixin.py:137} INFO - [2023-04-27T06:48:59.455+0000] {dag.py:2705} INFO - Sync 1 DAGs
[2023-04-27T06:48:59.528+0000] {logging_mixin.py:137} INFO - [2023-04-27T06:48:59.528+0000] {dag.py:3456} INFO - Setting next_dagrun for weather_dag_api to 2023-04-27T00:00:00+00:00, run_after=2023-04-28T00:00:00+00:00
[2023-04-27T06:48:59.667+0000] {processor.py:175} INFO - Processing /opt/airflow/dags/weather_dag_api.py took 0.470 seconds
[2023-04-27T06:49:29.925+0000] {processor.py:153} INFO - Started process (PID=196) to work on /opt/airflow/dags/weather_dag_api.py
[2023-04-27T06:49:29.929+0000] {processor.py:743} INFO - Processing file /opt/airflow/dags/weather_dag_api.py for tasks to queue
[2023-04-27T06:49:29.932+0000] {logging_mixin.py:137} INFO - [2023-04-27T06:49:29.931+0000] {dagbag.py:532} INFO - Filling up the DagBag from /opt/airflow/dags/weather_dag_api.py
[2023-04-27T06:49:30.021+0000] {processor.py:753} INFO - DAG(s) dict_keys(['weather_dag_api']) retrieved from /opt/airflow/dags/weather_dag_api.py
[2023-04-27T06:49:30.048+0000] {logging_mixin.py:137} INFO - [2023-04-27T06:49:30.048+0000] {dag.py:2705} INFO - Sync 1 DAGs
[2023-04-27T06:49:30.103+0000] {logging_mixin.py:137} INFO - [2023-04-27T06:49:30.103+0000] {dag.py:3456} INFO - Setting next_dagrun for weather_dag_api to 2023-04-27T00:00:00+00:00, run_after=2023-04-28T00:00:00+00:00
[2023-04-27T06:49:30.138+0000] {processor.py:175} INFO - Processing /opt/airflow/dags/weather_dag_api.py took 0.221 seconds
[2023-04-27T06:50:00.398+0000] {processor.py:153} INFO - Started process (PID=209) to work on /opt/airflow/dags/weather_dag_api.py
[2023-04-27T06:50:00.400+0000] {processor.py:743} INFO - Processing file /opt/airflow/dags/weather_dag_api.py for tasks to queue
[2023-04-27T06:50:00.402+0000] {logging_mixin.py:137} INFO - [2023-04-27T06:50:00.402+0000] {dagbag.py:532} INFO - Filling up the DagBag from /opt/airflow/dags/weather_dag_api.py
[2023-04-27T06:50:00.487+0000] {processor.py:753} INFO - DAG(s) dict_keys(['weather_dag_api']) retrieved from /opt/airflow/dags/weather_dag_api.py
[2023-04-27T06:50:00.622+0000] {logging_mixin.py:137} INFO - [2023-04-27T06:50:00.622+0000] {dag.py:2705} INFO - Sync 1 DAGs
[2023-04-27T06:50:00.669+0000] {logging_mixin.py:137} INFO - [2023-04-27T06:50:00.669+0000] {dag.py:3456} INFO - Setting next_dagrun for weather_dag_api to 2023-04-27T00:00:00+00:00, run_after=2023-04-28T00:00:00+00:00
[2023-04-27T06:50:00.710+0000] {processor.py:175} INFO - Processing /opt/airflow/dags/weather_dag_api.py took 0.318 seconds
[2023-04-27T06:50:31.597+0000] {processor.py:153} INFO - Started process (PID=221) to work on /opt/airflow/dags/weather_dag_api.py
[2023-04-27T06:50:31.599+0000] {processor.py:743} INFO - Processing file /opt/airflow/dags/weather_dag_api.py for tasks to queue
[2023-04-27T06:50:31.602+0000] {logging_mixin.py:137} INFO - [2023-04-27T06:50:31.602+0000] {dagbag.py:532} INFO - Filling up the DagBag from /opt/airflow/dags/weather_dag_api.py
[2023-04-27T06:50:31.687+0000] {processor.py:753} INFO - DAG(s) dict_keys(['weather_dag_api']) retrieved from /opt/airflow/dags/weather_dag_api.py
[2023-04-27T06:50:31.741+0000] {logging_mixin.py:137} INFO - [2023-04-27T06:50:31.740+0000] {dag.py:2705} INFO - Sync 1 DAGs
[2023-04-27T06:50:31.795+0000] {logging_mixin.py:137} INFO - [2023-04-27T06:50:31.795+0000] {dag.py:3456} INFO - Setting next_dagrun for weather_dag_api to 2023-04-27T00:00:00+00:00, run_after=2023-04-28T00:00:00+00:00
[2023-04-27T06:50:31.835+0000] {processor.py:175} INFO - Processing /opt/airflow/dags/weather_dag_api.py took 0.247 seconds
[2023-04-27T06:51:02.269+0000] {processor.py:153} INFO - Started process (PID=230) to work on /opt/airflow/dags/weather_dag_api.py
[2023-04-27T06:51:02.274+0000] {processor.py:743} INFO - Processing file /opt/airflow/dags/weather_dag_api.py for tasks to queue
[2023-04-27T06:51:02.278+0000] {logging_mixin.py:137} INFO - [2023-04-27T06:51:02.278+0000] {dagbag.py:532} INFO - Filling up the DagBag from /opt/airflow/dags/weather_dag_api.py
[2023-04-27T06:51:02.523+0000] {processor.py:753} INFO - DAG(s) dict_keys(['weather_dag_api']) retrieved from /opt/airflow/dags/weather_dag_api.py
[2023-04-27T06:51:02.595+0000] {logging_mixin.py:137} INFO - [2023-04-27T06:51:02.595+0000] {dag.py:2705} INFO - Sync 1 DAGs
[2023-04-27T06:51:02.744+0000] {logging_mixin.py:137} INFO - [2023-04-27T06:51:02.744+0000] {dag.py:3456} INFO - Setting next_dagrun for weather_dag_api to 2023-04-27T00:00:00+00:00, run_after=2023-04-28T00:00:00+00:00
[2023-04-27T06:51:02.797+0000] {processor.py:175} INFO - Processing /opt/airflow/dags/weather_dag_api.py took 0.578 seconds
[2023-04-27T06:51:14.126+0000] {processor.py:153} INFO - Started process (PID=231) to work on /opt/airflow/dags/weather_dag_api.py
[2023-04-27T06:51:14.129+0000] {processor.py:743} INFO - Processing file /opt/airflow/dags/weather_dag_api.py for tasks to queue
[2023-04-27T06:51:14.132+0000] {logging_mixin.py:137} INFO - [2023-04-27T06:51:14.132+0000] {dagbag.py:532} INFO - Filling up the DagBag from /opt/airflow/dags/weather_dag_api.py
[2023-04-27T06:51:14.268+0000] {processor.py:753} INFO - DAG(s) dict_keys(['weather_dag_api']) retrieved from /opt/airflow/dags/weather_dag_api.py
[2023-04-27T06:51:14.307+0000] {logging_mixin.py:137} INFO - [2023-04-27T06:51:14.307+0000] {dag.py:2705} INFO - Sync 1 DAGs
[2023-04-27T06:51:14.372+0000] {logging_mixin.py:137} INFO - [2023-04-27T06:51:14.371+0000] {dag.py:3456} INFO - Setting next_dagrun for weather_dag_api to 2023-04-27T00:00:00+00:00, run_after=2023-04-28T00:00:00+00:00
[2023-04-27T06:51:14.432+0000] {processor.py:175} INFO - Processing /opt/airflow/dags/weather_dag_api.py took 0.317 seconds
[2023-04-27T06:51:27.525+0000] {processor.py:153} INFO - Started process (PID=234) to work on /opt/airflow/dags/weather_dag_api.py
[2023-04-27T06:51:27.546+0000] {processor.py:743} INFO - Processing file /opt/airflow/dags/weather_dag_api.py for tasks to queue
[2023-04-27T06:51:27.565+0000] {logging_mixin.py:137} INFO - [2023-04-27T06:51:27.564+0000] {dagbag.py:532} INFO - Filling up the DagBag from /opt/airflow/dags/weather_dag_api.py
[2023-04-27T06:51:28.218+0000] {processor.py:753} INFO - DAG(s) dict_keys(['weather_dag_api']) retrieved from /opt/airflow/dags/weather_dag_api.py
[2023-04-27T06:51:28.846+0000] {logging_mixin.py:137} INFO - [2023-04-27T06:51:28.845+0000] {dag.py:2705} INFO - Sync 1 DAGs
[2023-04-27T06:51:28.936+0000] {logging_mixin.py:137} INFO - [2023-04-27T06:51:28.934+0000] {dag.py:3456} INFO - Setting next_dagrun for weather_dag_api to 2023-04-27T00:00:00+00:00, run_after=2023-04-28T00:00:00+00:00
[2023-04-27T06:51:28.999+0000] {processor.py:175} INFO - Processing /opt/airflow/dags/weather_dag_api.py took 1.492 seconds
[2023-04-27T06:51:59.409+0000] {processor.py:153} INFO - Started process (PID=244) to work on /opt/airflow/dags/weather_dag_api.py
[2023-04-27T06:51:59.421+0000] {processor.py:743} INFO - Processing file /opt/airflow/dags/weather_dag_api.py for tasks to queue
[2023-04-27T06:51:59.442+0000] {logging_mixin.py:137} INFO - [2023-04-27T06:51:59.441+0000] {dagbag.py:532} INFO - Filling up the DagBag from /opt/airflow/dags/weather_dag_api.py
[2023-04-27T06:51:59.922+0000] {processor.py:753} INFO - DAG(s) dict_keys(['weather_dag_api']) retrieved from /opt/airflow/dags/weather_dag_api.py
[2023-04-27T06:52:00.324+0000] {logging_mixin.py:137} INFO - [2023-04-27T06:52:00.323+0000] {dag.py:2705} INFO - Sync 1 DAGs
[2023-04-27T06:52:00.516+0000] {logging_mixin.py:137} INFO - [2023-04-27T06:52:00.514+0000] {dag.py:3456} INFO - Setting next_dagrun for weather_dag_api to 2023-04-27T00:00:00+00:00, run_after=2023-04-28T00:00:00+00:00
[2023-04-27T06:52:00.587+0000] {processor.py:175} INFO - Processing /opt/airflow/dags/weather_dag_api.py took 1.260 seconds
[2023-04-27T06:52:31.040+0000] {processor.py:153} INFO - Started process (PID=256) to work on /opt/airflow/dags/weather_dag_api.py
[2023-04-27T06:52:31.052+0000] {processor.py:743} INFO - Processing file /opt/airflow/dags/weather_dag_api.py for tasks to queue
[2023-04-27T06:52:31.070+0000] {logging_mixin.py:137} INFO - [2023-04-27T06:52:31.070+0000] {dagbag.py:532} INFO - Filling up the DagBag from /opt/airflow/dags/weather_dag_api.py
[2023-04-27T06:52:31.668+0000] {processor.py:753} INFO - DAG(s) dict_keys(['weather_dag_api']) retrieved from /opt/airflow/dags/weather_dag_api.py
[2023-04-27T06:52:31.792+0000] {logging_mixin.py:137} INFO - [2023-04-27T06:52:31.790+0000] {dag.py:2705} INFO - Sync 1 DAGs
[2023-04-27T06:52:32.139+0000] {logging_mixin.py:137} INFO - [2023-04-27T06:52:32.138+0000] {dag.py:3456} INFO - Setting next_dagrun for weather_dag_api to 2023-04-27T00:00:00+00:00, run_after=2023-04-28T00:00:00+00:00
[2023-04-27T06:52:32.229+0000] {processor.py:175} INFO - Processing /opt/airflow/dags/weather_dag_api.py took 1.227 seconds
[2023-04-27T06:53:02.530+0000] {processor.py:153} INFO - Started process (PID=272) to work on /opt/airflow/dags/weather_dag_api.py
[2023-04-27T06:53:02.532+0000] {processor.py:743} INFO - Processing file /opt/airflow/dags/weather_dag_api.py for tasks to queue
[2023-04-27T06:53:02.535+0000] {logging_mixin.py:137} INFO - [2023-04-27T06:53:02.535+0000] {dagbag.py:532} INFO - Filling up the DagBag from /opt/airflow/dags/weather_dag_api.py
[2023-04-27T06:53:02.621+0000] {processor.py:753} INFO - DAG(s) dict_keys(['weather_dag_api']) retrieved from /opt/airflow/dags/weather_dag_api.py
[2023-04-27T06:53:02.784+0000] {logging_mixin.py:137} INFO - [2023-04-27T06:53:02.783+0000] {dag.py:2705} INFO - Sync 1 DAGs
[2023-04-27T06:53:02.845+0000] {logging_mixin.py:137} INFO - [2023-04-27T06:53:02.845+0000] {dag.py:3456} INFO - Setting next_dagrun for weather_dag_api to 2023-04-27T00:00:00+00:00, run_after=2023-04-28T00:00:00+00:00
[2023-04-27T06:53:02.906+0000] {processor.py:175} INFO - Processing /opt/airflow/dags/weather_dag_api.py took 0.384 seconds
[2023-04-27T06:53:03.540+0000] {processor.py:153} INFO - Started process (PID=273) to work on /opt/airflow/dags/weather_dag_api.py
[2023-04-27T06:53:03.542+0000] {processor.py:743} INFO - Processing file /opt/airflow/dags/weather_dag_api.py for tasks to queue
[2023-04-27T06:53:03.544+0000] {logging_mixin.py:137} INFO - [2023-04-27T06:53:03.544+0000] {dagbag.py:532} INFO - Filling up the DagBag from /opt/airflow/dags/weather_dag_api.py
[2023-04-27T06:53:03.657+0000] {processor.py:753} INFO - DAG(s) dict_keys(['weather_dag_api']) retrieved from /opt/airflow/dags/weather_dag_api.py
[2023-04-27T06:53:03.687+0000] {logging_mixin.py:137} INFO - [2023-04-27T06:53:03.686+0000] {dag.py:2705} INFO - Sync 1 DAGs
[2023-04-27T06:53:03.744+0000] {logging_mixin.py:137} INFO - [2023-04-27T06:53:03.743+0000] {dag.py:3456} INFO - Setting next_dagrun for weather_dag_api to 2023-04-27T00:00:00+00:00, run_after=2023-04-28T00:00:00+00:00
[2023-04-27T06:53:03.787+0000] {processor.py:175} INFO - Processing /opt/airflow/dags/weather_dag_api.py took 0.252 seconds
[2023-04-27T06:53:34.540+0000] {processor.py:153} INFO - Started process (PID=284) to work on /opt/airflow/dags/weather_dag_api.py
[2023-04-27T06:53:34.558+0000] {processor.py:743} INFO - Processing file /opt/airflow/dags/weather_dag_api.py for tasks to queue
[2023-04-27T06:53:34.568+0000] {logging_mixin.py:137} INFO - [2023-04-27T06:53:34.566+0000] {dagbag.py:532} INFO - Filling up the DagBag from /opt/airflow/dags/weather_dag_api.py
[2023-04-27T06:53:34.871+0000] {processor.py:753} INFO - DAG(s) dict_keys(['weather_dag_api']) retrieved from /opt/airflow/dags/weather_dag_api.py
[2023-04-27T06:53:35.207+0000] {logging_mixin.py:137} INFO - [2023-04-27T06:53:35.207+0000] {dag.py:2705} INFO - Sync 1 DAGs
[2023-04-27T06:53:35.412+0000] {logging_mixin.py:137} INFO - [2023-04-27T06:53:35.412+0000] {dag.py:3456} INFO - Setting next_dagrun for weather_dag_api to 2023-04-27T00:00:00+00:00, run_after=2023-04-28T00:00:00+00:00
[2023-04-27T06:53:35.629+0000] {processor.py:175} INFO - Processing /opt/airflow/dags/weather_dag_api.py took 1.103 seconds
[2023-04-27T06:54:06.239+0000] {processor.py:153} INFO - Started process (PID=294) to work on /opt/airflow/dags/weather_dag_api.py
[2023-04-27T06:54:06.250+0000] {processor.py:743} INFO - Processing file /opt/airflow/dags/weather_dag_api.py for tasks to queue
[2023-04-27T06:54:06.263+0000] {logging_mixin.py:137} INFO - [2023-04-27T06:54:06.262+0000] {dagbag.py:532} INFO - Filling up the DagBag from /opt/airflow/dags/weather_dag_api.py
[2023-04-27T06:54:06.429+0000] {processor.py:753} INFO - DAG(s) dict_keys(['weather_dag_api']) retrieved from /opt/airflow/dags/weather_dag_api.py
[2023-04-27T06:54:06.581+0000] {logging_mixin.py:137} INFO - [2023-04-27T06:54:06.580+0000] {dag.py:2705} INFO - Sync 1 DAGs
[2023-04-27T06:54:06.640+0000] {logging_mixin.py:137} INFO - [2023-04-27T06:54:06.640+0000] {dag.py:3456} INFO - Setting next_dagrun for weather_dag_api to 2023-04-27T00:00:00+00:00, run_after=2023-04-28T00:00:00+00:00
[2023-04-27T06:54:06.676+0000] {processor.py:175} INFO - Processing /opt/airflow/dags/weather_dag_api.py took 0.461 seconds
[2023-04-27T06:54:36.936+0000] {processor.py:153} INFO - Started process (PID=304) to work on /opt/airflow/dags/weather_dag_api.py
[2023-04-27T06:54:36.939+0000] {processor.py:743} INFO - Processing file /opt/airflow/dags/weather_dag_api.py for tasks to queue
[2023-04-27T06:54:36.950+0000] {logging_mixin.py:137} INFO - [2023-04-27T06:54:36.949+0000] {dagbag.py:532} INFO - Filling up the DagBag from /opt/airflow/dags/weather_dag_api.py
[2023-04-27T06:54:37.859+0000] {processor.py:753} INFO - DAG(s) dict_keys(['weather_dag_api']) retrieved from /opt/airflow/dags/weather_dag_api.py
[2023-04-27T06:54:37.943+0000] {logging_mixin.py:137} INFO - [2023-04-27T06:54:37.943+0000] {dag.py:2705} INFO - Sync 1 DAGs
[2023-04-27T06:54:38.122+0000] {logging_mixin.py:137} INFO - [2023-04-27T06:54:38.122+0000] {dag.py:3456} INFO - Setting next_dagrun for weather_dag_api to 2023-04-27T00:00:00+00:00, run_after=2023-04-28T00:00:00+00:00
[2023-04-27T06:54:38.285+0000] {processor.py:175} INFO - Processing /opt/airflow/dags/weather_dag_api.py took 1.477 seconds
[2023-04-27T06:55:09.188+0000] {processor.py:153} INFO - Started process (PID=314) to work on /opt/airflow/dags/weather_dag_api.py
[2023-04-27T06:55:09.191+0000] {processor.py:743} INFO - Processing file /opt/airflow/dags/weather_dag_api.py for tasks to queue
[2023-04-27T06:55:09.193+0000] {logging_mixin.py:137} INFO - [2023-04-27T06:55:09.193+0000] {dagbag.py:532} INFO - Filling up the DagBag from /opt/airflow/dags/weather_dag_api.py
[2023-04-27T06:55:09.312+0000] {processor.py:753} INFO - DAG(s) dict_keys(['weather_dag_api']) retrieved from /opt/airflow/dags/weather_dag_api.py
[2023-04-27T06:55:09.549+0000] {logging_mixin.py:137} INFO - [2023-04-27T06:55:09.548+0000] {dag.py:2705} INFO - Sync 1 DAGs
[2023-04-27T06:55:09.645+0000] {logging_mixin.py:137} INFO - [2023-04-27T06:55:09.645+0000] {dag.py:3456} INFO - Setting next_dagrun for weather_dag_api to 2023-04-27T00:00:00+00:00, run_after=2023-04-28T00:00:00+00:00
[2023-04-27T06:55:09.704+0000] {processor.py:175} INFO - Processing /opt/airflow/dags/weather_dag_api.py took 0.526 seconds
[2023-04-27T06:55:40.475+0000] {processor.py:153} INFO - Started process (PID=326) to work on /opt/airflow/dags/weather_dag_api.py
[2023-04-27T06:55:40.478+0000] {processor.py:743} INFO - Processing file /opt/airflow/dags/weather_dag_api.py for tasks to queue
[2023-04-27T06:55:40.481+0000] {logging_mixin.py:137} INFO - [2023-04-27T06:55:40.480+0000] {dagbag.py:532} INFO - Filling up the DagBag from /opt/airflow/dags/weather_dag_api.py
[2023-04-27T06:55:40.579+0000] {processor.py:753} INFO - DAG(s) dict_keys(['weather_dag_api']) retrieved from /opt/airflow/dags/weather_dag_api.py
[2023-04-27T06:55:40.643+0000] {logging_mixin.py:137} INFO - [2023-04-27T06:55:40.643+0000] {dag.py:2705} INFO - Sync 1 DAGs
[2023-04-27T06:55:40.702+0000] {logging_mixin.py:137} INFO - [2023-04-27T06:55:40.702+0000] {dag.py:3456} INFO - Setting next_dagrun for weather_dag_api to 2023-04-27T00:00:00+00:00, run_after=2023-04-28T00:00:00+00:00
[2023-04-27T06:55:40.747+0000] {processor.py:175} INFO - Processing /opt/airflow/dags/weather_dag_api.py took 0.280 seconds
[2023-04-27T06:56:10.834+0000] {processor.py:153} INFO - Started process (PID=336) to work on /opt/airflow/dags/weather_dag_api.py
[2023-04-27T06:56:10.838+0000] {processor.py:743} INFO - Processing file /opt/airflow/dags/weather_dag_api.py for tasks to queue
[2023-04-27T06:56:10.842+0000] {logging_mixin.py:137} INFO - [2023-04-27T06:56:10.841+0000] {dagbag.py:532} INFO - Filling up the DagBag from /opt/airflow/dags/weather_dag_api.py
[2023-04-27T06:56:10.962+0000] {processor.py:753} INFO - DAG(s) dict_keys(['weather_dag_api']) retrieved from /opt/airflow/dags/weather_dag_api.py
[2023-04-27T06:56:11.000+0000] {logging_mixin.py:137} INFO - [2023-04-27T06:56:11.000+0000] {dag.py:2705} INFO - Sync 1 DAGs
[2023-04-27T06:56:11.085+0000] {logging_mixin.py:137} INFO - [2023-04-27T06:56:11.085+0000] {dag.py:3456} INFO - Setting next_dagrun for weather_dag_api to 2023-04-27T00:00:00+00:00, run_after=2023-04-28T00:00:00+00:00
[2023-04-27T06:56:11.145+0000] {processor.py:175} INFO - Processing /opt/airflow/dags/weather_dag_api.py took 0.320 seconds
[2023-04-27T06:56:41.900+0000] {processor.py:153} INFO - Started process (PID=347) to work on /opt/airflow/dags/weather_dag_api.py
[2023-04-27T06:56:41.903+0000] {processor.py:743} INFO - Processing file /opt/airflow/dags/weather_dag_api.py for tasks to queue
[2023-04-27T06:56:41.909+0000] {logging_mixin.py:137} INFO - [2023-04-27T06:56:41.907+0000] {dagbag.py:532} INFO - Filling up the DagBag from /opt/airflow/dags/weather_dag_api.py
[2023-04-27T06:56:42.117+0000] {processor.py:753} INFO - DAG(s) dict_keys(['weather_dag_api']) retrieved from /opt/airflow/dags/weather_dag_api.py
[2023-04-27T06:56:42.526+0000] {logging_mixin.py:137} INFO - [2023-04-27T06:56:42.525+0000] {dag.py:2705} INFO - Sync 1 DAGs
[2023-04-27T06:56:42.804+0000] {logging_mixin.py:137} INFO - [2023-04-27T06:56:42.803+0000] {dag.py:3456} INFO - Setting next_dagrun for weather_dag_api to 2023-04-27T00:00:00+00:00, run_after=2023-04-28T00:00:00+00:00
[2023-04-27T06:56:42.927+0000] {processor.py:175} INFO - Processing /opt/airflow/dags/weather_dag_api.py took 1.047 seconds
[2023-04-27T06:57:00.544+0000] {processor.py:153} INFO - Started process (PID=349) to work on /opt/airflow/dags/weather_dag_api.py
[2023-04-27T06:57:00.547+0000] {processor.py:743} INFO - Processing file /opt/airflow/dags/weather_dag_api.py for tasks to queue
[2023-04-27T06:57:00.549+0000] {logging_mixin.py:137} INFO - [2023-04-27T06:57:00.549+0000] {dagbag.py:532} INFO - Filling up the DagBag from /opt/airflow/dags/weather_dag_api.py
[2023-04-27T06:57:00.655+0000] {processor.py:753} INFO - DAG(s) dict_keys(['weather_dag_api']) retrieved from /opt/airflow/dags/weather_dag_api.py
[2023-04-27T06:57:00.681+0000] {logging_mixin.py:137} INFO - [2023-04-27T06:57:00.681+0000] {dag.py:2705} INFO - Sync 1 DAGs
[2023-04-27T06:57:00.739+0000] {logging_mixin.py:137} INFO - [2023-04-27T06:57:00.739+0000] {dag.py:3456} INFO - Setting next_dagrun for weather_dag_api to 2023-04-27T00:00:00+00:00, run_after=2023-04-28T00:00:00+00:00
[2023-04-27T06:57:00.786+0000] {processor.py:175} INFO - Processing /opt/airflow/dags/weather_dag_api.py took 0.247 seconds
[2023-04-27T06:57:31.263+0000] {processor.py:153} INFO - Started process (PID=359) to work on /opt/airflow/dags/weather_dag_api.py
[2023-04-27T06:57:31.269+0000] {processor.py:743} INFO - Processing file /opt/airflow/dags/weather_dag_api.py for tasks to queue
[2023-04-27T06:57:31.273+0000] {logging_mixin.py:137} INFO - [2023-04-27T06:57:31.272+0000] {dagbag.py:532} INFO - Filling up the DagBag from /opt/airflow/dags/weather_dag_api.py
[2023-04-27T06:57:31.426+0000] {processor.py:753} INFO - DAG(s) dict_keys(['weather_dag_api']) retrieved from /opt/airflow/dags/weather_dag_api.py
[2023-04-27T06:57:31.522+0000] {logging_mixin.py:137} INFO - [2023-04-27T06:57:31.522+0000] {dag.py:2705} INFO - Sync 1 DAGs
[2023-04-27T06:57:31.700+0000] {logging_mixin.py:137} INFO - [2023-04-27T06:57:31.700+0000] {dag.py:3456} INFO - Setting next_dagrun for weather_dag_api to 2023-04-27T00:00:00+00:00, run_after=2023-04-28T00:00:00+00:00
[2023-04-27T06:57:31.868+0000] {processor.py:175} INFO - Processing /opt/airflow/dags/weather_dag_api.py took 0.620 seconds
[2023-04-27T06:58:02.390+0000] {processor.py:153} INFO - Started process (PID=371) to work on /opt/airflow/dags/weather_dag_api.py
[2023-04-27T06:58:02.401+0000] {processor.py:743} INFO - Processing file /opt/airflow/dags/weather_dag_api.py for tasks to queue
[2023-04-27T06:58:02.404+0000] {logging_mixin.py:137} INFO - [2023-04-27T06:58:02.403+0000] {dagbag.py:532} INFO - Filling up the DagBag from /opt/airflow/dags/weather_dag_api.py
[2023-04-27T06:58:02.499+0000] {processor.py:753} INFO - DAG(s) dict_keys(['weather_dag_api']) retrieved from /opt/airflow/dags/weather_dag_api.py
[2023-04-27T06:58:02.536+0000] {logging_mixin.py:137} INFO - [2023-04-27T06:58:02.536+0000] {dag.py:2705} INFO - Sync 1 DAGs
[2023-04-27T06:58:02.598+0000] {logging_mixin.py:137} INFO - [2023-04-27T06:58:02.597+0000] {dag.py:3456} INFO - Setting next_dagrun for weather_dag_api to 2023-04-27T00:00:00+00:00, run_after=2023-04-28T00:00:00+00:00
[2023-04-27T06:58:02.645+0000] {processor.py:175} INFO - Processing /opt/airflow/dags/weather_dag_api.py took 0.264 seconds
[2023-04-27T06:58:33.007+0000] {processor.py:153} INFO - Started process (PID=384) to work on /opt/airflow/dags/weather_dag_api.py
[2023-04-27T06:58:33.011+0000] {processor.py:743} INFO - Processing file /opt/airflow/dags/weather_dag_api.py for tasks to queue
[2023-04-27T06:58:33.018+0000] {logging_mixin.py:137} INFO - [2023-04-27T06:58:33.017+0000] {dagbag.py:532} INFO - Filling up the DagBag from /opt/airflow/dags/weather_dag_api.py
[2023-04-27T06:58:33.168+0000] {processor.py:753} INFO - DAG(s) dict_keys(['weather_dag_api']) retrieved from /opt/airflow/dags/weather_dag_api.py
[2023-04-27T06:58:33.360+0000] {logging_mixin.py:137} INFO - [2023-04-27T06:58:33.360+0000] {dag.py:2705} INFO - Sync 1 DAGs
[2023-04-27T06:58:33.439+0000] {logging_mixin.py:137} INFO - [2023-04-27T06:58:33.438+0000] {dag.py:3456} INFO - Setting next_dagrun for weather_dag_api to 2023-04-27T00:00:00+00:00, run_after=2023-04-28T00:00:00+00:00
[2023-04-27T06:58:33.498+0000] {processor.py:175} INFO - Processing /opt/airflow/dags/weather_dag_api.py took 0.500 seconds
[2023-04-27T06:59:04.022+0000] {processor.py:153} INFO - Started process (PID=395) to work on /opt/airflow/dags/weather_dag_api.py
[2023-04-27T06:59:04.028+0000] {processor.py:743} INFO - Processing file /opt/airflow/dags/weather_dag_api.py for tasks to queue
[2023-04-27T06:59:04.030+0000] {logging_mixin.py:137} INFO - [2023-04-27T06:59:04.030+0000] {dagbag.py:532} INFO - Filling up the DagBag from /opt/airflow/dags/weather_dag_api.py
[2023-04-27T06:59:04.215+0000] {processor.py:753} INFO - DAG(s) dict_keys(['weather_dag_api']) retrieved from /opt/airflow/dags/weather_dag_api.py
[2023-04-27T06:59:04.284+0000] {logging_mixin.py:137} INFO - [2023-04-27T06:59:04.283+0000] {dag.py:2705} INFO - Sync 1 DAGs
[2023-04-27T06:59:04.349+0000] {logging_mixin.py:137} INFO - [2023-04-27T06:59:04.348+0000] {dag.py:3456} INFO - Setting next_dagrun for weather_dag_api to 2023-04-27T00:00:00+00:00, run_after=2023-04-28T00:00:00+00:00
[2023-04-27T06:59:04.394+0000] {processor.py:175} INFO - Processing /opt/airflow/dags/weather_dag_api.py took 0.378 seconds
[2023-04-27T06:59:34.832+0000] {processor.py:153} INFO - Started process (PID=405) to work on /opt/airflow/dags/weather_dag_api.py
[2023-04-27T06:59:34.835+0000] {processor.py:743} INFO - Processing file /opt/airflow/dags/weather_dag_api.py for tasks to queue
[2023-04-27T06:59:34.837+0000] {logging_mixin.py:137} INFO - [2023-04-27T06:59:34.837+0000] {dagbag.py:532} INFO - Filling up the DagBag from /opt/airflow/dags/weather_dag_api.py
[2023-04-27T06:59:34.921+0000] {processor.py:753} INFO - DAG(s) dict_keys(['weather_dag_api']) retrieved from /opt/airflow/dags/weather_dag_api.py
[2023-04-27T06:59:34.944+0000] {logging_mixin.py:137} INFO - [2023-04-27T06:59:34.943+0000] {dag.py:2705} INFO - Sync 1 DAGs
[2023-04-27T06:59:34.996+0000] {logging_mixin.py:137} INFO - [2023-04-27T06:59:34.996+0000] {dag.py:3456} INFO - Setting next_dagrun for weather_dag_api to 2023-04-27T00:00:00+00:00, run_after=2023-04-28T00:00:00+00:00
[2023-04-27T06:59:35.026+0000] {processor.py:175} INFO - Processing /opt/airflow/dags/weather_dag_api.py took 0.202 seconds
[2023-04-27T07:00:05.451+0000] {processor.py:153} INFO - Started process (PID=415) to work on /opt/airflow/dags/weather_dag_api.py
[2023-04-27T07:00:05.455+0000] {processor.py:743} INFO - Processing file /opt/airflow/dags/weather_dag_api.py for tasks to queue
[2023-04-27T07:00:05.460+0000] {logging_mixin.py:137} INFO - [2023-04-27T07:00:05.460+0000] {dagbag.py:532} INFO - Filling up the DagBag from /opt/airflow/dags/weather_dag_api.py
[2023-04-27T07:00:05.545+0000] {processor.py:753} INFO - DAG(s) dict_keys(['weather_dag_api']) retrieved from /opt/airflow/dags/weather_dag_api.py
[2023-04-27T07:00:05.710+0000] {logging_mixin.py:137} INFO - [2023-04-27T07:00:05.699+0000] {dag.py:2705} INFO - Sync 1 DAGs
[2023-04-27T07:00:05.790+0000] {logging_mixin.py:137} INFO - [2023-04-27T07:00:05.790+0000] {dag.py:3456} INFO - Setting next_dagrun for weather_dag_api to 2023-04-27T00:00:00+00:00, run_after=2023-04-28T00:00:00+00:00
[2023-04-27T07:00:05.844+0000] {processor.py:175} INFO - Processing /opt/airflow/dags/weather_dag_api.py took 0.403 seconds
[2023-04-27T07:00:25.621+0000] {processor.py:153} INFO - Started process (PID=424) to work on /opt/airflow/dags/weather_dag_api.py
[2023-04-27T07:00:25.624+0000] {processor.py:743} INFO - Processing file /opt/airflow/dags/weather_dag_api.py for tasks to queue
[2023-04-27T07:00:25.626+0000] {logging_mixin.py:137} INFO - [2023-04-27T07:00:25.626+0000] {dagbag.py:532} INFO - Filling up the DagBag from /opt/airflow/dags/weather_dag_api.py
[2023-04-27T07:00:25.739+0000] {processor.py:753} INFO - DAG(s) dict_keys(['weather_dag_api']) retrieved from /opt/airflow/dags/weather_dag_api.py
[2023-04-27T07:00:25.770+0000] {logging_mixin.py:137} INFO - [2023-04-27T07:00:25.769+0000] {dag.py:2705} INFO - Sync 1 DAGs
[2023-04-27T07:00:25.827+0000] {logging_mixin.py:137} INFO - [2023-04-27T07:00:25.827+0000] {dag.py:3456} INFO - Setting next_dagrun for weather_dag_api to 2023-04-27T00:00:00+00:00, run_after=2023-04-28T00:00:00+00:00
[2023-04-27T07:00:25.883+0000] {processor.py:175} INFO - Processing /opt/airflow/dags/weather_dag_api.py took 0.270 seconds
[2023-04-27T07:00:26.630+0000] {processor.py:153} INFO - Started process (PID=425) to work on /opt/airflow/dags/weather_dag_api.py
[2023-04-27T07:00:26.632+0000] {processor.py:743} INFO - Processing file /opt/airflow/dags/weather_dag_api.py for tasks to queue
[2023-04-27T07:00:26.635+0000] {logging_mixin.py:137} INFO - [2023-04-27T07:00:26.635+0000] {dagbag.py:532} INFO - Filling up the DagBag from /opt/airflow/dags/weather_dag_api.py
[2023-04-27T07:00:26.758+0000] {processor.py:753} INFO - DAG(s) dict_keys(['weather_dag_api']) retrieved from /opt/airflow/dags/weather_dag_api.py
[2023-04-27T07:00:26.792+0000] {logging_mixin.py:137} INFO - [2023-04-27T07:00:26.792+0000] {dag.py:2705} INFO - Sync 1 DAGs
[2023-04-27T07:00:26.871+0000] {logging_mixin.py:137} INFO - [2023-04-27T07:00:26.871+0000] {dag.py:3456} INFO - Setting next_dagrun for weather_dag_api to 2023-04-27T00:00:00+00:00, run_after=2023-04-28T00:00:00+00:00
[2023-04-27T07:00:26.930+0000] {processor.py:175} INFO - Processing /opt/airflow/dags/weather_dag_api.py took 0.306 seconds
[2023-04-27T07:00:35.029+0000] {processor.py:153} INFO - Started process (PID=427) to work on /opt/airflow/dags/weather_dag_api.py
[2023-04-27T07:00:35.032+0000] {processor.py:743} INFO - Processing file /opt/airflow/dags/weather_dag_api.py for tasks to queue
[2023-04-27T07:00:35.035+0000] {logging_mixin.py:137} INFO - [2023-04-27T07:00:35.034+0000] {dagbag.py:532} INFO - Filling up the DagBag from /opt/airflow/dags/weather_dag_api.py
[2023-04-27T07:00:35.138+0000] {processor.py:753} INFO - DAG(s) dict_keys(['weather_dag_api']) retrieved from /opt/airflow/dags/weather_dag_api.py
[2023-04-27T07:00:35.164+0000] {logging_mixin.py:137} INFO - [2023-04-27T07:00:35.164+0000] {dag.py:2705} INFO - Sync 1 DAGs
[2023-04-27T07:00:35.222+0000] {logging_mixin.py:137} INFO - [2023-04-27T07:00:35.221+0000] {dag.py:3456} INFO - Setting next_dagrun for weather_dag_api to 2023-04-27T00:00:00+00:00, run_after=2023-04-28T00:00:00+00:00
[2023-04-27T07:00:35.277+0000] {processor.py:175} INFO - Processing /opt/airflow/dags/weather_dag_api.py took 0.256 seconds
[2023-04-27T07:01:06.358+0000] {processor.py:153} INFO - Started process (PID=437) to work on /opt/airflow/dags/weather_dag_api.py
[2023-04-27T07:01:06.364+0000] {processor.py:743} INFO - Processing file /opt/airflow/dags/weather_dag_api.py for tasks to queue
[2023-04-27T07:01:06.375+0000] {logging_mixin.py:137} INFO - [2023-04-27T07:01:06.374+0000] {dagbag.py:532} INFO - Filling up the DagBag from /opt/airflow/dags/weather_dag_api.py
[2023-04-27T07:01:07.348+0000] {processor.py:753} INFO - DAG(s) dict_keys(['weather_dag_api']) retrieved from /opt/airflow/dags/weather_dag_api.py
[2023-04-27T07:01:07.383+0000] {logging_mixin.py:137} INFO - [2023-04-27T07:01:07.383+0000] {dag.py:2705} INFO - Sync 1 DAGs
[2023-04-27T07:01:07.676+0000] {logging_mixin.py:137} INFO - [2023-04-27T07:01:07.676+0000] {dag.py:3456} INFO - Setting next_dagrun for weather_dag_api to 2023-04-27T00:00:00+00:00, run_after=2023-04-28T00:00:00+00:00
[2023-04-27T07:01:07.862+0000] {processor.py:175} INFO - Processing /opt/airflow/dags/weather_dag_api.py took 1.713 seconds
[2023-04-27T07:01:38.557+0000] {processor.py:153} INFO - Started process (PID=454) to work on /opt/airflow/dags/weather_dag_api.py
[2023-04-27T07:01:38.561+0000] {processor.py:743} INFO - Processing file /opt/airflow/dags/weather_dag_api.py for tasks to queue
[2023-04-27T07:01:38.564+0000] {logging_mixin.py:137} INFO - [2023-04-27T07:01:38.564+0000] {dagbag.py:532} INFO - Filling up the DagBag from /opt/airflow/dags/weather_dag_api.py
[2023-04-27T07:01:38.679+0000] {processor.py:753} INFO - DAG(s) dict_keys(['weather_dag_api']) retrieved from /opt/airflow/dags/weather_dag_api.py
[2023-04-27T07:01:38.809+0000] {logging_mixin.py:137} INFO - [2023-04-27T07:01:38.809+0000] {dag.py:2705} INFO - Sync 1 DAGs
[2023-04-27T07:01:38.858+0000] {logging_mixin.py:137} INFO - [2023-04-27T07:01:38.858+0000] {dag.py:3456} INFO - Setting next_dagrun for weather_dag_api to 2023-04-27T00:00:00+00:00, run_after=2023-04-28T00:00:00+00:00
[2023-04-27T07:01:38.900+0000] {processor.py:175} INFO - Processing /opt/airflow/dags/weather_dag_api.py took 0.351 seconds
[2023-04-27T07:02:09.304+0000] {processor.py:153} INFO - Started process (PID=466) to work on /opt/airflow/dags/weather_dag_api.py
[2023-04-27T07:02:09.307+0000] {processor.py:743} INFO - Processing file /opt/airflow/dags/weather_dag_api.py for tasks to queue
[2023-04-27T07:02:09.309+0000] {logging_mixin.py:137} INFO - [2023-04-27T07:02:09.309+0000] {dagbag.py:532} INFO - Filling up the DagBag from /opt/airflow/dags/weather_dag_api.py
[2023-04-27T07:02:09.462+0000] {processor.py:753} INFO - DAG(s) dict_keys(['weather_dag_api']) retrieved from /opt/airflow/dags/weather_dag_api.py
[2023-04-27T07:02:09.561+0000] {logging_mixin.py:137} INFO - [2023-04-27T07:02:09.561+0000] {dag.py:2705} INFO - Sync 1 DAGs
[2023-04-27T07:02:09.640+0000] {logging_mixin.py:137} INFO - [2023-04-27T07:02:09.640+0000] {dag.py:3456} INFO - Setting next_dagrun for weather_dag_api to 2023-04-27T00:00:00+00:00, run_after=2023-04-28T00:00:00+00:00
[2023-04-27T07:02:09.691+0000] {processor.py:175} INFO - Processing /opt/airflow/dags/weather_dag_api.py took 0.398 seconds
[2023-04-27T07:02:34.966+0000] {processor.py:153} INFO - Started process (PID=468) to work on /opt/airflow/dags/weather_dag_api.py
[2023-04-27T07:02:34.968+0000] {processor.py:743} INFO - Processing file /opt/airflow/dags/weather_dag_api.py for tasks to queue
[2023-04-27T07:02:34.971+0000] {logging_mixin.py:137} INFO - [2023-04-27T07:02:34.971+0000] {dagbag.py:532} INFO - Filling up the DagBag from /opt/airflow/dags/weather_dag_api.py
[2023-04-27T07:02:35.088+0000] {processor.py:753} INFO - DAG(s) dict_keys(['weather_dag_api']) retrieved from /opt/airflow/dags/weather_dag_api.py
[2023-04-27T07:02:35.130+0000] {logging_mixin.py:137} INFO - [2023-04-27T07:02:35.130+0000] {dag.py:2705} INFO - Sync 1 DAGs
[2023-04-27T07:02:35.275+0000] {logging_mixin.py:137} INFO - [2023-04-27T07:02:35.274+0000] {dag.py:3456} INFO - Setting next_dagrun for weather_dag_api to 2023-04-27T00:00:00+00:00, run_after=2023-04-28T00:00:00+00:00
[2023-04-27T07:02:35.416+0000] {processor.py:175} INFO - Processing /opt/airflow/dags/weather_dag_api.py took 0.456 seconds
[2023-04-27T07:03:05.837+0000] {processor.py:153} INFO - Started process (PID=479) to work on /opt/airflow/dags/weather_dag_api.py
[2023-04-27T07:03:05.853+0000] {processor.py:743} INFO - Processing file /opt/airflow/dags/weather_dag_api.py for tasks to queue
[2023-04-27T07:03:05.871+0000] {logging_mixin.py:137} INFO - [2023-04-27T07:03:05.870+0000] {dagbag.py:532} INFO - Filling up the DagBag from /opt/airflow/dags/weather_dag_api.py
[2023-04-27T07:03:06.603+0000] {processor.py:753} INFO - DAG(s) dict_keys(['weather_dag_api']) retrieved from /opt/airflow/dags/weather_dag_api.py
[2023-04-27T07:03:07.056+0000] {logging_mixin.py:137} INFO - [2023-04-27T07:03:07.056+0000] {dag.py:2705} INFO - Sync 1 DAGs
[2023-04-27T07:03:07.127+0000] {logging_mixin.py:137} INFO - [2023-04-27T07:03:07.127+0000] {dag.py:3456} INFO - Setting next_dagrun for weather_dag_api to 2023-04-27T00:00:00+00:00, run_after=2023-04-28T00:00:00+00:00
[2023-04-27T07:03:07.199+0000] {processor.py:175} INFO - Processing /opt/airflow/dags/weather_dag_api.py took 1.376 seconds
[2023-04-27T07:03:37.533+0000] {processor.py:153} INFO - Started process (PID=491) to work on /opt/airflow/dags/weather_dag_api.py
[2023-04-27T07:03:37.536+0000] {processor.py:743} INFO - Processing file /opt/airflow/dags/weather_dag_api.py for tasks to queue
[2023-04-27T07:03:37.538+0000] {logging_mixin.py:137} INFO - [2023-04-27T07:03:37.538+0000] {dagbag.py:532} INFO - Filling up the DagBag from /opt/airflow/dags/weather_dag_api.py
[2023-04-27T07:03:37.628+0000] {processor.py:753} INFO - DAG(s) dict_keys(['weather_dag_api']) retrieved from /opt/airflow/dags/weather_dag_api.py
[2023-04-27T07:03:37.670+0000] {logging_mixin.py:137} INFO - [2023-04-27T07:03:37.669+0000] {dag.py:2705} INFO - Sync 1 DAGs
[2023-04-27T07:03:37.720+0000] {logging_mixin.py:137} INFO - [2023-04-27T07:03:37.720+0000] {dag.py:3456} INFO - Setting next_dagrun for weather_dag_api to 2023-04-27T00:00:00+00:00, run_after=2023-04-28T00:00:00+00:00
[2023-04-27T07:03:37.756+0000] {processor.py:175} INFO - Processing /opt/airflow/dags/weather_dag_api.py took 0.250 seconds
[2023-04-27T07:04:07.964+0000] {processor.py:153} INFO - Started process (PID=501) to work on /opt/airflow/dags/weather_dag_api.py
[2023-04-27T07:04:07.988+0000] {processor.py:743} INFO - Processing file /opt/airflow/dags/weather_dag_api.py for tasks to queue
[2023-04-27T07:04:07.992+0000] {logging_mixin.py:137} INFO - [2023-04-27T07:04:07.991+0000] {dagbag.py:532} INFO - Filling up the DagBag from /opt/airflow/dags/weather_dag_api.py
[2023-04-27T07:04:08.187+0000] {processor.py:753} INFO - DAG(s) dict_keys(['weather_dag_api']) retrieved from /opt/airflow/dags/weather_dag_api.py
[2023-04-27T07:04:08.366+0000] {logging_mixin.py:137} INFO - [2023-04-27T07:04:08.366+0000] {dag.py:2705} INFO - Sync 1 DAGs
[2023-04-27T07:04:08.422+0000] {logging_mixin.py:137} INFO - [2023-04-27T07:04:08.421+0000] {dag.py:2726} INFO - Creating ORM DAG for weather_dag_api
[2023-04-27T07:04:08.454+0000] {logging_mixin.py:137} INFO - [2023-04-27T07:04:08.454+0000] {dag.py:3456} INFO - Setting next_dagrun for weather_dag_api to 2023-04-26T00:00:00+00:00, run_after=2023-04-27T00:00:00+00:00
[2023-04-27T07:04:08.507+0000] {processor.py:175} INFO - Processing /opt/airflow/dags/weather_dag_api.py took 0.557 seconds
[2023-04-27T07:04:39.358+0000] {processor.py:153} INFO - Started process (PID=511) to work on /opt/airflow/dags/weather_dag_api.py
[2023-04-27T07:04:39.360+0000] {processor.py:743} INFO - Processing file /opt/airflow/dags/weather_dag_api.py for tasks to queue
[2023-04-27T07:04:39.363+0000] {logging_mixin.py:137} INFO - [2023-04-27T07:04:39.363+0000] {dagbag.py:532} INFO - Filling up the DagBag from /opt/airflow/dags/weather_dag_api.py
[2023-04-27T07:04:39.454+0000] {processor.py:753} INFO - DAG(s) dict_keys(['weather_dag_api']) retrieved from /opt/airflow/dags/weather_dag_api.py
[2023-04-27T07:04:39.509+0000] {logging_mixin.py:137} INFO - [2023-04-27T07:04:39.509+0000] {dag.py:2705} INFO - Sync 1 DAGs
[2023-04-27T07:04:39.570+0000] {logging_mixin.py:137} INFO - [2023-04-27T07:04:39.569+0000] {dag.py:3456} INFO - Setting next_dagrun for weather_dag_api to 2023-04-26T00:00:00+00:00, run_after=2023-04-27T00:00:00+00:00
[2023-04-27T07:04:39.608+0000] {processor.py:175} INFO - Processing /opt/airflow/dags/weather_dag_api.py took 0.256 seconds
[2023-04-27T07:05:10.246+0000] {processor.py:153} INFO - Started process (PID=530) to work on /opt/airflow/dags/weather_dag_api.py
[2023-04-27T07:05:10.251+0000] {processor.py:743} INFO - Processing file /opt/airflow/dags/weather_dag_api.py for tasks to queue
[2023-04-27T07:05:10.253+0000] {logging_mixin.py:137} INFO - [2023-04-27T07:05:10.253+0000] {dagbag.py:532} INFO - Filling up the DagBag from /opt/airflow/dags/weather_dag_api.py
[2023-04-27T07:05:10.624+0000] {processor.py:753} INFO - DAG(s) dict_keys(['weather_dag_api']) retrieved from /opt/airflow/dags/weather_dag_api.py
[2023-04-27T07:05:10.816+0000] {logging_mixin.py:137} INFO - [2023-04-27T07:05:10.815+0000] {dag.py:2705} INFO - Sync 1 DAGs
[2023-04-27T07:05:10.979+0000] {logging_mixin.py:137} INFO - [2023-04-27T07:05:10.979+0000] {dag.py:3456} INFO - Setting next_dagrun for weather_dag_api to 2023-04-27T00:00:00+00:00, run_after=2023-04-28T00:00:00+00:00
[2023-04-27T07:05:11.037+0000] {processor.py:175} INFO - Processing /opt/airflow/dags/weather_dag_api.py took 0.813 seconds
[2023-04-27T07:05:41.556+0000] {processor.py:153} INFO - Started process (PID=540) to work on /opt/airflow/dags/weather_dag_api.py
[2023-04-27T07:05:41.560+0000] {processor.py:743} INFO - Processing file /opt/airflow/dags/weather_dag_api.py for tasks to queue
[2023-04-27T07:05:41.576+0000] {logging_mixin.py:137} INFO - [2023-04-27T07:05:41.575+0000] {dagbag.py:532} INFO - Filling up the DagBag from /opt/airflow/dags/weather_dag_api.py
[2023-04-27T07:05:42.142+0000] {processor.py:753} INFO - DAG(s) dict_keys(['weather_dag_api']) retrieved from /opt/airflow/dags/weather_dag_api.py
[2023-04-27T07:05:43.759+0000] {logging_mixin.py:137} INFO - [2023-04-27T07:05:43.758+0000] {dag.py:2705} INFO - Sync 1 DAGs
[2023-04-27T07:05:44.422+0000] {logging_mixin.py:137} INFO - [2023-04-27T07:05:44.422+0000] {dag.py:3456} INFO - Setting next_dagrun for weather_dag_api to 2023-04-27T00:00:00+00:00, run_after=2023-04-28T00:00:00+00:00
[2023-04-27T07:05:44.629+0000] {processor.py:175} INFO - Processing /opt/airflow/dags/weather_dag_api.py took 3.138 seconds
[2023-04-27T07:06:15.223+0000] {processor.py:153} INFO - Started process (PID=549) to work on /opt/airflow/dags/weather_dag_api.py
[2023-04-27T07:06:15.232+0000] {processor.py:743} INFO - Processing file /opt/airflow/dags/weather_dag_api.py for tasks to queue
[2023-04-27T07:06:15.237+0000] {logging_mixin.py:137} INFO - [2023-04-27T07:06:15.237+0000] {dagbag.py:532} INFO - Filling up the DagBag from /opt/airflow/dags/weather_dag_api.py
[2023-04-27T07:06:15.492+0000] {processor.py:753} INFO - DAG(s) dict_keys(['weather_dag_api']) retrieved from /opt/airflow/dags/weather_dag_api.py
[2023-04-27T07:06:15.642+0000] {logging_mixin.py:137} INFO - [2023-04-27T07:06:15.641+0000] {dag.py:2705} INFO - Sync 1 DAGs
[2023-04-27T07:06:15.874+0000] {logging_mixin.py:137} INFO - [2023-04-27T07:06:15.872+0000] {dag.py:3456} INFO - Setting next_dagrun for weather_dag_api to 2023-04-27T00:00:00+00:00, run_after=2023-04-28T00:00:00+00:00
[2023-04-27T07:06:15.958+0000] {processor.py:175} INFO - Processing /opt/airflow/dags/weather_dag_api.py took 0.753 seconds
[2023-04-27T07:07:05.958+0000] {processor.py:153} INFO - Started process (PID=551) to work on /opt/airflow/dags/weather_dag_api.py
[2023-04-27T07:07:06.080+0000] {processor.py:743} INFO - Processing file /opt/airflow/dags/weather_dag_api.py for tasks to queue
[2023-04-27T07:07:06.092+0000] {logging_mixin.py:137} INFO - [2023-04-27T07:07:06.091+0000] {dagbag.py:532} INFO - Filling up the DagBag from /opt/airflow/dags/weather_dag_api.py
[2023-04-27T07:07:07.995+0000] {processor.py:753} INFO - DAG(s) dict_keys(['weather_dag_api']) retrieved from /opt/airflow/dags/weather_dag_api.py
[2023-04-27T07:07:09.574+0000] {logging_mixin.py:137} INFO - [2023-04-27T07:07:09.573+0000] {dag.py:2705} INFO - Sync 1 DAGs
[2023-04-27T07:07:10.235+0000] {logging_mixin.py:137} INFO - [2023-04-27T07:07:10.234+0000] {dag.py:3456} INFO - Setting next_dagrun for weather_dag_api to 2023-04-27T00:00:00+00:00, run_after=2023-04-28T00:00:00+00:00
[2023-04-27T07:07:10.419+0000] {processor.py:175} INFO - Processing /opt/airflow/dags/weather_dag_api.py took 4.516 seconds
[2023-04-27T07:07:41.126+0000] {processor.py:153} INFO - Started process (PID=564) to work on /opt/airflow/dags/weather_dag_api.py
[2023-04-27T07:07:41.140+0000] {processor.py:743} INFO - Processing file /opt/airflow/dags/weather_dag_api.py for tasks to queue
[2023-04-27T07:07:41.161+0000] {logging_mixin.py:137} INFO - [2023-04-27T07:07:41.148+0000] {dagbag.py:532} INFO - Filling up the DagBag from /opt/airflow/dags/weather_dag_api.py
[2023-04-27T07:07:41.821+0000] {processor.py:753} INFO - DAG(s) dict_keys(['weather_dag_api']) retrieved from /opt/airflow/dags/weather_dag_api.py
[2023-04-27T07:07:42.021+0000] {logging_mixin.py:137} INFO - [2023-04-27T07:07:42.021+0000] {dag.py:2705} INFO - Sync 1 DAGs
[2023-04-27T07:07:42.295+0000] {logging_mixin.py:137} INFO - [2023-04-27T07:07:42.294+0000] {dag.py:3456} INFO - Setting next_dagrun for weather_dag_api to 2023-04-27T00:00:00+00:00, run_after=2023-04-28T00:00:00+00:00
[2023-04-27T07:07:42.401+0000] {processor.py:175} INFO - Processing /opt/airflow/dags/weather_dag_api.py took 1.346 seconds
[2023-04-27T07:07:59.920+0000] {processor.py:153} INFO - Started process (PID=568) to work on /opt/airflow/dags/weather_dag_api.py
[2023-04-27T07:07:59.923+0000] {processor.py:743} INFO - Processing file /opt/airflow/dags/weather_dag_api.py for tasks to queue
[2023-04-27T07:07:59.925+0000] {logging_mixin.py:137} INFO - [2023-04-27T07:07:59.925+0000] {dagbag.py:532} INFO - Filling up the DagBag from /opt/airflow/dags/weather_dag_api.py
[2023-04-27T07:08:00.047+0000] {processor.py:753} INFO - DAG(s) dict_keys(['weather_dag_api']) retrieved from /opt/airflow/dags/weather_dag_api.py
[2023-04-27T07:08:00.077+0000] {logging_mixin.py:137} INFO - [2023-04-27T07:08:00.077+0000] {dag.py:2705} INFO - Sync 1 DAGs
[2023-04-27T07:08:00.143+0000] {logging_mixin.py:137} INFO - [2023-04-27T07:08:00.143+0000] {dag.py:3456} INFO - Setting next_dagrun for weather_dag_api to 2023-04-27T00:00:00+00:00, run_after=2023-04-28T00:00:00+00:00
[2023-04-27T07:08:00.189+0000] {processor.py:175} INFO - Processing /opt/airflow/dags/weather_dag_api.py took 0.278 seconds
[2023-04-27T07:08:30.641+0000] {processor.py:153} INFO - Started process (PID=579) to work on /opt/airflow/dags/weather_dag_api.py
[2023-04-27T07:08:30.653+0000] {processor.py:743} INFO - Processing file /opt/airflow/dags/weather_dag_api.py for tasks to queue
[2023-04-27T07:08:30.666+0000] {logging_mixin.py:137} INFO - [2023-04-27T07:08:30.666+0000] {dagbag.py:532} INFO - Filling up the DagBag from /opt/airflow/dags/weather_dag_api.py
[2023-04-27T07:08:31.130+0000] {processor.py:753} INFO - DAG(s) dict_keys(['weather_dag_api']) retrieved from /opt/airflow/dags/weather_dag_api.py
[2023-04-27T07:08:31.215+0000] {logging_mixin.py:137} INFO - [2023-04-27T07:08:31.214+0000] {dag.py:2705} INFO - Sync 1 DAGs
[2023-04-27T07:08:31.394+0000] {logging_mixin.py:137} INFO - [2023-04-27T07:08:31.394+0000] {dag.py:3456} INFO - Setting next_dagrun for weather_dag_api to 2023-04-27T00:00:00+00:00, run_after=2023-04-28T00:00:00+00:00
[2023-04-27T07:08:31.465+0000] {processor.py:175} INFO - Processing /opt/airflow/dags/weather_dag_api.py took 0.844 seconds
[2023-04-27T07:09:01.749+0000] {processor.py:153} INFO - Started process (PID=589) to work on /opt/airflow/dags/weather_dag_api.py
[2023-04-27T07:09:01.753+0000] {processor.py:743} INFO - Processing file /opt/airflow/dags/weather_dag_api.py for tasks to queue
[2023-04-27T07:09:01.755+0000] {logging_mixin.py:137} INFO - [2023-04-27T07:09:01.755+0000] {dagbag.py:532} INFO - Filling up the DagBag from /opt/airflow/dags/weather_dag_api.py
[2023-04-27T07:09:01.981+0000] {processor.py:753} INFO - DAG(s) dict_keys(['weather_dag_api']) retrieved from /opt/airflow/dags/weather_dag_api.py
[2023-04-27T07:09:02.050+0000] {logging_mixin.py:137} INFO - [2023-04-27T07:09:02.033+0000] {dag.py:2705} INFO - Sync 1 DAGs
[2023-04-27T07:09:02.296+0000] {logging_mixin.py:137} INFO - [2023-04-27T07:09:02.294+0000] {dag.py:3456} INFO - Setting next_dagrun for weather_dag_api to 2023-04-27T00:00:00+00:00, run_after=2023-04-28T00:00:00+00:00
[2023-04-27T07:09:02.385+0000] {processor.py:175} INFO - Processing /opt/airflow/dags/weather_dag_api.py took 0.642 seconds
[2023-04-27T07:09:32.933+0000] {processor.py:153} INFO - Started process (PID=601) to work on /opt/airflow/dags/weather_dag_api.py
[2023-04-27T07:09:32.937+0000] {processor.py:743} INFO - Processing file /opt/airflow/dags/weather_dag_api.py for tasks to queue
[2023-04-27T07:09:32.939+0000] {logging_mixin.py:137} INFO - [2023-04-27T07:09:32.939+0000] {dagbag.py:532} INFO - Filling up the DagBag from /opt/airflow/dags/weather_dag_api.py
[2023-04-27T07:09:33.067+0000] {processor.py:753} INFO - DAG(s) dict_keys(['weather_dag_api']) retrieved from /opt/airflow/dags/weather_dag_api.py
[2023-04-27T07:09:33.234+0000] {logging_mixin.py:137} INFO - [2023-04-27T07:09:33.233+0000] {dag.py:2705} INFO - Sync 1 DAGs
[2023-04-27T07:09:33.344+0000] {logging_mixin.py:137} INFO - [2023-04-27T07:09:33.344+0000] {dag.py:3456} INFO - Setting next_dagrun for weather_dag_api to 2023-04-27T00:00:00+00:00, run_after=2023-04-28T00:00:00+00:00
[2023-04-27T07:09:33.388+0000] {processor.py:175} INFO - Processing /opt/airflow/dags/weather_dag_api.py took 0.462 seconds
[2023-04-27T07:10:03.923+0000] {processor.py:153} INFO - Started process (PID=614) to work on /opt/airflow/dags/weather_dag_api.py
[2023-04-27T07:10:03.939+0000] {processor.py:743} INFO - Processing file /opt/airflow/dags/weather_dag_api.py for tasks to queue
[2023-04-27T07:10:03.943+0000] {logging_mixin.py:137} INFO - [2023-04-27T07:10:03.943+0000] {dagbag.py:532} INFO - Filling up the DagBag from /opt/airflow/dags/weather_dag_api.py
[2023-04-27T07:10:04.301+0000] {processor.py:753} INFO - DAG(s) dict_keys(['weather_dag_api']) retrieved from /opt/airflow/dags/weather_dag_api.py
[2023-04-27T07:10:04.611+0000] {logging_mixin.py:137} INFO - [2023-04-27T07:10:04.610+0000] {dag.py:2705} INFO - Sync 1 DAGs
[2023-04-27T07:10:04.906+0000] {logging_mixin.py:137} INFO - [2023-04-27T07:10:04.906+0000] {dag.py:3456} INFO - Setting next_dagrun for weather_dag_api to 2023-04-27T00:00:00+00:00, run_after=2023-04-28T00:00:00+00:00
[2023-04-27T07:10:05.829+0000] {processor.py:175} INFO - Processing /opt/airflow/dags/weather_dag_api.py took 1.913 seconds
[2023-04-27T07:10:33.626+0000] {processor.py:153} INFO - Started process (PID=625) to work on /opt/airflow/dags/weather_dag_api.py
[2023-04-27T07:10:33.630+0000] {processor.py:743} INFO - Processing file /opt/airflow/dags/weather_dag_api.py for tasks to queue
[2023-04-27T07:10:33.636+0000] {logging_mixin.py:137} INFO - [2023-04-27T07:10:33.635+0000] {dagbag.py:532} INFO - Filling up the DagBag from /opt/airflow/dags/weather_dag_api.py
[2023-04-27T07:10:33.782+0000] {processor.py:753} INFO - DAG(s) dict_keys(['weather_dag_api']) retrieved from /opt/airflow/dags/weather_dag_api.py
[2023-04-27T07:10:33.840+0000] {logging_mixin.py:137} INFO - [2023-04-27T07:10:33.839+0000] {dag.py:2705} INFO - Sync 1 DAGs
[2023-04-27T07:10:33.961+0000] {logging_mixin.py:137} INFO - [2023-04-27T07:10:33.961+0000] {dag.py:3456} INFO - Setting next_dagrun for weather_dag_api to 2023-04-27T00:00:00+00:00, run_after=2023-04-28T00:00:00+00:00
[2023-04-27T07:10:34.027+0000] {processor.py:175} INFO - Processing /opt/airflow/dags/weather_dag_api.py took 0.417 seconds
[2023-04-27T07:10:35.096+0000] {processor.py:153} INFO - Started process (PID=627) to work on /opt/airflow/dags/weather_dag_api.py
[2023-04-27T07:10:35.098+0000] {processor.py:743} INFO - Processing file /opt/airflow/dags/weather_dag_api.py for tasks to queue
[2023-04-27T07:10:35.101+0000] {logging_mixin.py:137} INFO - [2023-04-27T07:10:35.100+0000] {dagbag.py:532} INFO - Filling up the DagBag from /opt/airflow/dags/weather_dag_api.py
[2023-04-27T07:10:35.206+0000] {processor.py:753} INFO - DAG(s) dict_keys(['weather_dag_api']) retrieved from /opt/airflow/dags/weather_dag_api.py
[2023-04-27T07:10:35.357+0000] {logging_mixin.py:137} INFO - [2023-04-27T07:10:35.357+0000] {dag.py:2705} INFO - Sync 1 DAGs
[2023-04-27T07:10:35.410+0000] {logging_mixin.py:137} INFO - [2023-04-27T07:10:35.410+0000] {dag.py:3456} INFO - Setting next_dagrun for weather_dag_api to 2023-04-27T00:00:00+00:00, run_after=2023-04-28T00:00:00+00:00
[2023-04-27T07:10:35.475+0000] {processor.py:175} INFO - Processing /opt/airflow/dags/weather_dag_api.py took 0.386 seconds
