[2023-04-26T15:46:24.817+0000] {taskinstance.py:1090} INFO - Dependencies all met for dep_context=non-requeueable deps ti=<TaskInstance: weather_dag_api.cities.extract_data_Odesa manual__2023-04-26T15:46:10.043346+00:00 [queued]>
[2023-04-26T15:46:24.887+0000] {taskinstance.py:1090} INFO - Dependencies all met for dep_context=requeueable deps ti=<TaskInstance: weather_dag_api.cities.extract_data_Odesa manual__2023-04-26T15:46:10.043346+00:00 [queued]>
[2023-04-26T15:46:24.890+0000] {taskinstance.py:1288} INFO - 
--------------------------------------------------------------------------------
[2023-04-26T15:46:24.899+0000] {taskinstance.py:1289} INFO - Starting attempt 1 of 1
[2023-04-26T15:46:24.903+0000] {taskinstance.py:1290} INFO - 
--------------------------------------------------------------------------------
[2023-04-26T15:46:25.153+0000] {taskinstance.py:1309} INFO - Executing <Task(SimpleHttpOperator): cities.extract_data_Odesa> on 2023-04-26 15:46:10.043346+00:00
[2023-04-26T15:46:25.221+0000] {standard_task_runner.py:55} INFO - Started process 3221 to run task
[2023-04-26T15:46:25.270+0000] {standard_task_runner.py:82} INFO - Running: ['***', 'tasks', 'run', 'weather_dag_api', 'cities.extract_data_Odesa', 'manual__2023-04-26T15:46:10.043346+00:00', '--job-id', '217', '--raw', '--subdir', 'DAGS_FOLDER/weather_dag_api.py', '--cfg-path', '/tmp/tmp3x7out51']
[2023-04-26T15:46:25.277+0000] {standard_task_runner.py:83} INFO - Job 217: Subtask cities.extract_data_Odesa
[2023-04-26T15:46:26.034+0000] {task_command.py:389} INFO - Running <TaskInstance: weather_dag_api.cities.extract_data_Odesa manual__2023-04-26T15:46:10.043346+00:00 [running]> on host d48b88797b3b
[2023-04-26T15:46:26.808+0000] {taskinstance.py:1518} INFO - Exporting the following env vars:
AIRFLOW_CTX_DAG_OWNER=***
AIRFLOW_CTX_DAG_ID=weather_dag_api
AIRFLOW_CTX_TASK_ID=cities.extract_data_Odesa
AIRFLOW_CTX_EXECUTION_DATE=2023-04-26T15:46:10.043346+00:00
AIRFLOW_CTX_TRY_NUMBER=1
AIRFLOW_CTX_DAG_RUN_ID=manual__2023-04-26T15:46:10.043346+00:00
[2023-04-26T15:46:26.817+0000] {http.py:123} INFO - Calling HTTP method
[2023-04-26T15:46:26.907+0000] {base.py:73} INFO - Using connection ID 'weather_conn' for task execution.
[2023-04-26T15:46:27.506+0000] {http.py:127} INFO - {"version":"3.0","user":"__-_stuff","dateGenerated":"2023-04-26T15:46:27Z","status":"OK","data":[{"parameter":"t_2m:C","coordinates":[{"lat":46.484302,"lon":30.732288,"dates":[{"date":"2023-04-25T10:20:00Z","value":16.2}]}]},{"parameter":"precip_1h:mm","coordinates":[{"lat":46.484302,"lon":30.732288,"dates":[{"date":"2023-04-25T10:20:00Z","value":0.06}]}]},{"parameter":"wind_speed_10m:ms","coordinates":[{"lat":46.484302,"lon":30.732288,"dates":[{"date":"2023-04-25T10:20:00Z","value":5.7}]}]}]}

[2023-04-26T15:46:27.973+0000] {taskinstance.py:1332} INFO - Marking task as SUCCESS. dag_id=weather_dag_api, task_id=cities.extract_data_Odesa, execution_date=20230426T154610, start_date=20230426T154624, end_date=20230426T154627
[2023-04-26T15:46:28.283+0000] {local_task_job.py:212} INFO - Task exited with return code 0
[2023-04-26T15:46:28.620+0000] {taskinstance.py:2596} INFO - 1 downstream tasks scheduled from follow-on schedule check
