[2023-04-27T07:08:20.096+0000] {taskinstance.py:1090} INFO - Dependencies all met for dep_context=non-requeueable deps ti=<TaskInstance: weather_dag_api.cities.extract_data_Lviv manual__2023-04-27T07:08:06.429483+00:00 [queued]>
[2023-04-27T07:08:20.190+0000] {taskinstance.py:1090} INFO - Dependencies all met for dep_context=requeueable deps ti=<TaskInstance: weather_dag_api.cities.extract_data_Lviv manual__2023-04-27T07:08:06.429483+00:00 [queued]>
[2023-04-27T07:08:20.195+0000] {taskinstance.py:1288} INFO - 
--------------------------------------------------------------------------------
[2023-04-27T07:08:20.197+0000] {taskinstance.py:1289} INFO - Starting attempt 1 of 1
[2023-04-27T07:08:20.204+0000] {taskinstance.py:1290} INFO - 
--------------------------------------------------------------------------------
[2023-04-27T07:08:20.347+0000] {taskinstance.py:1309} INFO - Executing <Task(SimpleHttpOperator): cities.extract_data_Lviv> on 2023-04-27 07:08:06.429483+00:00
[2023-04-27T07:08:20.398+0000] {standard_task_runner.py:55} INFO - Started process 792 to run task
[2023-04-27T07:08:20.461+0000] {standard_task_runner.py:82} INFO - Running: ['***', 'tasks', 'run', 'weather_dag_api', 'cities.extract_data_Lviv', 'manual__2023-04-27T07:08:06.429483+00:00', '--job-id', '131', '--raw', '--subdir', 'DAGS_FOLDER/weather_dag_api.py', '--cfg-path', '/tmp/tmpuhvpqg3a']
[2023-04-27T07:08:20.471+0000] {standard_task_runner.py:83} INFO - Job 131: Subtask cities.extract_data_Lviv
[2023-04-27T07:08:21.013+0000] {task_command.py:389} INFO - Running <TaskInstance: weather_dag_api.cities.extract_data_Lviv manual__2023-04-27T07:08:06.429483+00:00 [running]> on host 80d943d8f5b4
[2023-04-27T07:08:22.108+0000] {taskinstance.py:1518} INFO - Exporting the following env vars:
AIRFLOW_CTX_DAG_OWNER=***
AIRFLOW_CTX_DAG_ID=weather_dag_api
AIRFLOW_CTX_TASK_ID=cities.extract_data_Lviv
AIRFLOW_CTX_EXECUTION_DATE=2023-04-27T07:08:06.429483+00:00
AIRFLOW_CTX_TRY_NUMBER=1
AIRFLOW_CTX_DAG_RUN_ID=manual__2023-04-27T07:08:06.429483+00:00
[2023-04-27T07:08:22.116+0000] {http.py:123} INFO - Calling HTTP method
[2023-04-27T07:08:22.231+0000] {base.py:73} INFO - Using connection ID 'weather_conn' for task execution.
[2023-04-27T07:08:22.872+0000] {http.py:127} INFO - {"version":"3.0","user":"__-_stuff","dateGenerated":"2023-04-27T07:08:22Z","status":"OK","data":[{"parameter":"t_2m:C","coordinates":[{"lat":49.841952,"lon":24.031592,"dates":[{"date":"2023-04-26T05:20:00Z","value":5.7}]}]},{"parameter":"precip_1h:mm","coordinates":[{"lat":49.841952,"lon":24.031592,"dates":[{"date":"2023-04-26T05:20:00Z","value":0.40}]}]},{"parameter":"wind_speed_10m:ms","coordinates":[{"lat":49.841952,"lon":24.031592,"dates":[{"date":"2023-04-26T05:20:00Z","value":5.8}]}]}]}

[2023-04-27T07:08:23.113+0000] {taskinstance.py:1332} INFO - Marking task as SUCCESS. dag_id=weather_dag_api, task_id=cities.extract_data_Lviv, execution_date=20230427T070806, start_date=20230427T070820, end_date=20230427T070823
[2023-04-27T07:08:23.636+0000] {local_task_job.py:212} INFO - Task exited with return code 0
[2023-04-27T07:08:24.273+0000] {taskinstance.py:2596} INFO - 1 downstream tasks scheduled from follow-on schedule check
