[2023-04-27T07:05:45.296+0000] {taskinstance.py:1090} INFO - Dependencies all met for dep_context=non-requeueable deps ti=<TaskInstance: weather_dag_api.cities.process_data_Kharkiv manual__2023-04-27T07:04:55.413748+00:00 [queued]>
[2023-04-27T07:05:45.981+0000] {taskinstance.py:1090} INFO - Dependencies all met for dep_context=requeueable deps ti=<TaskInstance: weather_dag_api.cities.process_data_Kharkiv manual__2023-04-27T07:04:55.413748+00:00 [queued]>
[2023-04-27T07:05:46.045+0000] {taskinstance.py:1288} INFO - 
--------------------------------------------------------------------------------
[2023-04-27T07:05:46.048+0000] {taskinstance.py:1289} INFO - Starting attempt 1 of 1
[2023-04-27T07:05:46.050+0000] {taskinstance.py:1290} INFO - 
--------------------------------------------------------------------------------
[2023-04-27T07:05:47.427+0000] {taskinstance.py:1309} INFO - Executing <Task(PythonOperator): cities.process_data_Kharkiv> on 2023-04-27 07:04:55.413748+00:00
[2023-04-27T07:05:47.592+0000] {standard_task_runner.py:55} INFO - Started process 711 to run task
[2023-04-27T07:05:47.861+0000] {standard_task_runner.py:82} INFO - Running: ['***', 'tasks', 'run', 'weather_dag_api', 'cities.process_data_Kharkiv', 'manual__2023-04-27T07:04:55.413748+00:00', '--job-id', '109', '--raw', '--subdir', 'DAGS_FOLDER/weather_dag_api.py', '--cfg-path', '/tmp/tmpwsi_zmia']
[2023-04-27T07:05:47.871+0000] {standard_task_runner.py:83} INFO - Job 109: Subtask cities.process_data_Kharkiv
[2023-04-27T07:05:50.780+0000] {task_command.py:389} INFO - Running <TaskInstance: weather_dag_api.cities.process_data_Kharkiv manual__2023-04-27T07:04:55.413748+00:00 [running]> on host 80d943d8f5b4
[2023-04-27T07:05:58.097+0000] {taskinstance.py:1518} INFO - Exporting the following env vars:
AIRFLOW_CTX_DAG_OWNER=***
AIRFLOW_CTX_DAG_ID=weather_dag_api
AIRFLOW_CTX_TASK_ID=cities.process_data_Kharkiv
AIRFLOW_CTX_EXECUTION_DATE=2023-04-27T07:04:55.413748+00:00
AIRFLOW_CTX_TRY_NUMBER=1
AIRFLOW_CTX_DAG_RUN_ID=manual__2023-04-27T07:04:55.413748+00:00
[2023-04-27T07:05:58.601+0000] {logging_mixin.py:137} INFO - 12.1
[2023-04-27T07:05:58.636+0000] {python.py:177} INFO - Done. Returned value was: ('2023-04-26T05:20:00Z', 12.1, 0.0, 2.9, 'Kharkiv')
[2023-04-27T07:06:00.534+0000] {taskinstance.py:1332} INFO - Marking task as SUCCESS. dag_id=weather_dag_api, task_id=cities.process_data_Kharkiv, execution_date=20230427T070455, start_date=20230427T070545, end_date=20230427T070600
[2023-04-27T07:06:01.175+0000] {local_task_job.py:212} INFO - Task exited with return code 0
[2023-04-27T07:06:03.367+0000] {taskinstance.py:2596} INFO - 1 downstream tasks scheduled from follow-on schedule check
