[2023-04-26T19:01:30.702+0000] {taskinstance.py:1090} INFO - Dependencies all met for dep_context=non-requeueable deps ti=<TaskInstance: weather_dag_api.python_task1 manual__2023-04-26T19:01:27.009178+00:00 [queued]>
[2023-04-26T19:01:30.727+0000] {taskinstance.py:1090} INFO - Dependencies all met for dep_context=requeueable deps ti=<TaskInstance: weather_dag_api.python_task1 manual__2023-04-26T19:01:27.009178+00:00 [queued]>
[2023-04-26T19:01:30.729+0000] {taskinstance.py:1288} INFO - 
--------------------------------------------------------------------------------
[2023-04-26T19:01:30.741+0000] {taskinstance.py:1289} INFO - Starting attempt 1 of 1
[2023-04-26T19:01:30.755+0000] {taskinstance.py:1290} INFO - 
--------------------------------------------------------------------------------
[2023-04-26T19:01:30.827+0000] {taskinstance.py:1309} INFO - Executing <Task(PythonOperator): python_task1> on 2023-04-26 19:01:27.009178+00:00
[2023-04-26T19:01:30.870+0000] {standard_task_runner.py:55} INFO - Started process 2586 to run task
[2023-04-26T19:01:30.906+0000] {standard_task_runner.py:82} INFO - Running: ['***', 'tasks', 'run', 'weather_dag_api', 'python_task1', 'manual__2023-04-26T19:01:27.009178+00:00', '--job-id', '504', '--raw', '--subdir', 'DAGS_FOLDER/weather_dag_api.py', '--cfg-path', '/tmp/tmpe2m86qkz']
[2023-04-26T19:01:30.918+0000] {standard_task_runner.py:83} INFO - Job 504: Subtask python_task1
[2023-04-26T19:01:31.141+0000] {task_command.py:389} INFO - Running <TaskInstance: weather_dag_api.python_task1 manual__2023-04-26T19:01:27.009178+00:00 [running]> on host b46a99c748bd
[2023-04-26T19:01:31.295+0000] {taskinstance.py:1518} INFO - Exporting the following env vars:
AIRFLOW_CTX_DAG_OWNER=***
AIRFLOW_CTX_DAG_ID=weather_dag_api
AIRFLOW_CTX_TASK_ID=python_task1
AIRFLOW_CTX_EXECUTION_DATE=2023-04-26T19:01:27.009178+00:00
AIRFLOW_CTX_TRY_NUMBER=1
AIRFLOW_CTX_DAG_RUN_ID=manual__2023-04-26T19:01:27.009178+00:00
[2023-04-26T19:01:31.297+0000] {weather_dag_api.py:24} INFO - Starting db creation
[2023-04-26T19:01:31.299+0000] {python.py:177} INFO - Done. Returned value was: None
[2023-04-26T19:01:31.324+0000] {taskinstance.py:1332} INFO - Marking task as SUCCESS. dag_id=weather_dag_api, task_id=python_task1, execution_date=20230426T190127, start_date=20230426T190130, end_date=20230426T190131
[2023-04-26T19:01:31.381+0000] {local_task_job.py:212} INFO - Task exited with return code 0
[2023-04-26T19:01:31.464+0000] {taskinstance.py:2596} INFO - 1 downstream tasks scheduled from follow-on schedule check
