[2023-04-26T19:09:58.861+0000] {processor.py:153} INFO - Started process (PID=1909) to work on /opt/airflow/dags/weather_dag_api copy.py
[2023-04-26T19:09:58.863+0000] {processor.py:743} INFO - Processing file /opt/airflow/dags/weather_dag_api copy.py for tasks to queue
[2023-04-26T19:09:58.865+0000] {logging_mixin.py:137} INFO - [2023-04-26T19:09:58.865+0000] {dagbag.py:532} INFO - Filling up the DagBag from /opt/airflow/dags/weather_dag_api copy.py
[2023-04-26T19:09:58.991+0000] {processor.py:753} INFO - DAG(s) dict_keys(['weather_dag_api']) retrieved from /opt/airflow/dags/weather_dag_api copy.py
[2023-04-26T19:09:59.150+0000] {logging_mixin.py:137} INFO - [2023-04-26T19:09:59.150+0000] {dag.py:2705} INFO - Sync 1 DAGs
[2023-04-26T19:09:59.210+0000] {logging_mixin.py:137} INFO - [2023-04-26T19:09:59.209+0000] {dag.py:3456} INFO - Setting next_dagrun for weather_dag_api to 2023-04-26T00:00:00+00:00, run_after=2023-04-27T00:00:00+00:00
[2023-04-26T19:09:59.258+0000] {processor.py:175} INFO - Processing /opt/airflow/dags/weather_dag_api copy.py took 0.407 seconds
[2023-04-26T19:10:29.301+0000] {processor.py:153} INFO - Started process (PID=1919) to work on /opt/airflow/dags/weather_dag_api copy.py
[2023-04-26T19:10:29.303+0000] {processor.py:743} INFO - Processing file /opt/airflow/dags/weather_dag_api copy.py for tasks to queue
[2023-04-26T19:10:29.305+0000] {logging_mixin.py:137} INFO - [2023-04-26T19:10:29.305+0000] {dagbag.py:532} INFO - Filling up the DagBag from /opt/airflow/dags/weather_dag_api copy.py
[2023-04-26T19:10:29.409+0000] {processor.py:753} INFO - DAG(s) dict_keys(['weather_dag_api']) retrieved from /opt/airflow/dags/weather_dag_api copy.py
[2023-04-26T19:10:29.467+0000] {logging_mixin.py:137} INFO - [2023-04-26T19:10:29.466+0000] {dag.py:2705} INFO - Sync 1 DAGs
[2023-04-26T19:10:29.523+0000] {logging_mixin.py:137} INFO - [2023-04-26T19:10:29.523+0000] {dag.py:3456} INFO - Setting next_dagrun for weather_dag_api to 2023-04-26T00:00:00+00:00, run_after=2023-04-27T00:00:00+00:00
[2023-04-26T19:10:29.555+0000] {processor.py:175} INFO - Processing /opt/airflow/dags/weather_dag_api copy.py took 0.261 seconds
[2023-04-26T19:10:59.621+0000] {processor.py:153} INFO - Started process (PID=1932) to work on /opt/airflow/dags/weather_dag_api copy.py
[2023-04-26T19:10:59.624+0000] {processor.py:743} INFO - Processing file /opt/airflow/dags/weather_dag_api copy.py for tasks to queue
[2023-04-26T19:10:59.626+0000] {logging_mixin.py:137} INFO - [2023-04-26T19:10:59.626+0000] {dagbag.py:532} INFO - Filling up the DagBag from /opt/airflow/dags/weather_dag_api copy.py
[2023-04-26T19:10:59.753+0000] {processor.py:753} INFO - DAG(s) dict_keys(['weather_dag_api']) retrieved from /opt/airflow/dags/weather_dag_api copy.py
[2023-04-26T19:10:59.789+0000] {logging_mixin.py:137} INFO - [2023-04-26T19:10:59.789+0000] {dag.py:2705} INFO - Sync 1 DAGs
[2023-04-26T19:10:59.875+0000] {logging_mixin.py:137} INFO - [2023-04-26T19:10:59.875+0000] {dag.py:3456} INFO - Setting next_dagrun for weather_dag_api to 2023-04-26T00:00:00+00:00, run_after=2023-04-27T00:00:00+00:00
[2023-04-26T19:10:59.934+0000] {processor.py:175} INFO - Processing /opt/airflow/dags/weather_dag_api copy.py took 0.326 seconds
[2023-04-26T19:11:30.476+0000] {processor.py:153} INFO - Started process (PID=1944) to work on /opt/airflow/dags/weather_dag_api copy.py
[2023-04-26T19:11:30.481+0000] {processor.py:743} INFO - Processing file /opt/airflow/dags/weather_dag_api copy.py for tasks to queue
[2023-04-26T19:11:30.485+0000] {logging_mixin.py:137} INFO - [2023-04-26T19:11:30.485+0000] {dagbag.py:532} INFO - Filling up the DagBag from /opt/airflow/dags/weather_dag_api copy.py
[2023-04-26T19:11:30.595+0000] {processor.py:753} INFO - DAG(s) dict_keys(['weather_dag_api']) retrieved from /opt/airflow/dags/weather_dag_api copy.py
[2023-04-26T19:11:30.745+0000] {logging_mixin.py:137} INFO - [2023-04-26T19:11:30.745+0000] {dag.py:2705} INFO - Sync 1 DAGs
[2023-04-26T19:11:30.802+0000] {logging_mixin.py:137} INFO - [2023-04-26T19:11:30.802+0000] {dag.py:3456} INFO - Setting next_dagrun for weather_dag_api to 2023-04-26T00:00:00+00:00, run_after=2023-04-27T00:00:00+00:00
[2023-04-26T19:11:30.861+0000] {processor.py:175} INFO - Processing /opt/airflow/dags/weather_dag_api copy.py took 0.395 seconds
[2023-04-26T19:12:00.985+0000] {processor.py:153} INFO - Started process (PID=1955) to work on /opt/airflow/dags/weather_dag_api copy.py
[2023-04-26T19:12:01.002+0000] {processor.py:743} INFO - Processing file /opt/airflow/dags/weather_dag_api copy.py for tasks to queue
[2023-04-26T19:12:01.009+0000] {logging_mixin.py:137} INFO - [2023-04-26T19:12:01.007+0000] {dagbag.py:532} INFO - Filling up the DagBag from /opt/airflow/dags/weather_dag_api copy.py
[2023-04-26T19:12:01.146+0000] {processor.py:753} INFO - DAG(s) dict_keys(['weather_dag_api']) retrieved from /opt/airflow/dags/weather_dag_api copy.py
[2023-04-26T19:12:01.300+0000] {logging_mixin.py:137} INFO - [2023-04-26T19:12:01.300+0000] {dag.py:2705} INFO - Sync 1 DAGs
[2023-04-26T19:12:01.377+0000] {logging_mixin.py:137} INFO - [2023-04-26T19:12:01.376+0000] {dag.py:3456} INFO - Setting next_dagrun for weather_dag_api to 2023-04-26T00:00:00+00:00, run_after=2023-04-27T00:00:00+00:00
[2023-04-26T19:12:01.456+0000] {processor.py:175} INFO - Processing /opt/airflow/dags/weather_dag_api copy.py took 0.486 seconds
[2023-04-26T19:12:32.207+0000] {processor.py:153} INFO - Started process (PID=1967) to work on /opt/airflow/dags/weather_dag_api copy.py
[2023-04-26T19:12:32.209+0000] {processor.py:743} INFO - Processing file /opt/airflow/dags/weather_dag_api copy.py for tasks to queue
[2023-04-26T19:12:32.212+0000] {logging_mixin.py:137} INFO - [2023-04-26T19:12:32.211+0000] {dagbag.py:532} INFO - Filling up the DagBag from /opt/airflow/dags/weather_dag_api copy.py
[2023-04-26T19:12:32.299+0000] {processor.py:753} INFO - DAG(s) dict_keys(['weather_dag_api']) retrieved from /opt/airflow/dags/weather_dag_api copy.py
[2023-04-26T19:12:32.324+0000] {logging_mixin.py:137} INFO - [2023-04-26T19:12:32.324+0000] {dag.py:2705} INFO - Sync 1 DAGs
[2023-04-26T19:12:32.379+0000] {logging_mixin.py:137} INFO - [2023-04-26T19:12:32.378+0000] {dag.py:3456} INFO - Setting next_dagrun for weather_dag_api to 2023-04-26T00:00:00+00:00, run_after=2023-04-27T00:00:00+00:00
[2023-04-26T19:12:32.410+0000] {processor.py:175} INFO - Processing /opt/airflow/dags/weather_dag_api copy.py took 0.210 seconds
[2023-04-26T19:13:02.678+0000] {processor.py:153} INFO - Started process (PID=1979) to work on /opt/airflow/dags/weather_dag_api copy.py
[2023-04-26T19:13:02.680+0000] {processor.py:743} INFO - Processing file /opt/airflow/dags/weather_dag_api copy.py for tasks to queue
[2023-04-26T19:13:02.684+0000] {logging_mixin.py:137} INFO - [2023-04-26T19:13:02.684+0000] {dagbag.py:532} INFO - Filling up the DagBag from /opt/airflow/dags/weather_dag_api copy.py
[2023-04-26T19:13:02.791+0000] {processor.py:753} INFO - DAG(s) dict_keys(['weather_dag_api']) retrieved from /opt/airflow/dags/weather_dag_api copy.py
[2023-04-26T19:13:02.953+0000] {logging_mixin.py:137} INFO - [2023-04-26T19:13:02.953+0000] {dag.py:2705} INFO - Sync 1 DAGs
[2023-04-26T19:13:03.006+0000] {logging_mixin.py:137} INFO - [2023-04-26T19:13:03.006+0000] {dag.py:3456} INFO - Setting next_dagrun for weather_dag_api to 2023-04-26T00:00:00+00:00, run_after=2023-04-27T00:00:00+00:00
[2023-04-26T19:13:03.049+0000] {processor.py:175} INFO - Processing /opt/airflow/dags/weather_dag_api copy.py took 0.380 seconds
[2023-04-26T19:13:33.590+0000] {processor.py:153} INFO - Started process (PID=1989) to work on /opt/airflow/dags/weather_dag_api copy.py
[2023-04-26T19:13:33.594+0000] {processor.py:743} INFO - Processing file /opt/airflow/dags/weather_dag_api copy.py for tasks to queue
[2023-04-26T19:13:33.598+0000] {logging_mixin.py:137} INFO - [2023-04-26T19:13:33.597+0000] {dagbag.py:532} INFO - Filling up the DagBag from /opt/airflow/dags/weather_dag_api copy.py
[2023-04-26T19:13:33.689+0000] {processor.py:753} INFO - DAG(s) dict_keys(['weather_dag_api']) retrieved from /opt/airflow/dags/weather_dag_api copy.py
[2023-04-26T19:13:33.749+0000] {logging_mixin.py:137} INFO - [2023-04-26T19:13:33.749+0000] {dag.py:2705} INFO - Sync 1 DAGs
[2023-04-26T19:13:33.802+0000] {logging_mixin.py:137} INFO - [2023-04-26T19:13:33.802+0000] {dag.py:3456} INFO - Setting next_dagrun for weather_dag_api to 2023-04-26T00:00:00+00:00, run_after=2023-04-27T00:00:00+00:00
[2023-04-26T19:13:33.864+0000] {processor.py:175} INFO - Processing /opt/airflow/dags/weather_dag_api copy.py took 0.281 seconds
[2023-04-26T19:14:04.137+0000] {processor.py:153} INFO - Started process (PID=2001) to work on /opt/airflow/dags/weather_dag_api copy.py
[2023-04-26T19:14:04.140+0000] {processor.py:743} INFO - Processing file /opt/airflow/dags/weather_dag_api copy.py for tasks to queue
[2023-04-26T19:14:04.144+0000] {logging_mixin.py:137} INFO - [2023-04-26T19:14:04.142+0000] {dagbag.py:532} INFO - Filling up the DagBag from /opt/airflow/dags/weather_dag_api copy.py
[2023-04-26T19:14:04.245+0000] {processor.py:753} INFO - DAG(s) dict_keys(['weather_dag_api']) retrieved from /opt/airflow/dags/weather_dag_api copy.py
[2023-04-26T19:14:04.316+0000] {logging_mixin.py:137} INFO - [2023-04-26T19:14:04.316+0000] {dag.py:2705} INFO - Sync 1 DAGs
[2023-04-26T19:14:04.370+0000] {logging_mixin.py:137} INFO - [2023-04-26T19:14:04.370+0000] {dag.py:3456} INFO - Setting next_dagrun for weather_dag_api to 2023-04-26T00:00:00+00:00, run_after=2023-04-27T00:00:00+00:00
[2023-04-26T19:14:04.406+0000] {processor.py:175} INFO - Processing /opt/airflow/dags/weather_dag_api copy.py took 0.288 seconds
[2023-04-26T19:14:35.186+0000] {processor.py:153} INFO - Started process (PID=2013) to work on /opt/airflow/dags/weather_dag_api copy.py
[2023-04-26T19:14:35.219+0000] {processor.py:743} INFO - Processing file /opt/airflow/dags/weather_dag_api copy.py for tasks to queue
[2023-04-26T19:14:35.228+0000] {logging_mixin.py:137} INFO - [2023-04-26T19:14:35.228+0000] {dagbag.py:532} INFO - Filling up the DagBag from /opt/airflow/dags/weather_dag_api copy.py
[2023-04-26T19:14:36.247+0000] {processor.py:753} INFO - DAG(s) dict_keys(['weather_dag_api']) retrieved from /opt/airflow/dags/weather_dag_api copy.py
[2023-04-26T19:14:36.370+0000] {logging_mixin.py:137} INFO - [2023-04-26T19:14:36.369+0000] {dag.py:2705} INFO - Sync 1 DAGs
[2023-04-26T19:14:36.512+0000] {logging_mixin.py:137} INFO - [2023-04-26T19:14:36.511+0000] {dag.py:3456} INFO - Setting next_dagrun for weather_dag_api to 2023-04-26T00:00:00+00:00, run_after=2023-04-27T00:00:00+00:00
[2023-04-26T19:14:36.573+0000] {processor.py:175} INFO - Processing /opt/airflow/dags/weather_dag_api copy.py took 1.421 seconds
[2023-04-26T19:15:07.154+0000] {processor.py:153} INFO - Started process (PID=2022) to work on /opt/airflow/dags/weather_dag_api copy.py
[2023-04-26T19:15:07.158+0000] {processor.py:743} INFO - Processing file /opt/airflow/dags/weather_dag_api copy.py for tasks to queue
[2023-04-26T19:15:07.160+0000] {logging_mixin.py:137} INFO - [2023-04-26T19:15:07.160+0000] {dagbag.py:532} INFO - Filling up the DagBag from /opt/airflow/dags/weather_dag_api copy.py
[2023-04-26T19:15:07.280+0000] {processor.py:753} INFO - DAG(s) dict_keys(['weather_dag_api']) retrieved from /opt/airflow/dags/weather_dag_api copy.py
[2023-04-26T19:15:07.362+0000] {logging_mixin.py:137} INFO - [2023-04-26T19:15:07.362+0000] {dag.py:2705} INFO - Sync 1 DAGs
[2023-04-26T19:15:07.435+0000] {logging_mixin.py:137} INFO - [2023-04-26T19:15:07.434+0000] {dag.py:3456} INFO - Setting next_dagrun for weather_dag_api to 2023-04-26T00:00:00+00:00, run_after=2023-04-27T00:00:00+00:00
[2023-04-26T19:15:07.478+0000] {processor.py:175} INFO - Processing /opt/airflow/dags/weather_dag_api copy.py took 0.331 seconds
