[2023-04-26T17:51:27.984+0000] {taskinstance.py:1090} INFO - Dependencies all met for dep_context=non-requeueable deps ti=<TaskInstance: weather_dag_api.cities.view_data_Lviv manual__2023-04-26T17:50:52.913170+00:00 [queued]>
[2023-04-26T17:51:28.310+0000] {taskinstance.py:1090} INFO - Dependencies all met for dep_context=requeueable deps ti=<TaskInstance: weather_dag_api.cities.view_data_Lviv manual__2023-04-26T17:50:52.913170+00:00 [queued]>
[2023-04-26T17:51:28.314+0000] {taskinstance.py:1288} INFO - 
--------------------------------------------------------------------------------
[2023-04-26T17:51:28.356+0000] {taskinstance.py:1289} INFO - Starting attempt 1 of 1
[2023-04-26T17:51:28.361+0000] {taskinstance.py:1290} INFO - 
--------------------------------------------------------------------------------
[2023-04-26T17:51:28.718+0000] {taskinstance.py:1309} INFO - Executing <Task(PythonOperator): cities.view_data_Lviv> on 2023-04-26 17:50:52.913170+00:00
[2023-04-26T17:51:28.793+0000] {standard_task_runner.py:55} INFO - Started process 446 to run task
[2023-04-26T17:51:28.837+0000] {standard_task_runner.py:82} INFO - Running: ['***', 'tasks', 'run', 'weather_dag_api', 'cities.view_data_Lviv', 'manual__2023-04-26T17:50:52.913170+00:00', '--job-id', '54', '--raw', '--subdir', 'DAGS_FOLDER/weather_dag_api.py', '--cfg-path', '/tmp/tmpzccr2rcw']
[2023-04-26T17:51:28.856+0000] {standard_task_runner.py:83} INFO - Job 54: Subtask cities.view_data_Lviv
[2023-04-26T17:51:30.908+0000] {task_command.py:389} INFO - Running <TaskInstance: weather_dag_api.cities.view_data_Lviv manual__2023-04-26T17:50:52.913170+00:00 [running]> on host b46a99c748bd
[2023-04-26T17:51:33.998+0000] {taskinstance.py:1518} INFO - Exporting the following env vars:
AIRFLOW_CTX_DAG_OWNER=***
AIRFLOW_CTX_DAG_ID=weather_dag_api
AIRFLOW_CTX_TASK_ID=cities.view_data_Lviv
AIRFLOW_CTX_EXECUTION_DATE=2023-04-26T17:50:52.913170+00:00
AIRFLOW_CTX_TRY_NUMBER=1
AIRFLOW_CTX_DAG_RUN_ID=manual__2023-04-26T17:50:52.913170+00:00
[2023-04-26T17:51:34.154+0000] {logging_mixin.py:137} INFO - ['2023-04-25T10:20:00Z', 15.1, 0.0, 2.0, 'Lviv']
[2023-04-26T17:51:34.160+0000] {python.py:177} INFO - Done. Returned value was: None
[2023-04-26T17:51:34.289+0000] {taskinstance.py:1332} INFO - Marking task as SUCCESS. dag_id=weather_dag_api, task_id=cities.view_data_Lviv, execution_date=20230426T175052, start_date=20230426T175127, end_date=20230426T175134
[2023-04-26T17:51:34.748+0000] {local_task_job.py:212} INFO - Task exited with return code 0
[2023-04-26T17:51:35.517+0000] {taskinstance.py:2596} INFO - 0 downstream tasks scheduled from follow-on schedule check
