[2023-04-25T18:53:25.641+0000] {taskinstance.py:1090} INFO - Dependencies all met for dep_context=non-requeueable deps ti=<TaskInstance: weather_dag_api.create_table_postgres manual__2023-04-25T18:53:19.844435+00:00 [queued]>
[2023-04-25T18:53:25.663+0000] {taskinstance.py:1090} INFO - Dependencies all met for dep_context=requeueable deps ti=<TaskInstance: weather_dag_api.create_table_postgres manual__2023-04-25T18:53:19.844435+00:00 [queued]>
[2023-04-25T18:53:25.665+0000] {taskinstance.py:1288} INFO - 
--------------------------------------------------------------------------------
[2023-04-25T18:53:25.670+0000] {taskinstance.py:1289} INFO - Starting attempt 1 of 1
[2023-04-25T18:53:25.671+0000] {taskinstance.py:1290} INFO - 
--------------------------------------------------------------------------------
[2023-04-25T18:53:25.719+0000] {taskinstance.py:1309} INFO - Executing <Task(PostgresOperator): create_table_postgres> on 2023-04-25 18:53:19.844435+00:00
[2023-04-25T18:53:25.734+0000] {standard_task_runner.py:55} INFO - Started process 414 to run task
[2023-04-25T18:53:25.743+0000] {standard_task_runner.py:82} INFO - Running: ['***', 'tasks', 'run', 'weather_dag_api', 'create_table_postgres', 'manual__2023-04-25T18:53:19.844435+00:00', '--job-id', '8', '--raw', '--subdir', 'DAGS_FOLDER/weather_dag_api.py', '--cfg-path', '/tmp/tmpp9sh9g5_']
[2023-04-25T18:53:25.749+0000] {standard_task_runner.py:83} INFO - Job 8: Subtask create_table_postgres
[2023-04-25T18:53:25.973+0000] {task_command.py:389} INFO - Running <TaskInstance: weather_dag_api.create_table_postgres manual__2023-04-25T18:53:19.844435+00:00 [running]> on host 9dd0afd831d3
[2023-04-25T18:53:26.207+0000] {taskinstance.py:1518} INFO - Exporting the following env vars:
AIRFLOW_CTX_DAG_OWNER=***
AIRFLOW_CTX_DAG_ID=weather_dag_api
AIRFLOW_CTX_TASK_ID=create_table_postgres
AIRFLOW_CTX_EXECUTION_DATE=2023-04-25T18:53:19.844435+00:00
AIRFLOW_CTX_TRY_NUMBER=1
AIRFLOW_CTX_DAG_RUN_ID=manual__2023-04-25T18:53:19.844435+00:00
[2023-04-25T18:53:26.211+0000] {sql.py:254} INFO - Executing:  CREATE TABLE IF NOT EXISTS measurements (
			timestamp TIMESTAMP,
			temp FLOAT );
[2023-04-25T18:53:26.310+0000] {base.py:73} INFO - Using connection ID 'postgres_conn' for task execution.
[2023-04-25T18:53:27.124+0000] {base.py:73} INFO - Using connection ID 'postgres_conn' for task execution.
[2023-04-25T18:53:27.137+0000] {sql.py:375} INFO - Running statement:  CREATE TABLE IF NOT EXISTS measurements (
			timestamp TIMESTAMP,
			temp FLOAT );, parameters: None
[2023-04-25T18:53:27.170+0000] {taskinstance.py:1332} INFO - Marking task as SUCCESS. dag_id=weather_dag_api, task_id=create_table_postgres, execution_date=20230425T185319, start_date=20230425T185325, end_date=20230425T185327
[2023-04-25T18:53:27.230+0000] {local_task_job.py:212} INFO - Task exited with return code 0
[2023-04-25T18:53:27.280+0000] {taskinstance.py:2596} INFO - 1 downstream tasks scheduled from follow-on schedule check
